-1.6 -1.55
-1.6 -1.5
-1.55 -1.55
-1.5 -1.35
-1.5 -1.3
-1.5 -1.25
-1.45 -1
-1.45 -0.95
-1.45 -0.9
-1.45 -0.85
-1.4 -0.7
-1.4 -0.65
-1.4 -0.6
-1.4 -0.55
-1.4 -0.5
-1.35 -0.95
-1.35 -0.4
-1.35 -0.35
-1.35 -0.3
-1.3 -0.2
-1.3 -0.15
-1.25 -0.1
-1.2 -0.05
-1.2 0
-1.2 0.05
-1.2 0.1
-1.15 0.15
-1.15 0.2
-1.15 0.25
-1.15 0.3
-1.15 0.35
-1.15 0.4
-1.1 -0.5
-1.1 0.45
-1.1 0.5
-1.1 0.55
-1.1 3.45
-1.1 3.5
-1.05 0.6
-1.05 0.65
-1.05 0.7
-1.05 0.75
-1.05 0.8
-1.05 3.5
-1 -0.45
-1 0.8
-1 0.85
-1 0.9
-1 3.45
-1 3.5
-0.95 -0.65
-0.95 -0.45
-0.95 0.9
-0.95 0.95
-0.95 1
-0.95 3.45
-0.95 3.5
-0.9 -0.65
-0.9 0.95
-0.9 1
-0.9 1.05
-0.9 1.1
-0.9 3.5
-0.85 1.1
-0.85 1.15
-0.85 1.2
-0.85 3.5
-0.8 1.2
-0.8 1.25
-0.8 1.3
-0.8 1.35
-0.8 3.45
-0.8 3.5
-0.75 1.3
-0.75 1.35
-0.75 1.4
-0.75 1.45
-0.75 3.45
-0.7 1.45
-0.7 1.5
-0.7 1.55
-0.7 3.4
-0.7 3.45
-0.65 1.55
-0.65 1.6
-0.65 1.65
-0.65 3.4
-0.6 1.7
-0.6 1.75
-0.6 3.4
-0.55 1.75
-0.55 3.4
-0.5 3.4
-0.5 3.45
-0.5 3.5
-0.5 3.55
-0.45 3.75
-0.4 3.75
-0.35 3.75
-0.3 3.75
-0.25 3.7
-0.25 3.75
-0.2 3.7
-0.15 3.7
-0.1 3.4
-0.1 3.5
-0.1 3.6
0 3.4
0 3.45
0.05 3.65
0.05 3.7
0.1 3.85
0.1 3.9
0.1 3.95
0.15 4.1
0.15 4.15
0.2 4.3
0.2 4.35
0.2 4.4
0.25 4.55
0.3 4.7
0.3 4.75
0.3 4.8
0.35 4.85
0.35 4.9
0.35 4.95
0.4 4.1
0.4 4.15
0.4 5
0.4 5.05
0.4 5.1
0.45 0.35
0.45 4.05
0.45 4.1
0.45 4.15
0.45 5.05
0.45 5.1
0.5 4.05
0.5 4.1
0.5 4.15
0.5 5.1
0.55 4.1
0.55 4.15
0.6 4.1
0.6 4.15
0.65 4.1
1.5 -1.15
1.5 -1.1
1.5 -1.05
1.55 -1.05
1.55 9.4
1.6 -1.55
1.6 -1.5
1.6 9.5
1.65 -1.5
1.65 -0.7
1.65 -0.65
1.65 -0.55
1.65 9.5
1.7 -1.3
1.7 -1.25
1.7 -1.2
1.7 -1.15
1.7 -1.1
1.7 -1.05
1.7 -1
1.7 -0.95
1.7 -0.9
1.7 -0.85
1.7 -0.8
1.7 -0.75
1.7 -0.6
1.7 -0.55
1.7 -0.5
1.7 -0.45
1.7 -0.4
1.7 -0.35
1.7 -0.3
1.7 -0.1
1.7 -0.05
1.7 0
1.7 0.05
1.7 0.95
1.7 9.55
1.75 -1.1
1.75 -1.05
1.75 -1
1.75 -0.9
1.75 -0.85
1.75 -0.8
1.75 -0.75
1.75 -0.7
1.75 -0.65
1.75 -0.6
1.75 -0.35
1.75 -0.3
1.75 -0.25
1.75 -0.2
1.75 -0.15
1.75 -0.1
1.75 0.05
1.75 0.1
1.75 9.6
1.8 -0.7
1.8 -0.65
1.8 0.05
1.8 0.1
1.8 0.15
1.8 0.2
1.8 1.4
1.8 1.45
1.8 1.5
1.8 1.55
1.8 1.6
1.8 1.65
1.8 1.7
1.85 0.15
1.85 0.2
1.85 0.25
1.85 0.3
1.85 0.35
1.85 1.7
1.85 1.75
1.85 1.8
1.85 1.85
1.85 1.9
1.85 1.95
1.85 2
1.85 2.05
1.85 9.65
1.85 9.7
1.9 0.35
1.9 0.4
1.9 0.45
1.9 0.5
1.9 0.55
1.9 0.6
1.9 0.65
1.9 2.05
1.9 2.1
1.95 0.5
1.95 0.55
1.95 0.6
1.95 0.65
1.95 0.7
1.95 0.75
1.95 0.8
1.95 0.85
1.95 0.9
1.95 0.95
1.95 1
1.95 9.75
2 0.8
2 0.85
2 0.9
2 0.95
2 1
2 1.05
2 1.1
2 1.15
2.05 1.1
2.05 1.15
2.05 1.2
2.05 1.25
2.05 1.3
2.1 1.3
2.1 1.35
2.1 1.4
2.1 1.45
2.1 1.5
2.1 1.55
2.1 1.6
2.15 1.5
2.15 1.55
2.25 11.85
2.25 11.9
2.3 2.45
2.3 2.6
2.3 2.65
2.35 2.5
2.35 2.55
2.35 2.6
2.35 2.65
2.35 2.7
2.35 2.75
2.35 2.8
2.35 2.85
2.35 2.9
2.35 11.85
2.4 2.95
2.45 3
2.45 11.8
2.45 11.85
2.55 3.85
2.6 3.2
2.6 3.8
2.6 3.85
2.6 3.9
2.6 3.95
2.6 4
2.65 3.75
2.65 3.8
2.65 4.05
2.7 3.7
2.7 3.75
2.7 4.15
2.7 4.2
2.7 4.25
2.7 4.3
2.75 3.65
2.75 3.7
2.75 4.4
2.75 4.45
2.75 4.5
2.75 4.55
2.75 4.6
2.8 3.45
2.8 3.6
2.8 3.65
2.8 4.65
2.8 4.7
2.8 4.75
2.8 4.8
2.8 4.85
2.8 4.9
2.8 4.95
2.85 3.5
2.85 3.55
2.85 3.6
2.85 5.05
2.85 5.1
2.85 5.15
2.85 5.2
2.85 5.25
2.9 5.3
2.95 5.45
2.95 5.5
3 5.55
3 5.6
3 5.65
3 5.7
3.05 5.8
3.05 5.85
3.05 5.9
3.05 6.05
3.05 6.1
3.1 6
3.1 6.05
3.1 6.2
3.15 6.35
3.2 6.5
3.2 6.55
3.25 6.65
3.25 6.7
3.25 6.75
3.25 6.8
3.25 6.9
3.25 6.95
3.25 7
3.35 7.25
3.35 15.6
3.4 7.8
3.45 7.6
3.45 7.75
3.6 8.75
3.65 8.7
3.65 8.75
3.65 8.85
3.7 8.7
3.75 8.65
3.75 8.7
3.8 9.6
3.85 9.4
3.85 9.55
3.85 9.6
3.9 9.55
4.05 10.3
4.05 10.4
4.05 10.5
4.1 10.75
4.15 11
4.15 11.1
4.2 11.25
4.25 11.65
4.3 11.5
4.3 11.6
4.35 11.95
4.4 12.15
4.5 12.45
4.5 12.6
4.5 12.7
4.5 12.75
4.6 13.15
4.6 13.2
4.65 13.45
4.65 13.5
4.65 13.55
4.8 14.05
4.8 14.15
4.85 14.25
4.85 14.3
4.85 14.4
4.9 14.55
5.05 15.2
5.05 15.25
5.05 15.3
5.1 15.45
5.2 15.9
5.2 16
5.25 16.05
5.25 16.15
5.25 16.3
5.4 16.9
5.45 16.85
5.45 17.25
5.55 17.5
5.65 17.8
5.65 17.95
5.65 18.05
5.65 18.15
5.8 18.7
5.8 18.75
5.8 18.8
5.8 18.85
5.85 19.05
5.85 19.2
5.9 19.5
6 19.9
6.05 27.55
6.05 27.65
6.1 20.25
6.1 27.6
6.15 20.2
6.15 27.7
6.2 27.65
6.25 27.65
6.3 27.7
6.3 27.8
6.35 21.25
6.35 27.75
6.4 27.75
6.45 21.75
6.45 27.7
6.45 27.75
6.5 27.7
6.55 22.2
6.55 27.7
6.55 27.75
6.6 22.1
6.6 22.25
6.6 27.7
6.65 22.1
6.65 22.7
6.65 27.7
6.7 22.25
6.7 27.65
6.7 27.7
6.75 27.65
6.8 22.05
6.8 27.65
6.85 27.65
6.9 27.65
6.95 27.6
6.95 27.65
7 24.55
7 27.6
7.05 24.35
7.05 27.6
7.1 24.8
7.1 27.6
7.15 27.6
7.2 27.55
7.25 27.55
7.3 27.55
7.35 27.5
7.35 27.55
7.4 27.5
7.45 27.5
7.5 27.45
7.5 27.5
7.55 27.45
7.55 27.5
7.6 27.05
7.6 27.4
7.65 27
7.65 27.1
7.65 27.35
7.65 27.4
7.7 27.15
7.7 27.3
7.75 27.2
7.8 27.15
7.9 27
7.9 27.1
7.9 27.2
8 27.15
