-1.75 2.95
-1.75 3
-1.7 3
-1.7 3.05
-1.65 3.05
-1.65 3.1
-1.65 3.15
-1.6 3.15
-1.55 3.15
-1.5 3.15
-1.45 3.15
-1.35 -1.2
-1.35 -1.15
-1.35 -1.1
-1.35 -1.05
-1.35 3.05
-1.3 -0.95
-1.3 -0.9
-1.3 -0.85
-1.3 -0.8
-1.3 3
-1.25 2.95
-1.25 3
-1.2 -0.7
-1.2 -0.65
-1.2 2.95
-1.15 -0.55
-1.15 -0.5
-1.15 -0.45
-1.15 -0.4
-1.15 2.9
-1.15 2.95
-1.1 -0.3
-1.1 -0.25
-1.1 -0.2
-1.1 -0.15
-1.1 -0.1
-1.1 2.9
-1.05 -1.05
-1.05 0
-1.05 2.9
-1 0.05
-1 0.1
-1 0.15
-1 0.2
-1 2.9
-0.95 0.25
-0.95 0.3
-0.95 2.85
-0.95 2.9
-0.9 0.35
-0.9 0.4
-0.9 2.9
-0.85 0.45
-0.85 0.5
-0.85 2.9
-0.8 0.55
-0.8 0.6
-0.8 0.65
-0.8 2.85
-0.8 2.9
-0.75 0.65
-0.75 0.7
-0.75 0.75
-0.75 2.85
-0.7 0.75
-0.7 0.8
-0.7 0.85
-0.7 0.9
-0.7 2.8
-0.7 2.85
-0.65 0.85
-0.65 0.9
-0.65 0.95
-0.65 1
-0.65 2.8
-0.65 2.85
-0.6 0.95
-0.6 1
-0.6 1.05
-0.6 1.1
-0.6 1.3
-0.6 2.8
-0.55 1.1
-0.55 1.15
-0.55 1.2
-0.55 1.25
-0.55 2.8
-0.5 2.8
-0.5 2.85
-0.5 2.9
-0.5 2.95
-0.45 3.05
-0.45 3.1
-0.45 3.15
-0.4 3.15
-0.35 3.15
-0.3 3.15
-0.25 3.1
-0.25 3.15
-0.2 3.1
-0.2 3.15
-0.15 3.1
-0.1 3
-0.1 3.1
-0.05 2.7
0 2.75
0 2.8
0 2.85
0 2.9
0.05 3.05
0.05 3.1
0.1 3.25
0.1 3.3
0.1 3.35
0.1 3.4
0.15 3.55
0.15 3.6
0.2 3.75
0.25 3.9
0.25 3.95
0.25 4
0.3 4.15
0.3 4.2
0.3 4.25
0.35 4.45
0.4 3.55
0.4 4.7
0.4 4.75
0.45 -0.4
0.45 -0.3
0.45 -0.25
0.45 3.5
0.45 3.55
0.45 4.7
0.45 4.8
0.45 4.9
0.5 -0.25
0.5 3.5
0.5 4.7
0.5 4.8
0.5 4.9
0.55 3.5
0.55 3.55
0.55 4.9
0.6 3.5
0.6 3.55
0.65 3.5
0.65 3.55
1 -0.45
1.05 -0.5
1.1 -0.5
1.15 -0.5
1.2 -0.5
1.25 -0.55
1.3 -0.55
1.45 -0.7
1.5 -1.7
1.55 -1.7
1.55 -1.65
1.6 -1.65
1.7 -1.1
1.7 -1.05
1.7 -1
1.7 -0.7
1.7 -0.65
1.7 -0.6
1.75 -1.55
1.75 -1.5
1.75 -1.05
1.75 -1
1.75 -0.95
1.75 -0.9
1.75 -0.8
1.75 -0.75
1.75 -0.7
1.75 -0.6
1.75 -0.55
1.75 8.95
1.8 -0.8
1.8 -0.55
1.8 -0.5
1.8 0.85
1.8 0.9
1.8 0.95
1.8 1
1.8 8.95
1.8 9
1.85 -0.5
1.85 -0.45
1.85 -0.4
1.85 -0.35
1.85 -0.3
1.85 0.85
1.85 0.95
1.85 1
1.85 1.05
1.85 1.1
1.85 1.15
1.85 1.2
1.85 1.25
1.85 1.3
1.85 1.35
1.85 1.4
1.85 8.9
1.85 9
1.9 -0.3
1.9 -0.25
1.9 -0.2
1.9 -0.15
1.9 -0.1
1.9 -0.05
1.9 0
1.9 0.4
1.9 1.35
1.9 1.4
1.9 1.45
1.9 1.5
1.9 9
1.9 9.05
1.95 -0.1
1.95 0
1.95 0.05
1.95 0.1
1.95 0.15
1.95 0.2
1.95 0.35
1.95 8.9
1.95 9
2 0.15
2 0.2
2 0.25
2 0.3
2 0.35
2 0.4
2.05 0.45
2.05 0.5
2.05 0.55
2.05 0.6
2.05 0.65
2.1 0.6
2.1 0.65
2.1 0.7
2.1 0.75
2.1 0.8
2.1 0.85
2.1 0.9
2.3 1.8
2.35 1.85
2.35 1.9
2.35 1.95
2.35 2
2.35 2.05
2.35 2.1
2.35 2.15
2.35 2.2
2.35 2.25
2.4 2.25
2.4 2.3
2.4 2.35
2.45 2.4
2.6 2.6
2.6 3.25
2.6 3.3
2.6 3.35
2.6 3.4
2.65 3.15
2.65 3.2
2.65 3.25
2.65 3.45
2.65 3.5
2.7 3.15
2.7 3.2
2.7 3.55
2.7 3.6
2.7 3.65
2.7 3.7
2.75 3.1
2.75 3.15
2.75 3.75
2.75 3.8
2.75 3.85
2.75 3.9
2.75 3.95
2.8 3.05
2.8 3.1
2.8 4.05
2.8 4.1
2.8 4.15
2.8 4.2
2.8 4.25
2.8 4.3
2.8 4.35
2.85 3
2.85 3.05
2.85 4.3
2.85 4.4
2.85 4.45
2.85 4.5
2.85 4.55
2.85 4.6
2.85 4.65
2.9 2.9
2.9 2.95
2.9 3
2.9 4.7
2.9 4.75
2.95 2.9
2.95 4.85
2.95 4.9
3 5
3 5.05
3 5.1
3.05 5.25
3.05 5.3
3.05 5.35
3.05 5.45
3.05 5.5
3.05 5.55
3.1 5.4
3.1 5.45
3.1 5.5
3.15 5.75
3.15 5.8
3.15 5.85
3.2 5.85
3.2 5.95
3.2 6
3.2 6.05
3.25 6.1
3.25 6.15
3.25 6.2
3.25 6.25
3.25 6.3
3.25 6.35
3.25 6.4
3.25 6.5
3.3 6.3
3.3 6.55
3.4 6.85
3.4 7.2
3.4 7.25
3.45 7
3.45 7.15
3.45 7.2
3.6 8.2
3.6 8.25
3.65 8.1
3.65 8.15
3.65 8.2
3.7 8.05
3.7 8.1
3.75 8.1
3.75 9.05
3.8 8.9
3.8 9
3.8 9.05
3.85 8.95
3.85 9
3.9 8.95
4 9.75
4 9.8
4 9.85
4 9.95
4.05 9.75
4.05 9.8
4.05 10
4.05 10.1
4.05 10.15
4.05 10.2
4.15 10.5
4.2 10.7
4.2 11.1
4.25 10.95
4.25 11.05
4.25 11.1
4.25 11.15
4.3 11
4.3 11.25
4.35 11.55
4.45 12.05
4.45 12.1
4.45 12.15
4.5 12.05
4.5 12.1
4.5 12.4
4.55 12.65
4.6 12.8
4.65 13.35
4.7 13.35
4.7 13.45
4.75 13.4
4.75 13.5
4.8 13.65
4.8 13.85
4.95 14.6
5 14.5
5 14.55
5 14.6
5 14.7
5.2 15.5
5.2 15.55
5.2 15.6
5.2 15.65
5.2 15.75
5.3 16.15
5.45 16.75
5.5 16.7
5.5 17
5.6 17.55
5.65 17.5
5.7 17.45
5.7 18.35
5.75 18.15
5.75 18.35
5.75 18.7
5.8 18.05
5.8 18.3
5.8 18.4
5.8 18.55
5.85 18.2
6 27.2
6.05 27.15
6.05 27.2
6.15 27.2
6.2 27.2
6.25 27.15
6.25 27.2
6.3 27.2
6.35 27.2
6.4 27.15
6.45 21.65
6.45 27.15
6.5 27.15
6.55 27.15
6.6 21.6
6.6 27.15
6.65 21.55
6.65 27.1
6.7 27.1
6.75 27.1
6.8 22.4
6.8 24.15
6.8 27.1
6.85 23.45
6.85 27.05
6.9 27.05
6.95 27.05
7 23.4
7 27
7 27.05
7.05 23.4
7.05 27
7.1 27
7.15 27
7.2 26.95
7.2 27
7.25 26.45
7.25 26.95
7.3 26.95
7.4 26.5
7.4 26.9
7.45 26.45
7.45 26.9
7.5 26.35
7.5 26.45
7.5 26.85
7.55 26.55
7.6 26.4
7.6 26.5
7.65 26.4
7.65 26.6
7.75 26.4
7.8 26.4
7.8 26.5
7.9 26.3
8 26.2
8 26.3
