-6.95 1.9
-6.9 2
-6.9 2.05
-6.25 1.95
-5.7 1.85
-5.55 1.9
-5.55 1.95
-5.55 2.1
-5.55 2.15
-5.55 2.2
-5.55 2.25
-5.55 2.3
-5.5 2
-5.5 2.05
-5.5 2.35
-4.15 1.95
-3.95 2
-3.95 2.05
-3.95 2.1
-3.95 2.15
-3.95 2.2
-3.95 2.25
-3.95 2.3
-3.95 2.35
-3.95 2.4
-3.95 2.45
-3.95 2.5
-3.95 2.55
-3.95 2.6
-3.95 2.65
-3.95 2.7
-3.9 2.7
-3.9 2.75
-2.7 2.05
-2.65 2.05
-2.6 2.05
-2.55 2.05
-2.5 2.05
-2.45 2.05
-2.4 2.05
-2.35 2.05
-2.3 2.05
-2.3 2.1
-2.3 2.15
-2.3 2.2
-2.25 2.2
-2.25 2.25
-2.2 2.2
-2.2 2.25
-2.15 2.2
-2.1 2.2
-2.05 2.2
-1.95 2.15
-1.85 2.1
-1.8 2.1
-1.75 2.1
-1.7 2.05
-1.7 2.1
-1.65 2.1
-1.6 2.1
-1.55 2.1
-1.5 2.1
-1.5 2.15
-1.45 2.15
-1.4 2.1
-1.35 2.1
-1.3 2.1
-1.25 2.1
-1.2 2.1
-1.15 2.1
-1.1 2.1
-1.1 2.15
-1.1 2.2
-1.1 2.25
-1.1 2.3
-1.1 2.35
-1.1 2.45
-1.1 2.5
-1.05 2.45
-1.05 2.5
-1 -1
-1 -0.95
-1 -0.9
-1 -0.85
-1 -0.8
-1 -0.75
-1 -0.7
-1 -0.65
-1 -0.6
-1 2.5
-0.95 -0.5
-0.95 -0.45
-0.95 -0.4
-0.95 -0.35
-0.95 2.45
-0.95 2.5
-0.9 -0.25
-0.9 -0.2
-0.9 -0.15
-0.9 -0.1
-0.9 0.6
-0.9 2.5
-0.85 0
-0.85 0.05
-0.85 0.1
-0.85 0.15
-0.85 0.2
-0.85 2.45
-0.85 2.5
-0.8 0.25
-0.8 0.3
-0.8 0.35
-0.8 0.4
-0.8 0.45
-0.8 2.45
-0.7 3.05
-0.7 3.15
-0.7 3.3
-0.7 3.7
-0.7 3.8
-0.7 4.1
-0.7 4.25
-0.65 2.1
-0.65 2.15
-0.65 2.3
-0.65 2.55
-0.65 4.1
-0.65 4.25
-0.6 4.25
-0.5 8.65
-0.5 14.8
-0.45 8.6
-0.45 8.7
-0.45 11
-0.45 14.85
-0.4 3
-0.4 3.05
-0.4 8.6
-0.4 8.75
-0.4 8.8
-0.4 11.05
-0.4 14.8
-0.35 3
-0.35 8.6
-0.35 11
-0.35 14.85
-0.3 3.05
-0.3 8.6
-0.3 11.05
-0.3 27.4
-0.25 3.05
-0.25 11
-0.25 11.05
-0.25 14.8
-0.25 27.4
-0.2 3.05
-0.2 3.1
-0.2 8.6
-0.2 11.05
-0.2 14.85
-0.2 27.4
-0.15 8.6
-0.15 27.4
-0.1 27.4
0 27.4
0.05 27.4
0.1 27.4
0.15 27.4
0.2 27.4
0.25 27.4
0.3 27.4
0.35 27.4
0.4 27.4
0.45 27.4
0.5 27.4
0.55 27.4
0.55 27.45
0.6 27.4
0.65 27.4
0.7 27.4
0.75 27.4
0.8 27.4
0.85 27.4
0.9 27.4
0.95 27.4
1 27.4
1.05 -0.75
1.05 27.4
1.1 -0.8
1.1 -0.75
1.1 27.35
1.1 27.4
1.15 -0.75
1.15 27.25
1.15 27.35
1.2 -0.75
1.2 24
1.2 26.95
1.2 27
1.25 -0.75
1.25 24.45
1.25 26.95
1.25 27
1.3 -0.75
1.3 22.05
1.3 22.1
1.3 22.85
1.3 23.1
1.3 24.4
1.3 24.85
1.3 27
1.3 27.05
1.35 -0.75
1.35 19.2
1.35 22
1.35 22.15
1.35 24.35
1.35 24.5
1.4 -0.75
1.4 16.75
1.4 17.9
1.4 17.95
1.4 18.35
1.4 18.4
1.4 18.8
1.4 20
1.4 21.95
1.45 -0.8
1.45 15.75
1.45 16.25
1.45 17
1.45 17.75
1.45 21.85
1.5 1.25
1.5 1.3
1.5 1.35
1.5 12.55
1.5 13.6
1.5 13.7
1.5 14.15
1.5 14.2
1.5 14.55
1.5 14.6
1.5 14.7
1.5 15.05
1.5 15.35
1.5 15.45
1.5 15.75
1.5 15.8
1.5 17.5
1.5 21.85
1.5 21.95
1.55 0.8
1.55 0.85
1.55 0.9
1.55 0.95
1.55 1
1.55 1.05
1.55 1.1
1.55 1.15
1.55 1.2
1.55 1.25
1.55 1.3
1.55 1.35
1.55 1.4
1.55 12.35
1.55 12.45
1.55 12.75
1.55 12.9
1.55 12.95
1.55 13.55
1.55 13.6
1.55 17.75
1.6 0.7
1.6 0.75
1.6 0.8
1.6 0.85
1.6 0.9
1.6 0.95
1.6 10.05
1.6 10.1
1.6 10.35
1.6 10.6
1.6 11.25
1.6 11.3
1.6 11.35
1.6 11.55
1.6 12.25
1.6 12.3
1.65 7.3
1.65 8.3
1.65 8.35
1.65 9.15
1.65 10
1.65 10.2
1.65 10.25
1.65 10.75
1.65 10.8
1.65 11.2
1.65 12.1
1.65 12.15
1.7 6.45
1.7 6.55
1.7 7.25
1.7 7.3
1.7 7.45
1.7 7.6
1.7 7.95
1.7 8.25
1.7 9.1
1.7 9.15
1.7 9.9
1.7 9.95
1.75 3.3
1.75 3.35
1.75 4.35
1.75 4.45
1.75 4.5
1.75 4.6
1.75 4.7
1.75 5.4
1.75 5.45
1.75 5.55
1.75 5.6
1.75 5.65
1.75 5.8
1.75 5.9
1.75 5.95
1.75 6.05
1.75 6.1
1.75 6.2
1.75 6.25
1.75 6.3
1.75 6.4
1.75 6.7
1.75 6.85
1.75 6.95
1.75 7.2
1.75 7.25
1.75 7.95
1.75 9.1
1.8 -0.8
1.8 -0.75
1.8 -0.7
1.8 0.2
1.8 1.55
1.8 2
1.8 2.05
1.8 2.1
1.8 2.15
1.8 2.2
1.8 2.25
1.8 2.3
1.8 2.35
1.8 3.25
1.8 3.3
1.8 3.35
1.8 3.4
1.8 3.45
1.8 3.5
1.8 3.55
1.8 3.6
1.8 3.65
1.8 3.7
1.8 3.75
1.8 3.8
1.8 3.85
1.8 3.9
1.8 3.95
1.8 4
1.8 4.05
1.8 4.15
1.8 4.25
1.8 4.3
1.8 4.35
1.8 4.95
1.8 5.05
1.8 5.15
1.8 5.2
1.8 5.35
1.8 5.45
1.85 -0.85
1.85 -0.8
1.85 -0.75
1.85 -0.7
1.85 -0.65
1.85 0.25
1.85 1.6
1.85 1.65
1.85 1.7
1.85 1.75
1.85 1.8
1.85 1.85
1.85 1.9
1.85 1.95
1.85 2
1.85 2.05
1.85 2.1
1.85 2.15
1.85 2.2
1.85 2.4
1.85 3.2
1.85 3.25
1.85 3.6
1.9 -0.85
1.9 -0.65
1.9 -0.6
1.9 -0.55
1.9 -0.5
1.9 -0.45
1.9 -0.4
1.9 -0.35
1.9 -0.3
1.9 -0.25
1.9 -0.2
1.9 -0.15
1.9 -0.1
1.9 -0.05
1.9 0
1.9 0.05
1.9 0.1
1.9 0.15
1.9 0.2
1.9 0.3
1.9 0.35
1.9 0.4
1.9 0.45
1.9 0.5
1.9 0.55
1.9 0.6
1.9 0.65
1.9 0.7
1.9 0.75
1.9 1.7
1.9 1.8
1.9 2.45
1.9 3.2
1.9 3.25
1.95 3.15
1.95 3.2
2 3.15
2.05 3.1
2.05 3.15
2.1 2.7
2.1 3.05
2.1 3.1
2.15 3.05
2.15 3.1
2.2 2.9
2.2 3
2.2 3.05
2.25 2.95
2.25 3
2.3 2.95
