-2.2 1.45
-2.15 1.45
-2.15 1.5
-2.1 1.5
-2.05 1.5
-2 1.5
-1.95 0.25
-1.95 1.5
-1.9 -1.8
-1.9 -1.75
-1.9 -1.7
-1.9 -1.65
-1.9 0.2
-1.9 0.3
-1.9 0.35
-1.9 0.4
-1.9 0.45
-1.9 0.5
-1.9 0.55
-1.9 1.5
-1.85 -1.85
-1.85 -1.8
-1.85 -1.55
-1.85 -0.15
-1.85 -0.1
-1.85 0
-1.85 0.05
-1.85 0.1
-1.85 0.15
-1.8 -0.2
-1.75 1.15
-1.65 0.6
-1.65 1.05
-1.65 8.75
-1.65 9.05
-1.65 9.1
-1.65 9.25
-1.6 1
-1.55 0.65
-1.55 0.95
-1.55 9.05
-1.55 9.1
-1.55 9.25
-1.5 0.7
-1.5 9.1
-1.5 9.2
-1.45 0.75
-1.45 0.8
-1.45 9.3
-1.3 6.25
-1.25 6.3
-1.2 6.3
-1.1 1
-1.05 1
-0.95 -0.75
-0.95 1.8
-0.95 1.85
-0.9 -0.65
-0.9 -0.6
-0.9 0.95
-0.9 1
-0.9 1.8
-0.9 1.85
-0.9 1.9
-0.85 -0.5
-0.85 -0.45
-0.85 -0.4
-0.85 -0.35
-0.85 -0.3
-0.85 -0.25
-0.85 0.95
-0.85 1
-0.85 1.05
-0.85 1.1
-0.85 1.45
-0.85 1.85
-0.85 1.9
-0.85 3.1
-0.85 5.5
-0.8 1.05
-0.8 1.1
-0.8 1.15
-0.8 1.2
-0.8 1.25
-0.8 1.3
-0.8 1.35
-0.8 1.4
-0.8 1.45
-0.8 1.5
-0.8 1.9
-0.8 1.95
-0.8 2
-0.8 2.05
-0.8 3.1
-0.8 5.5
-0.75 1.3
-0.75 1.45
-0.75 1.5
-0.75 2.1
-0.75 2.15
-0.75 2.2
-0.75 2.4
-0.75 2.5
-0.75 2.55
-0.75 3.1
-0.75 5.5
-0.7 3.1
-0.7 3.15
-0.7 5.5
-0.65 3.1
-0.65 3.15
-0.65 5.5
-0.6 5.5
-0.55 5.5
-0.5 5.5
-0.45 5.5
-0.45 5.55
-0.4 5.55
-0.35 5.55
-0.3 5.55
-0.25 5.55
-0.2 5.55
-0.15 5.55
-0.1 5.55
0 5.5
0 5.55
0.05 5.5
0.05 5.55
0.1 5.5
0.1 5.55
0.15 5.5
0.15 5.55
0.2 5.2
0.25 5.2
0.3 5.2
0.35 5.2
0.4 5.2
0.45 5.2
0.5 5.2
0.55 5.2
0.6 5.2
0.65 -0.75
0.65 -0.7
0.65 -0.65
0.65 -0.6
0.65 -0.55
0.65 -0.5
0.65 -0.45
0.65 -0.4
0.65 -0.35
0.65 -0.3
0.65 -0.25
0.65 0.9
0.65 0.95
0.65 1
0.65 1.05
0.65 1.1
0.65 1.15
0.65 5.2
0.7 -0.55
0.7 -0.5
0.7 -0.45
0.7 -0.4
0.7 -0.35
0.7 -0.3
0.7 -0.25
0.7 -0.2
0.7 -0.15
0.7 -0.1
0.7 -0.05
0.7 0
0.7 0.05
0.7 0.1
0.7 0.15
0.7 0.2
0.7 0.25
0.7 0.3
0.7 0.35
0.7 0.4
0.7 0.45
0.7 0.5
0.7 0.55
0.7 0.6
0.7 0.65
0.7 0.7
0.7 0.9
0.7 0.95
0.7 1.35
0.7 1.4
0.7 1.45
0.7 1.5
0.7 2
0.7 5.2
0.7 5.25
0.75 0.5
0.75 0.55
0.75 0.6
0.75 0.65
0.75 0.7
0.75 0.75
0.75 0.8
0.75 0.85
0.75 0.9
0.75 1.65
0.75 1.7
0.75 1.75
0.75 2
0.75 5.2
0.8 1.95
0.8 2
0.8 5.2
0.85 5.2
0.9 5.25
0.9 5.3
1 5.5
1.05 5.5
1.1 5.5
1.15 5.45
1.15 5.5
1.2 4.95
1.2 5
1.2 5.45
1.25 4.95
1.25 5.35
1.25 5.4
1.3 4.95
1.35 5
1.4 5.05
1.4 5.1
1.45 5.05
1.5 5.05
1.55 5
1.75 6.2
1.8 6.3
2.45 6.2
2.5 6.25
2.55 6.25
2.55 6.35
2.6 6.2
2.6 6.3
2.65 6.2
2.65 6.3
2.7 6.25
