-1.95 -0.4
-1.95 -0.35
-1.95 -0.3
-1.9 -0.45
-1.9 -0.25
-1.9 -0.2
-1.9 -0.15
-1.85 -0.75
-1.85 -0.7
-1.85 -0.65
-1.85 -0.6
-1.85 -0.55
-1.85 -0.5
-1.85 -0.1
-1.75 -0.8
-1.65 0
-1.65 0.45
-1.65 8.1
-1.65 8.15
-1.65 8.4
-1.65 8.45
-1.6 -0.8
-1.6 0.4
-1.6 0.5
-1.6 8.4
-1.55 -0.8
-1.55 0.35
-1.55 8.35
-1.55 8.4
-1.55 8.45
-1.5 -0.8
-1.5 0.1
-1.5 0.2
-1.5 0.25
-1.5 0.3
-1.5 5.35
-1.5 5.45
-1.5 8.4
-1.5 8.45
-1.45 -0.8
-1.45 0.15
-1.45 5.4
-1.45 5.45
-1.4 -0.8
-1.4 5.5
-1.35 -0.8
-1.35 5.55
-1.35 5.6
-1.3 -0.8
-1.3 5.6
-1.3 5.65
-1.25 -0.8
-1.25 5.7
-1.25 5.75
-1.2 -0.8
-1.2 5.75
-1.15 -0.8
-1.1 -0.8
-1.05 -0.8
-1 -0.8
-0.95 -0.8
-0.95 1
-0.95 1.05
-0.95 1.1
-0.95 1.15
-0.95 1.2
-0.95 1.25
-0.9 -0.8
-0.9 1.2
-0.9 1.25
-0.9 1.3
-0.9 2.5
-0.9 2.55
-0.85 -0.8
-0.85 0.45
-0.85 0.5
-0.85 0.85
-0.85 1.25
-0.85 1.3
-0.85 2.5
-0.85 2.55
-0.85 4.95
-0.8 -0.8
-0.8 0.5
-0.8 0.55
-0.8 0.6
-0.8 0.65
-0.8 0.7
-0.8 0.75
-0.8 0.8
-0.8 0.85
-0.8 0.9
-0.8 1.3
-0.8 1.35
-0.8 1.4
-0.8 1.45
-0.8 1.5
-0.8 1.55
-0.8 1.7
-0.8 1.75
-0.8 1.8
-0.8 2.5
-0.8 2.55
-0.8 4.9
-0.8 4.95
-0.75 0.9
-0.75 1.5
-0.75 1.55
-0.75 1.6
-0.75 1.8
-0.75 1.85
-0.75 1.9
-0.75 1.95
-0.75 2
-0.75 2.05
-0.75 2.55
-0.75 4.95
-0.7 2.55
-0.7 4.95
-0.65 2.55
-0.65 4.95
-0.6 4.95
-0.55 4.95
-0.5 4.95
-0.45 4.95
-0.4 4.95
-0.35 4.95
-0.3 4.95
-0.25 4.95
-0.2 4.95
-0.15 4.95
-0.1 4.95
0 4.95
0.05 4.95
0.1 4.95
0.15 4.95
0.2 4.6
0.2 4.8
0.25 4.6
0.3 4.6
0.35 4.6
0.4 4.6
0.4 4.65
0.45 4.6
0.45 4.65
0.5 4.6
0.5 4.65
0.55 4.6
0.55 4.65
0.6 4.65
0.65 0.35
0.65 0.4
0.65 0.45
0.65 0.5
0.65 0.55
0.65 0.6
0.65 0.65
0.65 0.7
0.65 0.75
0.65 0.8
0.65 0.85
0.65 4.65
0.7 -0.8
0.7 -0.75
0.7 -0.7
0.7 -0.65
0.7 -0.6
0.7 -0.55
0.7 -0.5
0.7 -0.45
0.7 -0.4
0.7 -0.35
0.7 -0.3
0.7 -0.25
0.7 -0.2
0.7 -0.15
0.7 -0.1
0.7 -0.05
0.7 0
0.7 0.05
0.7 0.1
0.7 0.15
0.7 0.2
0.7 0.25
0.7 0.3
0.7 0.35
0.7 0.6
0.7 0.65
0.7 0.7
0.7 0.75
0.7 0.8
0.7 0.85
0.7 0.9
0.7 0.95
0.7 1
0.7 1.05
0.7 1.4
0.7 4.65
0.75 0.3
0.75 1.05
0.75 1.1
0.75 1.15
0.75 1.2
0.75 1.25
0.75 1.4
0.75 4.65
0.8 1.3
0.8 1.35
0.8 1.4
0.8 1.45
0.8 4.65
0.85 4.65
0.9 4.65
0.95 4.85
0.95 4.9
1 4.9
1.05 4.9
1.1 4.9
1.15 4.9
1.2 4.9
1.25 4.4
1.25 4.45
1.25 4.5
1.25 4.6
1.25 4.7
1.25 4.9
1.3 4.4
1.3 4.45
1.3 4.5
1.35 4.45
1.35 4.5
1.4 4.5
1.4 4.55
1.45 4.5
1.45 4.55
1.5 4.55
1.5 4.6
1.5 4.65
1.55 4.55
1.55 4.6
1.55 4.65
1.6 4.6
1.7 4.8
1.75 4.85
1.75 4.9
1.8 4.9
1.85 4.9
1.9 4.85
1.9 4.9
1.95 4.85
1.95 4.9
2 4.85
2 4.9
2.05 4.85
2.1 4.85
2.5 5.7
2.55 5.7
2.6 5.65
2.6 5.8
2.65 5.75
2.7 5.75
