-1.95 -1.1
-1.95 -1.05
-1.95 -1
-1.95 -0.95
-1.95 -0.9
-1.9 -1.1
-1.85 -1.4
-1.85 -1.35
-1.85 -1.3
-1.85 -1.25
-1.85 -1.2
-1.85 -1.15
-1.85 -1.1
-1.8 -1.4
-1.8 4.3
-1.8 4.35
-1.75 -1.45
-1.75 -1.4
-1.75 4.35
-1.75 4.4
-1.7 -1.45
-1.7 -0.75
-1.7 4.4
-1.65 -1.45
-1.65 4.4
-1.65 4.45
-1.65 7.3
-1.65 7.35
-1.65 7.4
-1.6 -1.45
-1.6 4.5
-1.6 4.55
-1.6 7.4
-1.55 4.55
-1.55 4.6
-1.55 4.65
-1.55 4.7
-1.55 7.35
-1.55 7.4
-1.55 7.45
-1.5 -1.45
-1.5 -1.4
-1.5 -0.6
-1.5 4.65
-1.5 4.7
-1.5 7.35
-1.5 7.4
-1.5 7.45
-1.45 -1.45
-1.45 4.7
-1.45 4.75
-1.4 4.8
-1.4 4.85
-1.35 4.85
-1.35 4.9
-1.3 4.95
-1.3 5
-1.25 5
-1.25 5.05
-1.25 5.2
-1.25 5.25
-1.2 5.1
-1.1 0.45
-1.05 0.4
-1.05 0.5
-1.05 1.85
-1 0.55
-1 1.85
-1 1.9
-0.95 0.25
-0.95 0.3
-0.95 0.35
-0.95 0.6
-0.95 0.65
-0.95 1.85
-0.9 1.85
-0.9 1.9
-0.85 -0.3
-0.85 1.55
-0.85 1.85
-0.85 1.9
-0.8 -0.2
-0.8 -0.15
-0.8 0.1
-0.8 0.15
-0.8 0.2
-0.8 0.7
-0.8 0.75
-0.8 0.8
-0.8 0.85
-0.8 1.05
-0.8 1.1
-0.8 1.15
-0.8 1.5
-0.8 1.85
-0.8 1.9
-0.8 4.25
-0.8 4.3
-0.75 -0.05
-0.75 0
-0.75 0.05
-0.75 0.8
-0.75 0.85
-0.75 0.9
-0.75 0.95
-0.75 1.15
-0.75 1.2
-0.75 1.25
-0.75 1.3
-0.75 1.35
-0.75 1.4
-0.75 1.85
-0.75 4.25
-0.75 4.3
-0.7 1.85
-0.7 1.9
-0.7 4.25
-0.7 4.3
-0.65 1.85
-0.65 1.9
-0.65 4.25
-0.65 4.3
-0.6 4.25
-0.6 4.3
-0.55 4.25
-0.55 4.3
-0.5 4.25
-0.5 4.3
-0.45 4.3
-0.4 4.3
-0.35 4.3
-0.3 4.3
-0.25 4.3
-0.2 4.3
-0.15 4.3
-0.1 4.3
0 4.3
0.05 4.3
0.1 4.3
0.15 4.3
0.2 4.25
0.2 4.3
0.25 3.95
0.3 3.95
0.35 3.95
0.4 3.95
0.45 3.95
0.5 3.95
0.55 3.95
0.6 3.95
0.65 -0.35
0.65 -0.3
0.65 -0.25
0.65 -0.2
0.65 -0.15
0.65 -0.1
0.65 -0.05
0.65 0
0.65 0.05
0.65 0.1
0.65 0.15
0.65 0.2
0.65 0.25
0.65 3.95
0.7 -0.8
0.7 -0.75
0.7 -0.7
0.7 -0.65
0.7 -0.6
0.7 -0.55
0.7 -0.5
0.7 -0.45
0.7 -0.4
0.7 0.2
0.7 0.25
0.7 0.3
0.7 0.35
0.7 0.4
0.7 0.45
0.7 0.7
0.7 0.75
0.7 0.8
0.7 0.85
0.7 0.9
0.7 0.95
0.7 1
0.7 1.05
0.7 1.1
0.7 1.15
0.7 1.2
0.7 3.95
0.75 0.45
0.75 0.5
0.75 0.55
0.75 0.6
0.75 0.65
0.75 0.7
0.75 0.75
0.75 1.1
0.75 1.15
0.75 1.2
0.75 1.25
0.75 3.95
0.75 4
0.8 0.65
0.8 0.7
0.8 0.75
0.8 3.95
0.8 4
0.85 3.95
0.85 4
0.9 1.6
0.9 3.95
0.9 4
0.95 4.1
1 4.2
1.05 4.25
1.1 4.25
1.15 4.25
1.2 4.25
1.25 4.25
1.3 3.75
1.3 4.2
1.3 4.25
1.35 3.8
1.35 3.95
1.35 4
1.35 4.05
1.4 3.85
1.4 3.95
1.45 3.85
1.45 3.95
1.5 3.9
1.5 3.95
1.5 4
1.55 3.95
1.55 4
1.6 3.95
1.6 4.05
1.65 4.1
1.65 4.15
1.7 4.1
1.7 4.15
1.75 4.15
1.8 4.2
1.85 4.2
1.9 4.2
1.95 4.2
2 4.2
2.05 4.2
2.1 4.2
2.15 4.15
2.15 4.2
2.2 4.15
2.2 4.2
2.25 3.3
2.25 3.35
2.25 3.4
2.25 3.45
2.25 3.5
2.25 3.55
2.25 3.6
2.25 3.65
2.25 3.7
2.25 4.1
2.25 4.15
2.25 4.2
2.3 3.55
2.3 3.6
2.3 3.7
2.3 4.05
2.3 4.1
2.35 3.8
2.35 4.05
2.4 3.9
