-6 7.3
-5.95 7.35
-5.95 7.4
-5.9 7.35
-5.9 7.4
-5.85 7.45
-5.85 8.5
-5.85 8.55
-5.85 8.65
-5.8 7.4
-5.8 7.45
-5.8 7.5
-5.8 8.6
-5.75 8.7
-5.7 8.65
-5.7 8.75
-5.35 8.5
-5.3 8.55
-5.25 8.6
-4.6 6.9
-4.55 6.95
-4.5 6.95
-4.5 7
-4.45 7
-4.4 7
-4.4 7.05
-4.35 7.05
-4.3 7.05
-4.3 7.1
-4.05 3.55
-4 3.6
-3.95 3.6
-3.85 3.6
-3.8 3.6
-3.75 3.6
-3.7 3.6
-3.7 3.65
-3.6 3.6
-3.55 3.6
-3.55 4.75
-3.5 3.6
-3.5 4.75
-3.5 4.8
-3.45 3.6
-3.45 4.8
-3.45 4.85
-3.45 4.9
-3.45 4.95
-3.4 3.6
-3.4 4.95
-3.4 5
-3.35 3.6
-3.35 5
-3.35 5.05
-3.25 3.55
-3.25 3.6
-3.2 3.6
-3.15 3.6
-3.1 3.6
-3.05 3.6
-3 3.6
-2.95 3.6
-2.95 3.65
-2.9 3.65
-2.05 3.55
-2 3.55
-2 3.6
-1.95 3.55
-1.95 3.6
-1.9 3.55
-1.9 3.6
-1.9 3.65
-1.9 6.1
-1.9 6.2
-1.9 6.25
-1.85 3.6
-1.85 3.65
-1.85 3.7
-1.85 5.95
-1.85 6.15
-1.85 6.25
-1.85 6.3
-1.8 3.65
-1.8 3.7
-1.8 6.25
-1.8 6.35
-1.75 3.7
-1.75 3.75
-1.75 3.8
-1.75 6.3
-1.75 6.35
-1.7 3.8
-1.7 3.85
-1.7 3.9
-1.65 3.9
-1.65 3.95
-1.65 4
-1.6 4
-1.6 4.05
-1.55 4.1
-1.55 4.15
-1.5 4.15
-1.5 4.2
-1.5 4.25
-1.45 4.25
-1.45 4.3
-1.45 4.6
-1.45 4.65
-1.4 4.3
-1.4 4.35
-1.35 0.75
-1.15 -0.35
-1.15 -0.3
-1.15 0.7
-1.15 0.8
-1.15 0.85
-1.15 0.9
-1.15 0.95
-1.15 1
-1.15 1.05
-1.15 1.1
-1.15 1.15
-1.05 1.15
-1 1.15
-0.95 -0.5
-0.95 -0.45
-0.95 -0.4
-0.95 -0.15
-0.95 1.15
-0.95 3.55
-0.9 -0.5
-0.9 1.15
-0.9 3.55
-0.9 3.6
-0.85 -0.5
-0.85 0.35
-0.85 0.4
-0.85 1.15
-0.85 3.55
-0.85 3.6
-0.8 -0.65
-0.8 -0.6
-0.8 -0.55
-0.8 -0.5
-0.8 0
-0.8 0.05
-0.8 0.1
-0.8 0.15
-0.8 0.2
-0.8 0.25
-0.8 0.3
-0.8 0.45
-0.8 0.5
-0.8 0.55
-0.8 0.6
-0.8 0.65
-0.8 1.15
-0.8 3.55
-0.8 3.6
-0.75 -0.75
-0.75 -0.7
-0.75 -0.65
-0.75 1.15
-0.75 1.2
-0.75 3.55
-0.75 3.6
-0.7 1.15
-0.7 3.55
-0.7 3.6
-0.65 3.6
-0.6 3.6
-0.55 3.6
-0.5 3.6
-0.45 3.6
-0.4 3.6
-0.35 3.6
-0.3 3.6
-0.25 3.6
-0.2 3.6
-0.15 3.6
-0.1 3.6
0 3.6
0.05 3.6
0.1 3.25
0.1 3.3
0.15 3.25
0.2 3.25
0.25 3.25
0.25 3.3
0.3 3.25
0.3 3.3
0.35 3.3
0.4 3.3
0.45 3.3
0.5 3.3
0.55 3.3
0.6 3.3
0.65 -0.7
0.65 -0.65
0.65 -0.6
0.65 -0.55
0.65 -0.5
0.65 -0.45
0.65 -0.4
0.65 0.05
0.65 0.1
0.65 0.15
0.65 0.2
0.65 0.25
0.65 0.3
0.65 0.35
0.65 0.4
0.65 0.45
0.65 0.5
0.65 0.55
0.65 0.6
0.65 0.65
0.65 0.7
0.65 0.75
0.65 3.3
0.7 -0.4
0.7 -0.35
0.7 -0.3
0.7 -0.25
0.7 -0.2
0.7 -0.15
0.7 0.35
0.7 0.4
0.7 0.45
0.7 0.5
0.7 0.55
0.7 0.6
0.7 0.65
0.7 0.7
0.7 0.75
0.7 0.8
0.7 3.3
0.75 -0.15
0.75 -0.1
0.75 -0.05
0.75 0
0.75 0.05
0.75 0.85
0.75 3.3
0.8 0.9
0.8 0.95
0.8 3.35
0.8 3.4
0.85 1
0.9 1
0.9 3.6
0.95 3.6
1 3.6
1.05 3.6
1.1 3.6
1.15 3.6
1.2 3.5
1.2 3.55
1.25 3.35
1.25 3.5
1.3 3.35
1.3 3.4
1.3 3.45
1.35 3.4
1.4 3.45
1.45 3.45
1.45 3.5
1.5 3.5
1.5 3.55
1.55 3.55
1.6 3.6
1.65 3.6
1.7 3.6
1.75 3.6
1.8 3.6
1.85 3.55
1.85 3.6
1.9 3.55
1.9 3.6
1.95 3.55
1.95 3.6
2 3.55
2 3.6
2.05 3.55
2.1 2.2
2.1 3.5
2.1 3.55
2.15 2.25
2.15 2.4
2.15 2.45
2.15 2.5
2.15 2.55
2.15 2.6
2.15 2.65
2.15 2.7
2.15 2.75
2.15 2.8
2.15 2.85
2.15 2.9
2.15 2.95
2.15 3
2.15 3.05
2.15 3.1
2.15 3.15
2.15 3.45
2.15 3.5
2.2 2.35
2.2 2.4
2.25 2.35
2.25 3.2
2.25 3.25
2.3 3.3
2.65 2.65
2.7 1.95
2.7 2
2.75 1.9
2.75 1.95
2.75 2
2.75 2.55
2.8 1.75
2.8 1.8
2.8 1.85
2.8 1.9
3.95 3.7
4 3.6
4 3.65
4.05 3.55
4.05 3.6
4.1 3.45
4.1 3.5
4.1 3.55
4.15 3.45
4.15 3.5
4.2 3.45
4.2 3.5
4.25 3.45
4.45 3.6
4.5 3.55
4.55 3.5
5.25 3.4
5.25 3.45
5.3 3.4
