-26.25 0.6
-26.25 0.85
-26.25 1.05
-26.2 0.35
-9.8 1.9
-9.8 2
-9.8 2.05
-9.35 1.9
-9.3 2.05
-8.9 2.1
-8.8 2.05
-8.8 2.15
-8.75 2.2
-8 2.15
-7.95 2.1
-7.95 2.2
-7.95 2.25
-7.45 2.2
-7.3 -0.15
-7.3 -0.1
-7.3 0
-7.3 0.3
-7.3 0.45
-7.25 0.05
-7.25 0.15
-7.25 0.2
-7.25 0.25
-7.15 2.2
-7.15 2.25
-6.9 2.3
-6.75 2.3
-6.55 7.1
-6.55 7.15
-6.5 7.15
-6.5 7.2
-6.45 -0.15
-6.45 0
-6.4 4.85
-6.4 4.9
-6.4 7.2
-6.4 7.25
-6.35 4.7
-6.35 4.75
-6.35 4.95
-6.15 2.3
-6.15 2.35
-5.65 2.4
-5.3 2.4
-5.25 2.45
-4.6 2.5
-4.4 2.5
-4.3 0.05
-4.1 2.55
-4.1 3.6
-4.1 3.65
-4.05 2.55
-4.05 3.65
-4.05 3.7
-4.05 3.75
-4 2.55
-4 3.75
-3.95 2.55
-3.9 2.55
-3.9 3.7
-3.85 2.55
-3.85 3.7
-3.85 3.75
-3.85 3.85
-3.85 3.9
-3.8 2.55
-3.8 3.75
-3.8 3.9
-3.8 3.95
-3.75 2.55
-3.75 3.9
-3.75 3.95
-3.75 4
-3.7 2.55
-3.7 4
-3.7 4.05
-3.65 2.55
-3.65 4.05
-3.6 2.55
-3.55 2.55
-3.5 2.55
-3.45 2.55
-3.4 2.55
-3.35 2.55
-3.3 2.55
-3.3 2.6
-3.25 2.6
-3.05 0.15
-2.3 2.6
-2.3 2.65
-2.25 2.6
-2.25 2.65
-2.2 2.6
-2.2 2.65
-2.15 2.65
-2.15 2.7
-2.15 2.75
-2.1 2.7
-2.1 2.75
-2.05 2.75
-2.05 2.8
-2.05 2.85
-2 2.85
-2 2.9
-2 2.95
-1.95 2.95
-1.95 3
-1.95 3.05
-1.9 3.05
-1.9 3.1
-1.9 3.15
-1.9 3.2
-1.85 3.15
-1.85 3.2
-1.85 3.25
-1.8 3.25
-1.8 3.3
-1.8 3.35
-1.8 3.4
-1.75 3.35
-1.75 3.4
-1.75 3.45
-1.75 3.5
-1.75 3.55
-1.75 3.6
-1.7 0.75
-1.7 3.45
-1.7 3.55
-1.7 3.6
-1.7 3.65
-1.65 0.5
-1.65 0.55
-1.65 0.7
-1.65 3.55
-1.6 0.6
-1.6 0.65
-1.35 -0.2
-1.35 -0.15
-1.25 2.7
-1.25 2.75
-1.2 -0.1
-1.2 0
-1.2 0.05
-1.2 0.1
-1.2 0.15
-1.2 0.2
-1.2 0.25
-1.2 2.7
-1.2 2.75
-1.15 2.7
-1.15 2.75
-1.1 2.75
-1.05 2.75
-1 2.75
-0.95 2.75
-0.9 2.75
-0.9 2.8
-0.85 2.8
-0.8 -0.55
-0.8 -0.5
-0.8 -0.45
-0.8 -0.4
-0.8 -0.35
-0.8 -0.3
-0.8 -0.25
-0.8 2.8
-0.75 -0.75
-0.75 -0.7
-0.75 -0.65
-0.75 -0.6
-0.75 -0.55
-0.75 2.8
-0.7 2.8
-0.65 2.8
-0.65 2.85
-0.6 2.8
-0.6 2.85
-0.55 2.8
-0.55 2.85
-0.5 2.8
-0.5 2.85
-0.45 2.8
-0.45 2.85
-0.4 2.8
-0.4 2.85
-0.35 2.85
-0.3 2.85
-0.25 2.8
-0.25 2.85
-0.2 2.5
-0.15 2.5
-0.1 2.5
-0.05 2.5
0 2.5
0 2.55
0.05 2.5
0.05 2.55
0.1 2.55
0.15 2.55
0.2 2.55
0.25 2.55
0.25 2.6
0.3 2.55
0.35 2.55
0.35 2.6
0.4 2.55
0.4 2.6
0.45 2.6
0.5 2.6
0.6 0
0.6 0.05
0.6 2.9
0.65 -0.65
0.65 -0.6
0.65 -0.55
0.65 -0.5
0.65 -0.45
0.65 -0.4
0.65 -0.35
0.65 -0.3
0.65 -0.25
0.65 -0.2
0.65 -0.15
0.65 -0.1
0.65 -0.05
0.65 0
0.65 0.05
0.65 0.1
0.65 0.15
0.65 2.9
0.7 -0.65
0.7 -0.6
0.7 -0.55
0.7 -0.5
0.7 -0.45
0.7 -0.4
0.7 0.15
0.7 0.2
0.7 0.25
0.7 2.9
0.7 2.95
0.75 -0.85
0.75 -0.8
0.75 -0.75
0.75 0.25
0.75 0.3
0.75 2.9
0.75 2.95
0.8 2.9
0.8 2.95
0.85 2.9
0.85 2.95
0.9 2.9
0.95 2.9
0.95 2.95
1 2.7
1 2.9
1 2.95
1.05 2.7
1.05 2.75
1.05 2.85
1.05 2.9
1.1 2.8
1.2 2.95
1.25 2.95
1.3 2.95
1.35 2.95
1.4 2.95
1.45 2.95
1.5 2.95
1.55 2.95
1.6 2.95
1.65 2.95
1.65 3
1.7 2.95
1.75 2.95
1.75 3
1.8 2.9
1.8 2.95
1.85 2.9
1.9 1.6
1.9 1.65
1.9 2.1
1.9 2.15
1.9 2.2
1.9 2.25
1.9 2.3
1.9 2.35
1.9 2.4
1.9 2.45
1.9 2.5
1.9 2.55
1.9 2.9
1.95 0.1
1.95 1.65
1.95 1.9
1.95 1.95
1.95 2
1.95 2.05
1.95 2.1
1.95 2.15
1.95 2.2
1.95 2.25
1.95 2.55
2 0.15
2 1.65
2 1.9
2.05 0.15
2.05 1.95
2.1 1.7
2.1 1.95
2.15 1.7
2.15 1.75
2.15 1.9
2.15 1.95
2.25 1.85
2.65 0.15
2.7 0.15
2.8 1.05
2.8 1.1
2.85 1
2.85 1.05
2.85 1.1
2.9 1
2.9 1.05
2.9 1.15
2.95 1.15
3 1
3.05 0.85
3.05 0.9
3.05 0.95
3.05 1
3.1 0.85
3.1 0.9
3.1 0.95
3.8 3.05
3.85 3
3.85 3.05
4.25 0.1
4.25 0.15
4.25 0.2
4.65 0.25
4.75 0.25
5 3.2
5.05 3.2
5.05 3.25
5.05 3.3
5.1 3.1
5.1 3.15
5.1 3.2
5.1 3.25
5.15 3.1
5.3 3.15
5.35 3.15
5.5 3.2
5.55 0.3
5.6 0.3
5.6 3.2
5.65 3.4
5.7 0.35
5.7 1.55
5.7 3.2
5.7 3.3
5.7 3.35
5.7 3.4
5.75 0.35
5.75 0.4
5.75 0.45
5.75 0.5
5.75 0.55
5.75 0.6
5.75 0.65
5.75 0.7
5.75 3.25
5.75 3.3
5.8 3.2
5.8 3.25
5.8 3.3
5.85 0.7
5.85 0.75
5.9 0.75
5.9 3.2
5.95 3.05
5.95 3.1
5.95 3.15
5.95 3.2
6 2.85
6 2.9
6 2.95
6 3
6 3.05
6.05 2.8
6.05 2.85
6.1 0.9
6.1 1
6.15 0.8
6.15 0.85
6.15 0.9
6.15 0.95
6.15 1
6.2 2.8
6.5 2.95
6.55 2.95
7.45 3.25
7.55 3.25
7.65 3.25
9.6 3.9
9.6 3.95
9.65 3.7
9.65 3.75
9.65 3.8
9.65 3.85
9.7 3.55
9.7 3.6
9.7 3.65
9.7 3.7
9.7 3.75
9.75 3.45
9.75 3.5
9.75 3.55
11.95 4
11.95 4.05
12 3.8
12 3.85
12 3.9
12 3.95
12.05 3.6
12.05 3.65
12.05 3.7
12.05 3.75
12.05 3.8
12.05 3.85
12.1 3.4
12.1 3.45
12.1 3.55
12.1 3.6
12.15 3.35
13.45 3.8
13.95 3.85
13.95 3.95
14 3.6
14 3.7
14 3.8
14.65 3.65
14.65 3.8
14.7 3.55
19.7 2.55
20 2.65
20 2.7
20 2.75
20 2.8
20 2.85
20.05 2.85
20.05 2.9
20.15 3.05
20.2 3
20.2 3.1
20.2 3.3
20.25 3.05
