-26.1 -3.5
-26.05 -3.7
-26 -3.95
-13.35 -0.8
-13.25 -0.75
-12.5 -0.65
-12.5 -0.55
-12.45 -0.6
-12.45 -0.5
-11.45 -0.4
-11.35 -0.35
-11.3 -0.3
-11.25 -0.25
-11.15 -0.2
-10.3 -0.1
-10.25 0
-10.2 0.05
-10.2 0.1
-9.7 0.15
-9.4 0.2
-9.05 0.25
-9 0.3
-9 0.35
-8.95 0.4
-8.25 0.4
-8.2 0.45
-8.15 0.5
-8.15 0.55
-8.15 0.6
-7.4 -1.4
-7.35 -1.5
-7.35 -1.45
-7.35 -1.35
-7.35 0.6
-7.35 0.65
-7.3 -1.65
-7.3 -1.6
-7.3 -1.55
-7.3 0.7
-7.3 0.75
-7.3 0.8
-7.1 -1.65
-7 3.55
-7 3.6
-6.95 3.3
-6.95 3.6
-6.95 3.65
-6.95 3.7
-6.9 3.1
-6.9 3.15
-6.9 3.2
-6.9 3.25
-6.9 3.35
-6.9 3.4
-6.9 3.45
-6.85 2.8
-6.85 2.85
-6.85 2.9
-6.85 2.95
-6.85 3
-6.85 3.05
-6.8 2.7
-6.8 2.75
-6.7 0.8
-6.35 0.85
-6.35 0.9
-6.15 0.95
-6.1 1
-5.5 1.05
-5.5 1.1
-5.2 1.15
-5 1.2
-4.65 1.25
-4.55 1.3
-4.55 2.5
-4.5 2.55
-4.3 1.35
-4.3 2.5
-4.25 2.5
-4.25 2.55
-4.25 2.6
-4.2 2.6
-4.2 2.65
-4.1 -1.15
-4.1 -1.1
-4.1 1.4
-3.65 1.45
-3.55 1.5
-3.45 -1
-2.9 -0.9
-2.5 1.7
-2.45 1.7
-2.45 1.75
-2.45 1.8
-2.4 1.8
-2.4 1.85
-2.4 1.9
-2.35 1.9
-2.35 1.95
-2.35 2
-2.35 2.05
-2.3 2.05
-2.3 2.1
-2.3 2.15
-2.3 2.2
-2.25 2.2
-2.25 2.25
-2.25 2.3
-2.25 2.35
-2.2 -0.75
-2.2 2.35
-2.2 2.4
-2.2 2.45
-2.15 2.45
-2.15 2.5
-2.1 2.5
-1.8 -0.1
-1.75 -0.15
-1.7 -0.2
-1.65 -0.35
-1.65 -0.3
-1.65 -0.25
-1.6 1.95
-1.55 1.9
-1.5 1.9
-1.45 1.9
-1.45 1.95
-1.4 1.9
-1.4 1.95
-1.35 1.95
-1.3 1.95
-1.25 1.95
-1.25 2
-1.2 2
-1.2 2.05
-1.15 -1
-1.15 -0.95
-1.15 -0.9
-1.15 -0.85
-1.15 -0.8
-1.15 -0.75
-1.15 -0.7
-1.15 2
-1.15 2.05
-1.1 -1
-1.1 -0.6
-1.1 2.05
-1.05 -1
-1.05 2.05
-1 2.05
-1 2.1
-0.95 -0.95
-0.95 2.05
-0.95 2.1
-0.9 2.1
-0.85 2.1
-0.8 2.1
-0.8 2.15
-0.75 2.1
-0.75 2.15
-0.7 2.15
-0.65 2.15
-0.6 2.1
-0.5 1.8
-0.45 1.8
-0.45 1.85
-0.4 1.85
-0.35 1.85
-0.3 1.85
-0.3 1.9
-0.25 1.9
-0.2 1.9
-0.15 1.9
-0.15 1.95
-0.1 1.95
-0.05 1.95
0 1.95
0.05 1.95
0.05 2
0.1 2
0.15 2
0.2 2
0.25 2.35
0.3 2.35
0.35 2.35
0.4 2.35
0.4 2.4
0.45 2.35
0.45 2.4
0.5 2.4
0.55 2.35
0.55 2.4
0.6 -0.55
0.6 2.4
0.65 -0.55
0.65 -0.5
0.65 -0.45
0.65 2.15
0.65 2.4
0.7 -0.45
0.7 -0.4
0.7 -0.35
0.7 2.15
0.7 2.2
0.7 2.3
0.7 2.35
0.7 2.4
0.75 -0.35
0.75 -0.3
0.75 -0.25
0.8 -0.25
0.85 -0.25
0.85 2.45
0.9 -0.3
0.9 2.45
0.9 2.5
0.95 2.45
0.95 2.5
1 -0.3
1 2.5
1.05 -0.3
1.05 2.5
1.1 -0.3
1.1 2.5
1.15 -0.3
1.15 2.5
1.15 2.55
1.2 -0.3
1.2 2.5
1.2 2.55
1.25 -0.3
1.25 2.55
1.3 -0.3
1.3 2.55
1.35 -0.3
1.35 2.55
1.4 -0.3
1.4 2.5
1.4 2.55
1.45 -0.3
1.45 2.5
1.45 2.55
1.5 2.45
1.5 2.5
1.55 -0.3
1.55 2.1
1.55 2.5
1.6 1.8
1.6 1.85
1.6 1.9
1.6 1.95
1.6 2
1.6 2.05
1.6 2.1
1.65 -0.3
1.65 1.65
1.65 1.7
1.65 1.75
1.65 1.8
1.65 1.85
1.65 1.9
1.65 1.95
1.7 1.25
1.7 1.5
1.7 1.55
1.7 1.6
1.7 1.65
1.7 1.7
1.75 -0.3
1.75 1.25
1.75 1.5
1.75 1.55
1.8 1.25
1.85 1.25
2 -0.3
2.05 -0.25
2.35 -0.25
2.4 -0.25
2.45 -0.25
2.55 -0.2
2.55 0.75
2.6 -0.2
2.65 -0.2
2.65 0.75
2.7 -0.15
2.75 -0.15
2.8 0.3
2.8 0.35
3.45 -5.55
3.5 -5.5
4.25 0.05
4.25 0.1
4.25 0.15
4.25 0.2
4.4 0.2
4.55 3.15
4.55 3.2
4.6 3.1
4.7 0.25
4.9 0.3
5.3 0.35
5.3 3.65
5.35 3.45
5.35 3.55
5.35 3.6
5.4 3.4
5.4 3.45
5.4 3.5
5.4 3.55
5.45 3.35
5.45 3.4
5.45 3.45
5.5 3.25
5.5 3.3
5.5 3.35
5.5 3.4
5.55 3.1
5.55 3.15
5.55 3.2
5.55 3.25
5.55 3.3
5.6 0.4
5.6 3
5.6 3.05
5.6 3.1
5.65 0.45
5.65 0.5
5.65 0.55
5.65 0.6
5.65 0.65
5.65 0.7
5.65 0.75
5.65 0.8
5.65 0.85
5.65 3
5.65 3.05
5.7 0.5
5.7 0.55
5.7 0.6
5.9 1.25
5.95 0.95
5.95 1
5.95 1.05
5.95 1.1
5.95 1.15
5.95 1.2
5.95 1.25
6 1
6 1.1
9.05 4.5
9.05 4.55
9.1 4.4
9.1 4.45
9.1 4.5
9.15 4.25
9.15 4.3
9.15 4.35
9.15 4.4
9.2 4.15
9.2 4.2
9.2 4.25
9.25 4.1
9.25 4.15
11.35 4.95
11.4 4.85
11.4 4.9
11.4 4.95
11.45 4.7
11.45 4.75
11.45 4.8
11.5 4.6
11.5 4.65
11.5 4.7
11.55 4.55
11.55 4.6
13.4 5.1
13.75 5.85
13.8 5.75
13.85 5.6
13.9 5.5
13.95 5.4
14 5.15
14 5.2
14 5.3
14.05 5
14.05 5.05
14.05 5.15
15.05 2.55
15.1 2.6
15.25 5.85
15.3 5.85
15.35 5.55
15.35 5.7
15.4 5.45
15.4 5.55
15.4 5.6
15.45 5.4
15.45 5.45
15.5 5.4
18.3 6.9
18.4 6.5
18.4 6.75
18.45 6.55
18.5 6.3
18.5 6.35
18.5 6.4
18.55 6.1
18.55 6.15
18.55 6.2
18.55 6.25
18.6 5.95
18.6 6
18.6 6.05
18.6 6.1
18.65 5.75
18.65 5.8
18.65 5.85
18.65 5.9
18.65 5.95
18.7 5.6
18.7 5.65
18.7 5.7
18.7 5.75
18.7 5.8
18.75 5.55
18.75 5.6
18.75 5.65
18.8 5.5
18.8 5.55
18.85 5.55
18.9 5.2
19.05 3.6
19.05 3.65
19.05 3.7
19.05 3.75
19.05 3.8
19.1 3.3
19.1 3.35
19.1 3.45
19.1 3.55
19.1 3.6
19.1 3.8
19.1 3.9
19.1 4.55
19.15 3.3
19.15 4.2
19.15 4.3
19.15 4.35
19.15 4.4
19.15 4.5
19.2 3.95
19.2 4.05
19.2 4.1
19.2 4.15
19.2 4.25
19.2 5.45
19.25 4
19.25 4.6
19.25 4.65
19.3 4.45
19.4 4.7
19.5 5.55
19.5 5.6
19.5 5.65
19.55 4.8
19.55 5.3
19.55 5.4
19.55 5.45
19.55 5.5
19.6 5.1
19.6 5.25
19.6 5.3
19.65 4.95
19.65 5.05
19.65 5.1
19.65 5.6
19.65 5.7
19.7 4.9
19.7 5.45
19.7 5.5
19.75 5.05
19.75 5.3
19.75 5.35
19.8 5
19.8 5.05
19.8 5.1
19.8 5.2
19.85 4.85
19.85 4.95
19.9 4.75
23.4 5.45
23.45 5.25
23.5 4.85
23.5 5.05
23.55 5.45
23.65 5.25
23.65 5.4
23.7 5.05
23.7 5.2
23.75 4.85
23.75 5
