-12.55 42.5
-12.35 42.55
-12.3 42.55
-12.25 42.6
-12.2 42.6
-12.05 42.65
-12 42.6
-12 42.65
-11.95 42.7
-11.9 42.65
-11.9 42.7
-11.85 42.75
-11.8 42.75
-11.75 42.7
-11.7 42.7
-11.7 42.75
-11.65 42.7
-11.65 42.75
-11.6 42.8
-11.55 42.75
-11.5 42.8
-11.45 42.85
-11.4 42.8
-11.3 42.8
-11.3 42.85
-11.25 42.85
-11.25 42.9
-11.2 42.85
-11.15 42.85
-11.15 42.9
-11.1 42.9
-11.1 42.95
-11 42.9
-10.95 42.9
-10.9 42.9
-10.9 42.95
-10.85 42.9
-10.85 42.95
-10.8 42.95
-10.8 43
-10.75 43
-10.7 43
-10.65 43
-10.55 43
-10.55 43.05
-10.5 43
-10.5 43.05
-10.45 43.05
-10.45 43.1
-10.35 43.05
-10.3 43.1
-10.15 43.1
-10.1 43.1
-10.1 43.15
-10.05 43.15
-9.95 43.15
-9.9 43.15
-9.75 43.2
-9.7 43.25
-8.95 28.6
-8.9 28.65
-8.85 28.75
-8.8 28.75
-8.75 28.75
-8.7 28.7
-8.7 28.75
-8.65 28.7
-8.65 28.75
-8.6 28.8
-8.55 28.8
-8.45 28.75
-8.45 28.85
-8.4 28.9
-8.35 28.9
-8.3 28.9
-8.2 28.9
-8.05 28.95
-7.45 16.2
-7.35 16.25
-7.3 16.25
-7.2 16.3
-7.05 16.35
-7.05 16.4
-6.9 16.45
-6.8 16.5
-6.75 16.5
-6.65 16.55
-6.6 16.55
-6.5 16.6
-6.45 16.65
-6.4 16.65
-6.35 16.6
-6.35 16.65
-6.3 13.6
-6.3 13.65
-6.3 13.8
-6.3 16.7
-6.25 13.6
-6.25 16.7
-6.2 13.7
-6.2 16.65
-6.2 16.75
-6.15 13.75
-6.15 13.8
-6.15 16.75
-6.15 16.8
-6.1 16.75
-6.05 13.75
-6.05 13.85
-6.05 13.9
-6.05 16.75
-6.05 16.8
-6.05 17.85
-6.05 18.15
-6.05 18.3
-6 13.8
-6 16.8
-6 16.85
-6 18.3
-6 19.55
-5.95 13.9
-5.95 16.8
-5.9 13.85
-5.9 16.8
-5.9 18.3
-5.9 18.35
-5.85 13.8
-5.85 13.85
-5.85 16.85
-5.85 16.9
-5.85 18.35
-5.85 18.4
-5.8 13.9
-5.8 13.95
-5.8 14.05
-5.8 16.85
-5.8 18.35
-5.8 18.4
-5.75 13.85
-5.75 16.85
-5.7 13.95
-5.7 14
-5.7 16.9
-5.65 13.95
-5.65 14.05
-5.65 19.8
-5.6 14.05
-5.55 14
-5.55 14.05
-5.55 14.1
-5.5 14.05
-5.4 14
-5.4 14.15
-5.2 12.2
-5 12.25
-4.95 9.45
-4.95 9.5
-4.9 9.5
-4.85 9.5
-4.85 9.55
-4.8 9.55
-4.75 9.55
-4.75 9.6
-4.7 9.6
-4.7 9.65
-4.65 9.65
-4.6 9.65
-4.6 9.7
-4.55 9.7
-4.55 9.75
-4.5 9.7
-4.45 9.75
-4.4 9.75
-4.35 7.2
-4.3 7.2
-4.3 7.25
-4.3 17.3
-4.25 7.25
-4.25 7.3
-4.2 7.25
-4.2 7.3
-4.15 7.3
-4.15 7.35
-4.15 17.25
-4.1 7.35
-4.05 7.35
-4.05 7.4
-4 7.4
-3.95 7.4
-3.95 7.45
-3.95 17.3
-3.9 7.45
-3.9 17.35
-3.85 7.5
-3.85 17.35
-3.8 11.35
-3.8 17.35
-3.75 16.3
-3.75 16.8
-3.75 17.35
-3.75 17.4
-3.7 17.35
-3.65 17.35
-3.65 17.4
-3.6 17.4
-3.55 17.4
-3.5 17.4
-3.45 5.55
-3.45 5.65
-3.45 17.45
-3.4 5.4
-3.4 5.45
-3.4 5.5
-3.4 5.55
-3.4 17.4
-3.35 17.45
-3.3 17.45
-3.25 17.45
-3.2 17.45
-3.1 1.75
-3.05 1.8
-3 14.5
-2.95 3.7
-2.9 3.5
-2.9 3.6
-2.9 3.7
-2.9 3.75
-2.9 14.55
-2.85 3.4
-2.85 3.5
-2.85 3.65
-2.85 3.75
-2.85 3.8
-2.85 14.55
-2.8 3.25
-2.8 3.3
-2.8 3.4
-2.8 3.8
-2.8 3.85
-2.75 3.1
-2.75 3.15
-2.75 3.2
-2.75 3.25
-2.75 3.85
-2.75 3.9
-2.7 2.8
-2.7 2.85
-2.7 2.9
-2.7 3
-2.7 3.05
-2.7 3.1
-2.7 3.85
-2.7 3.9
-2.65 2.8
-2.65 2.85
-2.65 2.9
-2.65 2.95
-2.65 3
-2.65 3.85
-2.65 3.9
-2.65 13.4
-2.6 2
-2.6 3.9
-2.6 4
-2.6 4.05
-2.55 2
-2.55 2.05
-2.55 2.1
-2.55 3.9
-2.55 3.95
-2.55 13.4
-2.55 13.45
-2.5 2.1
-2.5 2.15
-2.5 13.4
-2.45 1.85
-2.45 2.15
-2.45 2.2
-2.45 13.4
-2.45 13.45
-2.4 1.2
-2.4 1.25
-2.4 1.65
-2.4 1.7
-2.4 1.75
-2.4 13.4
-2.4 13.45
-2.35 13.4
-2.35 13.45
-2.3 13.45
-2.25 1.1
-2.25 13.45
-2.2 13.45
-2.15 13.45
-2.05 0.2
-2.05 0.25
-2.05 0.3
-2.05 0.35
-2 0.15
-1.95 0
-1.95 0.05
-1.95 0.1
-1.9 -0.15
-1.9 -0.1
-1.85 -0.6
-1.85 -0.55
-1.85 -0.5
-1.85 -0.45
-1.85 -0.4
-1.85 -0.35
-1.85 -0.3
-1.85 -0.25
-1.85 -0.2
-1.8 -0.8
-1.8 -0.75
-1.8 -0.7
-1.8 -0.65
-1.8 -0.6
-1.75 -0.95
-1.75 -0.85
-1.75 -0.8
-1.75 0.4
-1.7 -1.1
-1.7 -1.05
-1.7 -1
-1.7 -0.95
-1.7 -0.85
-1.65 -1.2
-1.65 -1.15
-1.65 -1.1
-1.65 0.45
-1.6 -1.6
-1.6 -1.55
-1.6 -1.5
-1.6 -1.45
-1.6 -1.4
-1.6 -1.35
-1.6 -1.3
-1.6 -1.25
-1.6 -1.2
-1.55 -1.75
-1.55 -1.7
-1.55 -1.65
-1.55 -1.6
-1.5 -1.8
-1.5 -1.75
-1.45 -1.8
-1.4 0.5
-1.3 0.4
-1.25 -1.55
-1.2 -1.7
-1.2 -1.6
-1.2 -1.55
-1.15 -1.7
-1.1 0.5
-1.05 0.45
-0.8 4.4
-0.75 4.4
-0.7 4.4
-0.65 4.4
-0.65 4.45
-0.6 4.4
-0.6 4.45
-0.55 4.45
-0.5 4.45
-0.45 4.45
-0.4 4.1
-0.4 4.15
-0.4 4.2
-0.4 4.35
-0.35 4.1
-0.3 4.1
-0.25 4.1
-0.25 4.15
-0.2 4.1
-0.2 4.15
-0.15 4.1
-0.15 4.15
-0.1 4.1
-0.1 4.15
0 4.15
0.05 4.1
0.05 4.15
0.1 1.1
0.1 4
0.1 4.1
0.15 3.85
0.15 3.9
0.2 1.4
0.2 3.65
0.2 3.7
0.25 1.4
0.25 3.2
0.25 3.45
0.25 3.5
0.25 3.55
0.3 1.2
0.3 1.35
0.3 1.4
0.3 3.2
0.3 3.4
0.3 3.45
0.35 1.2
0.35 1.4
0.35 3.1
0.35 3.15
0.4 1.35
0.4 1.4
0.4 2.75
0.4 2.8
0.4 2.85
0.4 2.9
0.4 2.95
0.45 2.7
0.45 2.75
0.5 2.7
0.55 2.65
0.6 2.3
0.65 1.85
0.65 1.9
0.65 2.25
0.7 1.75
0.7 1.8
0.7 1.85
0.75 1.55
0.75 1.6
0.75 1.65
0.75 1.7
0.75 1.75
0.8 1.05
0.8 1.1
0.8 1.15
0.8 1.2
0.8 1.35
0.8 1.4
0.8 1.45
0.8 1.5
0.8 1.55
0.8 1.6
0.85 0.85
0.85 0.9
0.85 0.95
0.85 1
0.85 1.05
0.85 1.1
0.85 1.15
0.85 1.25
0.85 1.3
0.85 1.35
0.9 0.5
0.9 0.55
0.9 0.6
0.9 0.65
0.9 0.7
0.9 0.75
0.9 0.8
0.9 0.85
0.9 0.9
0.9 0.95
0.95 0.25
0.95 0.3
0.95 0.35
0.95 0.4
0.95 0.45
0.95 0.5
0.95 0.55
0.95 0.6
0.95 0.65
0.95 0.7
1 -0.75
1 -0.7
1 -0.65
1 -0.6
1 -0.55
1 -0.5
1 -0.45
1 -0.4
1 -0.35
1 -0.3
1 -0.25
1 -0.2
1 -0.15
1 -0.1
1 -0.05
1 0
1 0.05
1 0.1
1 0.15
1 0.2
1 0.25
1 0.3
1 0.35
1 0.45
1.05 -0.75
2.1 -2.2
2.1 -2.15
2.15 -2.15
2.15 -2.1
2.2 -2.1
2.25 -2.1
2.3 -2.1
2.35 -2.1
2.4 -2.1
2.45 -2.1
2.45 -2.05
2.5 -2.1
2.55 -2.1
2.6 -2.1
2.65 -2.15
2.65 -2.1
2.7 -2.1
2.75 -2.1
2.75 -2.05
