-2.15 -1.75
-2.15 -1.7
-2.1 -1.8
-2.1 -1.75
-2.1 -1.6
-2.1 -1.55
-2.1 -1.5
-2.1 -1.45
-2.1 -1.4
-2.05 -1.8
-2.05 -1.3
-2.05 -1.2
-2.05 -1.15
-2.05 -1.1
-2.05 -1.05
-2.05 -1
-2.05 -0.95
-2 -1.2
-2 -0.85
-2 -0.8
-2 -0.75
-2 -0.7
-2 -0.65
-2 -0.6
-2 -0.55
-2 -0.5
-2 1.15
-2 1.2
-2 1.25
-2 1.3
-2 1.35
-2 1.4
-1.95 -0.45
-1.95 -0.4
-1.95 -0.35
-1.95 -0.3
-1.95 -0.25
-1.95 -0.15
-1.95 0.05
-1.95 0.1
-1.95 0.95
-1.95 1
-1.95 1.4
-1.9 -0.2
-1.9 0.15
-1.9 0.9
-1.9 1.4
-1.9 1.45
-1.9 1.5
-1.85 -0.1
-1.85 0
-1.85 0.2
-1.85 0.25
-1.85 0.85
-1.85 1.5
-1.8 0.3
-1.8 0.35
-1.8 0.4
-1.8 0.45
-1.8 0.5
-1.8 0.55
-1.8 0.6
-1.8 0.65
-1.8 0.7
-1.8 0.75
-1.8 0.8
-1.8 1.65
-1.8 1.7
-1.8 1.95
-1.8 2
-1.75 -1.8
-1.75 -1.75
-1.75 -1.7
-1.75 -1.65
-1.75 -1.6
-1.75 -1.55
-1.75 2
-1.75 2.25
-1.75 2.3
-1.7 2
-1.7 2.05
-1.7 2.1
-1.7 2.3
-1.7 2.35
-1.65 1.95
-1.65 2
-1.65 2.1
-1.65 2.3
-1.65 2.35
-1.6 2.35
-1.6 2.4
-1.55 3.1
-1.5 3.1
-1.5 3.15
-1.5 3.2
-1.45 3.1
-1.45 3.2
-1.45 3.25
-1.45 3.3
-1.45 3.4
-1.45 3.45
-1.45 3.5
-1.45 3.55
-1.45 3.6
-1.45 3.65
-1.45 3.7
-1.45 3.8
-1.45 7.75
-1.45 7.8
-1.4 3.75
-1.4 3.85
-1.4 3.95
-1.4 4
-1.4 4.05
-1.4 7.75
-1.4 7.8
-1.35 4.05
-1.35 7.8
-1.3 4.05
-1.3 4.1
-1.3 7.8
-1.25 4.05
-1.25 4.1
-1.25 7.8
-1.2 4.05
-1.2 5.55
-1.2 5.6
-1.2 5.65
-1.2 7.8
-1.15 4.05
-1.15 5.55
-1.15 5.7
-1.15 5.85
-1.15 7.8
-1.15 10.1
-1.15 10.15
-1.1 4.05
-1.1 7.8
-1.1 7.85
-1.1 10.15
-1.05 4.05
-1.05 4.6
-1.05 7.85
-1.05 10.15
-1 4.05
-1 4.2
-1 7.85
-1 10.15
-0.95 7.85
-0.95 10.15
-0.9 10.15
-0.85 10.15
-0.8 10.15
-0.75 10.15
-0.75 12.7
-0.7 10.15
-0.7 12.7
-0.65 10.15
-0.65 12.7
-0.6 10.15
-0.6 12.7
-0.55 12.7
-0.5 12.7
-0.45 12.7
-0.4 12.7
-0.35 12.7
-0.35 14.45
-0.3 12.7
-0.3 14.35
-0.3 14.4
-0.25 14.3
-0.25 14.35
-0.25 14.4
-0.2 14.35
-0.2 14.45
-0.2 14.5
-0.15 14.35
-0.15 14.4
-0.15 14.45
-0.1 14.45
-0.1 14.5
0 14.55
0 14.65
0.05 17.35
0.1 17.3
0.1 17.35
0.15 17.3
0.2 17.3
0.2 17.35
0.25 17.3
0.25 17.35
0.3 17.3
0.35 0.45
0.35 17.3
0.35 17.35
0.4 17.3
0.45 17.3
0.5 0.45
0.5 17.3
0.55 17.3
0.6 12.75
0.6 12.85
0.6 17.25
0.6 17.3
0.65 12.75
0.65 12.85
0.65 17.25
0.65 17.3
0.7 0.5
0.7 12.75
0.7 17.25
0.7 17.3
0.75 0.45
0.75 0.5
0.75 0.6
0.75 0.65
0.75 0.7
0.75 12.65
0.75 12.7
0.75 12.8
0.75 17.25
0.75 17.3
0.8 0.45
0.8 0.55
0.8 0.6
0.8 0.65
0.8 3.9
0.8 12.6
0.8 12.75
0.8 17.25
0.85 -0.95
0.85 -0.9
0.85 -0.85
0.85 -0.8
0.85 -0.75
0.85 0.55
0.85 0.6
0.85 3.85
0.85 3.95
0.85 12.25
0.85 12.3
0.85 12.7
0.85 12.75
0.85 12.8
0.9 -0.8
0.9 -0.75
0.9 -0.7
0.9 -0.65
0.9 0.5
0.9 3.8
0.9 3.85
0.9 12.55
0.95 -0.7
0.95 -0.65
0.95 -0.6
0.95 -0.55
0.95 -0.45
0.95 -0.4
0.95 3.8
0.95 12.7
0.95 12.75
1 -0.55
1 -0.5
1 -0.4
1 -0.35
1 -0.3
1 -0.25
1 3.8
1 12.5
1 12.6
1 12.8
1.05 -0.25
1.05 -0.2
1.05 -0.15
1.05 -0.1
1.05 -0.05
1.05 0
1.05 0.05
1.05 0.1
1.05 0.15
1.05 0.2
1.05 0.25
1.05 0.8
1.05 3.8
1.05 12.7
1.05 12.75
1.1 0.2
1.1 0.25
1.1 0.3
1.1 3.4
1.1 3.75
1.1 3.8
1.1 12.65
1.15 0.35
1.15 0.4
1.15 0.45
1.15 0.5
1.15 0.55
1.15 3.4
1.15 3.75
1.2 0.45
1.2 0.5
1.2 0.55
1.2 0.6
1.2 0.9
1.2 3.4
1.25 0.9
1.25 0.95
1.25 1
1.25 1.05
1.25 1.1
1.25 1.15
1.25 1.2
1.25 3.35
1.25 3.4
1.3 1.2
1.3 1.25
1.3 1.3
1.3 1.35
1.3 1.4
1.3 1.45
1.3 1.5
1.3 1.55
1.3 1.6
1.3 1.8
1.3 1.85
1.3 1.9
1.3 1.95
1.3 2
1.3 2.05
1.3 2.1
1.3 3.35
1.3 3.4
1.35 1.55
1.35 1.6
1.35 1.65
1.35 1.7
1.35 1.75
1.35 1.8
1.35 2.05
1.35 2.1
1.35 2.15
1.35 2.2
1.35 2.25
1.35 2.3
1.35 2.35
1.35 2.4
1.35 2.45
1.35 3.35
1.4 2.5
1.4 2.55
1.4 2.6
1.4 2.65
1.4 2.7
1.4 2.75
1.4 2.8
1.4 2.85
1.4 2.9
1.4 3.35
1.45 2.95
1.45 3
1.45 3.05
1.45 3.1
1.45 3.15
1.45 3.2
1.45 3.25
1.45 3.3
1.45 3.35
1.5 3.3
1.5 17.35
1.65 17.3
1.65 17.35
1.7 17.3
1.8 17.35
1.95 17.3
2 21.1
2 21.2
2.1 17.3
2.15 21.1
2.2 21.05
2.2 21.15
2.4 17.25
2.5 17.05
2.5 17.2
2.55 17.05
2.55 17.1
2.55 17.15
2.6 12.85
2.6 17.05
2.65 12.85
2.65 17.05
2.7 12.85
2.7 17
2.75 12.85
2.75 17
2.8 17
2.85 12.8
2.85 12.85
2.85 17
2.9 17
2.95 17
3 16.95
3.05 16.95
3.05 17
3.1 16.95
3.1 17
3.15 16.95
3.2 16.95
3.25 16.95
3.3 16.9
3.35 16.9
3.4 16.9
3.45 16.9
3.5 16.9
4 43.6
4.4 43.55
4.75 43.5
4.9 43.5
4.9 43.55
4.95 43.5
5 43.5
5.15 43.45
5.25 43.45
5.3 43.45
5.3 43.5
5.35 43.45
5.4 43.45
5.5 43.45
5.65 43.4
5.65 43.45
5.7 43.4
5.75 43.4
5.8 43.4
5.9 43.4
6 43.35
6 43.4
6.05 43.35
6.05 43.4
6.1 43.35
6.1 43.4
6.15 43.35
6.35 43.35
6.4 43.3
6.5 43.3
