-2.3 -2.2
-2.25 -2.1
-2.25 -2.05
-2.25 -2
-2.25 -1.95
-2.25 -1.9
-2.2 -2.15
-2.2 -1.8
-2.2 -1.75
-2.2 -1.7
-2.2 -1.55
-2.15 -1.6
-2.15 -1.55
-2.15 -1.45
-2.1 -1.35
-2.1 -1.3
-2.1 -1.25
-2.05 -1.15
-2.05 -1.1
-2.05 -1.05
-2.05 -1
-2.05 -0.3
-2 -0.9
-2 -0.85
-2 -0.8
-2 -0.75
-2 -0.35
-2 -0.25
-2 -0.2
-2 -0.15
-2 -0.1
-2 0
-1.95 -0.65
-1.95 -0.6
-1.95 -0.55
-1.95 0.05
-1.9 0.1
-1.85 -1.85
-1.85 -0.4
-1.85 0.15
-1.85 0.3
-1.85 0.35
-1.8 0.2
-1.8 0.25
-1.75 0.4
-1.75 1
-1.75 1.05
-1.75 1.2
-1.7 0.45
-1.7 0.5
-1.7 0.55
-1.7 0.6
-1.7 0.7
-1.7 0.75
-1.7 0.8
-1.7 0.85
-1.7 0.9
-1.7 1.05
-1.7 1.1
-1.7 1.2
-1.65 0.65
-1.65 1.2
-1.65 1.25
-1.65 1.3
-1.65 1.35
-1.6 1.35
-1.6 1.6
-1.55 1.35
-1.55 1.4
-1.55 1.6
-1.55 1.65
-1.55 1.9
-1.55 1.95
-1.5 1.4
-1.5 1.6
-1.5 1.65
-1.5 1.7
-1.5 1.95
-1.5 2
-1.5 2.15
-1.5 2.2
-1.5 2.25
-1.45 1.55
-1.45 1.6
-1.45 1.7
-1.45 1.75
-1.45 1.95
-1.45 2
-1.45 2.25
-1.45 2.3
-1.4 1.95
-1.4 2
-1.4 2.05
-1.25 2.7
-1.2 2.7
-1.2 2.75
-1.2 2.8
-1.15 2.85
-1.15 2.95
-1.15 3
-1.1 3.05
-1.1 3.1
-1.1 3.15
-1.1 3.2
-1.1 3.25
-1.1 3.3
-1.05 3.3
-1.05 3.35
-1.05 3.45
-1.05 3.5
-1.05 3.55
-1 3.6
-1 3.65
-0.95 3.65
-0.9 3.65
-0.85 3.65
-0.8 3.65
-0.75 3.6
-0.75 3.65
-0.7 3.6
-0.7 3.65
-0.7 5.05
-0.7 5.1
-0.7 7.35
-0.65 3.6
-0.65 3.65
-0.65 5.2
-0.65 5.25
-0.65 5.3
-0.65 6.55
-0.65 6.7
-0.65 7.35
-0.6 3.75
-0.6 3.8
-0.6 7.35
-0.6 7.4
-0.55 7.35
-0.55 7.4
-0.5 7.35
-0.5 7.4
-0.45 7.35
-0.45 7.4
-0.4 7.35
-0.4 7.4
-0.35 7.35
-0.35 7.4
-0.3 7.4
-0.25 7.4
-0.2 7.4
-0.2 9.7
-0.15 9.65
-0.15 9.7
-0.1 9.65
-0.1 9.7
0 9.65
0 9.7
0.05 9.65
0.05 9.7
0.1 9.7
0.15 9.65
0.15 9.7
0.2 9.65
0.2 9.7
0.25 9.65
0.25 9.7
0.3 9.65
0.3 9.7
0.4 -0.15
0.5 -0.15
0.5 12.2
0.55 12.2
0.6 12.2
0.65 12.2
0.7 12.2
0.75 -0.15
0.75 -0.1
0.75 12.15
0.75 12.2
0.8 -0.15
0.8 -0.1
0.8 0.05
0.8 0.1
0.8 12.2
0.85 -0.1
0.85 0
0.85 0.05
0.85 12.15
0.85 12.2
0.9 -1
0.9 0
0.9 12.15
0.9 12.2
0.95 -1
0.95 -0.95
0.95 0
0.95 12.2
1 -0.95
1 -0.9
1 -0.85
1 -0.8
1 -0.75
1.05 -0.8
1.05 -0.75
1.05 -0.7
1.05 -0.65
1.05 -0.6
1.05 -0.55
1.05 -0.5
1.05 -0.15
1.05 -0.1
1.05 0
1.05 0.05
1.05 13.75
1.1 -0.55
1.1 -0.5
1.1 -0.45
1.1 -0.4
1.1 -0.35
1.1 -0.3
1.1 13.9
1.1 14
1.15 -0.15
1.15 -0.1
1.15 13.75
1.15 13.8
1.2 0
1.2 3.25
1.2 3.4
1.2 13.9
1.25 0.05
1.25 0.1
1.25 0.15
1.25 3.2
1.25 3.25
1.25 3.45
1.25 13.8
1.25 14
1.3 0.15
1.3 0.2
1.3 0.25
1.3 0.3
1.3 0.35
1.3 0.4
1.3 3.2
1.3 13.95
1.35 0.35
1.35 0.4
1.35 0.45
1.35 0.5
1.35 0.55
1.35 3.2
1.35 14
1.4 0.55
1.4 0.6
1.4 0.65
1.4 0.7
1.4 0.75
1.4 2.8
1.4 2.85
1.4 3.15
1.4 3.2
1.45 0.75
1.45 0.8
1.45 0.85
1.45 0.9
1.45 0.95
1.45 1.2
1.45 1.25
1.45 2.75
1.45 2.8
1.45 2.95
1.45 3
1.45 3.1
1.45 3.15
1.45 3.2
1.5 0.95
1.5 1
1.5 1.05
1.5 1.1
1.5 1.15
1.5 1.2
1.5 1.25
1.5 1.3
1.5 1.35
1.5 1.4
1.5 1.45
1.5 1.5
1.5 2.75
1.5 3.1
1.5 3.15
1.55 1.5
1.55 1.55
1.55 1.6
1.55 1.65
1.55 1.7
1.55 1.75
1.55 2.75
1.6 1.85
1.6 1.9
1.6 1.95
1.6 2
1.6 2.7
1.6 2.75
1.65 2
1.65 2.05
1.65 2.1
1.65 2.15
1.65 2.2
1.65 2.7
1.65 2.75
1.65 16.75
1.7 2.25
1.7 2.3
1.7 2.35
1.7 2.4
1.7 2.7
1.7 16.7
1.7 16.75
1.75 2.45
1.75 2.5
1.75 2.55
1.75 2.6
1.75 2.65
1.75 2.7
1.75 16.7
1.75 16.75
1.8 2.65
1.8 16.7
1.85 12.8
1.85 16.7
1.9 12.85
1.9 12.95
1.9 16.7
1.95 12.9
1.95 12.95
1.95 16.7
2 12.8
2 12.85
2 16.7
2.05 12.75
2.05 12.8
2.05 12.9
2.05 16.7
2.1 12.8
2.1 16.65
2.1 16.7
2.15 12.7
2.15 12.8
2.15 12.9
2.15 16.65
2.2 12.8
2.2 16.65
2.25 12.65
2.25 12.8
2.25 16.65
2.3 12.75
2.3 12.8
2.3 16.6
2.3 16.65
2.35 12.75
2.35 16.6
2.35 16.65
2.4 6.75
2.4 16.6
2.4 16.65
2.45 6.7
2.45 6.75
2.5 6.7
2.55 6.7
2.6 6.65
3.25 16.55
3.3 16.55
3.7 12.1
3.8 12.05
3.85 12.05
3.85 21.4
3.95 20.6
4 16.3
4 20.7
4.05 16.25
4.05 16.3
4.05 16.45
4.05 20.85
4.05 21.4
4.1 16.25
4.1 21.35
4.15 16.2
4.15 16.25
4.15 20.6
4.15 21.25
4.2 16.2
4.2 16.25
4.2 20.7
4.2 21.3
4.2 21.35
4.25 16.2
4.3 16.2
4.3 21.3
4.35 16.2
4.4 16.15
4.45 16.15
4.5 16.1
4.5 16.15
4.55 16.1
4.6 16.1
4.6 16.15
4.65 16.1
4.7 16.05
4.7 16.1
4.75 16.05
4.75 16.1
4.8 16.05
4.85 16.05
4.9 16.05
4.95 16
5 16
5.05 15.95
5.05 16
7.85 31.85
7.85 31.9
7.9 31.9
8.8 42.35
8.9 42.4
8.95 42.4
9 42.35
9 42.4
9.05 42.35
9.1 42.35
9.15 42.35
9.2 42.25
9.25 42.3
9.3 42.3
9.3 42.35
9.35 42.25
9.35 42.3
9.4 42.25
9.4 42.3
9.45 42.25
9.55 42.2
9.55 42.25
9.6 42.2
9.6 42.25
9.65 42.2
9.65 42.25
9.7 42.2
9.7 42.25
9.75 42.2
9.8 42.2
9.85 42.15
9.9 42.1
9.9 42.2
9.95 42.15
10 42.15
10.05 42.15
10.1 42.1
10.1 42.15
10.15 42.1
10.2 42.1
10.25 42.1
10.3 42
10.35 42.05
10.55 42
