-2.2 -2.2
-2.2 -2.15
-2.2 -2.1
-2.2 -2.05
-2.2 -2
-2.1 -1.85
-2.1 -1.8
-2.1 -1.75
-2.1 -1.7
-2.1 -1.65
-2.1 -1.6
-2.05 -1.5
-2.05 -0.9
-2.05 -0.85
-2 -1.4
-2 -1.35
-2 -1.3
-2 -1.2
-2 -0.95
-2 -0.9
-2 -0.75
-2 -0.7
-1.95 -1.2
-1.95 -1.1
-1.95 -0.95
-1.9 -0.95
-1.85 -0.95
-1.8 0.05
-1.8 0.1
-1.8 0.15
-1.8 0.2
-1.75 0.25
-1.7 0.3
-1.65 -0.1
-1.65 0
-1.65 0.35
-1.65 0.4
-1.65 0.45
-1.65 0.5
-1.6 0.55
-1.55 0.6
-1.55 1
-1.5 0.65
-1.5 0.7
-1.5 0.75
-1.5 0.8
-1.5 0.9
-1.5 1
-1.5 1.05
-1.5 1.3
-1.5 1.35
-1.45 0.8
-1.45 1.05
-1.45 1.1
-1.45 1.15
-1.45 1.2
-1.45 1.35
-1.45 1.4
-1.4 1.4
-1.4 1.5
-1.4 1.55
-1.4 1.6
-1.4 1.65
-1.4 1.7
-1.35 1.4
-1.35 1.7
-1.35 1.75
-1.15 2.05
-1.15 2.1
-1.1 2.1
-1.1 2.15
-1.1 2.2
-1.1 2.25
-1.05 2.2
-1.05 2.25
-1.05 2.3
-1.05 2.35
-1.05 2.4
-1.05 2.45
-1 2.45
-1 2.5
-1 2.55
-1 2.6
-1 2.65
-0.95 2.7
-0.95 2.8
-0.95 2.85
-0.95 2.9
-0.9 3
-0.85 3.05
-0.8 3.05
-0.75 3.05
-0.7 3.05
-0.65 3
-0.65 3.05
-0.6 3
-0.6 4.35
-0.55 3
-0.55 4.45
-0.55 4.5
-0.55 4.55
-0.5 3
-0.5 3.05
-0.5 3.1
-0.5 3.55
-0.5 4.55
-0.5 4.65
-0.5 4.7
-0.5 4.75
-0.45 4.75
-0.45 4.85
-0.45 4.9
-0.45 5.8
-0.45 5.9
-0.4 5.8
-0.4 5.9
-0.4 6.75
-0.35 5.4
-0.35 6.75
-0.3 5.8
-0.3 6.75
-0.25 6.75
-0.25 6.8
-0.2 6.75
-0.2 6.8
-0.15 6.75
-0.15 6.8
-0.1 6.75
0 6.75
0.05 6.75
0.05 6.85
0.1 6.75
0.15 9.05
0.2 9.05
0.25 9.05
0.3 9.05
0.35 9.05
0.4 9.05
0.45 9.05
0.5 9.05
0.55 9.05
0.6 9.05
0.65 9.05
0.75 -0.75
0.8 -0.75
0.8 -0.7
0.8 -0.65
0.8 -0.6
0.8 -0.55
0.8 11.55
0.85 -0.9
0.85 -0.75
0.85 -0.7
0.85 -0.6
0.85 -0.55
0.85 11.55
0.9 -0.8
0.9 -0.6
0.9 11.55
0.95 11.55
1 11.55
1.05 -1.15
1.05 11.55
1.1 11.55
1.15 -0.8
1.15 11.5
1.15 11.55
1.2 -0.85
1.2 -0.8
1.2 -0.75
1.2 -0.7
1.2 11.5
1.2 11.55
1.25 -0.75
1.25 -0.7
1.25 -0.65
1.25 -0.6
1.25 -0.55
1.25 11.5
1.3 -0.6
1.3 -0.55
1.3 -0.5
1.3 -0.45
1.3 -0.4
1.3 -0.35
1.3 2.55
1.3 2.6
1.3 11.5
1.35 -0.4
1.35 -0.35
1.35 -0.3
1.35 -0.25
1.35 -0.2
1.35 2.55
1.35 2.7
1.35 2.75
1.35 2.8
1.4 -0.25
1.4 -0.2
1.4 -0.15
1.4 -0.1
1.4 -0.05
1.4 0
1.4 0.05
1.4 2.55
1.45 0
1.45 0.05
1.45 0.1
1.45 0.15
1.45 0.2
1.45 0.25
1.45 2.5
1.45 2.55
1.5 0.2
1.5 0.25
1.5 0.3
1.5 0.35
1.5 0.4
1.5 0.5
1.5 0.55
1.5 0.6
1.5 0.65
1.5 2.1
1.5 2.15
1.5 2.2
1.5 2.5
1.5 13.25
1.5 13.35
1.55 0.4
1.55 0.45
1.55 0.5
1.55 0.6
1.55 0.65
1.55 0.7
1.55 0.75
1.55 0.8
1.55 0.85
1.55 2.05
1.55 2.1
1.55 2.25
1.55 2.3
1.55 2.35
1.55 2.4
1.55 2.45
1.55 2.5
1.55 13.2
1.55 13.3
1.6 0.85
1.6 0.9
1.6 0.95
1.6 1
1.6 1.05
1.6 1.1
1.6 2.05
1.6 2.1
1.6 2.4
1.6 2.45
1.6 13.1
1.6 13.25
1.6 13.35
1.65 1.1
1.65 1.15
1.65 1.2
1.65 1.25
1.65 2.05
1.65 13.25
1.65 13.3
1.7 1.2
1.7 1.25
1.7 1.3
1.7 1.35
1.7 1.4
1.7 1.45
1.7 1.5
1.7 2.05
1.7 13.25
1.7 13.3
1.75 1.45
1.75 1.55
1.75 1.6
1.75 1.65
1.75 2
1.75 2.05
1.75 13.35
1.75 13.4
1.8 1.65
1.8 1.7
1.8 1.75
1.8 1.8
1.8 2
1.8 13.3
1.85 1.85
1.85 1.9
1.85 1.95
1.85 2
2.15 16.05
2.2 16
2.25 4.35
2.25 4.4
2.25 16.05
2.3 16
2.35 16
2.4 12.6
2.4 12.65
2.4 12.7
2.4 16
2.45 4.8
2.45 5.05
2.45 5.1
2.45 12.6
2.45 16
2.5 4.9
2.5 5.05
2.5 5.2
2.5 12.6
2.5 12.65
2.5 16
2.55 5.05
2.55 12.55
2.55 12.6
2.55 16
2.6 6.05
2.6 12.45
2.6 12.6
2.6 15.95
2.65 6
2.65 6.05
2.65 12.5
2.65 12.55
2.65 15.95
2.7 6
2.7 12.6
2.7 15.9
2.7 15.95
2.75 5.95
2.75 6
2.75 15.95
2.8 5.95
2.8 6
2.8 12.65
2.8 15.95
2.85 5.95
2.85 15.9
2.85 15.95
2.9 5.95
2.9 15.9
2.95 15.85
2.95 15.9
4 11.4
4.05 11.35
4.05 11.4
4.1 11.35
4.15 11.35
4.2 11.3
4.25 11.3
4.55 15.5
4.55 20.7
4.6 15.5
4.6 15.55
4.65 15.45
4.7 15.45
4.7 21.15
4.7 21.25
4.75 15.4
4.75 15.45
4.75 21
4.8 15.4
4.8 15.45
4.8 20.9
4.8 21.1
4.85 15.4
4.85 21
4.85 21.25
4.9 15.4
4.9 20.95
4.9 21.05
4.9 21.15
4.95 15.4
4.95 21
4.95 21.05
5 15.35
5 15.4
5 21.1
5.05 15.35
5.05 20.9
5.05 21
5.05 21.1
5.05 21.2
5.1 15.35
5.1 20.7
5.1 20.95
5.1 21
5.15 15.3
5.2 15.3
5.2 15.35
5.2 20.85
5.2 20.95
5.2 21.05
5.25 15.25
5.25 15.3
5.3 15.25
5.3 15.3
5.35 15.25
5.35 15.3
5.4 15.25
5.45 15.2
5.45 15.25
5.5 15.2
5.5 15.25
5.6 15.15
5.6 15.2
5.65 15.15
5.65 15.2
8.85 31
8.9 31
8.95 30.95
9 30.95
9.05 30.95
9.1 30.95
9.15 30.95
10.35 41.35
10.45 41.4
10.5 41.4
10.55 41.4
10.6 41.35
10.65 41.35
10.7 41.35
10.75 41.3
10.8 41.3
10.85 41.3
10.85 41.35
10.9 41.3
10.95 41.25
10.95 41.3
11 41.25
11.05 41.25
11.1 41.2
11.1 41.25
11.15 41.2
11.2 41.2
11.2 41.25
11.25 41.2
11.3 41.2
11.35 41.15
11.4 41.15
11.45 41.1
11.45 41.15
11.5 41.1
11.55 41.1
11.55 41.15
11.65 41.1
11.7 41.05
11.75 41.05
11.8 41
