-1.9 -1.7
-1.9 -1.65
-1.85 -1.7
-1.8 -1.7
-1.8 -0.7
-1.8 -0.65
-1.8 -0.6
-1.75 -1.75
-1.75 -1.7
-1.75 -0.55
-1.75 -0.5
-1.75 -0.15
-1.7 -0.45
-1.7 -0.4
-1.7 -0.35
-1.7 -0.3
-1.7 -0.25
-1.7 -0.2
-1.7 -0.1
-1.65 -0.75
-1.6 -0.8
-1.6 0
-1.6 0.05
-1.55 0.1
-1.55 0.15
-1.55 0.25
-1.55 0.3
-1.55 0.35
-1.5 0.2
-1.45 0.4
-1.45 0.45
-1.45 0.5
-1.45 0.55
-1.45 0.6
-1.45 0.75
-1.45 0.8
-1.45 0.85
-1.45 0.9
-1.45 0.95
-1.45 1
-1.4 0.65
-1.4 1
-1.4 1.05
-1.35 1.05
-1.3 1.1
-1.3 1.15
-1.25 1.2
-1.25 1.35
-1.25 1.4
-1.2 1.35
-1.2 1.4
-1.2 1.45
-1.2 1.5
-1.2 1.55
-1.2 1.6
-1.15 1.55
-1.15 1.6
-1.15 1.65
-1.15 1.7
-1.15 1.75
-1.15 1.8
-1.15 1.85
-1.1 1.8
-1.1 1.85
-1.1 1.9
-1.1 1.95
-1.1 2
-1.1 2.05
-1.1 2.1
-1.05 2.05
-1.05 2.1
-1.05 2.15
-1.05 2.2
-1.05 2.25
-1.05 2.3
-1 2.35
-0.95 2.35
-0.9 2.35
-0.85 2.35
-0.85 3.4
-0.85 3.5
-0.85 3.55
-0.85 3.7
-0.8 2.3
-0.8 2.35
-0.8 3.7
-0.8 3.75
-0.8 3.8
-0.75 2.3
-0.75 2.35
-0.75 3.05
-0.75 4
-0.75 4.05
-0.75 4.1
-0.75 6.1
-0.7 2.3
-0.7 2.85
-0.7 4.2
-0.7 4.25
-0.7 6.1
-0.65 2.35
-0.65 2.4
-0.65 2.45
-0.65 2.5
-0.65 4.2
-0.65 6.1
-0.6 6.1
-0.55 6.1
-0.5 6.1
-0.45 6.1
-0.4 6.1
-0.35 6.1
-0.3 6.1
-0.25 8.4
-0.2 8.4
-0.15 8.4
-0.1 8.4
0 8.4
0.05 8.4
0.1 8.4
0.15 8.4
0.2 10.9
0.25 10.9
0.25 10.95
0.3 10.9
0.3 10.95
0.35 10.9
0.35 10.95
0.4 10.9
0.4 10.95
0.45 10.9
0.5 10.9
0.55 10.9
0.6 10.9
0.65 10.9
0.75 12.75
0.8 12.7
0.8 12.75
0.85 12.7
0.85 12.75
0.9 12.65
0.9 12.75
0.95 12.7
0.95 12.75
1 12.7
1 12.75
1 12.8
1.05 12.9
1.2 1.95
1.2 2
1.2 2.05
1.2 2.1
1.2 2.15
1.25 -1.35
1.25 -1.3
1.25 -1.25
1.25 1.95
1.3 -1.3
1.3 -1.25
1.3 -1.2
1.3 -1.15
1.3 -1.1
1.3 -1.05
1.3 1.95
1.3 2.35
1.3 15.45
1.35 -1.1
1.35 -1.05
1.35 -1
1.35 -0.95
1.35 -0.9
1.35 -0.85
1.35 1.95
1.35 15.45
1.4 -0.85
1.4 -0.8
1.4 -0.75
1.4 -0.7
1.4 -0.65
1.4 -0.6
1.4 1.5
1.4 1.55
1.4 1.6
1.4 1.65
1.4 1.7
1.4 1.9
1.4 1.95
1.4 15.45
1.4 15.5
1.45 -0.65
1.45 -0.6
1.45 -0.55
1.45 -0.5
1.45 -0.45
1.45 -0.4
1.45 -0.1
1.45 -0.05
1.45 1.5
1.45 1.55
1.45 1.7
1.45 1.75
1.45 1.8
1.45 1.85
1.45 1.9
1.45 15.45
1.5 -0.4
1.5 -0.35
1.5 -0.3
1.5 -0.25
1.5 -0.2
1.5 -0.15
1.5 -0.1
1.5 -0.05
1.5 0
1.5 0.05
1.5 0.1
1.5 0.15
1.5 0.2
1.5 1.5
1.5 15.45
1.55 0.2
1.55 0.25
1.55 0.3
1.55 0.35
1.55 0.4
1.55 0.45
1.55 0.5
1.55 1.45
1.55 1.5
1.55 15.45
1.6 0.55
1.6 0.6
1.6 0.65
1.6 0.7
1.6 1.45
1.6 1.5
1.6 15.45
1.65 0.6
1.65 0.7
1.65 0.75
1.65 0.8
1.65 0.85
1.65 0.9
1.65 0.95
1.65 1.1
1.65 1.45
1.65 15.45
1.7 0.9
1.7 0.95
1.7 1
1.7 1.05
1.7 1.1
1.7 1.15
1.7 1.2
1.7 1.45
1.7 12.45
1.7 15.4
1.7 15.45
1.75 1.2
1.75 1.25
1.75 1.3
1.75 1.35
1.75 1.4
1.75 1.45
1.75 15.4
1.75 15.45
1.8 3.1
1.8 3.15
1.8 3.2
1.8 12.3
1.8 12.4
1.8 12.45
1.8 15.4
1.85 3.3
1.85 3.35
1.85 12.4
1.85 12.45
1.85 15.4
1.9 3.45
1.9 12.3
1.9 12.4
1.9 15.4
1.95 3.55
1.95 12.35
1.95 12.45
1.95 15.4
2 3.85
2 3.9
2 12.4
2 15.4
2.05 3.75
2.05 3.8
2.05 3.85
2.05 3.9
2.05 4
2.05 4.1
2.05 12.4
2.05 12.5
2.05 15.4
2.1 12.45
2.1 15.35
2.15 15.35
2.15 15.4
2.2 4.45
2.2 4.5
2.25 4.4
2.25 4.45
2.25 5.55
2.3 5.55
2.35 5.5
2.35 5.55
2.4 5.5
2.45 5.5
2.5 5.45
2.5 5.5
2.55 5.45
2.6 5.4
2.6 5.45
2.65 5.4
3.35 10.95
3.4 10.9
3.4 10.95
3.45 10.9
3.5 10.9
3.55 10.85
3.55 10.9
3.6 10.85
3.6 10.9
3.65 10.85
3.65 15.1
3.7 15.05
3.7 15.1
3.7 21.2
3.75 15.05
3.75 15.1
3.8 15.05
3.85 15.05
3.85 21.1
3.9 15
3.9 21.2
3.95 15
4 15
4 21.2
4.05 14.95
4.05 15
4.05 21.05
4.05 21.15
4.1 14.95
4.1 15
4.15 14.95
4.2 14.95
4.25 14.95
4.3 14.9
4.35 14.9
4.35 14.95
4.4 14.9
4.45 14.85
4.45 14.9
4.5 14.85
4.5 14.9
4.55 14.85
5.4 23.05
7 30.85
7.05 30.8
7.1 30.8
7.2 30.75
7.2 30.8
7.2 30.85
7.2 41.45
7.3 30.75
7.3 41.4
7.35 30.75
7.35 41.4
7.4 41.45
7.45 30.7
7.45 41.35
7.45 41.4
7.5 41.4
7.6 41.4
7.65 41.35
7.75 41.35
7.8 41.3
7.8 41.35
7.85 41.35
7.95 41.3
8 41.25
8.1 41.25
8.1 41.3
8.15 41.2
8.15 41.25
8.2 41.25
8.3 41.25
8.35 41.2
8.35 41.25
8.4 41.2
8.45 41.25
8.5 41.2
8.55 41.2
8.65 41.15
8.7 41.1
8.7 41.15
8.75 41.15
8.8 41.15
8.85 41.05
8.85 41.1
8.9 41.1
9 41.1
9.05 41.05
9.1 41.05
9.1 41.1
9.15 41.05
9.2 41
9.2 41.05
9.25 41
9.25 41.05
9.35 41
9.4 40.95
9.45 40.95
9.45 41
