-1.65 -1.05
-1.65 5.2
-1.65 5.25
-1.6 -1.25
-1.6 -1.2
-1.6 -1.15
-1.6 -1.1
-1.6 -1.05
-1.6 -0.7
-1.6 5.25
-1.55 -1.3
-1.55 -1.25
-1.55 -0.9
-1.55 -0.85
-1.55 -0.8
-1.55 -0.7
-1.55 -0.6
-1.55 -0.5
-1.55 -0.45
-1.55 -0.4
-1.55 -0.35
-1.55 5.25
-1.5 -0.5
-1.5 -0.25
-1.5 -0.2
-1.5 -0.15
-1.5 -0.1
-1.5 0
-1.5 0.05
-1.5 5.25
-1.5 5.3
-1.45 -0.05
-1.45 0.1
-1.45 0.15
-1.45 5.3
-1.45 7.55
-1.45 7.6
-1.4 0.2
-1.4 0.35
-1.4 0.4
-1.4 0.45
-1.4 2.8
-1.4 5.3
-1.4 7.6
-1.4 10.15
-1.35 0.25
-1.35 0.3
-1.35 0.5
-1.35 0.55
-1.35 0.6
-1.35 0.65
-1.35 0.7
-1.35 0.75
-1.35 0.8
-1.35 0.85
-1.35 0.9
-1.35 0.95
-1.35 1
-1.35 1.1
-1.35 1.15
-1.35 2.75
-1.35 2.8
-1.35 2.85
-1.35 5.3
-1.35 7.6
-1.35 10.15
-1.3 1
-1.3 1.15
-1.3 1.2
-1.3 1.25
-1.3 1.3
-1.3 1.35
-1.3 1.4
-1.3 1.45
-1.3 1.5
-1.3 2.55
-1.3 2.6
-1.3 2.85
-1.3 2.9
-1.3 2.95
-1.3 3.05
-1.3 3.1
-1.3 3.15
-1.3 3.2
-1.3 3.45
-1.3 5.3
-1.3 7.6
-1.3 7.65
-1.3 10.15
-1.3 10.2
-1.25 1.5
-1.25 2.2
-1.25 2.25
-1.25 2.3
-1.25 2.35
-1.25 2.4
-1.25 2.45
-1.25 2.5
-1.25 2.9
-1.25 2.95
-1.25 3
-1.25 3.15
-1.25 3.25
-1.25 3.35
-1.25 3.4
-1.25 3.45
-1.25 5.3
-1.25 7.6
-1.25 7.65
-1.25 10.15
-1.2 1.5
-1.2 1.55
-1.2 3.4
-1.2 5.3
-1.2 7.65
-1.2 10.2
-1.15 1.5
-1.15 1.55
-1.15 5.3
-1.15 5.35
-1.15 7.65
-1.15 10.15
-1.15 10.2
-1.15 12
-1.1 1.5
-1.1 7.65
-1.1 10.15
-1.1 10.2
-1.1 12
-1.1 12.05
-1.05 1.5
-1.05 7.65
-1.05 10.2
-1.05 12
-1.05 14.8
-1 1.5
-1 10.2
-1 12.05
-1 12.1
-1 14.8
-0.95 1.5
-0.95 1.55
-0.95 1.6
-0.95 1.65
-0.95 1.7
-0.95 1.75
-0.95 10.2
-0.95 12
-0.95 12.05
-0.95 14.8
-0.9 1.65
-0.9 10.2
-0.9 12
-0.9 12.05
-0.9 12.1
-0.9 14.8
-0.85 12.05
-0.85 12.1
-0.85 14.8
-0.85 14.85
-0.8 12.1
-0.8 14.8
-0.8 14.85
-0.75 14.8
-0.75 14.85
-0.7 14.8
-0.7 14.85
-0.65 14.85
-0.6 14.85
-0.55 14.85
-0.5 14.85
-0.45 14.85
-0.45 14.9
-0.45 15.3
-0.4 14.85
-0.4 15.25
-0.4 15.4
-0.35 14.85
-0.35 15.3
-0.35 15.4
-0.3 15.25
-0.3 15.4
-0.25 14.85
-0.25 15.25
-0.25 15.4
-0.2 14.85
-0.2 15.3
-0.2 15.4
-0.15 14.85
-0.15 15.25
-0.15 15.4
-0.1 14.85
-0.1 15.25
-0.1 15.4
0 14.85
0 15.25
0 15.4
0.05 12.45
0.05 12.55
0.05 14.85
0.1 12.5
0.1 12.65
0.15 12.45
0.15 12.55
0.2 12.5
0.2 12.65
0.25 12.45
0.25 12.55
0.3 12.5
0.3 12.65
0.35 12.25
0.35 12.4
0.35 12.6
0.4 12.65
0.45 12.6
0.45 12.65
0.6 14.95
0.7 14.95
0.9 1.45
0.95 1.4
0.95 1.45
0.95 1.5
0.95 1.55
0.95 1.6
0.95 1.65
1 1.4
1 1.45
1.05 1.4
1.05 1.45
1.1 1.4
1.15 1.4
1.2 1
1.2 1.05
1.2 1.1
1.2 1.15
1.2 1.2
1.2 1.25
1.2 1.3
1.2 1.35
1.2 1.4
1.25 1
1.25 1.3
1.25 1.35
1.25 1.4
1.3 1
1.35 1
1.35 2.3
1.35 2.35
1.35 2.4
1.35 2.45
1.35 2.5
1.35 2.55
1.4 1
1.4 2.45
1.4 2.5
1.4 2.55
1.4 2.6
1.4 2.65
1.4 2.7
1.4 2.75
1.4 2.8
1.4 2.85
1.4 2.9
1.4 2.95
1.45 1
1.5 -1.6
1.5 -1.55
1.5 -1.5
1.5 -1.45
1.5 -1.4
1.5 -1.35
1.5 -1.3
1.5 -1.25
1.5 -1.2
1.5 -1.15
1.5 -1.1
1.5 -1.05
1.5 -1
1.5 -0.6
1.5 -0.55
1.5 -0.5
1.5 -0.45
1.5 -0.4
1.5 -0.35
1.5 -0.3
1.5 -0.25
1.5 -0.2
1.5 -0.15
1.5 -0.1
1.5 -0.05
1.5 0
1.5 0.05
1.5 0.95
1.5 1
1.5 3.45
1.5 3.7
1.5 5.1
1.5 5.15
1.5 14.75
1.55 -1.3
1.55 -1.25
1.55 -1.2
1.55 -1.15
1.55 -1.1
1.55 -1.05
1.55 -1
1.55 -0.95
1.55 -0.9
1.55 -0.85
1.55 -0.8
1.55 -0.75
1.55 -0.7
1.55 -0.65
1.55 -0.35
1.55 -0.3
1.55 -0.25
1.55 -0.2
1.55 -0.15
1.55 -0.1
1.55 0.05
1.55 0.1
1.55 0.15
1.55 0.2
1.55 0.25
1.55 0.3
1.55 0.35
1.55 0.4
1.55 0.45
1.55 0.5
1.55 0.6
1.55 0.65
1.55 0.7
1.55 0.75
1.55 0.8
1.55 0.95
1.55 1
1.55 3.4
1.55 3.65
1.55 5.1
1.55 14.75
1.6 0.2
1.6 0.25
1.6 0.3
1.6 0.35
1.6 0.4
1.6 0.5
1.6 0.55
1.6 0.7
1.6 0.75
1.6 0.8
1.6 0.85
1.6 0.9
1.6 0.95
1.6 3.4
1.6 4.1
1.6 4.2
1.6 5.1
1.6 14.75
1.65 4.05
1.65 5.1
1.65 14.75
1.65 30.9
1.7 5.1
1.7 14.75
1.75 5.1
1.75 14.7
1.75 14.75
1.8 5.05
1.8 5.1
1.8 10.6
1.8 14.7
1.8 14.75
1.8 41.35
1.85 5.05
1.85 10.6
1.85 14.7
1.85 14.75
1.85 41.35
1.9 5.05
1.9 10.6
1.9 14.7
1.9 14.75
1.9 30.85
1.95 10.55
1.95 10.6
1.95 14.7
1.95 41.3
2 10.55
2 10.6
2 14.7
2.05 10.55
2.05 10.6
2.05 14.7
2.05 41.3
2.05 41.35
2.1 10.55
2.1 10.6
2.1 14.7
2.1 41.3
2.15 10.6
2.15 14.7
2.15 41.35
2.2 14.7
2.25 14.7
2.25 22.85
2.25 41.3
2.3 14.7
2.3 22.95
2.35 14.65
2.35 14.7
2.35 22.85
2.35 41.3
2.4 14.65
2.4 14.7
2.4 22.8
2.4 41.3
2.4 41.35
2.45 14.65
2.45 30.8
2.45 41.25
2.5 14.65
2.5 41.3
2.55 14.65
2.55 30.8
2.6 41.3
2.65 30.8
2.65 41.3
2.7 41.25
2.7 41.3
2.75 30.8
2.75 30.85
2.75 41.3
2.8 30.85
2.8 41.25
2.8 41.3
2.85 30.8
2.85 41.25
2.85 41.3
2.9 30.8
2.9 41.3
2.95 30.8
2.95 41.25
2.95 41.3
3 30.75
3 30.8
3.05 41.25
3.1 30.75
3.1 41.25
3.15 30.75
3.15 41.3
3.2 41.25
3.25 41.3
3.3 41.3
3.35 41.25
3.4 41.25
3.5 41.25
3.6 41.25
3.65 41.25
