-2.4 3.7
-2.35 3.7
-2.35 3.75
-2.3 3.75
-2.3 3.8
-2.25 3.75
-2.25 3.8
-2.2 3.75
-2.2 3.8
-2.15 3.75
-2.15 3.8
-2.1 3.8
-2.05 3.8
-2.05 3.85
-2 0
-2 0.05
-2 3.8
-1.95 0.1
-1.95 0.15
-1.95 0.2
-1.95 0.25
-1.95 3.8
-1.85 3.7
-1.85 3.75
-1.8 3.7
-1.8 3.75
-1.65 3.55
-1.65 10.2
-1.6 3.5
-1.6 3.55
-1.6 5.8
-1.6 5.85
-1.6 10.25
-1.55 3.5
-1.55 3.55
-1.55 5.8
-1.55 5.85
-1.55 10.25
-1.5 2.45
-1.5 3.5
-1.5 3.55
-1.5 5.85
-1.5 10.25
-1.45 1.7
-1.45 1.8
-1.45 1.85
-1.45 3.5
-1.45 3.55
-1.45 5.85
-1.45 10.25
-1.4 -1.35
-1.4 -1.3
-1.4 -1.25
-1.4 -1.2
-1.4 -1.15
-1.4 -1.1
-1.4 -1.05
-1.4 -1
-1.4 -0.95
-1.4 -0.9
-1.4 -0.85
-1.4 -0.8
-1.4 -0.75
-1.4 -0.7
-1.4 -0.65
-1.4 -0.6
-1.4 -0.55
-1.4 -0.5
-1.4 0.8
-1.4 0.85
-1.4 0.9
-1.4 0.95
-1.4 1
-1.4 1.05
-1.4 1.1
-1.4 1.15
-1.4 1.7
-1.4 1.75
-1.4 1.8
-1.4 1.85
-1.4 1.9
-1.4 1.95
-1.4 2
-1.4 2.05
-1.4 2.1
-1.4 3.5
-1.4 3.55
-1.4 5.85
-1.4 5.9
-1.4 8.4
-1.4 10.25
-1.35 -0.45
-1.35 0.4
-1.35 0.45
-1.35 0.5
-1.35 0.55
-1.35 0.6
-1.35 0.65
-1.35 0.7
-1.35 0.75
-1.35 1.15
-1.35 1.2
-1.35 1.25
-1.35 1.3
-1.35 1.35
-1.35 1.4
-1.35 1.45
-1.35 1.5
-1.35 1.55
-1.35 1.6
-1.35 2
-1.35 2.05
-1.35 2.1
-1.35 2.15
-1.35 2.2
-1.35 3.55
-1.35 5.85
-1.35 8.4
-1.35 10.3
-1.3 0.3
-1.3 0.35
-1.3 3.55
-1.3 5.85
-1.3 5.9
-1.3 8.45
-1.3 10.3
-1.25 5.9
-1.25 6.15
-1.25 8.45
-1.25 10.3
-1.2 5.9
-1.2 5.95
-1.2 8.45
-1.2 10.3
-1.15 8.45
-1.15 10.3
-1.15 13.05
-1.1 8.45
-1.1 10.3
-1.1 10.35
-1.1 13.05
-1.05 10.3
-1.05 13.05
-1.05 13.1
-1 -0.25
-1 -0.2
-1 -0.15
-1 -0.1
-1 -0.05
-1 10.35
-1 10.4
-1 13.05
-1 13.1
-0.95 13.05
-0.95 13.1
-0.9 13.1
-0.85 13.05
-0.85 13.1
-0.8 13.05
-0.8 13.1
-0.75 13.05
-0.75 13.1
-0.7 13.1
-0.65 13.1
-0.6 13.05
-0.6 13.1
-0.55 13.1
-0.55 13.5
-0.5 13.55
-0.5 13.8
-0.5 14.35
-0.45 14.35
-0.45 14.45
-0.4 14.35
-0.35 14.35
-0.35 14.4
-0.35 14.45
-0.3 14.35
-0.3 14.45
-0.25 14.35
-0.25 14.4
-0.2 14.35
-0.2 14.45
-0.2 25.3
-0.15 25.35
-0.1 25.3
-0.1 25.35
0 25.3
0 25.35
0.05 25.3
0.05 25.35
0.1 25.35
0.15 25.35
0.2 25.35
0.25 25.3
0.25 25.35
0.3 25.35
0.35 25.35
0.4 25.35
0.45 25.35
0.5 25.3
0.5 25.35
0.55 14.6
0.55 14.8
0.55 25.35
0.6 14.45
0.6 14.75
0.6 14.8
0.6 25.3
0.6 25.35
0.65 14.75
0.65 25.3
0.65 25.35
0.7 14.6
0.7 14.75
0.7 25.3
0.7 25.35
0.75 14.7
0.75 14.8
0.75 25.35
0.8 -0.35
0.8 -0.3
0.8 -0.25
0.8 -0.2
0.8 -0.15
0.8 -0.1
0.8 14.55
0.8 14.6
0.8 14.75
0.8 25.3
0.8 25.35
0.85 -0.2
0.85 -0.15
0.85 -0.1
0.85 14.7
0.85 14.75
0.85 25.3
0.85 25.35
0.9 -0.15
0.9 -0.1
0.9 14.7
0.9 14.75
0.9 25.25
0.9 25.3
0.95 -0.15
0.95 14.55
0.95 14.6
0.95 14.7
1 14.75
1.05 14.55
1.05 14.6
1.1 -0.8
1.1 -0.75
1.1 -0.7
1.1 -0.65
1.1 -0.6
1.1 -0.55
1.1 -0.5
1.1 14.65
1.15 14.5
1.15 14.65
1.2 0.05
1.2 14.55
1.2 14.6
1.25 -0.15
1.25 0
1.25 0.05
1.25 0.1
1.25 0.15
1.25 0.2
1.25 0.25
1.25 0.3
1.25 0.35
1.25 0.4
1.25 0.45
1.25 0.5
1.25 0.55
1.25 0.6
1.25 0.65
1.25 0.7
1.25 0.75
1.25 0.8
1.25 0.85
1.25 0.9
1.25 0.95
1.25 14.6
1.25 14.65
1.3 0
1.3 0.6
1.3 0.7
1.3 0.75
1.3 0.8
1.3 0.85
1.3 0.9
1.3 0.95
1.3 1
1.3 1.05
1.3 1.1
1.3 1.15
1.3 1.2
1.3 13
1.3 13.05
1.3 14.55
1.35 1.2
1.35 1.65
1.35 1.7
1.35 1.75
1.35 1.8
1.35 1.85
1.35 1.9
1.35 1.95
1.35 2
1.35 2.05
1.35 13
1.35 13.05
1.35 14.6
1.4 -1.25
1.4 1.65
1.4 1.7
1.4 1.75
1.4 1.85
1.4 1.9
1.4 1.95
1.4 2
1.4 2.05
1.4 2.1
1.4 2.15
1.4 2.2
1.4 13
1.4 14.5
1.4 14.65
1.45 -1.5
1.45 -1.4
1.45 -1.35
1.45 -1.25
1.45 -1.2
1.45 -1.15
1.45 -1.1
1.45 1.3
1.45 1.35
1.45 1.4
1.45 1.65
1.45 2.25
1.45 3.35
1.45 3.4
1.45 3.45
1.45 3.75
1.45 3.85
1.45 4.45
1.45 4.55
1.45 13
1.45 14.5
1.5 1.35
1.5 1.4
1.5 1.45
1.5 1.5
1.5 1.55
1.5 1.6
1.5 1.65
1.5 2.3
1.5 3.35
1.5 3.65
1.5 3.8
1.5 4
1.5 4.15
1.5 4.2
1.5 4.45
1.5 4.5
1.5 4.7
1.5 4.75
1.5 4.8
1.5 4.9
1.5 5.1
1.5 13
1.55 -0.05
1.55 3.35
1.55 4.05
1.55 4.2
1.55 13
1.6 3.35
1.6 13
1.65 3.35
1.65 8.85
1.65 13
1.7 3.35
1.7 8.85
1.7 13
1.75 -0.15
1.75 -0.1
1.75 3.35
1.75 8.85
1.75 12.95
1.8 -0.15
1.8 -0.1
1.8 3.35
1.8 8.85
1.8 12.95
1.8 13
1.85 3.35
1.85 8.85
1.85 13
1.9 3.35
1.9 8.8
1.9 8.85
1.9 13
1.95 3.35
1.95 8.8
1.95 8.85
1.95 12.95
1.95 13
2 3.35
2 8.8
2 8.85
2 12.95
2 13
2.05 3.4
2.05 12.95
2.05 13
2.1 3.4
2.1 12.95
2.1 13
2.15 3.4
2.15 3.45
2.15 12.95
2.2 3.4
2.2 3.45
2.2 12.95
2.25 3.4
2.25 3.45
2.25 12.95
2.3 3.4
2.3 12.9
2.3 12.95
2.35 3.35
2.35 3.4
2.35 12.9
2.35 12.95
2.4 12.9
