-2.7 3.1
-2.65 3
-2.65 3.1
-2.65 3.15
-2.6 3.15
-2.55 3.15
-2.5 3.15
-2.45 3.05
-2.45 3.1
-2.4 3.05
-2.4 3.1
-2.35 3.1
-2.35 3.15
-2.3 3.15
-2.25 3.15
-2.2 3.15
-2.15 3.15
-2.1 3.15
-2.05 3.15
-2 3.15
-1.95 3.15
-1.85 -0.7
-1.85 -0.65
-1.8 3
-1.8 3.05
-1.75 3.05
-1.65 2.9
-1.6 -0.7
-1.6 2.85
-1.6 5.15
-1.55 -0.7
-1.55 2.85
-1.55 5.15
-1.55 9.5
-1.5 -0.7
-1.5 2.85
-1.5 5.15
-1.5 5.2
-1.5 9.5
-1.5 9.55
-1.45 -0.75
-1.45 -0.7
-1.45 0.1
-1.45 0.15
-1.45 1
-1.45 1.05
-1.45 1.75
-1.45 2.85
-1.45 5.2
-1.45 9.55
-1.4 -0.75
-1.4 0.25
-1.4 0.3
-1.4 0.35
-1.4 0.4
-1.4 1.1
-1.4 1.15
-1.4 1.2
-1.4 1.75
-1.4 2.85
-1.4 5.2
-1.4 9.5
-1.4 9.55
-1.35 -0.8
-1.35 -0.75
-1.35 0.05
-1.35 0.2
-1.35 0.45
-1.35 0.5
-1.35 0.55
-1.35 0.6
-1.35 0.65
-1.35 0.7
-1.35 0.75
-1.35 0.8
-1.35 0.85
-1.35 0.9
-1.35 1.2
-1.35 1.25
-1.35 1.3
-1.35 1.35
-1.35 1.4
-1.35 1.45
-1.35 1.5
-1.35 1.55
-1.35 1.6
-1.35 1.65
-1.35 2.85
-1.35 5.2
-1.35 9.55
-1.3 -0.8
-1.3 -0.4
-1.3 -0.35
-1.3 -0.3
-1.3 -0.25
-1.3 -0.2
-1.3 -0.15
-1.3 -0.1
-1.3 -0.05
-1.3 0
-1.3 2.85
-1.3 2.9
-1.3 5.2
-1.25 2.85
-1.25 2.9
-1.25 5.2
-1.25 9.55
-1.25 9.6
-1.2 -0.75
-1.2 5.2
-1.2 7.85
-1.2 9.55
-1.15 -0.75
-1.15 5.2
-1.15 5.25
-1.15 9.6
-1.1 -0.75
-1.1 9.55
-1.1 9.6
-1.05 -1.05
-1.05 -0.75
-1.05 7.75
-1.05 9.6
-1 -0.95
-1 -0.9
-1 -0.85
-1 -0.8
-1 -0.75
-1 9.6
-1 12.4
-0.95 9.6
-0.95 9.65
-0.95 12.4
-0.9 9.6
-0.9 9.65
-0.9 12.4
-0.85 9.7
-0.85 9.75
-0.85 12.4
-0.8 12.4
-0.75 12.4
-0.7 12.4
-0.65 12.4
-0.6 12.4
-0.55 12.4
-0.5 12.4
-0.45 12.4
-0.4 12.4
-0.4 12.45
-0.35 12.8
-0.35 12.85
-0.3 13.75
-0.25 13.7
-0.25 13.75
-0.2 13.75
-0.15 13.75
-0.1 13.35
-0.1 13.5
-0.1 13.55
0 13.75
0.15 24.55
0.15 24.6
0.15 24.65
0.2 24.6
0.2 24.65
0.25 24.65
0.3 24.6
0.3 24.65
0.35 24.65
0.4 24.65
0.45 24.65
0.5 24.6
0.5 24.65
0.55 24.6
0.55 24.65
0.6 24.65
0.6 24.7
0.65 24.65
0.7 24.65
0.75 14.4
0.75 24.65
0.8 -0.9
0.8 -0.85
0.8 -0.8
0.85 -0.85
0.85 -0.8
0.85 14.35
0.85 14.4
0.85 24.65
0.9 -0.85
0.9 -0.8
0.9 24.6
0.9 24.65
0.95 -0.85
0.95 -0.8
0.95 14.35
0.95 24.65
1 14.3
1 14.4
1.05 24.65
1.1 14.35
1.1 24.6
1.1 24.65
1.15 14.25
1.15 24.6
1.2 -0.85
1.2 -0.75
1.2 -0.7
1.2 -0.65
1.2 -0.6
1.2 14.35
1.25 -0.85
1.25 -0.8
1.25 -0.75
1.25 -0.7
1.25 -0.65
1.25 -0.6
1.25 -0.55
1.25 -0.5
1.25 -0.45
1.25 -0.4
1.25 -0.35
1.25 -0.3
1.25 -0.25
1.25 -0.2
1.25 -0.15
1.25 -0.1
1.25 -0.05
1.25 0
1.25 0.05
1.25 0.1
1.25 0.15
1.25 14.3
1.25 14.35
1.25 38.9
1.3 -0.85
1.3 -0.15
1.3 -0.1
1.3 0
1.3 0.05
1.3 0.1
1.3 0.15
1.3 0.2
1.3 0.25
1.3 0.3
1.3 0.35
1.3 0.4
1.3 0.45
1.3 14.2
1.3 14.25
1.3 14.35
1.3 38.9
1.3 38.95
1.35 14.15
1.35 14.2
1.35 23.65
1.35 23.7
1.4 0.95
1.4 1
1.4 1.05
1.4 1.1
1.4 1.15
1.4 1.2
1.4 1.25
1.4 1.3
1.4 1.35
1.4 1.4
1.4 1.45
1.4 14.2
1.4 14.35
1.4 23.7
1.45 0.5
1.45 0.55
1.45 0.6
1.45 0.65
1.45 0.95
1.45 2.65
1.45 2.7
1.45 2.75
1.45 2.8
1.45 12.3
1.45 12.35
1.45 14.15
1.45 14.25
1.5 0.6
1.5 0.65
1.5 0.7
1.5 0.75
1.5 0.8
1.5 0.85
1.5 0.9
1.5 0.95
1.5 1.55
1.5 2.65
1.5 2.7
1.5 2.75
1.5 2.85
1.5 2.9
1.5 3
1.5 3.05
1.5 12.3
1.5 14.1
1.5 14.15
1.55 0.9
1.55 0.95
1.55 1.6
1.55 2.65
1.55 3.1
1.55 3.2
1.55 3.25
1.55 3.45
1.55 3.5
1.55 3.55
1.55 3.8
1.55 3.85
1.55 3.9
1.55 4
1.55 4.05
1.55 4.65
1.55 12.3
1.55 13.95
1.55 14.2
1.55 14.35
1.55 23.65
1.6 2.65
1.6 3.35
1.6 3.4
1.6 3.45
1.6 3.5
1.6 3.65
1.6 4.2
1.6 4.35
1.6 4.45
1.6 4.5
1.6 4.6
1.6 4.65
1.6 4.7
1.6 11.65
1.6 12.25
1.6 12.3
1.6 14.15
1.6 23.65
1.6 23.7
1.6 38.9
1.6 38.95
1.65 2.65
1.65 11.4
1.65 12.25
1.65 12.3
1.65 14.1
1.65 14.3
1.65 38.9
1.7 2.65
1.7 11.55
1.7 11.65
1.75 2.65
1.75 8.15
1.75 11.45
1.75 12.25
1.75 23.65
1.8 2.6
1.8 2.65
1.8 8.15
1.8 9.3
1.8 9.35
1.8 9.5
1.8 11.55
1.8 11.65
1.8 23.65
1.85 2.65
1.85 8.15
1.85 9.3
1.85 9.9
1.85 10.15
1.85 11.35
1.85 11.4
1.85 12.25
1.85 23.7
1.9 2.65
1.9 8.1
1.9 8.15
1.9 9.25
1.9 9.3
1.9 10.55
1.9 11.35
1.9 11.5
1.9 11.55
1.9 11.6
1.95 2.65
1.95 8.1
1.95 9.25
1.95 9.3
1.95 11.4
1.95 12.2
1.95 12.25
1.95 23.6
1.95 23.65
1.95 38.9
2 2.6
2 2.65
2 8.1
2 11.35
2 11.5
2 23.6
2 23.65
2 38.85
2.05 2.65
2.05 8.1
2.05 11.6
2.05 12.2
2.05 23.65
2.1 8.1
2.1 8.15
2.1 12.25
2.15 2.7
2.15 8.1
2.15 8.15
2.15 12.2
2.2 2.7
2.2 2.75
2.2 8.1
2.2 12.25
2.25 2.7
2.25 2.75
2.25 12.15
2.3 2.7
2.3 12.2
2.35 2.7
2.4 2.7
2.4 12.2
2.45 2.7
2.5 2.7
2.55 2.7
2.6 2.7
2.65 2.65
2.65 2.7
2.7 2.65
2.7 2.7
2.75 2.65
2.75 2.7
2.8 2.65
2.8 2.7
2.85 2.65
2.85 2.7
2.9 2.6
