-3.7 2.65
-3.65 2.5
-3.65 2.55
-3.65 2.65
-3.65 2.7
-3.6 2.7
-3.55 2.7
-3.5 2.7
-3.45 2.7
-3.4 2.7
-3.35 2.7
-3.3 2.7
-3.25 2.7
-3.2 2.7
-3.15 2.7
-3.1 2.7
-3.05 2.7
-3 2.7
-2.9 2.65
-2.9 2.7
-2.8 2.65
-2.75 2.65
-2.65 2.6
-2.65 2.65
-2.6 2.65
-2.55 2.65
-2.5 2.65
-2.45 2.65
-2.4 2.6
-2.35 2.6
-2.35 2.65
-2.3 2.65
-2.25 2.65
-2.2 2.65
-2.15 2.65
-2.1 2.65
-2.05 2.65
-2 2.65
-1.95 0.45
-1.95 0.5
-1.95 0.55
-1.95 2.65
-1.9 0.6
-1.9 2.65
-1.75 2.5
-1.7 0.4
-1.7 2.5
-1.6 2.35
-1.6 2.4
-1.55 -1.25
-1.55 -1.2
-1.55 2.35
-1.55 4.55
-1.55 4.65
-1.5 -1.25
-1.5 2.35
-1.5 4.65
-1.45 -1.25
-1.45 2.35
-1.45 4.65
-1.45 4.7
-1.4 -1.25
-1.4 -0.45
-1.4 -0.4
-1.4 -0.25
-1.4 -0.2
-1.4 0.55
-1.4 2.35
-1.4 4.65
-1.4 4.7
-1.35 -1.25
-1.35 -0.85
-1.35 -0.7
-1.35 -0.65
-1.35 -0.6
-1.35 -0.55
-1.35 -0.5
-1.35 -0.35
-1.35 -0.3
-1.35 -0.15
-1.35 -0.1
-1.35 -0.05
-1.35 0
-1.35 0.05
-1.35 0.1
-1.35 0.15
-1.35 0.2
-1.35 0.25
-1.35 0.3
-1.35 0.35
-1.35 0.6
-1.35 0.65
-1.35 0.7
-1.35 0.75
-1.35 0.8
-1.35 0.85
-1.35 0.9
-1.35 0.95
-1.35 1
-1.35 1.05
-1.35 1.1
-1.35 2.35
-1.35 4.7
-1.3 -1.25
-1.3 -0.9
-1.3 -0.85
-1.3 -0.75
-1.3 -0.7
-1.3 1.1
-1.3 2.3
-1.3 2.35
-1.3 4.7
-1.25 -1.25
-1.25 2.3
-1.25 2.35
-1.25 4.7
-1.2 2.35
-1.2 4.65
-1.2 4.7
-1.2 7.4
-1.15 4.7
-1.15 7.2
-1.15 7.25
-1.1 4.7
-1.1 7.25
-1.1 7.4
-1.05 4.7
-1.05 4.75
-1.05 7.25
-1.05 7.4
-1.05 9.05
-1 7.25
-1 7.4
-1 9
-0.95 7.25
-0.95 9.05
-0.95 9.1
-0.9 7.25
-0.9 7.4
-0.9 9.05
-0.9 9.1
-0.85 9
-0.85 9.1
-0.8 9.05
-0.8 9.1
-0.8 11.85
-0.75 9
-0.75 9.05
-0.75 9.1
-0.75 11.85
-0.7 9.1
-0.7 9.15
-0.7 11.85
-0.65 9.25
-0.65 11.85
-0.6 11.85
-0.55 11.85
-0.5 11.85
-0.45 11.85
-0.4 11.85
-0.35 11.85
-0.3 11.85
-0.25 11.85
-0.2 11.85
-0.15 11.85
-0.15 11.9
-0.15 12.2
-0.1 12.4
-0.1 12.45
0 13.2
0.05 13.1
0.05 13.15
0.1 12.8
0.1 13.15
0.1 13.2
0.15 13.15
0.15 13.2
0.2 12.8
0.2 12.85
0.2 13.2
0.25 13.15
0.25 13.2
0.6 24.1
0.65 24.1
0.7 24.1
0.75 24.05
0.75 24.1
0.8 24.1
0.85 24.05
0.85 24.1
0.9 24.1
0.95 24.1
1 24.1
1.05 14.1
1.05 14.15
1.05 24.1
1.1 14.1
1.1 24.1
1.15 14.1
1.15 14.15
1.15 24.05
1.2 -1.3
1.2 -1.25
1.2 -1.2
1.2 -1.15
1.2 -1.1
1.2 -1.05
1.2 -1
1.2 -0.95
1.2 -0.9
1.2 13.95
1.2 14.1
1.2 24.05
1.2 24.1
1.25 -1.05
1.25 -1
1.25 -0.95
1.25 -0.9
1.25 -0.85
1.25 -0.8
1.25 -0.75
1.25 -0.7
1.25 -0.65
1.25 -0.6
1.25 -0.55
1.25 -0.5
1.25 -0.45
1.25 -0.4
1.25 -0.35
1.25 14.15
1.3 -0.55
1.3 -0.45
1.3 -0.4
1.3 -0.35
1.3 -0.3
1.3 -0.25
1.3 -0.2
1.3 -0.15
1.3 13.95
1.3 14.1
1.35 14.1
1.4 0.4
1.4 0.45
1.4 0.5
1.4 0.55
1.4 0.6
1.4 0.65
1.4 0.7
1.4 0.75
1.4 0.8
1.4 0.85
1.4 0.9
1.4 14.15
1.4 24.05
1.45 -0.15
1.45 -0.1
1.45 -0.05
1.45 0
1.45 0.05
1.45 0.1
1.45 0.75
1.45 0.8
1.45 0.85
1.45 0.9
1.45 14.15
1.5 -0.15
1.5 0.05
1.5 0.1
1.5 0.15
1.5 0.2
1.5 0.25
1.5 0.3
1.5 0.35
1.5 2.1
1.5 2.15
1.5 2.2
1.5 2.25
1.5 2.3
1.5 2.35
1.5 2.4
1.5 14.1
1.55 0.3
1.55 0.35
1.55 2.05
1.55 2.1
1.55 2.2
1.55 2.3
1.55 2.45
1.55 2.5
1.55 2.55
1.55 2.6
1.55 2.65
1.55 2.7
1.55 13.9
1.55 14.15
1.6 2.05
1.6 2.1
1.6 2.85
1.6 2.9
1.6 2.95
1.6 3.2
1.6 3.25
1.6 3.3
1.6 3.35
1.6 14.05
1.6 14.1
1.6 19.9
1.6 24.05
1.65 2.05
1.65 2.1
1.65 3.1
1.65 3.15
1.65 3.2
1.65 3.25
1.65 3.3
1.65 3.45
1.65 3.5
1.65 3.55
1.65 3.6
1.65 3.65
1.65 3.7
1.65 3.75
1.65 3.85
1.65 3.9
1.65 4.1
1.65 4.15
1.65 4.2
1.65 13.85
1.65 14.15
1.65 24
1.65 24.05
1.7 2.05
1.7 3.95
1.7 4.35
1.7 11.7
1.7 11.75
1.75 2.05
1.75 11.7
1.75 11.75
1.75 19.9
1.8 2.05
1.8 11.1
1.8 11.15
1.8 11.7
1.8 13.9
1.8 23.1
1.85 2.05
1.85 10.75
1.85 10.85
1.85 10.9
1.85 11.15
1.85 11.7
1.9 2.05
1.9 7.55
1.9 7.6
1.9 10.8
1.9 10.9
1.9 10.95
1.9 11.6
1.9 13.8
1.9 13.85
1.95 2.05
1.95 7.55
1.95 7.6
1.95 8.75
1.95 10.8
1.95 10.85
1.95 11.05
1.95 11.65
1.95 19.85
2 2.05
2 7.55
2 8.75
2 10.75
2 10.9
2 11.05
2 23.05
2 38.3
2 38.35
2.05 2.05
2.05 7.55
2.05 8.7
2.05 9.45
2.05 9.5
2.05 9.65
2.05 9.9
2.05 9.95
2.05 10.75
2.05 10.8
2.05 38.35
2.1 2.05
2.1 7.55
2.1 8.65
2.1 8.7
2.1 10
2.1 10.85
2.1 10.9
2.1 11
2.1 19.85
2.1 38.3
2.1 38.35
2.15 2.1
2.15 7.55
2.15 10.75
2.15 10.9
2.15 38.35
2.2 7.5
2.2 7.55
2.2 10.85
2.2 11
2.2 23.05
2.2 38.3
2.25 2.15
2.25 7.5
2.25 7.55
2.25 19.85
2.3 2.1
2.3 2.15
2.3 7.5
2.3 7.55
2.35 2.1
2.35 2.15
2.35 7.5
2.35 7.55
2.35 19.85
2.35 38.3
2.35 38.35
2.4 2.1
2.4 2.15
2.4 19.8
2.4 23.05
2.4 38.3
2.4 38.35
2.45 2.1
2.45 2.15
2.45 19.8
2.45 19.85
2.45 38.3
2.45 38.35
2.5 2.1
2.5 19.8
2.5 38.3
2.55 2.1
2.55 19.8
2.6 2.1
2.6 19.8
2.65 2.1
2.65 19.75
2.65 19.8
2.65 38.3
2.7 2.1
2.7 19.75
2.7 19.8
2.7 38.25
2.7 38.3
2.75 2.1
2.75 38.3
2.8 2.1
2.8 19.75
2.8 19.8
2.8 38.3
2.85 2.05
2.85 2.1
2.85 38.25
2.9 2.05
2.9 2.1
2.95 1.95
2.95 2
2.95 2.05
3 1.95
3 2
3.05 1.95
3.1 1.95
3.15 1.95
3.2 1.95
3.25 1.95
3.3 1.95
3.35 1.95
3.4 1.95
3.45 1.9
3.45 1.95
3.5 1.9
3.6 1.9
3.7 1.9
3.75 1.9
3.8 1.9
3.85 1.85
3.85 1.9
3.9 1.9
3.95 1.9
4 1.8
4 1.85
4.05 1.8
4.05 1.85
