-4 -0.3
-4 -0.25
-4 -0.2
-4 -0.15
-4 -0.1
-4 0
-4 0.05
-4 0.1
-4 0.15
-4 0.2
-4 0.25
-4 0.3
-4 0.35
-4 0.4
-4 0.45
-3.95 0.5
-3.8 0.7
-3.8 0.75
-3.75 0.55
-3.75 0.6
-3.75 0.65
-3.55 -0.4
-3.55 -0.35
-3.4 -0.45
-2.7 0.75
-2.7 0.8
-2.7 0.85
-2.65 0.65
-2.35 -0.7
-2.35 -0.65
-2.35 -0.6
-2.35 -0.55
-2.35 -0.5
-2.35 -0.45
-2.35 -0.4
-2.35 0.85
-2.3 -0.75
-1.9 5.5
-1.85 2.9
-1.85 2.95
-1.85 5.5
-1.8 2.35
-1.8 2.4
-1.8 2.45
-1.8 2.5
-1.8 2.55
-1.8 2.6
-1.8 2.65
-1.8 2.7
-1.8 2.75
-1.8 2.8
-1.8 2.85
-1.8 2.9
-1.8 2.95
-1.8 5.5
-1.8 5.55
-1.75 2.95
-1.75 3
-1.75 5.5
-1.75 5.55
-1.75 10.15
-1.75 10.2
-1.7 2.95
-1.7 3
-1.7 5.55
-1.7 7.05
-1.7 7.1
-1.7 10.15
-1.65 2.95
-1.65 3
-1.65 5.55
-1.65 7.05
-1.65 7.1
-1.65 10.2
-1.6 2.95
-1.6 3
-1.6 5.55
-1.6 7.1
-1.6 10.15
-1.6 10.2
-1.55 3
-1.55 5.55
-1.55 7.05
-1.55 7.1
-1.55 7.15
-1.55 7.2
-1.55 10.2
-1.5 2
-1.5 3
-1.5 5.55
-1.5 7.1
-1.5 7.15
-1.5 7.25
-1.5 10.2
-1.45 1.9
-1.45 3
-1.45 5.55
-1.45 5.6
-1.45 7.1
-1.45 7.15
-1.45 7.3
-1.45 10.2
-1.4 -1.35
-1.4 -1.3
-1.4 1.3
-1.4 1.35
-1.4 1.4
-1.4 1.5
-1.4 1.55
-1.4 1.6
-1.4 1.65
-1.4 1.75
-1.4 1.8
-1.4 1.85
-1.4 3
-1.4 5.6
-1.4 7.25
-1.4 7.4
-1.4 7.45
-1.4 10.2
-1.4 22.1
-1.35 -1.35
-1.35 -1.2
-1.35 -1.15
-1.35 -1.1
-1.35 -1.05
-1.35 -1
-1.35 -0.95
-1.35 -0.9
-1.35 -0.85
-1.35 -0.8
-1.35 -0.75
-1.35 -0.7
-1.35 -0.65
-1.35 0.65
-1.35 0.7
-1.35 0.75
-1.35 0.8
-1.35 0.85
-1.35 0.9
-1.35 0.95
-1.35 1
-1.35 1.05
-1.35 1.1
-1.35 1.15
-1.35 1.2
-1.35 1.35
-1.35 1.4
-1.35 1.45
-1.35 1.5
-1.35 1.55
-1.35 1.65
-1.35 3
-1.35 7.55
-1.35 10.2
-1.35 22.2
-1.35 22.45
-1.35 22.5
-1.3 10.2
-1.3 22.45
-1.3 22.5
-1.25 10.2
-1.25 22.45
-1.25 22.5
-1.2 10.2
-1.2 22.45
-1.2 22.5
-1.15 10.2
-1.15 22.45
-1.15 22.5
-1.1 10.2
-1.1 22.5
-1.05 10.5
-1.05 10.55
-1.05 10.85
-1.05 11.15
-1.05 11.2
-1.05 11.55
-1.05 22.45
-1.05 22.5
-1 11.5
-1 22.45
-1 22.5
-0.95 11.15
-0.95 11.2
-0.95 11.55
-0.95 22.45
-0.95 22.5
-0.9 11.5
-0.9 22.5
-0.85 11.15
-0.85 11.2
-0.85 11.55
-0.85 22.5
-0.8 22.5
-0.75 11.2
-0.75 22.45
-0.65 22.45
-0.6 22.5
-0.45 13.55
-0.45 13.6
-0.3 13.45
-0.3 13.5
-0.25 13.6
-0.2 13.5
-0.2 13.55
-0.15 13.6
-0.15 13.65
-0.1 13.55
-0.1 13.6
0 13.4
0 13.45
0.05 13.55
0.05 13.6
0.05 13.65
0.1 13.45
0.1 13.5
0.2 20.35
0.25 20.2
0.25 20.25
0.25 20.4
0.3 20.3
0.35 20.25
0.35 20.5
0.35 20.55
0.4 20.35
0.4 20.4
0.4 20.45
0.45 20.25
0.45 20.3
0.5 20.3
0.5 20.55
0.55 20.35
0.55 20.5
0.6 20.4
0.65 20.3
0.7 20.25
0.7 20.5
0.7 20.55
0.75 20.35
0.75 20.4
0.8 10.25
0.8 20.25
0.8 20.3
0.85 10.2
0.85 10.25
0.85 20.3
0.85 20.55
0.9 10.2
0.9 20.45
0.9 20.5
0.95 9.3
0.95 9.35
0.95 10.2
0.95 18.4
0.95 18.5
0.95 20.2
0.95 20.35
0.95 20.4
1 9.25
1 10.2
1 18.4
1 18.45
1 20.3
1.05 9.25
1.05 18.35
1.05 20.55
1.1 9.25
1.1 18.3
1.1 18.35
1.15 9.25
1.15 18.35
1.2 9.25
1.2 18.3
1.25 7.3
1.25 9.25
1.25 18.3
1.25 18.35
1.3 7.3
1.3 9.25
1.3 18.3
1.3 18.35
1.35 2.25
1.35 2.35
1.35 2.4
1.35 3.75
1.35 4
1.35 6.1
1.35 7.25
1.35 7.3
1.35 8.95
1.35 9.2
1.4 -1.15
1.4 -1.1
1.4 -1.05
1.4 -1
1.4 -0.95
1.4 -0.9
1.4 -0.85
1.4 -0.8
1.4 -0.75
1.4 -0.7
1.4 -0.65
1.4 -0.6
1.4 0.6
1.4 0.65
1.4 0.7
1.4 0.75
1.4 0.8
1.4 0.85
1.4 0.9
1.4 0.95
1.4 1
1.4 1.05
1.4 1.1
1.4 1.15
1.4 1.2
1.4 1.25
1.4 1.3
1.4 1.35
1.4 1.4
1.4 1.45
1.4 1.5
1.4 1.55
1.4 1.6
1.4 1.65
1.4 1.7
1.4 1.75
1.4 1.8
1.4 1.85
1.4 1.9
1.4 1.95
1.4 2
1.4 2.05
1.4 2.1
1.4 2.15
1.4 2.2
1.4 2.25
1.4 2.3
1.4 2.35
1.4 3.6
1.4 3.7
1.4 3.75
1.4 4
1.4 4.05
1.4 6.1
1.4 7.25
1.4 7.3
1.4 8.75
1.4 8.9
1.45 -1.05
1.45 -1
1.45 -0.65
1.45 -0.6
1.45 3.25
1.45 3.4
1.45 3.5
1.45 3.55
1.45 3.6
1.45 3.65
1.45 3.7
1.45 6.1
1.45 7.25
1.45 7.3
1.45 8.75
1.45 8.8
1.5 -1.6
1.5 -1.55
1.5 -1.5
1.5 -1.45
1.5 -1.4
1.5 -1.35
1.5 -1.25
1.5 -0.6
1.5 6.1
1.5 7.25
1.5 7.3
1.5 8.8
1.55 -1.4
1.55 -1.35
1.55 -1.3
1.55 -0.65
1.55 -0.6
1.55 6.1
1.55 7.25
1.6 -1.3
1.6 -0.6
1.6 6.1
1.65 -0.6
1.65 6.1
1.7 -0.6
1.7 6.1
1.75 -0.6
1.75 6.1
1.8 -0.65
1.8 6.1
1.85 6.1
1.9 6.1
1.95 6.1
2 -0.75
2 6.05
2 6.1
2.05 6.05
2.1 -0.8
2.1 6.05
2.15 -0.8
2.2 -0.8
2.25 -0.8
2.3 -0.8
2.35 -0.8
2.4 0.75
2.45 -0.8
2.45 0.75
2.5 -0.8
2.55 0.7
2.55 0.75
2.8 0.7
2.85 0.6
2.85 0.65
2.85 0.7
2.95 -0.8
3.1 -0.8
3.15 -0.8
4.25 -0.9
4.45 -0.85
4.5 -0.85
4.6 -0.85
4.65 -0.85
4.65 -0.8
4.65 -0.75
4.65 -0.7
4.7 -0.8
4.7 -0.75
4.7 -0.7
4.7 -0.65
4.7 -0.6
4.7 -0.55
4.75 -0.65
4.75 -0.6
4.75 -0.55
4.8 0.35
4.8 0.4
4.8 0.45
4.8 0.5
4.8 0.55
4.8 0.6
4.8 0.65
4.8 0.7
4.8 0.75
4.8 0.8
4.85 0.35
4.85 0.4
4.85 0.45
4.95 -0.5
5.35 -0.2
5.35 -0.05
5.4 -0.2
5.4 -0.15
5.4 -0.1
5.45 -0.2
5.45 -0.15
5.45 -0.1
5.45 -0.05
5.5 0
5.5 0.95
5.5 1
5.5 1.05
5.5 1.1
5.55 0.95
5.55 1
5.55 1.05
5.6 0
5.6 0.05
6.1 -1.7
6.1 -1.65
6.15 -1.6
6.15 -1.55
6.15 -1.5
6.2 -1.55
6.35 -1.9
6.35 -1.85
6.35 -1.75
6.35 -1.7
6.4 -1.9
6.4 -1.8
6.4 -1.7
6.45 -1.85
7.9 -0.95
7.9 0.55
7.95 -1
7.95 -0.9
7.95 -0.85
7.95 -0.8
7.95 -0.75
7.95 -0.7
7.95 -0.65
7.95 -0.6
7.95 -0.55
7.95 -0.5
7.95 -0.45
7.95 -0.4
7.95 -0.35
7.95 -0.15
7.95 -0.1
7.95 0
7.95 0.05
7.95 0.1
7.95 0.15
7.95 0.2
7.95 0.25
7.95 0.3
7.95 0.35
7.95 0.4
7.95 0.45
7.95 0.5
8 -0.7
8 -0.6
8 -0.55
8 -0.5
8 0.05
8.05 -0.55
8.15 -0.65
8.15 -0.6
8.2 -1.05
8.2 -1
8.2 -0.9
8.2 -0.85
8.2 -0.75
8.2 -0.55
8.25 -0.7
