-4 -0.25
-4 -0.2
-4 -0.15
-3.85 -0.1
-3.75 0
-3.7 -0.85
-3.7 -0.8
-3.55 -0.95
-3.55 -0.9
-3.5 -1.05
-3.5 -1
-3.2 -1.05
-2.95 -1.05
-2.6 0.05
-2.45 -1.05
-2.45 -1
-2.45 -0.95
-2.4 -1.05
-2.35 -1.1
-2.3 -1.15
-2.25 -1.15
-2.2 -1.15
-2 4.9
-2 4.95
-1.95 4.95
-1.9 4.95
-1.85 4.95
-1.85 5
-1.8 1.6
-1.8 1.65
-1.8 1.7
-1.8 1.75
-1.8 1.8
-1.8 1.85
-1.8 1.9
-1.8 1.95
-1.8 2
-1.8 2.05
-1.8 2.1
-1.8 2.15
-1.8 2.2
-1.8 2.25
-1.8 2.3
-1.8 2.35
-1.8 2.4
-1.8 5
-1.8 9.6
-1.75 2.4
-1.75 2.45
-1.75 5
-1.75 9.6
-1.75 9.65
-1.7 -1.15
-1.7 2.4
-1.7 2.45
-1.7 5
-1.7 9.6
-1.7 9.65
-1.65 -1.15
-1.65 2.4
-1.65 2.45
-1.65 5
-1.65 9.6
-1.65 9.65
-1.6 -1.15
-1.6 2.4
-1.6 2.45
-1.6 5
-1.6 9.65
-1.55 -1.15
-1.55 2.4
-1.55 2.45
-1.55 5
-1.55 6.5
-1.55 6.55
-1.55 9.65
-1.5 -1.15
-1.5 2.4
-1.5 2.45
-1.5 5
-1.5 6.55
-1.5 9.65
-1.45 -1.15
-1.45 2.4
-1.45 2.45
-1.45 5
-1.45 5.05
-1.45 6.55
-1.45 6.6
-1.45 9.65
-1.4 -1.15
-1.4 0.8
-1.4 0.85
-1.4 0.9
-1.4 0.95
-1.4 1
-1.4 1.05
-1.4 1.1
-1.4 1.15
-1.4 1.2
-1.4 1.25
-1.4 2.45
-1.4 2.5
-1.4 5.05
-1.4 6.55
-1.4 6.8
-1.4 6.85
-1.4 9.65
-1.4 21.45
-1.4 21.5
-1.35 -1.35
-1.35 -1.3
-1.35 -1.25
-1.35 -1.2
-1.35 -1.15
-1.35 0.1
-1.35 0.15
-1.35 0.2
-1.35 0.25
-1.35 0.3
-1.35 0.35
-1.35 0.4
-1.35 0.45
-1.35 0.5
-1.35 0.55
-1.35 0.6
-1.35 0.65
-1.35 0.7
-1.35 2.45
-1.35 2.5
-1.35 5.05
-1.35 7
-1.35 9.65
-1.3 9.65
-1.25 9.65
-1.25 21.9
-1.25 21.95
-1.2 3.05
-1.2 9.65
-1.2 21.9
-1.15 9.65
-1.1 9.65
-1.05 9.9
-1.05 9.95
-1.05 10.65
-1.05 21.9
-1.05 21.95
-1 9.8
-1 10.6
-1 10.65
-1 10.8
-1 10.85
-1 21.5
-0.95 10.65
-0.95 10.7
-0.9 10.65
-0.9 10.8
-0.9 10.9
-0.85 10.6
-0.85 10.65
-0.85 13.3
-0.85 21.95
-0.8 10.65
-0.8 10.8
-0.8 10.9
-0.8 13.25
-0.8 13.3
-0.75 10.65
-0.7 13.25
-0.7 13.3
-0.6 13.25
-0.6 13.3
-0.55 13.4
-0.5 13.3
-0.45 13.25
-0.45 13.4
-0.4 13.3
-0.35 13.3
-0.35 13.4
-0.3 13.15
-0.3 13.35
-0.3 13.4
-0.25 13.3
-0.25 13.35
-0.2 13.5
-0.15 13.4
-0.1 13.3
-0.1 13.5
-0.1 19.15
0 13.4
0 13.45
0.05 13.3
0.05 13.5
0.1 13.4
0.1 13.45
0.1 19.15
0.2 19.25
0.25 19.3
0.25 19.35
0.25 19.4
0.3 19.5
0.3 19.55
0.3 19.6
0.35 19.2
0.4 19.25
0.4 19.3
0.45 19.4
0.45 19.45
0.45 19.5
0.5 19.55
0.5 19.6
0.55 19.2
0.55 19.25
0.6 19.35
0.6 19.4
0.65 19.5
0.65 19.55
0.65 19.6
0.7 19.3
0.7 19.35
0.75 19.35
0.8 9.7
0.8 9.75
0.8 9.8
0.8 19.5
0.85 9.7
0.85 19.3
0.85 19.55
0.85 19.6
0.9 9.65
0.9 9.7
0.9 19.3
0.9 19.35
0.95 8.7
0.95 9.65
0.95 19.35
0.95 19.4
0.95 19.45
1 8.7
1 8.85
1 9.65
1 17.9
1 19.55
1.05 8.7
1.05 15.15
1.05 17.85
1.05 17.9
1.05 19.3
1.05 19.35
1.1 8.7
1.1 13.45
1.1 17.8
1.15 8.7
1.15 17.75
1.2 8.7
1.2 15.25
1.2 17.75
1.2 17.8
1.25 8.7
1.3 6.75
1.3 8.65
1.3 8.7
1.3 17.75
1.35 -1.45
1.35 -1.4
1.35 -1.35
1.35 -1.3
1.35 1.95
1.35 2
1.35 2.05
1.35 2.1
1.35 2.25
1.35 2.3
1.35 2.35
1.35 2.4
1.35 2.45
1.35 2.5
1.35 2.55
1.35 2.6
1.35 2.75
1.35 2.8
1.35 5.55
1.35 5.6
1.35 6.75
1.35 8.65
1.35 8.7
1.35 17.75
1.35 17.8
1.4 -1.45
1.4 -1.4
1.4 -1.35
1.4 -1.3
1.4 -1.25
1.4 -1.2
1.4 0
1.4 0.05
1.4 0.1
1.4 0.15
1.4 0.2
1.4 0.25
1.4 0.3
1.4 0.35
1.4 0.4
1.4 0.45
1.4 0.5
1.4 0.55
1.4 0.6
1.4 0.65
1.4 0.7
1.4 0.75
1.4 0.8
1.4 0.85
1.4 0.9
1.4 0.95
1.4 1
1.4 1.05
1.4 1.1
1.4 1.15
1.4 1.2
1.4 1.25
1.4 1.3
1.4 1.35
1.4 1.4
1.4 1.45
1.4 1.5
1.4 1.55
1.4 1.6
1.4 1.65
1.4 1.7
1.4 1.75
1.4 1.8
1.4 1.85
1.4 1.9
1.4 1.95
1.4 2
1.4 2.05
1.4 2.1
1.4 2.15
1.4 2.2
1.4 2.25
1.4 2.3
1.4 2.35
1.4 2.45
1.4 2.5
1.4 2.55
1.4 2.7
1.4 2.75
1.4 3.1
1.4 3.15
1.4 3.45
1.4 3.5
1.4 5.55
1.4 6.7
1.4 6.75
1.4 8.25
1.4 8.6
1.4 8.65
1.4 17.75
1.45 -1.2
1.45 -1.15
1.45 3
1.45 3.1
1.45 3.45
1.45 5.55
1.45 6.7
1.45 6.75
1.45 8.2
1.5 -1.2
1.5 -1.15
1.5 5.55
1.5 6.7
1.5 6.75
1.5 8.05
1.5 8.2
1.55 -1.2
1.55 -1.15
1.55 5.55
1.55 6.7
1.55 6.75
1.6 -1.2
1.6 -1.15
1.6 5.55
1.6 6.7
1.65 -1.2
1.65 -1.15
1.65 5.55
1.7 -1.2
1.7 -1.15
1.7 5.55
1.75 -1.2
1.75 5.55
1.8 5.55
1.85 -1.25
1.85 5.55
1.9 5.55
1.95 5.55
2 -1.35
2 5.55
2.05 -1.35
2.05 5.55
2.1 -1.35
2.1 5.5
2.1 5.55
2.15 -1.35
2.15 5.5
2.15 5.55
2.2 -1.35
2.2 5.5
2.25 -1.35
2.3 -1.35
2.35 -1.35
2.4 -1.35
2.45 -1.35
2.5 -1.35
2.55 -1.35
2.6 -1.35
2.65 -1.35
2.7 -1.35
2.75 -1.35
2.8 -1.35
2.8 0.05
2.85 -1.35
2.9 -1.35
2.95 -1.35
3 -1.35
3.05 -1.35
3.1 -1.35
3.15 -1.35
3.2 -1.35
3.25 -1.35
3.3 -1.35
3.35 -1.4
3.35 -1.35
3.4 -1.4
3.45 -1.4
3.5 -1.35
3.55 -1.35
3.6 -1.35
3.65 -1.35
3.8 -1.35
3.9 -1.35
4 -1.35
4.1 -1.35
4.2 -1.4
4.25 -1.4
4.35 -1.4
4.4 -1.4
4.45 -1.4
4.5 -1.35
4.6 -1.35
4.6 -1.3
4.65 -1.3
4.65 -1.25
4.65 -1.2
4.65 -1.15
4.65 -1.1
4.7 -0.6
4.75 -1.1
4.75 -0.65
4.8 -0.65
4.8 -0.6
4.8 -0.55
4.8 -0.25
4.8 -0.2
4.8 -0.15
4.8 -0.1
4.8 -0.05
4.8 0
4.85 -0.65
4.85 -0.6
4.85 -0.55
4.9 -0.75
4.9 -0.7
4.95 -1.1
4.95 -1.05
4.95 -0.75
5 -0.75
5.05 -0.8
7.95 -1.45
7.95 -1.4
7.95 -1.35
7.95 -1.3
7.95 -0.8
7.95 -0.75
7.95 -0.7
7.95 -0.65
7.95 -0.6
7.95 -0.55
7.95 -0.5
7.95 -0.45
8 -0.9
8 -0.75
8 -0.65
8 -0.6
8.05 -0.85
8.05 -0.8
8.05 -0.7
8.05 -0.65
8.1 -0.85
8.1 -0.8
8.1 -0.7
8.45 -1.9
8.45 -1.8
8.45 -1.75
8.45 -1.7
8.45 -1.65
8.45 -1.55
8.5 -1.75
8.5 -1.7
8.5 -1.65
8.5 -1.6
