-1.8 -0.4
-1.8 -0.35
-1.8 -0.2
-1.75 -0.5
-1.75 -0.45
-1.75 -0.3
-1.75 -0.25
-1.75 -0.15
-1.75 -0.1
-1.75 0
-1.75 0.05
-1.75 0.1
-1.75 0.15
-1.75 0.2
-1.75 0.25
-1.75 0.3
-1.75 0.35
-1.75 0.4
-1.75 0.45
-1.75 0.5
-1.75 0.55
-1.75 0.6
-1.75 0.65
-1.75 0.7
-1.65 0.75
-1.65 2.75
-1.65 2.8
-1.65 2.85
-1.65 2.9
-1.65 2.95
-1.65 3
-1.65 3.05
-1.65 3.1
-1.65 3.15
-1.65 3.2
-1.65 3.25
-1.65 3.3
-1.6 3.3
-1.6 3.35
-1.55 3.3
-1.55 3.35
-1.5 0.75
-1.5 3.3
-1.5 3.35
-1.5 7.95
-1.45 3.3
-1.45 3.35
-1.45 7.95
-1.4 -1.4
-1.4 -1.35
-1.4 -1.3
-1.4 -1.25
-1.4 -1.2
-1.4 -1.15
-1.4 -1.1
-1.4 -1.05
-1.4 -1
-1.4 -0.95
-1.4 -0.8
-1.4 3.3
-1.4 5.05
-1.4 7.95
-1.35 -0.85
-1.35 -0.8
-1.35 -0.7
-1.35 -0.65
-1.35 -0.6
-1.35 -0.55
-1.35 3.3
-1.35 5
-1.35 5.1
-1.35 7.95
-1.3 0.75
-1.3 0.8
-1.3 0.85
-1.3 0.9
-1.3 0.95
-1.3 1
-1.3 1.05
-1.3 1.1
-1.3 1.15
-1.3 1.2
-1.3 1.25
-1.3 1.3
-1.3 1.35
-1.3 1.4
-1.3 1.45
-1.3 1.8
-1.3 1.85
-1.3 1.9
-1.3 2
-1.3 2.05
-1.3 2.15
-1.3 2.2
-1.3 2.25
-1.3 3.3
-1.3 4.9
-1.3 5
-1.3 5.1
-1.3 7.95
-1.25 1.45
-1.25 1.85
-1.25 1.9
-1.25 2
-1.25 2.05
-1.25 2.1
-1.25 2.15
-1.25 3.3
-1.25 3.35
-1.25 5
-1.25 5.1
-1.25 7.95
-1.2 1.5
-1.2 1.55
-1.2 3.35
-1.2 4.95
-1.2 5
-1.2 5.05
-1.2 5.1
-1.2 7.95
-1.15 1.5
-1.15 1.55
-1.15 3.35
-1.15 5.15
-1.15 7.95
-1.1 1.35
-1.1 5.15
-1.1 5.2
-1.1 7.95
-1.05 5.2
-1.05 5.3
-1.05 5.35
-1.05 7.95
-1 5.35
-1 7.95
-0.95 7.95
-0.9 7.95
-0.85 7.95
-0.8 7.95
-0.75 7.95
-0.7 7.95
-0.65 7.95
-0.6 7.95
-0.6 8.05
-0.6 8.1
-0.55 8.35
-0.55 8.85
-0.5 8.85
-0.5 8.9
-0.5 8.95
-0.45 8.85
-0.45 8.9
-0.45 8.95
-0.4 8.85
-0.4 8.9
-0.35 8.85
-0.35 8.9
-0.35 8.95
-0.3 8.85
-0.3 8.9
-0.3 8.95
-0.3 12.15
-0.25 8.85
-0.25 8.9
-0.25 12.15
-0.2 12.05
-0.2 12.15
-0.15 12.15
-0.1 12.15
0 12.15
0.05 12.15
0.1 12.15
0.1 12.2
0.15 12.15
0.15 12.25
0.2 12.3
0.35 20.2
0.4 20.15
0.45 20.15
0.5 20.15
0.55 20.15
0.55 20.2
0.6 20.15
0.95 16.3
1 16.15
1 16.2
1 16.25
1.05 16.1
1.05 16.25
1.05 34.45
1.1 16.15
1.1 16.2
1.1 16.3
1.1 34.45
1.1 34.5
1.15 16.25
1.15 34.45
1.2 16.1
1.2 16.2
1.2 34.45
1.25 16.25
1.25 34.45
1.25 34.5
1.3 7.9
1.3 16.1
1.3 16.2
1.3 34.45
1.35 -1.45
1.35 -1.4
1.35 -1.35
1.35 -1.3
1.35 -1.25
1.35 -1.2
1.35 -1.15
1.35 -1.1
1.35 -1.05
1.35 -1
1.35 -0.95
1.35 -0.9
1.35 -0.85
1.35 -0.8
1.35 -0.75
1.35 -0.7
1.35 6.85
1.35 7.85
1.35 16
1.35 16.05
1.35 16.2
1.35 34.45
1.4 -0.9
1.4 -0.85
1.4 -0.8
1.4 -0.75
1.4 -0.7
1.4 -0.65
1.4 -0.6
1.4 -0.55
1.4 -0.5
1.4 -0.45
1.4 -0.4
1.4 -0.35
1.4 -0.3
1.4 -0.25
1.4 -0.2
1.4 -0.15
1.4 -0.1
1.4 -0.05
1.4 0
1.4 0.05
1.4 0.1
1.4 0.15
1.4 0.2
1.4 0.25
1.4 0.3
1.4 6.85
1.4 6.95
1.4 7
1.4 7.1
1.4 7.85
1.4 16.15
1.4 16.25
1.4 16.3
1.4 34.45
1.45 0.15
1.45 0.2
1.45 0.25
1.45 0.3
1.45 0.35
1.45 0.4
1.45 0.45
1.45 0.5
1.45 0.55
1.45 0.6
1.45 0.65
1.45 0.7
1.45 0.75
1.45 0.8
1.45 0.85
1.45 0.9
1.45 0.95
1.45 1
1.45 1.05
1.45 1.1
1.45 1.15
1.45 6.8
1.45 6.85
1.45 7.8
1.45 7.85
1.45 16.1
1.45 16.2
1.45 34.45
1.5 1
1.5 1.05
1.5 1.1
1.5 1.15
1.5 1.2
1.5 1.25
1.5 1.3
1.5 1.35
1.5 1.4
1.5 1.45
1.5 1.5
1.5 1.55
1.5 1.6
1.5 1.65
1.5 1.7
1.5 6.8
1.5 6.85
1.5 7.8
1.5 7.85
1.5 16.15
1.5 16.2
1.5 34.45
1.55 6.8
1.55 6.85
1.55 16.3
1.55 34.45
1.6 3.75
1.6 3.95
1.6 4
1.6 4.95
1.6 6.85
1.6 16.25
1.6 34.45
1.65 3.75
1.65 3.9
1.65 3.95
1.65 4.95
1.65 5
1.65 5.1
1.65 6.85
1.65 16.15
1.65 34.45
1.7 3.75
1.7 5.05
1.7 5.1
1.7 6.8
1.7 6.85
1.7 16.3
1.7 34.45
1.75 3.75
1.75 5.05
1.75 6.8
1.75 10.95
1.75 11.3
1.75 11.65
1.75 11.85
1.75 16.25
1.75 34.45
1.8 3.75
1.8 5.05
1.8 5.1
1.8 6.75
1.8 11.4
1.8 13.15
1.8 13.35
1.8 13.4
1.8 16.15
1.8 34.45
1.85 3.7
1.85 3.75
1.85 5.1
1.85 5.15
1.85 6.75
1.85 11.65
1.85 12.5
1.85 13.05
1.85 13.25
1.85 13.3
1.85 16.25
1.85 34.4
1.9 3.75
1.9 5.1
1.9 5.15
1.9 6.75
1.9 16.2
1.9 34.4
1.95 3.75
1.95 5.1
1.95 5.15
1.95 16
1.95 16.05
1.95 16.1
1.95 34.4
2 3.75
2 5.05
2 5.1
2 15.95
2 34.4
2.05 3.75
2.05 5.1
2.05 15.9
2.05 15.95
2.1 3.75
2.1 15.9
2.15 3.75
2.2 3.75
2.25 3.75
2.25 7.8
2.3 3.7
2.3 3.75
2.3 7.8
2.35 3.7
2.35 3.75
2.35 7.75
2.4 3.7
2.4 3.75
2.4 23.9
2.45 3.7
2.45 3.75
2.45 7.75
2.5 3.7
2.5 3.75
2.5 7.7
2.55 3.65
2.55 3.7
2.55 3.75
2.6 3.65
2.6 3.7
2.6 23.85
2.65 3.65
2.7 3.6
2.7 3.65
2.7 3.7
2.75 3.45
2.75 3.5
2.75 3.55
2.75 3.6
2.75 3.65
2.8 3.4
2.8 3.45
2.8 23.85
2.85 2.75
2.85 3.4
2.85 3.45
2.9 2.8
2.9 3.05
2.9 3.1
2.9 3.15
2.9 3.2
2.9 3.25
2.9 3.3
2.9 3.35
2.9 3.4
2.95 3
2.95 3.05
2.95 3.1
2.95 3.15
2.95 3.2
2.95 3.25
2.95 3.3
2.95 3.35
3 3
3 3.05
3.05 3.05
3.1 3
3.85 3.65
3.9 3.6
