-2.1 7.15
-2.05 7.15
-2 7.15
-2 7.2
-1.95 7.2
-1.9 7.2
-1.85 2.2
-1.85 2.3
-1.85 2.35
-1.85 2.4
-1.85 2.45
-1.85 2.5
-1.85 2.55
-1.85 7.2
-1.8 1.8
-1.8 1.85
-1.8 1.9
-1.8 1.95
-1.8 2
-1.8 2.05
-1.8 2.1
-1.8 2.15
-1.8 2.2
-1.8 2.25
-1.8 2.3
-1.8 2.35
-1.8 2.4
-1.8 2.45
-1.8 2.5
-1.8 2.55
-1.8 7.2
-1.75 -1.2
-1.75 -1.15
-1.75 -1.1
-1.75 -1.05
-1.75 -1
-1.75 -0.95
-1.75 -0.9
-1.75 -0.85
-1.75 -0.8
-1.75 -0.75
-1.75 -0.7
-1.75 -0.65
-1.75 -0.6
-1.75 -0.55
-1.75 -0.5
-1.75 -0.45
-1.75 -0.4
-1.75 -0.35
-1.75 -0.3
-1.75 -0.25
-1.75 -0.2
-1.75 -0.15
-1.75 -0.1
-1.75 2.55
-1.75 7.2
-1.7 -1.25
-1.7 -1.2
-1.7 2.55
-1.7 2.6
-1.7 4.2
-1.7 7.2
-1.65 -1.25
-1.65 2.55
-1.65 4.15
-1.65 4.25
-1.65 4.3
-1.65 7.2
-1.65 7.25
-1.6 -1.25
-1.6 2.55
-1.6 2.6
-1.6 4.25
-1.6 4.35
-1.6 4.4
-1.6 7.2
-1.6 7.25
-1.55 -1.25
-1.55 2.55
-1.55 2.6
-1.55 4.35
-1.55 4.4
-1.55 7.2
-1.55 7.25
-1.5 -1.25
-1.5 2.55
-1.5 2.6
-1.5 4.35
-1.5 4.4
-1.5 4.45
-1.5 7.2
-1.5 7.25
-1.45 -1.25
-1.45 2.55
-1.45 2.6
-1.45 4.45
-1.45 7.2
-1.45 7.25
-1.4 1
-1.4 1.05
-1.4 1.2
-1.4 1.35
-1.4 1.4
-1.4 2.55
-1.4 2.6
-1.4 4.45
-1.4 4.5
-1.4 7.2
-1.4 7.25
-1.35 -1.2
-1.35 0
-1.35 0.05
-1.35 0.1
-1.35 0.15
-1.35 0.2
-1.35 0.25
-1.35 0.3
-1.35 0.35
-1.35 0.4
-1.35 0.45
-1.35 0.5
-1.35 0.55
-1.35 0.6
-1.35 0.65
-1.35 0.9
-1.35 1.05
-1.35 1.1
-1.35 1.2
-1.35 1.25
-1.35 2.6
-1.35 4.5
-1.35 4.6
-1.35 4.65
-1.35 7.2
-1.35 7.25
-1.3 -1.25
-1.3 -1.2
-1.3 7.2
-1.3 7.25
-1.3 33.8
-1.25 0.75
-1.25 0.8
-1.25 7.2
-1.25 7.25
-1.2 0.8
-1.2 7.2
-1.2 7.25
-1.2 19.45
-1.2 33.8
-1.15 7.25
-1.15 17.9
-1.15 33.8
-1.1 7.25
-1.1 7.45
-1.1 7.7
-1.1 8.15
-1.1 11.85
-1.1 19.45
-1.1 33.8
-1.05 7.25
-1.05 7.6
-1.05 8.15
-1.05 8.2
-1.05 11.85
-1.05 11.9
-1.05 19.5
-1.05 33.8
-1 8.15
-1 8.2
-1 11.9
-1 11.95
-1 19.45
-1 19.5
-1 33.8
-1 33.85
-0.95 8.15
-0.95 8.2
-0.95 11.8
-0.95 11.85
-0.95 17.9
-0.95 19.45
-0.95 19.5
-0.95 33.8
-0.9 8.15
-0.9 8.2
-0.9 11.6
-0.9 12
-0.9 12.05
-0.9 14.2
-0.9 19.5
-0.9 33.8
-0.85 8.15
-0.85 8.2
-0.85 11.85
-0.85 12
-0.85 14.05
-0.85 19.5
-0.85 33.8
-0.8 8.15
-0.8 8.2
-0.8 8.25
-0.8 12.05
-0.8 12.1
-0.8 14.2
-0.8 19.45
-0.8 19.5
-0.8 33.8
-0.75 8.15
-0.75 19.5
-0.75 33.8
-0.7 19.5
-0.7 33.8
-0.7 33.85
-0.65 33.8
-0.6 33.8
-0.55 33.8
-0.5 33.8
-0.5 33.85
-0.45 33.8
-0.4 33.8
-0.4 33.85
-0.35 33.8
-0.3 33.8
-0.2 33.8
-0.1 15.05
-0.1 33.8
-0.1 33.85
0 15.2
0 33.8
0.05 15.1
0.05 15.15
0.05 15.3
0.1 15.25
0.1 15.3
0.15 15.1
0.15 15.2
0.2 15.25
0.2 15.3
0.2 31.35
0.25 15.15
0.25 15.3
0.3 15.1
0.3 15.2
0.3 15.3
0.35 15.25
0.4 15.15
0.4 15.2
0.4 15.25
0.45 15.1
0.45 15.15
0.45 15.3
0.5 15.25
0.5 31.35
0.55 15.1
0.55 15.15
0.55 15.2
0.6 15.25
0.6 15.3
0.65 15.15
0.65 15.25
0.7 15.2
0.7 15.3
0.75 15.4
0.75 31.35
0.8 7.3
0.8 15.35
0.8 15.4
0.85 7.25
0.85 7.3
0.85 15.35
0.85 15.4
0.9 7.25
0.9 7.3
0.9 15.35
0.9 15.4
0.95 6.35
0.95 7.25
0.95 15.35
1 6.3
1 6.35
1 6.5
1 6.65
1 7.25
1 12.8
1 15.35
1 15.4
1.05 6.3
1.05 6.35
1.05 7.25
1.05 11.25
1.05 11.5
1.05 11.8
1.05 11.95
1.05 12.5
1.05 12.75
1.05 15.35
1.05 15.4
1.1 6.3
1.1 6.35
1.1 10.3
1.1 10.35
1.1 10.65
1.1 10.7
1.1 10.95
1.1 15.35
1.15 6.3
1.15 15.35
1.2 6.3
1.2 15.35
1.25 6.3
1.3 6.25
1.3 6.3
1.35 3.2
1.35 3.35
1.35 3.4
1.35 3.45
1.35 4.55
1.35 6.25
1.4 -1.5
1.4 -1.4
1.4 -1.35
1.4 -1.3
1.4 -1.2
1.4 -1.05
1.4 -1
1.4 -0.95
1.4 -0.9
1.4 -0.85
1.4 -0.8
1.4 -0.75
1.4 -0.7
1.4 -0.65
1.4 -0.6
1.4 -0.45
1.4 -0.4
1.4 -0.35
1.4 -0.3
1.4 -0.25
1.4 -0.2
1.4 -0.15
1.4 -0.1
1.4 -0.05
1.4 0
1.4 0.05
1.4 0.1
1.4 0.15
1.4 0.2
1.4 0.25
1.4 0.3
1.4 0.35
1.4 0.4
1.4 0.45
1.4 0.5
1.4 0.55
1.4 0.6
1.4 0.65
1.4 0.7
1.4 0.75
1.4 0.8
1.4 0.85
1.4 0.9
1.4 0.95
1.4 1
1.4 1.05
1.4 1.1
1.4 3.15
1.4 3.2
1.4 3.25
1.4 3.35
1.4 4.6
1.4 6.2
1.45 -1.5
1.45 -1.45
1.45 -1.4
1.45 -1.35
1.45 -1.3
1.45 -1.25
1.45 -1.2
1.45 -1.15
1.45 -1.1
1.45 -1.05
1.45 -1
1.45 -0.95
1.45 -0.9
1.45 -0.85
1.45 -0.8
1.45 -0.75
1.45 -0.7
1.45 -0.65
1.45 -0.6
1.45 -0.55
1.45 -0.5
1.45 -0.45
1.45 -0.4
1.45 -0.35
1.45 -0.3
1.45 -0.25
1.45 -0.2
1.45 -0.15
1.45 -0.1
1.45 0
1.45 0.05
1.45 0.15
1.45 0.25
1.45 0.5
1.45 0.6
1.45 0.7
1.45 1
1.45 3.15
1.45 4.65
1.45 4.75
1.45 6.2
1.5 -1.25
1.5 -1.2
1.5 -1.1
1.5 3.15
1.5 3.2
1.5 4.65
1.5 6.2
1.55 3.15
1.55 3.2
1.6 3.15
1.65 3.15
1.65 5.4
1.7 3.15
1.7 3.2
1.7 4.55
1.7 5.4
1.75 3.2
1.75 4.55
1.75 5.4
1.8 3.2
1.8 5.4
1.8 7.25
1.8 7.3
1.85 3.2
1.85 5.4
1.85 7.25
1.85 7.3
1.9 3.2
1.9 5.4
1.9 7.25
1.95 3.2
1.95 5.35
1.95 5.4
2 3.2
2.05 3.2
2.05 3.25
2.1 3.2
2.1 3.25
2.15 3.2
2.15 3.25
2.2 3.2
2.2 3.25
2.25 3.2
2.25 3.25
2.3 3.25
2.35 3.2
2.35 3.25
2.4 3.2
2.4 3.25
2.45 3.15
2.45 3.2
2.5 3.15
2.5 3.2
2.55 2.95
2.55 3
2.55 3.05
2.55 3.1
2.55 3.15
2.55 3.2
2.6 2.95
2.65 2.9
2.65 2.95
2.7 2.85
2.7 2.9
2.75 1.95
2.75 2
2.75 2.05
2.75 2.1
2.75 2.15
2.75 2.2
2.75 2.25
2.75 2.3
2.75 2.55
2.75 2.6
2.75 2.65
2.75 2.7
2.75 2.75
2.75 2.8
2.75 2.85
2.75 2.9
2.8 2.55
3.7 3.25
3.8 3.25
3.8 3.3
3.85 3.2
3.85 3.25
3.85 3.3
3.9 3.25
3.9 3.3
3.95 3.25
5.1 3.3
5.15 3.3
5.2 3.3
5.25 3.25
5.25 3.3
5.3 3.2
5.35 3.25
5.35 3.3
5.4 3.2
