-3.3 33.15
-3.25 33.2
-3.2 33.15
-3.15 33.2
-3.1 33.15
-3.05 33.15
-3 33.2
-2.95 33.2
-2.9 33.2
-2.85 33.2
-2.8 33.2
-2.7 33.25
-2.65 33.2
-2.6 6.5
-2.6 6.55
-2.6 33.25
-2.55 6.55
-2.55 30.8
-2.55 33.25
-2.5 6.55
-2.5 33.2
-2.45 6.55
-2.45 6.6
-2.45 33.25
-2.4 6.55
-2.4 6.6
-2.4 30.75
-2.4 33.25
-2.35 6.55
-2.35 6.6
-2.3 6.55
-2.3 6.6
-2.3 30.8
-2.3 33.25
-2.25 6.6
-2.25 30.8
-2.2 6.6
-2.2 30.75
-2.15 6.6
-2.15 30.8
-2.1 6.6
-2.05 6.6
-2.05 6.65
-2.05 17.25
-2.05 18.9
-2.05 30.8
-2 6.6
-2 6.65
-2 17.2
-2 18.85
-2 18.9
-2 30.8
-1.95 1.35
-1.95 1.4
-1.95 1.45
-1.95 1.5
-1.95 1.55
-1.95 1.6
-1.95 1.65
-1.95 1.7
-1.95 1.75
-1.95 1.8
-1.95 1.85
-1.95 1.9
-1.95 1.95
-1.95 3.75
-1.95 3.8
-1.95 6.6
-1.95 6.65
-1.95 14.4
-1.95 17.2
-1.95 18.9
-1.95 30.8
-1.9 1
-1.9 1.05
-1.9 1.1
-1.9 1.15
-1.9 1.2
-1.9 1.25
-1.9 1.95
-1.9 3.75
-1.9 3.8
-1.9 6.6
-1.9 6.65
-1.9 12
-1.9 12.05
-1.9 14.4
-1.9 30.8
-1.85 1.95
-1.85 3.3
-1.85 3.4
-1.85 3.5
-1.85 3.55
-1.85 3.8
-1.85 6.65
-1.85 11.95
-1.85 12.05
-1.85 12.15
-1.85 14.3
-1.85 30.75
-1.85 30.85
-1.8 1.95
-1.8 3.2
-1.8 3.25
-1.8 3.3
-1.8 3.4
-1.8 6.65
-1.8 11.95
-1.8 12.15
-1.8 14.35
-1.8 14.4
-1.8 30.85
-1.75 1.95
-1.75 3.3
-1.75 3.7
-1.75 3.85
-1.75 6.65
-1.75 12.05
-1.75 12.25
-1.75 14.3
-1.75 14.4
-1.75 30.8
-1.7 -1.55
-1.7 -1.5
-1.7 -1.45
-1.7 -1.4
-1.7 -1.35
-1.7 -1.3
-1.7 -1.25
-1.7 -1.2
-1.7 -1.15
-1.7 -1.1
-1.7 -1.05
-1.7 -1
-1.7 -0.95
-1.7 -0.9
-1.7 1.95
-1.7 2
-1.7 3.85
-1.7 3.9
-1.7 6.65
-1.7 12.1
-1.7 12.3
-1.7 30.8
-1.7 30.85
-1.65 -1.65
-1.65 -1.6
-1.65 -1.55
-1.65 2
-1.65 2.25
-1.65 3.9
-1.65 3.95
-1.65 4
-1.65 4.05
-1.65 6.65
-1.65 7.6
-1.65 12.3
-1.65 30.85
-1.6 -0.8
-1.6 2
-1.6 2.25
-1.6 2.3
-1.6 2.35
-1.6 2.5
-1.6 3.9
-1.6 4.05
-1.6 6.65
-1.6 7.6
-1.6 7.65
-1.6 14.35
-1.6 14.4
-1.6 30.8
-1.6 30.85
-1.55 2
-1.55 2.3
-1.55 2.35
-1.55 2.4
-1.55 2.45
-1.55 2.5
-1.55 2.55
-1.55 2.6
-1.55 6.65
-1.55 7.1
-1.55 7.6
-1.55 7.65
-1.5 2
-1.5 6.7
-1.5 6.75
-1.5 7.6
-1.5 7.65
-1.5 30.85
-1.45 0.5
-1.45 0.55
-1.45 0.6
-1.45 0.65
-1.45 0.7
-1.45 0.75
-1.45 0.8
-1.45 7.6
-1.45 7.65
-1.45 7.7
-1.45 30.8
-1.45 30.85
-1.4 0
-1.4 0.2
-1.4 0.25
-1.4 0.3
-1.4 0.35
-1.4 0.4
-1.4 0.45
-1.4 7.6
-1.4 7.65
-1.4 30.85
-1.35 -0.6
-1.35 -0.55
-1.35 -0.5
-1.35 -0.45
-1.35 -0.4
-1.35 -0.35
-1.35 -0.3
-1.35 -0.25
-1.35 -0.2
-1.35 -0.15
-1.35 -0.1
-1.35 -0.05
-1.35 7.6
-1.35 7.65
-1.35 30.8
-1.35 30.85
-1.3 7.6
-1.3 7.65
-1.3 30.9
-1.25 30.85
-1.2 30.85
-1.15 30.85
-1.1 0.1
-1.1 0.15
-1.1 0.2
-1.1 30.85
-1.05 30.9
-1 14.45
-1 30.85
-0.95 30.85
-0.9 22.9
-0.85 14.45
-0.75 14.45
-0.7 22.9
-0.65 22.9
-0.6 14.45
-0.6 22.95
-0.45 14.6
-0.45 14.65
-0.4 14.45
-0.4 14.55
-0.35 14.55
-0.35 14.6
-0.35 14.65
-0.3 14.55
-0.3 14.6
-0.25 14.45
-0.25 14.5
-0.2 14.6
-0.2 14.65
-0.15 14.45
-0.15 14.75
-0.1 14.6
-0.1 14.65
-0.1 14.85
0 14.6
0 14.65
0.05 14.75
0.05 14.85
0.1 14.6
0.1 14.65
0.15 14.7
0.15 14.75
0.2 12.3
0.2 12.4
0.2 14.7
0.2 14.85
0.25 12.3
0.25 12.35
0.25 14.45
0.3 11.75
0.3 12.1
0.35 6.85
0.35 10.9
0.35 11.25
0.4 6.8
0.4 6.85
0.4 10.5
0.4 10.7
0.45 6.8
0.45 9.85
0.45 10.05
0.45 10.1
0.5 6.8
0.5 9.5
0.55 6.8
0.6 5.85
0.6 5.9
0.6 5.95
0.6 6
0.6 6.8
0.65 5.85
0.65 5.9
0.65 6.8
0.7 5.85
0.7 5.9
0.75 5.85
0.8 5.85
0.85 5.85
0.9 5.85
0.95 5.8
0.95 5.85
1 5.8
1 5.85
1.05 5.8
1.05 5.85
1.1 5.8
1.1 5.95
1.15 2.75
1.15 2.8
1.2 2.75
1.25 2.75
1.3 2.75
1.35 0.15
1.35 0.2
1.35 0.25
1.35 0.3
1.35 0.35
1.35 0.4
1.35 0.45
1.35 0.5
1.35 0.55
1.35 0.6
1.35 0.65
1.35 0.7
1.35 2.75
1.35 5
1.35 6.9
1.4 -0.55
1.4 -0.5
1.4 -0.45
1.4 -0.4
1.4 -0.35
1.4 -0.3
1.4 -0.25
1.4 -0.2
1.4 -0.15
1.4 -0.1
1.4 -0.05
1.4 0
1.4 0.05
1.4 0.1
1.4 0.15
1.4 0.2
1.4 2.75
1.4 4.2
1.4 5
1.4 6.85
1.4 6.9
1.45 -1.35
1.45 -1.3
1.45 -1.25
1.45 -1.2
1.45 -1.15
1.45 -1.1
1.45 -1.05
1.45 -1
1.45 -0.95
1.45 -0.9
1.45 -0.85
1.45 -0.8
1.45 -0.75
1.45 -0.7
1.45 -0.65
1.45 -0.6
1.45 -0.55
1.45 -0.5
1.45 -0.45
1.45 0.75
1.45 2.75
1.45 5
1.5 -1.35
1.5 -1.3
1.5 -1.25
1.5 -1.1
1.5 -1.05
1.5 -1
1.5 2.75
1.5 5
1.5 5.05
1.55 -1.2
1.55 2.75
1.55 5
1.55 5.05
1.6 2.75
1.6 2.8
1.6 4.95
1.6 5
1.65 2.75
1.65 2.8
1.7 2.75
1.7 2.8
1.75 2.75
1.75 2.8
1.8 2.75
1.8 2.8
1.8 2.85
1.85 2.8
1.85 2.85
1.9 2.8
1.9 2.85
1.95 2.8
1.95 2.85
2 2.85
2.05 2.85
2.1 2.85
2.15 2.85
2.2 2.8
2.2 2.85
2.25 2.85
2.3 2.85
2.3 2.9
2.35 2.6
2.35 2.65
2.35 2.7
2.35 2.75
2.35 2.8
2.35 2.85
2.4 2.6
2.4 2.7
2.4 2.8
2.45 2.6
2.5 0.9
2.5 0.95
2.5 1
2.5 2.55
2.5 2.6
2.55 1.05
2.55 2.25
2.55 2.3
2.55 2.35
2.55 2.4
2.55 2.45
2.55 2.5
2.55 2.55
2.6 1.45
2.6 1.7
2.6 1.75
2.6 1.8
2.6 1.85
2.6 1.9
2.6 1.95
2.6 2
2.6 2.2
2.6 2.25
2.6 2.3
2.6 2.35
2.65 1.1
2.65 1.15
2.65 1.2
2.65 1.25
2.65 1.3
2.65 1.35
2.65 1.4
2.65 1.45
2.65 1.65
2.65 1.7
2.85 2.4
3.7 3
3.7 3.05
3.75 3
3.75 3.05
3.8 3
3.85 3
3.9 3
3.95 3
3.95 3.05
4 3
4 3.05
4.05 3
4.05 3.05
4.1 3
4.1 3.05
4.15 3
4.2 2.95
4.2 3
4.25 2.95
4.25 3
5 3.1
5.05 3.1
5.1 3.1
5.15 3.1
5.2 3.1
5.25 3.1
5.35 3.1
5.4 3.15
5.45 3.1
5.6 3.15
5.65 3.15
5.7 3.15
5.75 3.15
5.85 3.15
5.9 3.15
5.95 3.15
6 3.15
6.25 3.15
6.35 3.15
6.4 3.1
6.45 3.25
6.45 3.3
6.5 3.15
6.5 3.2
6.5 3.3
6.55 3.05
6.55 3.2
6.55 3.25
6.6 3.15
6.8 3.2
6.85 3.15
6.85 3.2
6.9 3.05
7.05 3.15
7.05 3.2
7.1 3.05
