-1.85 -1.85
-1.85 -1.8
-1.85 -1.75
-1.85 -1.7
-1.85 -1.65
-1.85 -1.6
-1.85 -1.55
-1.85 -1.5
-1.8 0.4
-1.8 0.45
-1.8 0.5
-1.8 0.55
-1.8 0.6
-1.8 0.65
-1.8 0.7
-1.8 0.75
-1.8 0.8
-1.8 0.85
-1.8 0.9
-1.8 0.95
-1.8 1
-1.8 1.05
-1.8 1.1
-1.8 1.15
-1.8 1.2
-1.8 1.25
-1.8 1.3
-1.8 1.35
-1.8 1.4
-1.8 1.45
-1.75 1.45
-1.75 1.5
-1.75 1.55
-1.75 6.2
-1.7 1.55
-1.7 6.2
-1.65 1.55
-1.65 6.2
-1.6 1.55
-1.6 3.35
-1.6 3.4
-1.6 6.2
-1.55 1.55
-1.55 3.4
-1.55 6.2
-1.5 1.55
-1.5 3.4
-1.5 6.2
-1.45 -0.8
-1.45 1.55
-1.45 2.65
-1.45 2.7
-1.45 2.75
-1.45 2.8
-1.45 2.85
-1.45 6.2
-1.4 -1.05
-1.4 -1
-1.4 -0.95
-1.4 -0.9
-1.4 -0.85
-1.4 -0.8
-1.4 -0.7
-1.4 -0.65
-1.4 -0.6
-1.4 -0.35
-1.4 -0.3
-1.4 -0.25
-1.4 -0.2
-1.4 -0.15
-1.4 -0.1
-1.4 0
-1.4 0.05
-1.4 0.1
-1.4 0.15
-1.4 0.2
-1.4 0.25
-1.4 0.3
-1.4 0.35
-1.4 1.55
-1.4 2.75
-1.4 2.8
-1.4 2.85
-1.4 2.9
-1.4 6.2
-1.35 1.55
-1.35 1.6
-1.35 1.65
-1.35 1.7
-1.35 1.75
-1.35 1.8
-1.35 1.85
-1.35 1.9
-1.35 1.95
-1.35 3.2
-1.35 3.4
-1.35 6.2
-1.3 1.8
-1.3 1.85
-1.3 1.9
-1.3 1.95
-1.3 2
-1.3 2.05
-1.3 2.1
-1.3 2.15
-1.3 2.2
-1.3 2.25
-1.3 2.3
-1.3 3.1
-1.3 3.15
-1.3 3.4
-1.3 6.2
-1.25 3.4
-1.25 3.45
-1.25 6.2
-1.2 3.45
-1.2 3.55
-1.2 3.6
-1.2 6.2
-1.15 -0.35
-1.15 -0.3
-1.15 3.6
-1.15 6.2
-1.1 -0.35
-1.1 6.2
-1.05 6.2
-1 6.2
-0.95 6.2
-0.9 6.2
-0.9 12.45
-0.9 12.55
-0.85 6.2
-0.8 6.2
-0.8 12.45
-0.8 12.55
-0.75 6.2
-0.75 6.4
-0.75 6.75
-0.75 6.8
-0.75 6.85
-0.75 7.45
-0.75 7.5
-0.75 12.15
-0.7 7.3
-0.7 7.6
-0.7 12.45
-0.7 12.55
-0.7 13.7
-0.65 7.6
-0.65 12.1
-0.65 12.15
-0.65 13.45
-0.65 14.6
-0.6 12.55
-0.6 14.55
-0.6 14.6
-0.55 7.1
-0.55 12.15
-0.55 12.3
-0.55 14.4
-0.55 14.45
-0.5 7.1
-0.5 14.6
-0.5 14.65
-0.45 7.1
-0.45 14.5
-0.45 14.55
-0.4 7.1
-0.4 14.25
-0.4 14.6
-0.4 14.65
-0.35 14.5
-0.35 14.55
-0.3 14.25
-0.3 14.4
-0.3 14.45
-0.25 14.45
-0.25 14.5
-0.2 14.35
-0.2 14.4
-0.15 14.45
-0.15 14.5
-0.1 14.4
0 14.25
0 14.35
0.05 14.45
0.05 14.5
0.1 14.35
0.1 14.4
0.15 14.25
0.15 14.45
0.15 14.5
0.2 14.25
0.2 14.35
0.2 14.4
0.6 32.7
0.7 32.75
0.75 32.7
0.8 32.7
0.8 32.75
0.85 32.7
0.85 32.75
0.9 32.7
0.95 32.7
0.95 32.75
1 32.7
1.05 32.7
1.1 32.7
1.1 32.75
1.15 6.1
1.15 6.15
1.15 22.3
1.15 22.35
1.15 32.7
1.2 6.1
1.2 6.15
1.2 22.3
1.2 32.7
1.25 5.15
1.25 6.1
1.25 22.25
1.25 32.7
1.3 -1.35
1.3 -1.3
1.3 -1.25
1.3 -1.2
1.3 -1.15
1.3 -1.1
1.3 -1.05
1.3 -1
1.3 5.15
1.3 5.2
1.3 5.25
1.3 6.1
1.3 32.7
1.35 -1.25
1.35 -1.2
1.35 -1.15
1.35 -1.1
1.35 -1.05
1.35 -1
1.35 -0.95
1.35 -0.9
1.35 -0.85
1.35 -0.8
1.35 -0.75
1.35 -0.7
1.35 -0.65
1.35 -0.6
1.35 -0.55
1.35 -0.5
1.35 -0.45
1.35 -0.4
1.35 -0.35
1.35 -0.3
1.35 -0.25
1.35 -0.2
1.35 -0.15
1.35 -0.1
1.35 5.15
1.35 5.2
1.35 5.25
1.35 5.6
1.35 6.05
1.35 6.1
1.35 22.3
1.35 22.35
1.35 32.7
1.4 -0.1
1.4 5.15
1.4 5.25
1.4 6.05
1.4 13.6
1.4 22.25
1.4 22.3
1.4 32.7
1.45 -0.15
1.45 -0.1
1.45 2
1.45 2.05
1.45 2.1
1.45 2.15
1.45 2.2
1.45 2.25
1.45 2.3
1.45 2.35
1.45 2.4
1.45 5.1
1.45 5.15
1.45 5.2
1.45 5.25
1.45 6.05
1.45 13.65
1.45 13.7
1.45 22.25
1.45 32.7
1.5 1.95
1.5 2
1.5 2.15
1.5 2.3
1.5 5.1
1.5 5.15
1.5 8.95
1.5 13.5
1.5 13.55
1.5 13.6
1.5 13.65
1.5 22.25
1.5 32.65
1.5 32.7
1.55 1.95
1.55 2
1.55 5.1
1.55 5.15
1.55 8.85
1.55 8.95
1.55 9.05
1.55 9.15
1.55 9.55
1.55 9.85
1.55 10.05
1.55 13.5
1.55 13.55
1.55 13.6
1.55 22.25
1.55 22.3
1.55 22.35
1.55 32.7
1.6 1.95
1.6 2
1.6 5.1
1.6 8.95
1.6 10.45
1.6 10.6
1.6 10.65
1.6 10.95
1.6 11.15
1.6 11.6
1.6 11.65
1.6 13.5
1.6 22.3
1.6 32.65
1.65 1.95
1.65 2
1.65 5.05
1.65 5.1
1.65 11.35
1.65 11.5
1.65 13.5
1.65 13.55
1.65 22.25
1.65 32.65
1.7 1.95
1.7 2
1.7 3.45
1.7 3.5
1.7 13.45
1.7 13.5
1.7 30.2
1.7 32.65
1.75 1.95
1.75 3.45
1.75 5.3
1.75 13.45
1.75 13.5
1.75 13.55
1.75 22.25
1.75 22.3
1.75 30.2
1.8 -0.2
1.8 1.95
1.8 3.4
1.8 3.45
1.8 5.35
1.8 13.45
1.8 22.25
1.8 30.25
1.8 32.7
1.85 -0.15
1.85 1.95
1.85 3.4
1.85 13.45
1.85 22.2
1.9 1.95
1.9 2
1.9 4.2
1.9 4.25
1.95 -0.15
1.95 1.95
1.95 4.2
1.95 4.25
1.95 22.25
1.95 30.15
2 1.95
2 4.15
2 4.2
2 22.2
2.05 1.95
2.05 4.15
2.05 4.2
2.05 6.05
2.05 22.2
2.05 30.2
2.1 -0.15
2.1 1.95
2.1 6.05
2.1 22.2
2.1 30.2
2.15 1.95
2.15 2
2.15 6.05
2.15 22.15
2.15 22.2
2.2 -0.2
2.2 1.9
2.2 1.95
2.2 2
2.2 6.05
2.2 22.15
2.2 30.15
2.25 -0.15
2.25 1.9
2.25 1.95
2.25 22.15
2.3 1.95
2.3 22.15
2.3 30.15
2.3 30.2
2.35 1.95
2.35 22.1
2.35 30.2
2.45 1.95
2.45 30.15
2.55 -0.15
2.55 -0.1
2.55 0
2.55 0.05
2.55 0.1
2.55 2
2.55 2.05
2.55 30.15
2.6 1.7
2.6 1.75
2.6 1.8
2.6 1.85
2.6 1.9
2.6 1.95
2.6 2
2.6 30.15
2.65 0.1
2.65 1.65
2.65 1.7
2.65 1.75
2.65 1.8
2.65 1.85
2.65 1.9
2.65 1.95
2.7 0.15
2.7 0.2
2.7 0.25
2.7 0.3
2.7 0.35
2.7 1.7
2.75 0.25
2.75 0.3
2.75 0.35
2.75 0.4
2.75 0.45
2.75 0.5
2.75 0.55
2.75 0.7
2.75 0.75
2.75 0.8
2.75 0.85
2.75 0.9
2.75 0.95
2.75 1
2.75 1.05
2.75 1.3
2.75 1.35
2.75 1.6
2.75 1.65
2.75 1.7
2.8 0.5
2.8 1.25
2.8 1.3
2.8 1.35
2.8 1.4
2.8 1.45
2.8 1.5
2.8 1.55
2.8 1.6
2.8 1.65
3.2 0.55
3.25 0.55
4.1 0.65
4.1 0.7
4.15 0.7
4.15 0.75
4.2 0.65
4.2 0.7
4.4 1.95
4.5 1.9
4.5 1.95
4.55 1.95
4.6 1.95
4.65 1.9
4.75 1.9
4.85 1.9
4.9 1.9
5.05 1.9
5.1 1.9
5.15 1.85
5.15 1.9
5.2 1.85
5.2 1.9
5.3 1.85
5.35 1.85
5.5 1.85
5.65 1.8
5.75 1.85
5.9 1.8
5.9 1.85
6 1.8
6 1.85
6.2 1.7
6.2 1.8
6.45 1.7
6.45 1.75
6.45 1.8
6.75 1.75
6.75 1.85
6.75 1.9
6.75 1.95
7.05 1.8
7.25 1.8
7.3 1.8
7.5 1.8
7.55 1.8
7.7 1.8
7.75 1.75
7.85 1.75
8 1.75
8.2 1.75
8.25 1.75
8.4 1.75
8.45 1.75
8.6 1.7
8.6 1.75
8.75 1.7
8.8 1.55
8.8 1.65
8.9 1.7
8.95 1.6
8.95 1.7
9 1.55
9.05 1.5
9.05 1.6
9.05 1.65
