-1.8 -0.35
-1.8 -0.3
-1.8 -0.25
-1.8 -0.2
-1.8 -0.15
-1.8 -0.1
-1.8 0
-1.8 0.05
-1.8 0.1
-1.8 0.15
-1.8 0.2
-1.8 0.25
-1.8 0.3
-1.75 -0.4
-1.75 0.35
-1.75 0.4
-1.75 0.45
-1.75 0.5
-1.75 0.55
-1.75 0.6
-1.75 0.65
-1.75 0.7
-1.75 0.75
-1.75 0.8
-1.7 0.85
-1.65 2.7
-1.65 2.75
-1.65 5.45
-1.65 5.5
-1.6 2.7
-1.6 2.75
-1.6 5.5
-1.55 2.7
-1.55 2.75
-1.55 5.5
-1.5 2.7
-1.5 5.5
-1.45 5.5
-1.4 -1.1
-1.4 -1.05
-1.4 -1
-1.4 -0.95
-1.4 -0.9
-1.4 -0.85
-1.4 -0.8
-1.4 -0.75
-1.4 -0.7
-1.4 -0.65
-1.4 -0.6
-1.4 -0.55
-1.4 -0.5
-1.4 -0.45
-1.4 1.9
-1.4 2
-1.4 2.65
-1.4 5.5
-1.35 0.85
-1.35 0.9
-1.35 0.95
-1.35 1.85
-1.35 1.9
-1.35 1.95
-1.35 2
-1.35 2.05
-1.35 2.1
-1.35 2.15
-1.35 2.2
-1.35 2.25
-1.35 2.55
-1.35 2.65
-1.35 2.7
-1.35 5.5
-1.3 0.95
-1.3 1
-1.3 1.05
-1.3 1.1
-1.3 1.15
-1.3 1.2
-1.3 1.25
-1.3 1.3
-1.3 1.35
-1.3 1.4
-1.3 1.45
-1.3 1.5
-1.3 1.55
-1.3 1.6
-1.3 1.65
-1.3 1.7
-1.3 1.75
-1.3 2.65
-1.3 2.7
-1.3 5.5
-1.25 2.3
-1.25 2.35
-1.25 2.7
-1.25 5.5
-1.2 2.7
-1.2 5.5
-1.15 -1.05
-1.15 2.7
-1.15 2.8
-1.15 2.85
-1.15 2.9
-1.15 5.5
-1.1 2.9
-1.1 5.5
-1.05 5.5
-1 5.5
-0.95 5.5
-0.9 5.5
-0.85 5.5
-0.85 12.95
-0.8 5.45
-0.8 5.5
-0.8 12.75
-0.75 5.45
-0.75 5.5
-0.75 13
-0.75 13.05
-0.7 5.5
-0.7 12.8
-0.7 13
-0.65 5.5
-0.65 6.1
-0.65 6.7
-0.65 6.8
-0.65 6.85
-0.65 12.8
-0.65 13.1
-0.6 6.85
-0.6 6.9
-0.6 12.8
-0.6 13
-0.55 6.85
-0.55 6.9
-0.55 13
-0.55 13.1
-0.5 6.85
-0.5 13
-0.45 12.85
-0.45 14
-0.45 14.05
-0.45 14.1
-0.4 6.35
-0.4 14.1
-0.35 6.35
-0.35 14.05
-0.35 14.1
-0.3 14.05
-0.3 14.1
-0.25 14.05
-0.25 14.1
-0.2 14.05
-0.2 14.1
-0.15 14.05
-0.15 14.1
-0.1 14.05
-0.1 14.1
-0.05 14.1
0 14.1
0.05 14
0.05 14.05
0.05 14.1
0.1 14.1
0.15 14.05
0.15 14.1
0.2 14.05
0.2 14.1
0.25 14.1
0.3 14
0.3 14.05
0.3 14.25
0.35 14.3
0.35 14.35
0.4 14.4
0.4 14.45
0.45 14.5
0.45 14.6
0.5 14.55
0.5 14.65
0.55 15.45
1.2 5.4
1.2 5.5
1.2 5.55
1.25 5.4
1.3 -1.4
1.3 -1.35
1.3 -1.3
1.3 -1.25
1.3 -1.2
1.3 -1.15
1.3 5.35
1.3 5.4
1.3 31.95
1.3 32
1.35 -1.35
1.35 -1.3
1.35 -1.25
1.35 -1.2
1.35 -1.15
1.35 -1.1
1.35 -1.05
1.35 -1
1.35 -0.95
1.35 -0.9
1.35 -0.85
1.35 4.55
1.35 4.6
1.35 5.35
1.35 31.95
1.4 -0.85
1.4 4.55
1.4 4.65
1.4 5.35
1.4 31.95
1.45 -0.9
1.45 -0.85
1.45 1.25
1.45 4.5
1.45 4.55
1.45 4.6
1.45 5.35
1.45 31.95
1.5 -0.9
1.5 -0.85
1.5 1.2
1.5 1.25
1.5 1.3
1.5 1.35
1.5 1.4
1.5 1.45
1.5 1.5
1.5 1.55
1.5 1.6
1.5 1.65
1.5 2.35
1.5 4.55
1.5 4.6
1.5 5.3
1.5 5.35
1.5 31.95
1.5 32
1.55 -0.9
1.55 -0.85
1.55 1.2
1.55 2.35
1.55 4.5
1.55 4.55
1.55 4.6
1.55 5.3
1.55 31.95
1.6 -0.9
1.6 1.2
1.6 1.25
1.6 4.4
1.6 4.5
1.6 4.55
1.6 21.55
1.6 31.95
1.6 32
1.65 -0.9
1.65 1.2
1.65 1.25
1.65 2.55
1.65 4.35
1.65 4.4
1.65 4.45
1.65 7.9
1.65 7.95
1.65 8.25
1.65 8.3
1.65 12.8
1.65 12.9
1.65 13
1.65 21.5
1.65 21.55
1.65 31.95
1.7 -0.9
1.7 1.2
1.7 4.35
1.7 4.4
1.7 8.9
1.7 9.15
1.7 9.25
1.7 9.3
1.7 12.9
1.7 21.5
1.7 31.95
1.75 -0.9
1.75 2.7
1.75 4.35
1.75 4.4
1.75 9.85
1.75 10.05
1.75 10.1
1.75 10.9
1.75 10.95
1.75 12.75
1.75 12.8
1.75 12.85
1.75 21.5
1.75 21.55
1.75 31.95
1.75 32
1.8 -0.95
1.8 -0.9
1.8 2.65
1.8 2.7
1.8 4.45
1.8 10.6
1.8 10.75
1.8 10.8
1.8 12.75
1.8 12.8
1.8 21.5
1.8 31.95
1.85 -0.9
1.85 2.65
1.85 2.7
1.85 12.7
1.85 12.75
1.85 21.5
1.85 31.95
1.9 -0.9
1.9 2.65
1.9 12.7
1.9 21.45
1.9 21.5
1.9 31.95
1.95 -0.9
1.95 3.5
1.95 4.7
1.95 12.7
1.95 21.5
1.95 31.9
1.95 31.95
2 -0.9
2 3.45
2 3.5
2 12.7
2 21.5
2 31.95
2.05 -0.9
2.05 3.45
2.05 12.65
2.05 21.45
2.05 31.9
2.05 31.95
2.1 -0.9
2.1 3.45
2.1 21.45
2.1 21.5
2.1 31.9
2.1 31.95
2.15 -0.9
2.15 3.4
2.15 3.45
2.15 21.45
2.15 21.5
2.15 31.95
2.2 -0.95
2.2 -0.9
2.2 3.4
2.2 5.3
2.2 21.45
2.2 21.5
2.2 31.9
2.2 31.95
2.25 -0.95
2.25 -0.9
2.25 5.3
2.25 21.45
2.25 31.9
2.3 -0.95
2.3 -0.9
2.3 5.25
2.3 21.45
2.3 21.5
2.3 31.9
2.35 -0.9
2.35 5.25
2.35 21.45
2.35 31.9
2.35 31.95
2.4 -0.95
2.4 -0.9
2.4 21.4
2.4 21.45
2.4 31.9
2.45 -0.95
2.45 21.4
2.45 31.9
2.5 -0.95
2.5 -0.9
2.5 -0.85
2.5 21.4
2.5 21.45
2.55 -0.9
2.55 -0.85
2.55 -0.8
2.55 -0.75
2.55 -0.7
2.55 21.4
2.6 21.4
2.65 -0.7
2.65 0.9
2.65 0.95
2.65 1
2.65 1.05
2.65 1.1
2.65 1.15
2.65 21.35
2.65 21.4
2.7 -0.7
2.7 -0.65
2.7 -0.6
2.7 -0.55
2.7 -0.5
2.7 -0.45
2.7 -0.4
2.7 -0.35
2.7 21.35
2.75 -0.35
2.75 -0.3
2.75 -0.1
2.75 -0.05
2.75 0
2.75 0.05
2.75 0.1
2.75 0.15
2.75 0.2
2.75 0.25
2.75 0.3
2.75 0.5
2.75 0.55
2.75 0.85
2.75 0.9
2.75 21.35
2.75 21.4
2.8 0.3
2.8 0.45
2.8 0.5
2.8 0.55
2.8 0.6
2.8 0.65
2.8 0.7
2.8 0.75
2.8 0.8
2.8 0.85
2.8 21.35
5 -0.85
5.05 -0.85
5.05 -0.8
5.05 -0.75
5.05 -0.7
5.05 -0.65
5.1 -0.65
5.1 -0.6
5.1 -0.55
5.1 -0.5
5.1 -0.45
5.1 -0.4
6.3 1
6.6 0.95
6.65 0.95
6.85 0.9
6.95 0.95
7.1 0.95
7.2 0.9
7.25 0.9
7.65 0.9
7.8 0.9
7.85 0.75
8.1 0.9
8.55 0.7
8.55 0.8
8.55 0.85
9.1 0.6
9.1 0.65
9.1 0.75
9.1 0.8
9.1 0.9
9.1 1
