-1.8 -0.9
-1.8 -0.85
-1.8 -0.8
-1.8 -0.75
-1.8 -0.7
-1.8 -0.65
-1.8 -0.6
-1.8 -0.55
-1.8 -0.5
-1.8 -0.45
-1.8 -0.4
-1.8 -0.35
-1.8 -0.3
-1.75 -0.9
-1.75 -0.25
-1.75 -0.2
-1.75 -0.15
-1.75 -0.1
-1.75 -0.05
-1.75 0
-1.75 0.05
-1.75 0.1
-1.75 0.15
-1.75 0.2
-1.75 0.25
-1.7 -0.9
-1.7 0.3
-1.65 -0.9
-1.6 -0.9
-1.55 -0.9
-1.5 -0.95
-1.5 -0.9
-1.5 2.2
-1.5 2.25
-1.45 -1.2
-1.45 -1.15
-1.45 -1.1
-1.45 2.2
-1.4 -1.2
-1.4 -1
-1.4 -0.95
-1.4 -0.9
-1.4 5
-1.35 2.1
-1.35 2.15
-1.35 5
-1.3 0.35
-1.3 0.4
-1.3 0.45
-1.3 0.5
-1.3 0.55
-1.3 1.3
-1.3 1.35
-1.3 1.4
-1.3 1.45
-1.3 1.5
-1.3 1.55
-1.3 1.6
-1.3 1.65
-1.3 1.7
-1.3 2.1
-1.3 2.15
-1.3 5
-1.25 0.6
-1.25 0.65
-1.25 0.7
-1.25 0.75
-1.25 0.8
-1.25 0.85
-1.25 0.9
-1.25 0.95
-1.25 1
-1.25 1.05
-1.25 1.1
-1.25 1.15
-1.25 1.6
-1.25 1.65
-1.25 1.7
-1.25 1.75
-1.25 1.95
-1.25 2.15
-1.25 5
-1.2 1.15
-1.2 1.9
-1.2 2.15
-1.2 4.95
-1.2 5
-1.15 1.75
-1.15 1.8
-1.15 2.15
-1.15 4.95
-1.15 5
-1.1 2.15
-1.1 2.2
-1.1 4.95
-1.05 2.15
-1.05 2.2
-1.05 2.25
-1.05 2.45
-1.05 4.95
-1 2.2
-1 2.3
-1 2.35
-1 2.45
-1 4.95
-0.95 4.95
-0.9 4.95
-0.85 4.95
-0.8 4.95
-0.75 4.95
-0.7 4.95
-0.65 4.95
-0.6 4.95
-0.55 4.95
-0.5 4.95
-0.45 4.95
-0.4 4.95
-0.35 5.5
-0.35 5.55
-0.35 6.15
-0.3 6.3
-0.25 6.3
-0.25 12.4
-0.25 12.45
-0.2 6.3
-0.2 12.4
-0.2 12.45
-0.15 12.4
-0.15 12.45
-0.1 12.4
-0.1 12.45
0 12.2
0 12.4
0 12.45
0.05 12.4
0.05 12.45
0.1 12.2
0.1 12.45
0.1 12.5
0.15 12.4
0.15 12.45
0.2 12.2
0.2 12.45
0.2 12.5
0.25 13.15
0.25 13.5
0.3 13.5
0.3 13.55
0.3 13.6
0.35 13.7
0.4 13.75
0.45 13.7
0.5 13.7
0.5 13.75
0.55 13.65
0.55 13.75
0.6 13.7
0.65 13.7
0.65 13.75
0.7 13.65
0.7 13.7
0.75 13.6
0.75 13.65
0.75 13.7
0.8 13.65
0.85 13.55
0.85 13.65
0.85 13.7
0.9 13.5
0.9 13.6
0.9 13.65
0.95 13.65
1 13.55
1 13.65
1 13.7
1.05 13.7
1.1 13.85
1.15 13.85
1.15 13.95
1.2 13.9
1.2 14
1.25 14.3
1.3 14.4
1.3 14.45
1.35 14.5
1.35 14.55
1.4 14.45
1.4 14.5
1.4 14.55
1.45 -1.55
1.45 4.75
1.45 4.8
1.5 -1.55
1.5 0.55
1.5 0.6
1.5 0.65
1.5 0.7
1.5 0.75
1.5 4.75
1.5 4.9
1.55 -1.55
1.55 0.55
1.55 0.65
1.55 0.7
1.55 0.75
1.55 0.8
1.55 0.85
1.55 0.9
1.55 0.95
1.55 1
1.55 4.7
1.55 4.75
1.6 -1.55
1.6 0.55
1.6 4.7
1.65 -1.55
1.65 4.7
1.7 -1.55
1.7 4.7
1.75 -1.6
1.75 4.2
1.75 4.65
1.75 4.7
1.8 -1.6
1.8 3.9
1.8 4.65
1.85 -1.6
1.85 1.95
1.85 3.65
1.85 3.7
1.85 3.8
1.85 3.85
1.85 3.9
1.85 3.95
1.85 4.05
1.85 4.1
1.85 4.65
1.9 -1.6
1.9 2
1.9 3.65
1.9 3.7
1.9 3.75
1.9 3.8
1.9 3.85
1.9 3.9
1.9 4.05
1.9 4.15
1.9 4.2
1.9 4.55
1.9 4.65
1.95 -1.6
1.95 1.95
1.95 2
1.95 3.6
1.95 3.65
1.95 3.7
1.95 4.6
1.95 6.4
1.95 6.55
1.95 6.6
1.95 6.65
1.95 6.85
2 -1.6
2 1.95
2 2
2 3.7
2 4.5
2 4.6
2 6.85
2 6.95
2 7.05
2 7.15
2 7.2
2.05 -1.65
2.05 -1.6
2.05 4.6
2.05 7.4
2.05 7.5
2.05 7.55
2.05 7.85
2.05 7.9
2.1 -1.65
2.1 -1.6
2.1 2.8
2.1 7.9
2.1 7.95
2.1 8.1
2.1 8.2
2.1 8.3
2.15 -1.65
2.15 -1.6
2.15 2.75
2.15 2.8
2.15 8.5
2.15 8.6
2.15 8.65
2.15 8.75
2.15 8.8
2.2 -1.65
2.2 -1.6
2.2 2.75
2.25 -1.65
2.25 -1.6
2.25 2.75
2.25 9.4
2.25 9.5
2.3 -1.65
2.3 -1.6
2.3 2.7
2.3 2.75
2.3 10.05
2.3 10.2
2.3 10.25
2.3 12.05
2.35 -1.6
2.35 12
2.35 12.05
2.4 -1.65
2.4 -1.6
2.4 12
2.4 12.05
2.45 -1.65
2.45 -1.6
2.45 -1.55
2.45 -1.5
2.45 -1.45
2.45 12
2.45 12.05
2.5 -1.45
2.5 -1.4
2.5 11.95
2.5 12
2.55 -1.45
2.55 -1.4
2.55 11.95
2.55 12
2.6 -1.4
2.6 0.5
2.6 11.95
2.65 -1.4
2.65 -1.35
2.65 -1.3
2.65 -1.25
2.65 -1.2
2.65 -1.15
2.65 -1.1
2.65 0.2
2.65 0.25
2.65 0.3
2.65 0.35
2.65 11.95
2.7 -1.15
2.7 -1.1
2.7 -1.05
2.7 -1
2.7 -0.8
2.7 -0.75
2.7 -0.7
2.7 0.35
2.7 0.4
2.7 0.45
2.75 -0.7
2.75 -0.65
2.75 -0.6
2.75 -0.55
2.75 -0.5
2.75 -0.3
2.75 -0.25
2.75 0.15
2.8 -0.3
2.8 -0.25
2.8 -0.2
2.8 -0.15
2.8 -0.1
2.8 -0.05
2.8 0
2.8 0.05
2.8 0.1
2.8 0.15
2.95 -0.55
2.95 20.75
3 20.75
3.05 -0.6
3.05 20.75
3.1 20.7
3.1 20.75
3.1 31.25
3.15 20.7
3.15 20.75
3.15 31.25
3.15 31.3
3.2 20.7
3.2 20.75
3.2 31.3
3.25 20.7
3.25 31.25
3.25 31.3
3.3 20.65
3.3 20.7
3.3 31.25
3.35 20.7
3.35 31.25
3.4 20.7
3.4 31.25
3.45 20.65
3.45 20.7
3.45 31.25
3.5 20.65
3.5 31.25
3.55 20.7
3.55 31.2
3.55 31.25
3.6 20.65
3.6 31.2
3.65 20.6
3.65 20.65
3.65 31.2
3.7 20.6
3.7 20.65
3.7 31.2
3.75 20.6
3.75 31.2
3.8 20.6
3.8 20.65
3.8 31.2
3.8 31.25
3.85 20.6
3.85 31.15
3.85 31.2
3.9 20.55
3.9 31.15
3.95 20.6
3.95 31.15
4 31.15
4.05 31.15
4.1 31.15
4.15 -0.9
4.15 31.1
4.2 31.1
4.2 31.15
4.25 31.1
4.3 31.1
4.35 -0.95
4.35 31.1
4.4 -0.95
4.4 31.05
4.45 31.05
4.45 31.1
4.5 31.05
4.7 -2.05
4.7 -2
4.75 -2
4.75 -1.95
4.75 -1.9
4.8 -1.85
4.8 -1.8
4.85 -1.85
4.85 -1.75
4.9 -1.8
4.9 -1.75
4.95 -1.75
4.95 -1.7
4.95 -1.65
4.95 -1.6
4.95 -1.1
4.95 -0.95
4.95 -0.9
4.95 -0.85
5 -1.6
5 -1.55
5 -1.5
5 -0.9
5.05 -1.1
5.05 -1.05
8.9 -1.65
8.9 -1.6
8.9 -1.55
8.9 -1.45
8.95 -1.5
8.95 -1.45
8.95 -1.4
8.95 -1.35
9 -1.4
9 -1.3
