-1.8 -1.45
-1.8 -1.4
-1.8 -1.35
-1.8 -1.3
-1.8 -1.25
-1.8 -1.2
-1.8 -1.15
-1.8 -1.1
-1.8 -1.05
-1.8 -1
-1.8 -0.95
-1.75 -1.45
-1.75 -0.85
-1.75 -0.8
-1.75 -0.75
-1.75 -0.7
-1.75 -0.65
-1.75 -0.6
-1.75 -0.55
-1.75 -0.5
-1.7 -1.45
-1.7 -0.45
-1.65 -1.45
-1.6 -1.45
-1.55 -1.45
-1.55 1.65
-1.5 -1.5
-1.5 -1.45
-1.5 0.7
-1.5 0.75
-1.5 1.65
-1.5 2.5
-1.45 1.65
-1.45 2.5
-1.45 2.55
-1.45 4.4
-1.45 4.45
-1.4 1.6
-1.4 2.55
-1.4 2.6
-1.4 4.4
-1.4 4.45
-1.35 0.8
-1.35 1.2
-1.35 1.6
-1.35 4.4
-1.35 4.45
-1.3 -0.3
-1.3 -0.25
-1.3 -0.2
-1.3 -0.15
-1.3 0.85
-1.3 0.9
-1.3 0.95
-1.3 1
-1.3 1.05
-1.3 1.1
-1.3 1.2
-1.3 1.6
-1.3 4.4
-1.25 0
-1.25 0.05
-1.25 0.1
-1.25 0.15
-1.25 0.2
-1.25 0.25
-1.25 0.3
-1.25 0.35
-1.25 0.4
-1.25 0.45
-1.25 0.5
-1.25 0.55
-1.25 0.6
-1.25 1.55
-1.25 1.6
-1.25 4.4
-1.2 1.15
-1.2 1.2
-1.2 1.6
-1.2 2.05
-1.2 4.4
-1.15 1.2
-1.15 1.25
-1.15 1.55
-1.15 1.6
-1.15 4.4
-1.1 1.6
-1.1 4.4
-1.05 1.6
-1.05 1.65
-1.05 1.7
-1.05 1.75
-1.05 1.8
-1.05 4.4
-1 1.75
-1 4.4
-0.95 4.4
-0.9 4.4
-0.85 4.35
-0.85 4.4
-0.8 4.35
-0.8 4.4
-0.75 4.35
-0.75 4.4
-0.7 4.35
-0.7 4.4
-0.65 4.35
-0.6 4.35
-0.55 4.35
-0.5 4.35
-0.45 4.35
-0.4 4.35
-0.4 4.75
-0.4 5.1
-0.4 5.15
-0.4 5.6
-0.35 5.7
-0.35 5.75
-0.35 11.6
-0.35 11.85
-0.3 5.75
-0.3 11.8
-0.3 11.85
-0.25 5.75
-0.25 11.85
-0.25 11.9
-0.2 5.75
-0.2 11.8
-0.2 11.85
-0.15 11.85
-0.1 11.8
-0.1 11.85
-0.1 11.9
0 11.85
0.05 11.8
0.05 11.85
0.05 11.9
0.1 11.85
0.15 12.65
0.15 12.7
0.2 12.95
0.2 13.05
0.2 13.1
0.25 13.3
0.3 13.4
0.35 13.25
0.35 13.35
0.35 13.4
0.4 13.35
0.4 13.4
0.45 13.4
0.5 13.3
0.5 13.35
0.55 13.4
0.6 13.25
0.6 13.3
0.65 13.3
0.65 13.35
0.7 13.2
0.7 13.25
0.75 13.25
0.8 13.15
0.8 13.2
0.8 13.25
0.85 13.2
0.85 13.25
0.9 13.15
0.9 13.2
0.9 13.25
0.95 13.2
0.95 13.25
0.95 13.3
1 13.3
1 13.35
1.05 13.35
1.1 13.5
1.1 13.55
1.15 13.4
1.15 13.65
1.15 13.7
1.45 4.2
1.45 4.25
1.45 4.4
1.5 0
1.5 0.05
1.5 0.1
1.5 0.15
1.5 0.2
1.5 0.25
1.5 0.3
1.5 4.2
1.55 0
1.55 0.2
1.55 0.25
1.55 0.3
1.55 0.35
1.55 0.4
1.55 0.45
1.55 4.2
1.6 0
1.6 4.2
1.65 1.1
1.65 4.15
1.65 4.2
1.7 4.15
1.7 4.2
1.75 1.2
1.75 4.15
1.8 1.2
1.8 4.1
1.8 4.15
1.85 3.05
1.85 3.1
1.85 4.1
1.85 4.15
1.9 3
1.9 3.05
1.9 3.1
1.9 4.1
1.9 4.15
1.9 5.9
1.9 5.95
1.9 6.05
1.9 6.15
1.95 1.4
1.95 1.45
1.95 3.05
1.95 4.05
1.95 4.1
1.95 4.15
1.95 6.45
1.95 6.55
1.95 6.6
1.95 6.7
2 1.4
2 4.1
2 4.15
2 7.05
2.05 4.1
2.05 7.45
2.05 7.55
2.05 7.6
2.05 7.7
2.05 7.8
2.05 7.9
2.1 -2.2
2.1 2.2
2.1 2.25
2.1 2.3
2.1 4.05
2.1 4.1
2.1 8.1
2.1 8.15
2.1 8.25
2.1 8.3
2.15 -2.2
2.15 2.2
2.15 2.25
2.15 4.05
2.15 4.1
2.15 8.7
2.15 8.75
2.2 -2.2
2.2 2.2
2.2 4.05
2.2 4.1
2.2 9.05
2.2 9.1
2.2 9.65
2.2 11.45
2.25 -2.2
2.25 -2.15
2.25 2.2
2.25 4.05
2.25 4.1
2.25 9.55
2.25 11.45
2.3 -2.2
2.3 -2.15
2.3 2.2
2.3 4.05
2.3 4.1
2.3 11.45
2.35 -2.15
2.35 4.05
2.35 4.1
2.35 11.45
2.4 -2.2
2.4 -2.15
2.4 4.05
2.4 4.1
2.4 11.4
2.4 11.45
2.45 -2.15
2.45 -2.1
2.45 -2.05
2.45 -2
2.45 4
2.45 4.05
2.45 11.4
2.5 -2
2.5 -1.95
2.5 4
2.5 4.05
2.5 11.4
2.55 -1.95
2.55 11.35
2.55 11.4
2.6 -1.95
2.6 -1.9
2.6 -0.15
2.6 -0.1
2.6 11.4
2.65 -1.95
2.65 -1.9
2.65 -1.85
2.65 -1.8
2.65 -1.75
2.65 -1.7
2.65 -1.65
2.65 -1.6
2.65 -0.4
2.65 -0.35
2.65 -0.3
2.65 -0.25
2.65 -0.2
2.65 -0.15
2.65 -0.1
2.7 -1.7
2.7 -1.65
2.7 -1.6
2.7 -1.55
2.7 -1.4
2.7 -1.35
2.7 -1.3
2.7 -1.25
2.7 -1.2
2.7 -1.15
2.75 -1.2
2.75 -1.15
2.75 -1.1
2.75 -1.05
2.75 -0.85
2.75 -0.8
2.75 -0.75
2.75 -0.7
2.75 -0.45
2.8 -1.05
2.8 -0.75
2.8 -0.7
2.8 -0.65
2.8 -0.6
2.8 -0.55
2.8 -0.5
2.85 -1.1
2.85 30.7
2.85 30.75
2.9 30.7
2.95 30.7
2.95 30.75
3 20.15
3.05 20.15
3.05 20.2
3.05 30.7
3.1 20.15
3.1 30.7
3.15 20.15
3.15 30.7
3.2 20.15
3.2 30.7
3.25 20.1
3.25 30.7
3.3 20.15
3.3 30.7
3.35 20.1
3.35 20.15
3.35 30.7
3.4 20.1
3.4 30.65
3.4 30.7
3.45 20.1
3.45 30.65
3.5 20.1
3.5 20.15
3.5 30.65
3.5 30.7
3.55 20.1
3.55 30.65
3.6 20.05
3.6 20.1
3.6 27.75
3.6 30.65
3.65 20.1
3.65 30.65
3.7 20.05
3.7 27.75
3.7 30.6
3.7 30.65
3.75 20.05
3.75 27.7
3.75 27.75
3.75 30.6
3.8 20.05
3.8 27.85
3.85 20.05
3.85 30.6
3.9 27.75
3.9 30.6
3.95 27.7
3.95 30.6
4 27.7
4 27.8
4 30.55
4.05 27.65
4.05 27.7
4.1 -1.7
4.1 -1.65
4.1 -1.6
4.1 -1.5
4.1 -1.45
4.1 27.7
4.15 -1.7
4.15 -1.65
4.15 -1.6
4.15 -1.55
4.15 -1.5
4.15 -1.45
4.15 -1.4
4.2 -1.45
4.2 30.55
4.25 27.65
4.25 30.55
4.3 30.55
4.5 -2.8
4.55 -2.8
4.6 -2.8
4.65 -2.8
4.65 -2.75
4.65 -2.7
4.7 -2.7
4.8 -1.55
4.95 -1.65
4.95 -1.6
4.95 -1.55
