-1.85 -1.8
-1.8 -1.8
-1.8 -1.7
-1.8 -1.65
-1.8 -1.6
-1.8 -1.55
-1.8 -1.5
-1.8 -1.45
-1.8 -1.4
-1.75 -1.3
-1.75 -1.25
-1.75 0.1
-1.75 0.15
-1.75 0.2
-1.65 1.95
-1.6 0.75
-1.6 0.8
-1.6 1.95
-1.6 2
-1.55 1.95
-1.55 2
-1.5 1.1
-1.5 2
-1.45 1.95
-1.45 2
-1.4 1.05
-1.4 2
-1.4 2.05
-1.4 3.85
-1.4 3.9
-1.35 0.6
-1.35 1.05
-1.35 3.85
-1.35 3.9
-1.3 -0.85
-1.3 -0.8
-1.3 -0.75
-1.3 -0.7
-1.3 -0.65
-1.3 -0.6
-1.3 0.25
-1.3 0.3
-1.3 0.35
-1.3 0.4
-1.3 0.45
-1.3 0.5
-1.3 0.55
-1.3 3.85
-1.25 -0.5
-1.25 -0.45
-1.25 -0.4
-1.25 -0.35
-1.25 -0.3
-1.25 -0.25
-1.25 -0.2
-1.25 -0.15
-1.25 -0.1
-1.25 1.05
-1.25 3.85
-1.2 0
-1.2 0.05
-1.2 1.05
-1.2 3.85
-1.15 1.05
-1.15 1.4
-1.15 3.85
-1.1 1.05
-1.1 3.85
-1.05 1.05
-1.05 1.1
-1.05 1.15
-1.05 1.25
-1.05 3.85
-1 1.15
-1 1.2
-1 3.85
-0.95 3.85
-0.9 3.85
-0.85 3.8
-0.85 3.85
-0.8 3.8
-0.8 3.85
-0.75 3.8
-0.75 3.85
-0.7 3.8
-0.7 3.85
-0.65 3.8
-0.6 3.8
-0.55 3.8
-0.5 3.8
-0.45 3.8
-0.4 3.8
-0.4 5.05
-0.35 3.8
-0.35 5.05
-0.35 5.1
-0.3 5.15
-0.3 5.2
-0.25 5.2
-0.25 5.25
-0.25 10.55
-0.2 5.2
-0.2 5.25
-0.2 10.35
-0.2 11.25
-0.2 11.3
-0.15 5.2
-0.15 10.3
-0.15 10.35
-0.15 10.55
-0.1 10.35
-0.1 11.25
-0.1 11.3
0 10.3
0 10.55
0.05 10.35
0.05 11.25
0.05 11.3
0.1 10.55
0.15 11.25
0.15 11.3
0.2 11
0.2 11.05
0.2 11.25
0.25 11.55
0.25 11.6
0.3 12.2
0.3 12.25
0.3 12.35
0.35 12.6
0.35 12.65
0.4 12.7
0.4 12.75
0.45 12.85
0.55 12.85
0.55 15.3
0.6 15.35
0.75 12.75
0.75 15.35
0.75 15.85
0.75 15.9
0.8 12.75
0.85 12.7
0.85 12.75
0.85 15.35
0.85 15.85
0.85 15.9
0.9 12.75
0.9 13
0.9 13.05
0.9 15.85
0.95 12.75
1 12.75
1 12.8
1 15.85
1 15.9
1.05 12.75
1.05 12.8
1.1 12.75
1.1 12.8
1.15 12.75
1.15 12.8
1.2 12.75
1.2 12.8
1.2 12.85
1.25 12.9
1.5 -0.6
1.5 -0.55
1.5 -0.5
1.5 -0.45
1.5 -0.4
1.5 -0.35
1.5 -0.3
1.5 -0.25
1.5 3.6
1.5 3.65
1.5 3.75
1.5 3.8
1.55 -0.3
1.55 -0.25
1.55 -0.2
1.55 3.6
1.55 3.65
1.6 0.55
1.6 3.6
1.6 3.65
1.65 0.5
1.65 0.55
1.65 3.6
1.65 3.65
1.7 1.95
1.7 3.6
1.7 3.65
1.75 1.9
1.75 1.95
1.75 3.6
1.8 -0.75
1.8 3.55
1.8 3.6
1.85 3.6
1.9 2.45
1.9 2.5
1.9 3.55
1.9 3.6
1.9 5
1.95 2.45
1.95 2.5
1.95 3.55
1.95 3.6
1.95 5.25
1.95 5.35
1.95 5.4
1.95 5.45
2 3.55
2 3.6
2 5.85
2 5.9
2 5.95
2 11
2.05 -0.3
2.05 -0.25
2.05 3.5
2.05 3.55
2.05 6.3
2.05 6.35
2.05 6.45
2.05 11
2.1 -0.3
2.1 -0.25
2.1 1.65
2.1 1.7
2.1 3.5
2.1 3.55
2.1 6.8
2.1 6.9
2.1 10.95
2.15 1.6
2.15 1.65
2.15 3.5
2.15 3.55
2.15 3.6
2.15 7.25
2.15 7.4
2.15 7.45
2.15 10.95
2.2 1.6
2.2 3.55
2.2 3.6
2.2 7.75
2.2 7.85
2.2 8.2
2.2 10.95
2.25 1.6
2.25 3.5
2.25 3.55
2.25 8.15
2.25 8.2
2.25 8.3
2.25 8.35
2.25 8.4
2.25 8.6
2.25 8.65
2.3 1.6
2.3 3.5
2.3 3.55
2.3 8.8
2.3 8.9
2.3 9.05
2.3 9.1
2.3 10.9
2.3 10.95
2.35 3.5
2.35 10.9
2.4 3.5
2.4 10.9
2.45 -2.55
2.45 3.5
2.45 10.85
2.45 10.9
2.5 -2.55
2.5 3.45
2.5 3.5
2.5 10.85
2.55 -2.55
2.55 3.45
2.55 10.85
2.6 -2.55
2.6 -2.5
2.6 -2.45
2.6 -2.4
2.6 -2.35
2.6 10.8
2.6 10.85
2.65 -2.35
2.65 -2.3
2.65 -2.25
2.65 -2.2
2.65 -2.15
2.65 -1.95
2.65 -1.9
2.65 10.8
2.65 10.85
2.7 -2.15
2.7 -1.95
2.7 -1.9
2.7 -1.85
2.7 -1.8
2.7 -1.75
2.7 -1.7
2.7 -1.65
2.7 10.8
2.75 -1.65
2.75 -1.6
2.75 -1.45
2.75 -1.4
2.75 -1.35
2.75 -1.3
2.75 -1.25
2.75 -1.2
3.15 30.1
3.15 30.15
3.2 30.15
3.25 30.1
3.25 30.15
3.3 30.1
3.3 30.15
3.35 19.65
3.4 30.1
3.45 19.55
3.45 19.6
3.45 19.65
3.45 30.1
3.5 19.55
3.5 30.05
3.5 30.1
3.55 30.1
3.6 19.4
3.65 30.05
3.7 30.05
3.7 30.1
3.75 30.05
3.8 27.2
3.8 30.05
3.85 27.2
3.85 27.25
3.85 30.05
3.9 27.3
3.9 27.35
3.95 27.15
3.95 27.35
3.95 27.4
3.95 30.05
4 -3.35
4 30
4.05 -3.35
4.05 27.15
4.05 27.2
4.05 30
4.1 -3.35
4.1 -3.3
4.1 27.2
4.1 27.25
4.1 30
4.15 -3.4
4.15 -3.35
4.15 27.1
4.15 27.3
4.15 27.35
4.2 -3.4
4.2 -3.35
4.2 27.35
4.25 -3.4
4.25 27.1
4.3 -3.4
4.3 -3.35
4.3 27.15
4.35 -3.4
4.35 27.2
4.35 27.25
4.35 27.3
4.4 -3.4
4.4 -3.35
4.4 27.1
4.4 27.3
4.45 -3.4
4.45 -3.35
4.45 -2.4
4.5 -3.35
4.5 -3.3
4.5 27.1
4.55 27.1
4.55 27.15
4.6 27.2
4.6 27.25
4.65 27.25
4.75 -2.85
4.75 -2.8
4.75 -2.75
4.8 -2.8
4.8 -2.75
4.8 -2.7
4.85 -2.7
4.85 -2.65
