-14.85 0.55
-14.85 0.7
-14.85 0.8
-14.85 0.85
-14.85 0.9
-14.85 0.95
-14.85 1
-14.85 1.05
-14.8 0.5
-14.8 0.6
-14.8 0.75
-14.8 1.1
-14.8 1.2
-14.8 1.25
-14.75 1.15
-14.75 1.3
-14.75 1.35
-14.75 1.4
-14.75 1.45
-14.75 1.5
-12.3 0.35
-12.25 0.3
-12.2 0.2
-12.2 0.25
-12.05 0.15
-11.85 -0.35
-11.85 -0.25
-11.85 -0.15
-11.85 0
-11.85 0.1
-11.8 0.05
-11.75 -0.3
-11.75 -0.2
-11.7 -0.1
-11.45 -0.4
-10.65 -0.4
-7.7 -0.3
-7.7 1.85
-7.7 1.95
-7.7 2
-7.65 -0.35
-7.55 -0.4
-7.4 -0.45
-7.2 -0.5
-7.05 -0.55
-7 -0.65
-7 -0.6
-6.95 -0.7
-6.75 2.1
-6.7 -1.7
-6.7 -1.65
-6.7 -0.75
-6.7 2.15
-6.7 2.25
-6.65 -1.75
-6.65 -1.6
-6.65 -1.55
-6.65 -1.25
-6.65 -1.2
-6.65 -1.15
-6.65 -1.1
-6.65 -1.05
-6.65 -1
-6.6 -1.5
-6.6 -1.45
-6.6 -1.4
-6.6 -1.35
-6.6 -1.3
-6.6 -0.95
-6.6 -0.9
-6.6 -0.85
-6.6 -0.8
-6.6 1.65
-6.55 1.75
-6.1 1.15
-6.1 1.2
-6.05 1.25
-6.05 1.3
-6.05 1.35
-6.05 1.4
-5.4 -1.6
-5.25 -1.65
-5 -1.7
-4.8 -1.75
-4.6 -1.8
-3.8 1.05
-3.6 -1.65
-3.6 -1.6
-3.55 -1.65
-3.5 -1.65
-3.45 -2.05
-3.45 -1.7
-3.45 -1.65
-3.4 -2.1
-3.4 -2.05
-3.4 -1.95
-3.4 -1.9
-3.4 -1.85
-3.4 -1.7
-3.35 -2.1
-3.35 -1.75
-3.35 -1.7
-3.3 -2.15
-3.3 -2.1
-3.25 -2.15
-3.2 -2.15
-3.15 -2.15
-3.1 -2.15
-3.05 -2.2
-3.05 -2.15
-3 -2.2
-2.95 -2.2
-2.9 -2.2
-2.85 -2.25
-2.85 -2.2
-2.8 -2.25
-2.75 -2.25
-2.7 -2.25
-2.65 -2.65
-2.65 -2.3
-2.65 -2.25
-2.6 -2.55
-2.6 -2.5
-2.6 -2.45
-2.6 -2.4
-2.6 -2.3
-2.55 -2.3
-1.35 2.1
-1.3 1.45
-1.3 1.5
-1.3 1.55
-1.3 1.6
-1.3 1.65
-1.3 2.05
-1.3 2.1
-1.25 1.65
-1.25 1.7
-1.25 1.75
-1.25 1.8
-1.25 2.1
-1.2 1.75
-1.2 1.8
-1.2 1.85
-1.2 2.1
-1.15 1.8
-1.15 2.05
-1.15 2.1
-1.1 2.05
-1.05 2.05
-1 2
-1 2.05
-0.95 1.95
-0.9 1.95
-0.85 1.9
-0.8 1.9
-0.75 1.85
-0.75 1.95
-0.75 2
-0.7 1.95
-0.7 2
-0.65 1.95
-0.6 1.35
-0.6 1.95
-0.55 0.3
-0.55 0.35
-0.55 1.9
-0.5 0.4
-0.5 1.75
-0.45 0.45
-0.45 0.5
-0.45 0.55
-0.45 0.6
-0.45 0.65
-0.45 0.7
-0.45 1.9
-0.4 0.5
-0.4 1.45
-0.4 1.5
-0.4 1.9
-0.35 1.9
-0.3 1.85
-0.3 1.9
-0.25 1.85
-0.2 1.85
-0.15 1.85
-0.1 1.8
-0.1 1.85
0 2.05
0.05 3.5
0.1 3.45
0.1 3.5
0.15 3.45
0.15 3.5
0.2 3.45
0.25 3.45
0.3 3.45
0.35 3.45
0.4 0
0.4 3.5
0.45 0
0.45 0.15
0.45 0.2
0.45 0.25
0.45 0.3
0.5 0
0.5 0.05
0.5 0.1
0.5 0.15
0.5 0.3
0.55 0.35
0.6 0.35
0.6 0.4
0.6 0.45
0.65 5
0.7 5
0.7 5.05
0.75 5
0.75 5.05
0.8 1.6
0.8 5
0.8 5.05
0.85 1.55
0.85 1.6
0.85 1.65
0.9 1.25
0.9 1.55
0.9 1.6
0.9 1.75
0.9 1.8
0.95 1.2
0.95 1.25
0.95 1.55
1 1.2
1 1.25
1 1.35
1 1.5
1 1.55
1.05 1.2
1.05 1.5
1.05 1.55
1.1 1.2
1.1 1.45
1.1 1.5
1.1 6.4
1.1 6.45
1.15 1.15
1.15 1.2
1.15 6.55
1.2 1.15
1.2 1.2
1.2 3.2
1.2 6.55
1.2 6.65
1.25 1.15
1.25 3.15
1.25 3.2
1.25 6.75
1.3 1.1
1.3 1.15
1.3 3.15
1.3 6.85
1.3 6.9
1.35 1.15
1.35 3.15
1.4 2.75
1.4 2.8
1.4 3.1
1.4 3.15
1.45 3.1
1.45 3.15
1.5 3.05
1.5 3.1
1.65 1.35
1.65 8.25
1.65 8.3
1.7 0.6
1.7 0.65
1.7 0.7
1.7 1.05
1.7 1.1
1.7 1.3
1.7 1.35
1.7 8.35
1.75 0.55
1.75 0.7
1.75 0.75
1.75 0.8
1.75 0.85
1.75 0.9
1.75 1
1.75 1.05
1.75 1.1
1.75 1.15
1.75 1.2
1.75 1.25
1.75 1.3
1.75 1.35
1.8 0.9
1.8 0.95
1.8 1
1.8 1.2
1.8 1.25
2.05 9.9
2.1 6.35
2.1 6.45
2.1 9.9
2.1 9.95
2.15 6.35
2.15 10.05
2.2 6.3
2.2 6.35
2.2 6.8
2.25 6.3
2.3 6.3
2.35 6.25
2.4 6.25
2.45 6.2
2.45 6.25
2.5 11.5
2.55 -3.15
2.55 -3.1
2.55 -3
2.55 -2.95
2.55 -2.9
2.55 -2.85
2.55 7.95
2.55 8.1
2.55 8.2
2.55 8.25
2.55 11.55
2.55 11.6
2.6 -2.85
2.6 -2.8
2.6 -2.75
2.6 -2.7
2.6 11.7
2.65 -2.7
2.65 -2.65
2.65 -2.6
2.7 -2.6
2.7 -2.55
2.7 -2.5
2.7 -2.45
2.75 -2.5
2.75 -2.45
2.75 -2.4
2.75 -2.35
2.75 -2.3
2.8 -2.35
2.8 -2.3
2.8 -2.25
2.8 -2.2
2.8 -2.15
2.8 -2.1
2.85 -2.15
2.85 -2.1
2.85 -2.05
2.85 -2
2.85 -1.95
2.9 -2
2.9 -1.95
2.9 -1.9
2.9 -1.85
2.9 -1.8
2.9 -1.75
2.9 12.85
2.95 -1.8
2.95 -1.75
2.95 -1.7
2.95 -1.65
2.95 -1.6
2.95 9.6
2.95 9.75
2.95 12.9
3 -1.6
3 -1.55
3 -1.5
3 -1.45
3.05 -1.45
3.05 -1.4
3.05 -1.35
3.05 -1.3
3.1 -1.25
3.1 -1.2
3.1 -1.15
3.1 -1.1
3.15 -1.1
3.15 -1.05
3.15 -1
3.15 -0.95
3.15 -0.9
3.2 -0.9
3.2 -0.85
3.2 -0.8
3.2 -0.75
3.4 11.3
3.4 11.35
3.4 11.4
3.4 11.45
3.7 12.7
3.75 16.2
3.75 16.25
3.8 16.15
3.8 16.2
3.85 16.2
3.9 16.2
3.95 16.15
3.95 16.2
4 16.1
4 16.2
4.05 16.15
4.1 15.5
4.1 16.1
4.1 16.15
4.15 15.45
4.15 15.5
4.15 15.55
4.15 16.1
4.15 16.15
4.2 15.45
4.2 15.75
4.2 16.1
4.2 16.15
4.25 15.4
4.25 15.45
4.25 16.1
4.3 15.4
4.35 15.4
4.4 15.4
4.45 15.35
4.5 15.35
4.55 15.35
