-2.1 -0.25
-2.1 -0.2
-2.05 -0.3
-2.05 -0.25
-2 -0.3
-1.95 -0.3
-1.9 -0.3
-1.8 0
-1.8 0.05
-1.75 0.1
-1.7 0.8
-1.7 0.85
-1.7 0.9
-1.7 0.95
-1.7 1
-1.7 1.05
-1.7 1.1
-1.65 0.75
-1.65 1.1
-1.6 1.15
-1.6 1.2
-1.6 1.25
-1.6 1.3
-1.6 1.35
-1.6 1.4
-1.45 13.05
-1.4 13
-1.4 13.05
-1.35 13
-1.35 13.05
-1.3 1.4
-1.3 13.05
-1.25 1.4
-1.25 13.05
-1.2 1.4
-1.2 13.05
-1.15 0.6
-1.15 1.4
-1.15 1.45
-1.15 9.6
-1.15 9.65
-1.15 13.05
-1.15 13.1
-1.1 0.45
-1.1 0.55
-1.1 1.4
-1.1 1.45
-1.1 2.65
-1.1 2.7
-1.1 8
-1.1 9.6
-1.1 9.65
-1.1 13.05
-1.05 -0.5
-1.05 -0.45
-1.05 0.5
-1.05 1.4
-1.05 1.45
-1.05 2.75
-1.05 2.8
-1.05 4.7
-1.05 6.35
-1.05 8.15
-1.05 8.2
-1.05 8.25
-1.05 8.35
-1.05 13
-1.05 13.05
-1 1.4
-1 1.45
-1 2.45
-1 2.8
-1 4.7
-1 4.75
-1 6.35
-1 13
-1 13.05
-0.95 -0.85
-0.95 -0.55
-0.95 -0.5
-0.95 1.4
-0.95 1.45
-0.95 2.8
-0.95 2.85
-0.95 4.75
-0.95 6.35
-0.95 6.45
-0.95 6.5
-0.95 13
-0.9 -0.9
-0.9 -0.85
-0.9 -0.75
-0.9 -0.7
-0.9 -0.65
-0.9 -0.6
-0.9 -0.55
-0.9 1.45
-0.9 2.8
-0.9 4.75
-0.9 13
-0.85 1.45
-0.85 2.75
-0.85 2.8
-0.85 4.75
-0.85 4.85
-0.85 12.95
-0.85 13
-0.8 1.45
-0.8 2.8
-0.8 2.95
-0.8 3.1
-0.8 13
-0.75 1.45
-0.75 2.8
-0.75 3.1
-0.75 12.75
-0.75 12.8
-0.7 1.45
-0.7 1.6
-0.7 12.5
-0.7 12.55
-0.7 12.7
-0.65 1.45
-0.65 1.6
-0.65 1.65
-0.65 1.7
-0.65 12.45
-0.65 12.5
-0.6 0.15
-0.6 0.2
-0.6 0.25
-0.6 0.3
-0.6 1.45
-0.6 12.45
-0.55 -0.2
-0.55 -0.15
-0.55 -0.1
-0.55 0.15
-0.55 12.45
-0.5 0
-0.5 0.05
-0.5 0.1
-0.5 12.45
-0.45 12.45
-0.45 12.5
-0.4 12.45
-0.35 12.45
-0.3 9.7
-0.25 9.7
-0.2 8.55
-0.2 9.7
-0.15 8.3
-0.15 8.35
-0.15 8.45
-0.1 8.05
-0.1 8.15
-0.1 8.2
-0.05 6.65
0 6.6
0 6.65
0 6.7
0 6.8
0.05 6.45
0.05 6.5
0.1 4.9
0.1 4.95
0.1 5.1
0.1 6.4
0.1 6.45
0.15 4.8
0.15 4.85
0.2 3.2
0.2 4.8
0.2 4.85
0.25 3.2
0.25 3.7
0.25 3.75
0.25 4.8
0.3 3.2
0.3 4.55
0.35 3.2
0.4 -0.15
0.4 0.05
0.4 0.1
0.4 0.15
0.4 0.2
0.4 0.25
0.4 3.2
0.45 -0.15
0.45 -0.1
0.45 -0.05
0.45 0
0.45 0.05
0.45 0.25
0.45 0.3
0.45 0.35
0.45 1.05
0.45 3.2
0.5 0.35
0.5 0.85
0.5 0.9
0.5 0.95
0.5 1
0.5 1.05
0.5 1.1
0.5 1.15
0.5 3.2
0.55 0.35
0.55 0.8
0.55 0.85
0.55 0.9
0.55 3.2
0.6 0.35
0.6 0.75
0.6 0.8
0.6 3.2
0.65 -0.45
0.65 -0.4
0.65 -0.25
0.65 0.35
0.65 2.25
0.65 3.2
0.7 -0.4
0.7 1.75
0.7 1.8
0.7 1.85
0.7 1.9
0.7 1.95
0.7 2
0.7 2.05
0.7 2.1
0.7 2.15
0.7 2.2
0.7 2.25
0.7 2.3
0.7 2.4
0.7 3.2
0.75 -0.4
0.75 -0.35
0.75 1.75
0.75 1.8
0.75 2.55
0.75 3.2
0.8 -0.35
0.8 1.75
0.8 1.8
0.8 3.2
0.85 -0.35
0.85 1.75
0.85 3.2
0.9 1.75
0.9 1.8
0.9 3.2
0.95 -0.9
0.95 0.3
0.95 1.75
0.95 1.8
0.95 3.2
1 -1
1 1.75
1 3.2
1.05 1.75
1.05 1.8
1.05 3.2
1.1 1.75
1.15 1.75
1.2 -1.3
1.2 -1.25
1.2 1.75
1.2 1.8
1.25 0.15
1.25 1.75
1.25 1.8
1.3 1.35
1.3 1.4
1.3 1.45
1.3 1.75
1.3 1.8
1.35 1.25
1.35 1.3
1.35 1.35
1.35 1.4
1.35 1.45
1.35 1.75
1.4 0.1
1.4 0.15
1.4 0.2
1.4 0.25
1.4 0.3
1.4 0.35
1.4 0.4
1.4 1.25
1.4 1.8
1.45 0.15
1.45 0.4
1.45 1.25
1.45 1.3
1.5 0.4
1.5 1.25
1.5 1.3
1.55 0.4
1.55 1.25
1.6 0.4
1.6 1.25
1.65 1.25
1.7 1.25
1.75 1.25
1.8 1.25
1.85 1.3
1.9 -1.75
1.9 1.3
1.95 0.4
1.95 0.45
1.95 0.6
1.95 0.65
1.95 0.7
1.95 0.75
1.95 0.8
1.95 0.85
1.95 0.9
1.95 0.95
1.95 1
1.95 1.05
1.95 1.1
1.95 1.15
1.95 1.2
1.95 1.25
2 -1.8
2 -1.75
2 -1.65
2 0.45
2 0.5
2 0.55
2 0.6
2 0.65
2 0.75
2 0.8
2 0.85
2.05 -1.75
2.05 -1.7
2.1 -1.7
2.1 -1.65
2.1 -1.6
2.1 -1.55
2.1 -1.5
2.1 -1.45
2.1 -1.4
3.1 2.6
3.1 2.7
3.1 2.75
3.15 2.5
3.15 2.55
3.15 2.6
3.15 2.65
3.15 2.7
