-2.25 -1
-2.25 -0.95
-2.25 -0.9
-2.25 -0.85
-2.25 -0.8
-2.25 -0.75
-2.25 -0.7
-2.25 -0.65
-2.25 -0.6
-2.25 -0.55
-2.25 -0.5
-2.25 -0.45
-2.25 -0.4
-2.2 -1.05
-2.2 -0.35
-2.05 -1.1
-2.05 -1.05
-2 -1.1
-1.95 -1.1
-1.9 -1.1
-1.85 -1.1
-1.8 -1.1
-1.75 -1.1
-1.7 -1.1
-1.65 -1.1
-1.6 -1.1
-1.6 0.45
-1.6 0.5
-1.6 0.55
-1.6 0.6
-1.55 -1.1
-1.55 2.05
-1.55 2.1
-1.55 2.15
-1.55 2.2
-1.5 2.2
-1.5 2.25
-1.45 2.2
-1.45 2.25
-1.4 2.25
-1.35 2.2
-1.35 2.25
-1.3 -0.85
-1.3 2.2
-1.3 2.25
-1.25 2.2
-1.25 2.25
-1.2 0.45
-1.2 2.2
-1.2 2.25
-1.15 2.2
-1.15 2.25
-1.1 1.55
-1.1 2.25
-1.05 2.2
-1.05 2.25
-1 -0.6
-1 2.2
-1 2.25
-0.95 -0.6
-0.95 2.2
-0.95 2.25
-0.9 -0.6
-0.9 0.05
-0.9 1.3
-0.9 2.2
-0.9 2.25
-0.85 -0.6
-0.85 -0.1
-0.85 0.15
-0.85 2.2
-0.85 2.25
-0.85 3.85
-0.8 -0.6
-0.8 2.2
-0.8 2.25
-0.8 3.85
-0.75 -0.6
-0.75 2.2
-0.75 2.25
-0.75 3.85
-0.7 -0.7
-0.7 -0.65
-0.7 -0.6
-0.7 0.3
-0.7 2.2
-0.7 2.25
-0.7 3.85
-0.65 0.65
-0.65 0.7
-0.65 0.95
-0.65 1
-0.65 1.05
-0.65 2.2
-0.65 2.25
-0.65 2.95
-0.65 3.85
-0.6 0.75
-0.6 0.8
-0.6 0.85
-0.6 2.2
-0.6 2.25
-0.6 3.85
-0.6 5.5
-0.55 2.25
-0.55 2.3
-0.55 3.85
-0.55 3.9
-0.55 5.5
-0.55 12.65
-0.5 3.85
-0.5 4.05
-0.5 5.5
-0.5 7.1
-0.5 7.15
-0.5 12.6
-0.5 12.65
-0.45 5.6
-0.45 7.1
-0.45 7.15
-0.45 12.65
-0.4 7.1
-0.4 7.15
-0.4 12.6
-0.4 12.65
-0.35 7.15
-0.35 12.65
-0.3 12.6
-0.3 12.65
-0.25 12.6
-0.25 12.65
-0.2 10.65
-0.2 12.6
-0.15 10.6
-0.1 10.55
-0.1 10.6
0 10.55
0 10.6
0.05 10.55
0.05 10.6
0.1 10.55
0.15 10.55
0.2 10.5
0.2 10.55
0.25 10.5
0.25 10.55
0.3 10.5
0.3 10.55
0.35 0.55
0.35 0.7
0.35 0.75
0.35 0.8
0.35 0.85
0.35 9.9
0.35 9.95
0.4 0.55
0.4 2.2
0.4 2.25
0.4 9.9
0.4 10
0.45 0.55
0.45 0.85
0.45 2.2
0.45 2.55
0.45 9.9
0.5 0.55
0.5 1.65
0.5 2.2
0.5 3.85
0.5 5.6
0.5 7.1
0.5 9.9
0.55 0.55
0.55 1.05
0.55 1.6
0.55 1.65
0.55 2.2
0.55 3.85
0.55 5.45
0.55 5.5
0.55 5.7
0.55 7.1
0.55 7.15
0.55 9.9
0.6 0.55
0.6 1.55
0.6 1.6
0.6 1.85
0.6 1.9
0.6 2.2
0.6 3.85
0.6 5.45
0.6 5.5
0.6 7.1
0.6 9.9
0.65 -0.75
0.65 -0.7
0.65 -0.65
0.65 -0.6
0.65 -0.55
0.65 -0.5
0.65 -0.45
0.65 -0.4
0.65 0.55
0.65 1.55
0.65 2.2
0.65 3.85
0.65 5.45
0.65 9.9
0.7 -0.65
0.7 -0.6
0.7 -0.55
0.7 -0.5
0.7 -0.45
0.7 -0.4
0.7 -0.35
0.7 0.55
0.7 1.55
0.7 3.85
0.7 9.9
0.75 -0.35
0.75 0.55
0.75 1.5
0.75 1.55
0.8 -0.35
0.8 0.55
0.8 1.5
0.8 1.55
0.85 -0.35
0.85 0.55
0.85 1.5
0.9 -0.35
0.9 0.55
0.95 -0.35
0.95 0.55
1 -0.35
1 0.55
1.05 -0.35
1.1 -0.35
1.15 -0.35
1.15 1.95
1.2 -0.35
1.25 -0.35
1.25 2.15
1.3 -0.35
1.3 2.1
1.35 -0.35
1.35 1.95
1.35 2.05
1.35 2.1
1.4 1.85
1.4 1.9
1.4 1.95
1.4 2
1.4 2.05
1.4 2.1
1.45 0.6
1.45 0.65
1.45 0.7
1.45 0.75
1.45 0.8
1.45 0.85
1.45 0.9
1.45 0.95
1.45 1.85
1.5 0.6
1.5 1
1.5 1.45
1.5 1.5
1.5 1.55
1.5 1.6
1.5 1.65
1.5 1.7
1.5 1.75
1.5 1.8
1.5 1.85
1.55 1.45
1.6 -0.45
1.6 -0.4
1.6 1.45
1.65 -0.45
1.65 -0.4
1.65 -0.35
1.65 1.05
1.65 1.45
1.7 -0.45
1.7 -0.3
1.7 1.4
1.7 1.45
1.75 -0.4
1.75 1.4
1.75 1.45
1.8 -0.4
1.8 -0.35
1.8 1.4
1.85 -0.4
1.85 1.4
1.9 -0.35
1.9 0.6
1.9 1.45
1.95 0.55
1.95 1.2
1.95 1.4
1.95 1.45
2 1.2
2 1.25
2 1.3
2 1.35
2 1.4
2.05 -0.35
2.35 -0.5
3.1 -0.8
3.15 -0.8
3.15 -0.75
3.15 -0.7
3.15 -0.65
3.15 -0.6
3.15 -0.55
3.15 -0.5
3.15 -0.45
3.15 -0.4
3.15 -0.35
3.15 -0.3
3.15 -0.25
3.2 -0.5
3.2 -0.4
3.2 -0.35
3.2 -0.3
3.2 -0.25
3.2 -0.2
3.2 -0.15
3.2 -0.1
3.2 -0.05
3.2 0
3.2 0.05
3.2 0.1
3.2 0.15
3.2 0.2
3.2 0.25
3.2 0.3
3.2 0.35
3.2 0.4
3.2 0.45
3.2 0.5
3.2 0.55
3.2 0.6
3.2 0.65
3.2 0.7
3.2 0.75
3.2 0.8
