-2.15 -0.45
-2.15 -0.35
-2.1 -0.5
-2.1 -0.4
-2.1 -0.3
-2.1 -0.25
-2.1 -0.2
-2.1 -0.15
-2.1 -0.1
-2.1 0
-2.1 0.05
-2.1 0.1
-2.1 0.15
-2.1 0.2
-2.1 0.25
-2.1 0.3
-2.1 0.35
-2.1 0.4
-2.1 0.45
-1.95 -0.5
-1.9 -0.5
-1.85 -0.5
-1.8 -0.5
-1.75 -0.5
-1.7 -0.5
-1.7 0.45
-1.55 12.75
-1.55 12.8
-1.5 10.5
-1.5 10.55
-1.5 12.8
-1.45 10.6
-1.45 12.75
-1.45 12.8
-1.4 10.6
-1.4 10.65
-1.4 12.8
-1.35 10.55
-1.35 10.6
-1.35 12.75
-1.35 12.8
-1.3 12.8
-1.25 8.3
-1.25 12.75
-1.2 8.35
-1.2 9.45
-1.2 12.7
-1.2 12.75
-1.15 0.4
-1.15 12.65
-1.15 12.7
-1.1 0.45
-1.1 12.6
-1.1 12.65
-1.05 0.5
-1.05 1.05
-1.05 1.1
-1.05 1.15
-1.05 12.6
-1 0.55
-1 1.15
-1 12.6
-0.95 1.15
-0.9 1.15
-0.85 1.15
-0.85 2.75
-0.85 11.35
-0.85 11.4
-0.85 11.45
-0.8 0.8
-0.8 0.85
-0.8 1.15
-0.8 2.45
-0.8 2.5
-0.8 2.75
-0.8 2.8
-0.8 11.1
-0.8 11.3
-0.75 0.7
-0.75 1.15
-0.75 2.8
-0.75 11.15
-0.75 11.2
-0.75 11.25
-0.7 0.6
-0.7 1.15
-0.7 2.8
-0.7 11.1
-0.7 11.15
-0.7 11.25
-0.65 1.15
-0.65 2.8
-0.65 11.15
-0.65 11.2
-0.6 -0.5
-0.6 1.15
-0.6 2.8
-0.55 -0.5
-0.55 -0.4
-0.55 -0.2
-0.55 -0.15
-0.55 -0.1
-0.55 1.15
-0.55 1.3
-0.55 2.8
-0.5 -0.5
-0.5 -0.3
-0.5 -0.25
-0.5 1.15
-0.5 1.3
-0.5 1.35
-0.5 1.4
-0.5 2.8
-0.5 8.7
-0.45 2.8
-0.45 8.55
-0.45 8.6
-0.45 8.65
-0.4 8.5
-0.35 8.25
-0.35 8.3
-0.3 8.25
-0.3 8.3
-0.25 6.35
-0.2 6.25
-0.2 6.35
-0.15 6.25
-0.1 6.25
0 6.25
0.05 6.25
0.05 6.3
0.1 6.25
0.1 6.3
0.15 6.25
0.15 6.3
0.2 6.25
0.2 6.3
0.25 6.25
0.25 6.3
0.3 5.6
0.35 5.6
0.4 -0.5
0.4 -0.35
0.4 -0.3
0.4 -0.25
0.4 -0.2
0.4 5.6
0.45 -0.5
0.45 -0.45
0.45 -0.4
0.45 -0.2
0.45 -0.15
0.45 -0.1
0.45 0
0.45 1.15
0.45 1.3
0.45 1.35
0.45 5.6
0.5 -0.5
0.5 -0.15
0.5 -0.1
0.5 -0.05
0.5 1.15
0.5 1.2
0.5 1.25
0.5 1.3
0.5 1.35
0.5 1.4
0.5 2.8
0.5 5.6
0.55 0
0.55 1.15
0.55 1.65
0.55 2.8
0.55 5.6
0.6 0
0.6 1.15
0.6 2.8
0.6 5.55
0.6 5.6
0.65 0
0.65 1.1
0.65 1.15
0.65 2.8
0.65 5.55
0.65 5.6
0.7 0
0.7 1.1
0.7 1.15
0.7 2.25
0.7 2.8
0.7 5.55
0.75 0
0.75 1.1
0.75 1.15
0.75 2.35
0.75 2.8
0.75 5.15
0.75 5.45
0.75 5.5
0.8 0
0.8 1.1
0.8 1.15
0.8 2.75
0.8 2.8
0.8 5.1
0.8 5.15
0.85 1.1
0.85 1.15
0.85 2.75
0.85 2.8
0.85 5.1
0.85 5.15
0.9 1.1
0.9 1.15
0.9 2.65
0.9 2.7
0.9 5.1
0.9 5.15
0.95 -0.1
0.95 1.1
0.95 1.15
0.95 2.7
0.95 5.1
0.95 5.15
1 -0.1
1 0.9
1 1.1
1 1.15
1 2.65
1 2.7
1 5.1
1.05 -0.15
1.05 0.9
1.05 1.1
1.05 1.15
1.1 0.85
1.1 0.9
1.1 1.1
1.1 1.15
1.15 0.85
1.15 1.1
1.15 1.15
1.2 0.85
1.2 1.05
1.2 1.1
1.25 0.8
1.25 1.1
1.3 0.75
1.3 0.8
1.3 1.05
1.35 0.7
1.35 0.75
1.4 0.7
1.4 1.05
1.45 1.05
1.45 1.1
1.55 0.4
1.55 0.45
1.55 0.5
1.55 0.55
1.55 0.6
1.55 0.65
1.55 0.7
1.55 0.75
1.7 0.4
1.75 -0.6
1.75 -0.55
1.75 -0.5
1.75 -0.45
1.75 -0.4
1.75 -0.35
1.75 -0.3
1.75 0.4
1.8 -0.5
1.8 -0.45
1.8 -0.4
1.8 -0.35
1.8 -0.3
1.8 -0.25
1.8 -0.2
1.8 -0.15
1.8 -0.1
1.8 0.4
1.85 0.4
1.95 -0.1
1.95 -0.05
1.95 0
1.95 0.05
1.95 0.1
1.95 0.15
1.95 0.2
1.95 0.25
1.95 0.3
1.95 0.35
2 -0.1
2 0
2 0.25
2 0.3
2 0.35
