-2.2 11.45
-2.2 11.95
-2.15 10.8
-2.15 11.05
-2.15 11.3
-2.15 11.8
-2.15 11.9
-2.1 -1.3
-2.1 -1.25
-2.1 -1.05
-2.1 -1
-2.1 -0.95
-2.1 7.55
-2.1 7.65
-2.1 7.7
-2.1 9.6
-2.1 10.7
-2.1 11.25
-2.1 11.85
-2.1 11.95
-2.05 -1.35
-2.05 -1.3
-2.05 -1.15
-2.05 -1.1
-2.05 -1.05
-2.05 -0.9
-2.05 -0.85
-2.05 6
-2.05 6.05
-2.05 7.35
-2.05 7.65
-2.05 7.7
-2.05 7.8
-2.05 7.85
-2.05 9.55
-2.05 9.65
-2.05 9.75
-2.05 11.8
-2.05 11.85
-2.05 11.9
-2 -1.35
-2 6.05
-2 7.1
-2 7.7
-2 7.85
-2 7.9
-2 8.8
-2 8.85
-2 9.15
-2 9.65
-2 9.8
-2 11.85
-2 12
-1.95 -1.35
-1.95 1.2
-1.95 1.25
-1.95 6.05
-1.95 6.85
-1.95 7.9
-1.95 7.95
-1.95 8.5
-1.95 9.65
-1.95 11.85
-1.9 -1.35
-1.9 5.4
-1.9 6.05
-1.9 6.1
-1.9 6.55
-1.9 6.6
-1.9 6.65
-1.9 7.9
-1.9 7.95
-1.9 9.6
-1.9 11.9
-1.85 -1.35
-1.85 6.1
-1.85 6.2
-1.85 6.25
-1.85 7.9
-1.85 7.95
-1.85 8
-1.85 11.85
-1.8 -1.35
-1.8 6.1
-1.8 7.95
-1.8 11.8
-1.8 11.85
-1.75 -1.35
-1.75 11.8
-1.65 -1.35
-1.65 -1.3
-1.65 1.3
-1.55 -1.3
-1.55 10.75
-1.55 10.8
-1.5 -1.3
-1.5 10.6
-1.45 10.5
-1.45 10.55
-1.4 10.4
-1.4 10.45
-1.35 10.45
-1.3 10.4
-1.3 10.45
-1.2 1.2
-1.15 1.95
-1.1 -0.95
-1.1 0.3
-1.1 2
-1.05 0.25
-1.05 0.35
-1.05 0.4
-1.05 2
-1.05 2.05
-1 0.1
-1 0.15
-1 0.2
-1 1.4
-1 1.45
-1 2
-1 2.05
-0.95 1.2
-0.95 1.3
-0.95 1.35
-0.95 1.4
-0.95 1.45
-0.95 1.5
-0.95 1.6
-0.95 1.65
-0.95 1.7
-0.95 2
-0.95 2.05
-0.95 7.9
-0.95 7.95
-0.9 -0.8
-0.9 1.45
-0.9 1.5
-0.9 1.55
-0.9 1.7
-0.9 1.75
-0.9 2.05
-0.9 7.8
-0.9 7.85
-0.9 7.9
-0.85 2.05
-0.85 7.65
-0.85 7.7
-0.85 7.75
-0.8 -0.75
-0.8 0.05
-0.8 0.1
-0.8 2.05
-0.8 7.55
-0.8 7.6
-0.75 -0.75
-0.75 -0.2
-0.75 -0.15
-0.75 -0.1
-0.75 0
-0.75 2.05
-0.75 7.55
-0.7 -0.2
-0.7 0.95
-0.7 2.05
-0.65 0.45
-0.65 2.05
-0.6 0.5
-0.6 0.55
-0.6 0.8
-0.6 0.85
-0.6 0.9
-0.6 2.05
-0.6 2.1
-0.55 0.55
-0.55 0.6
-0.55 0.7
-0.55 2.05
-0.55 2.1
-0.55 5.6
-0.55 5.65
-0.5 0.6
-0.5 0.65
-0.5 5.55
-0.45 5.55
-0.4 5.55
-0.35 5.55
-0.3 5.55
-0.25 5.5
-0.25 5.55
-0.2 5.5
-0.2 5.55
-0.15 5.5
-0.15 5.55
-0.1 5.45
-0.1 5.5
0 4.9
0.05 4.9
0.1 4.9
0.15 4.9
0.2 4.9
0.25 4.9
0.3 4.9
0.35 2.1
0.35 4.9
0.4 0.45
0.4 0.6
0.4 0.65
0.4 0.7
0.4 0.75
0.4 0.8
0.4 2.1
0.4 4.9
0.45 0.5
0.45 0.55
0.45 0.6
0.45 0.8
0.45 0.85
0.45 0.9
0.45 0.95
0.45 2.1
0.45 4.85
0.45 4.9
0.5 0.45
0.5 2.1
0.5 2.15
0.5 4.5
0.5 4.55
0.55 2.1
0.55 2.15
0.55 4.5
0.55 4.55
0.6 -0.7
0.6 0.45
0.6 1
0.6 1.55
0.6 2.1
0.6 4.5
0.6 4.55
0.65 -0.7
0.65 0.45
0.65 2.1
0.65 4.45
0.65 4.5
0.7 -0.7
0.7 2.1
0.7 2.15
0.7 4.4
0.7 4.45
0.75 -0.7
0.75 1.5
0.75 2.1
0.75 2.15
0.75 4.4
0.8 -0.7
0.8 0.05
0.8 1.5
0.8 1.55
0.8 2.1
0.8 4.35
0.8 4.4
0.85 -0.7
0.85 2
0.85 2.05
0.85 2.1
0.85 4.35
0.85 4.4
0.9 -0.7
0.9 1.6
0.9 4.35
0.9 4.4
0.95 -0.8
0.95 -0.75
0.95 2.1
0.95 2.15
0.95 4.35
1 2.1
1.05 2.1
1.05 2.15
1.1 2.1
1.1 2.15
1.15 0.2
1.15 2.05
1.15 2.1
1.2 0.45
1.25 0.15
1.3 -0.2
1.3 0.1
1.3 0.15
1.3 0.45
1.3 2.05
1.35 0.05
1.35 0.1
1.35 0.3
1.35 0.35
1.35 1.9
1.35 1.95
1.35 2.05
1.35 2.1
1.4 -1.2
1.4 0.2
1.4 0.25
1.4 0.3
1.4 0.35
1.4 0.4
1.4 1.8
1.4 1.85
1.4 1.9
1.4 1.95
1.4 2
1.4 2.05
1.45 -1.2
1.45 0.4
1.45 0.45
1.45 1.8
1.45 1.85
1.5 -1.2
1.5 -0.25
1.5 1.4
1.5 1.45
1.5 1.5
1.5 1.55
1.5 1.6
1.5 1.65
1.5 1.7
1.5 1.75
1.5 1.8
1.5 1.85
1.55 -1.2
1.55 -0.25
1.55 -0.2
1.55 -0.15
1.55 -0.1
1.55 -0.05
1.55 0
1.55 0.05
1.55 1.4
1.6 -1.2
1.65 -1.2
1.7 -1.2
1.75 -1.2
1.8 -1.2
1.8 -1.15
1.8 -1.1
1.8 -1.05
1.8 -1
1.8 -0.95
1.8 -0.9
1.8 -0.85
1.8 -0.8
1.8 -0.75
1.8 1.4
1.8 1.45
1.85 -1.15
1.85 -1.1
1.85 -1.05
1.85 -0.9
1.85 -0.85
1.85 -0.8
1.85 -0.75
1.85 -0.7
1.9 -0.7
1.95 -0.7
1.95 -0.65
1.95 -0.6
1.95 -0.55
1.95 -0.5
1.95 -0.45
1.95 -0.4
1.95 -0.35
2 -0.65
