-17.85 0.25
-17.85 0.4
-17.85 0.55
-17.85 0.7
-17.85 1.65
-17.85 1.75
-17.8 0.3
-17.8 0.45
-17.8 0.5
-17.8 0.6
-17.8 0.65
-17.8 0.75
-17.8 0.8
-17.8 0.85
-17.8 0.95
-17.8 1
-17.8 1.05
-17.8 1.1
-17.8 1.15
-17.8 1.2
-17.8 1.25
-17.8 1.3
-17.8 1.35
-17.8 1.4
-17.8 1.45
-17.8 1.5
-17.8 1.55
-17.8 1.6
-17.8 1.7
-17.75 -0.35
-17.75 -0.3
-17.75 -0.2
-17.75 -0.15
-17.75 -0.1
-17.75 0
-17.75 0.05
-17.75 0.1
-17.75 0.15
-17.75 0.2
-17.75 0.9
-17.75 1.8
-15.45 1.65
-15.45 1.75
-15.45 1.8
-15.45 1.95
-15.4 1.7
-15.4 1.85
-15.4 1.9
-15.4 2
-14.8 2
-14.7 2.05
-14.7 2.1
-12.85 2.1
-11.65 2.15
-11.45 2.15
-10.6 2.2
-10.6 2.25
-10.55 2.3
-10.3 2.3
-8.75 2.25
-7.85 2.3
-7.5 2.3
-7.3 2.35
-7.2 2.4
-7.2 2.45
-7.15 2.5
-7.1 2.55
-7.05 2.6
-7 2.65
-6.8 2.7
-6.65 0
-6.65 0.05
-6.65 0.1
-6.65 0.15
-6.3 -0.2
-6.3 -0.15
-6.3 -0.1
-5.5 -0.5
-5.5 -0.45
-5.5 -0.4
-5.3 -0.15
-5.25 2.4
-5.15 3.15
-5.15 3.2
-5.15 3.25
-5.15 3.3
-5.15 3.35
-5.15 3.4
-5.15 3.45
-5.15 3.5
-5.15 3.55
-5.1 3.55
-5.1 3.6
-5.1 3.65
-5.05 3.65
-5 -0.25
-5 -0.2
-5 -0.15
-5 3.65
-4.85 3.6
-4.65 2.45
-4.65 2.55
-4.65 2.65
-4.65 2.7
-4.65 2.75
-4.65 2.8
-4.6 2.5
-4.6 2.6
-4.15 3.15
-4.15 3.4
-4.1 3.4
-4.05 3.4
-4.05 3.45
-4 3.1
-3.95 3.1
-3.95 3.15
-3.95 3.2
-3.1 -0.35
-3.1 -0.3
-2.85 2.5
-2.8 2.5
-2.75 2.5
-2.7 2.5
-2.65 2.5
-2.6 2.5
-2.55 2.5
-2.5 2.5
-2.45 2.5
-2.4 2.5
-2.35 2.5
-2.3 2.5
-2.3 3.75
-2.25 2.5
-2.25 3.75
-2.25 3.8
-2.2 2.5
-2.2 2.55
-2.2 3.55
-2.2 3.75
-2.2 3.8
-2.15 2.5
-2.15 3.7
-2.15 3.75
-2.15 5.45
-2.15 5.5
-2.1 0.15
-2.1 2.5
-2.1 3.75
-2.1 4.95
-2.1 5.4
-2.1 5.45
-2.1 5.5
-2.1 5.6
-2.05 -0.1
-2.05 0.1
-2.05 2.5
-2.05 2.55
-2.05 3.75
-2.05 4.95
-2.05 5.1
-2.05 5.45
-2.05 5.55
-2.05 5.6
-2.05 8.6
-2.05 9.25
-2.05 9.4
-2.05 9.5
-2.05 9.55
-2 0
-2 0.05
-2 2.5
-2 2.55
-2 3.75
-2 3.8
-2 5
-2 5.5
-2 5.55
-2 5.6
-2 6.55
-2 6.65
-2 6.7
-2 6.8
-2 6.85
-2 7.95
-2 8
-2 8.6
-2 8.65
-2 8.9
-2 9.5
-1.95 2.5
-1.95 2.55
-1.95 3.75
-1.95 3.8
-1.95 5.55
-1.95 5.6
-1.95 6.3
-1.95 6.85
-1.95 6.9
-1.95 9.5
-1.95 9.55
-1.9 2.5
-1.9 2.55
-1.9 3.8
-1.9 4.35
-1.9 5.55
-1.9 6.85
-1.9 6.9
-1.9 9.45
-1.9 9.5
-1.9 9.55
-1.85 2.5
-1.85 2.55
-1.85 3
-1.85 3.8
-1.85 3.85
-1.85 6
-1.85 6.85
-1.85 6.9
-1.85 6.95
-1.85 7.05
-1.85 7.15
-1.85 9.5
-1.85 9.55
-1.8 2.5
-1.8 2.55
-1.8 2.75
-1.8 2.8
-1.8 2.85
-1.8 2.9
-1.8 2.95
-1.8 3
-1.8 3.85
-1.8 3.9
-1.8 3.95
-1.8 4
-1.8 4.05
-1.8 5.35
-1.8 5.6
-1.8 5.7
-1.8 9.45
-1.75 2.55
-1.75 2.65
-1.75 5.3
-1.75 5.35
-1.75 5.45
-1.7 2.55
-1.7 2.6
-1.65 -0.9
-1.65 -0.85
-1.65 -0.8
-1.6 -0.9
-1.55 8.35
-1.55 8.4
-1.45 8.05
-1.4 8.05
-1.35 8.05
-1 -0.6
-0.95 -0.6
-0.9 -0.6
-0.9 5.6
-0.85 -0.65
-0.85 -0.6
-0.85 5.6
-0.8 -0.75
-0.8 -0.7
-0.8 -0.65
-0.75 -0.75
-0.45 3.25
-0.45 3.3
-0.4 3.3
-0.35 3.3
-0.3 3.3
-0.25 3.25
-0.25 3.3
-0.2 3.35
-0.15 3.35
-0.1 3.35
0 2.6
0 2.65
0 2.7
0.05 2.6
0.05 2.65
0.1 2.6
0.1 2.65
0.15 2.6
0.15 2.65
0.2 2.6
0.2 2.65
0.25 2.6
0.25 2.65
0.3 2.6
0.3 2.65
0.35 2.6
0.35 2.65
0.4 -0.2
0.4 2.6
0.4 2.65
0.45 -0.2
0.45 2.6
0.45 2.65
0.5 -0.25
0.5 -0.2
0.5 2.6
0.5 2.65
0.55 -0.65
0.55 -0.25
0.55 -0.2
0.55 2.6
0.55 2.65
0.6 -0.65
0.6 -0.2
0.6 2.5
0.6 2.55
0.6 2.6
0.65 -0.7
0.65 -0.65
0.65 -0.6
0.65 -0.2
0.65 2.2
0.65 2.45
0.65 2.5
0.65 2.55
0.7 -0.7
0.7 -0.2
0.7 0.4
0.7 2
0.7 2.2
0.7 2.4
0.7 2.45
0.75 -0.7
0.75 -0.65
0.75 -0.6
0.75 -0.2
0.75 -0.15
0.75 -0.1
0.75 -0.05
0.75 0
0.75 0.05
0.75 0.1
0.75 0.15
0.75 0.2
0.75 0.25
0.75 0.3
0.75 0.35
0.75 0.4
0.75 2
0.75 2.2
0.75 2.25
0.8 -0.6
0.8 2.1
0.8 2.25
0.85 -0.6
0.85 2.2
0.9 -0.6
0.95 -0.6
0.95 -0.55
1 -0.6
1 -0.55
1 2.15
1.05 2.5
1.15 2.6
1.2 0.45
1.2 2.6
1.25 2.65
1.3 2.7
1.45 0.45
1.45 2.9
1.5 2.9
1.55 2.9
1.6 2.9
1.6 2.95
1.65 2.85
1.65 2.9
1.7 2.75
1.7 2.8
1.7 2.85
1.75 2.75
1.8 2.75
1.85 2.75
1.85 2.8
1.9 2.75
2.3 3.25
2.35 3.25
2.4 3.2
2.4 3.25
2.45 3.2
2.5 3.25
2.9 2.7
2.95 2.65
2.95 2.7
3 2.65
3 2.7
3 2.8
3 2.85
3 2.9
3 2.95
3 3
3 3.05
3 3.1
3.05 2.65
3.05 2.7
3.05 3.15
3.1 2.65
3.1 2.7
3.1 3.9
3.1 3.95
3.15 2.65
3.15 2.7
3.15 3.25
3.15 3.9
3.2 2.65
3.2 2.7
3.2 3.3
3.2 3.85
3.2 3.9
3.25 2.65
3.25 2.7
3.25 3.85
3.25 3.9
3.3 2.65
3.3 2.7
3.3 3.9
3.3 3.95
3.35 0.25
3.35 0.3
3.35 2.65
3.35 2.7
3.35 3.9
3.35 3.95
3.4 0.3
3.4 0.35
3.4 2.65
3.4 2.7
3.4 3.8
3.4 3.85
3.4 3.9
3.4 3.95
3.45 0.4
3.45 2.7
3.45 3.55
3.45 3.6
3.45 3.65
3.45 3.7
3.45 3.75
3.45 3.8
3.45 3.85
3.45 3.9
3.5 0.4
3.5 0.45
3.5 2.7
3.55 0.45
3.55 0.5
3.55 2.7
3.6 0.5
3.6 2.7
3.65 2.7
3.7 2.65
3.7 2.7
3.75 2.65
3.75 2.7
3.8 2.7
3.85 2.7
3.9 2.7
3.95 0.55
3.95 0.6
3.95 0.65
3.95 0.7
3.95 0.75
3.95 2.7
4 2.7
4.05 2.7
4.15 2.75
4.2 2.75
4.3 2.8
4.4 2.85
4.95 3.1
4.95 3.15
5 3
5 3.05
5 3.1
5.05 2.9
5.05 2.95
5.05 3
5.1 2.9
5.15 2.9
5.2 2.9
5.25 2.9
5.3 2.9
5.4 2.9
5.5 2.9
5.65 2.9
5.7 2.95
5.75 2.95
5.85 2.95
5.95 2.95
6 2.95
6.05 2.95
6.2 2.95
6.25 2.95
6.3 2.95
6.55 3
6.6 3
6.7 3
6.75 3
6.85 3
6.9 3
7 3
7.05 3
7.15 3
7.2 2.95
7.2 3
7.25 2.95
7.3 2.95
7.35 2.95
7.4 2.95
7.45 2.95
7.55 2.95
7.65 2.95
7.7 2.95
7.75 2.95
7.85 2.95
7.95 2.95
8 2.95
8.1 2.95
8.2 2.95
8.25 2.95
8.45 2.95
8.5 2.95
8.5 3
8.55 3
8.8 3
8.85 3
9 3
9.05 2.9
9.05 2.95
9.05 3
9.1 1.95
9.1 2.7
9.1 2.75
9.1 2.8
9.1 2.85
9.1 2.9
9.15 0.95
9.15 1.5
9.15 1.55
9.15 1.6
9.15 1.65
9.15 1.7
9.15 1.75
9.15 1.8
9.15 1.85
9.15 1.9
9.15 1.95
9.15 2
9.15 2.05
9.15 2.1
9.15 2.15
9.15 2.2
9.15 2.25
9.15 2.3
9.15 2.35
9.15 2.4
9.15 2.45
9.15 2.5
9.15 2.55
9.15 2.6
9.15 2.65
9.15 2.7
9.15 2.75
9.2 1.05
9.2 1.1
9.2 1.15
9.2 1.2
9.2 1.25
9.2 1.3
9.2 1.35
9.2 1.4
9.2 1.45
9.2 1.5
9.2 1.6
9.2 2.5
