-7.25 -2.75
-7.2 -2.85
-7.2 -2.8
-7 -2.9
-6.65 -2.85
-6.5 -2.9
-6.5 -2.85
-6.45 -3
-6.45 -2.95
-6.15 -2.95
-6.05 -3.05
-6.05 -3
-6 -3.35
-6 -3.3
-6 -3.25
-6 -3.2
-6 -3.15
-6 -3.1
-5.95 -3.45
-5.95 -3.4
-5.95 -3.35
-5.9 -3.55
-5.9 -3.5
-5.9 -3.45
-5.85 -3.85
-5.85 -3.8
-5.85 -3.75
-5.85 -3.7
-5.85 -3.65
-5.85 -3.6
-5.8 -3.9
-5.8 -3.85
-5.6 -3.8
-5 -3.45
-4.8 -3.4
-4.65 -3.35
-4.6 -3.35
-4.55 -3.35
-4.5 -3.35
-4.45 -3.35
-4.4 -3.35
-4.35 -3.35
-4.3 -3.35
-4.25 -3.35
-4.2 -3.35
-4.15 -3.35
-4.1 -3.35
-4.05 -3.35
-4 -3.35
-3.95 -3.35
-3.9 -3.35
-3.85 -3.35
-3.8 -3.35
-3.75 -3.35
-3.65 -3.3
-3.4 -3.1
-3.2 -2.95
-3.1 -2.9
-3.05 -2.9
-3 -2.9
-2.95 -2.9
-2.9 -2.9
-2.2 0.55
-2.2 0.6
-2.2 0.65
-2.15 0.05
-2.15 0.1
-2.15 0.15
-2.15 0.2
-2.15 0.25
-2.15 0.3
-2.15 0.35
-2.15 0.4
-2.15 0.45
-2.15 0.5
-2.1 0.7
-1.7 0.75
-1.7 0.8
-1.7 0.85
-1.7 0.9
-1.7 0.95
-1.7 1
-1.7 1.05
-1.7 1.1
-1.65 1.1
-1.55 1.3
-1.5 1.3
-1.5 1.35
-1.45 1.35
-1.4 1.35
-1.4 1.4
-1.4 16.2
-1.35 1.4
-1.35 16.2
-1.3 1.4
-1.3 1.45
-1.3 16.2
-1.3 16.3
-1.25 1.4
-1.25 1.45
-1.25 16.2
-1.25 16.25
-1.2 0.85
-1.2 1.4
-1.2 1.45
-1.2 12.85
-1.2 16.2
-1.2 16.25
-1.15 0.85
-1.15 0.95
-1.15 1.4
-1.15 11.5
-1.15 12.9
-1.15 16.2
-1.15 16.3
-1.1 0.85
-1.1 11.5
-1.1 12.9
-1.1 16.25
-1.05 1.45
-1.05 3.1
-1.05 9.75
-1.05 9.8
-1.05 10.05
-1.05 16.25
-1.05 16.3
-1 1.4
-1 1.45
-1 3.1
-1 16.2
-1 16.25
-1 16.3
-0.95 1.45
-0.95 3.1
-0.95 4.75
-0.95 8.4
-0.95 8.45
-0.95 16.25
-0.9 1.45
-0.9 3.1
-0.9 4.75
-0.9 6.1
-0.9 6.35
-0.9 6.5
-0.9 7.25
-0.9 16.2
-0.9 16.25
-0.9 16.3
-0.85 1.15
-0.85 1.45
-0.85 3.1
-0.85 4.75
-0.85 6.5
-0.85 16.25
-0.8 1.05
-0.8 1.1
-0.8 1.45
-0.8 2.25
-0.8 2.3
-0.8 2.35
-0.8 3.1
-0.8 4.75
-0.8 4.9
-0.8 5
-0.8 16.15
-0.8 16.2
-0.75 1.45
-0.75 2.3
-0.75 3.1
-0.75 3.15
-0.75 15.85
-0.75 16
-0.7 1.45
-0.7 3.15
-0.7 15.75
-0.7 15.9
-0.65 1.45
-0.65 1.5
-0.65 1.6
-0.65 1.65
-0.65 1.7
-0.65 15.75
-0.65 15.8
-0.6 -0.15
-0.6 -0.1
-0.6 0.2
-0.6 0.25
-0.6 0.3
-0.6 15.75
-0.55 -0.15
-0.55 0
-0.55 0.05
-0.55 0.1
-0.55 0.15
-0.55 15.75
-0.5 15.75
-0.45 15.75
-0.4 15.75
-0.35 12.95
-0.3 12.95
-0.25 11.65
-0.25 12.95
-0.2 11.6
-0.2 11.65
-0.15 9.9
-0.15 10
-0.15 10.2
-0.1 9.9
0 8.25
0 8.3
0 8.35
0.05 6.6
0.05 8.1
0.05 8.15
0.1 6.45
0.1 6.5
0.1 6.55
0.1 6.6
0.15 6.45
0.2 3.15
0.2 6.45
0.25 3.15
0.25 3.2
0.25 6.45
0.3 1.5
0.3 3.15
0.3 6.45
0.35 1.5
0.35 1.65
0.35 1.7
0.35 3.15
0.35 6.45
0.4 -0.15
0.4 0
0.4 0.05
0.4 0.1
0.4 0.15
0.4 0.2
0.4 1.5
0.4 3.15
0.4 6.4
0.4 6.45
0.45 0
0.45 0.2
0.45 0.25
0.45 0.3
0.45 0.35
0.45 1.5
0.45 3.15
0.45 6.45
0.5 -0.15
0.5 -0.1
0.5 -0.05
0.5 0
0.5 1.5
0.5 3.15
0.5 6.45
0.55 1.2
0.55 1.25
0.55 1.5
0.55 2.8
0.55 3.15
0.6 1.2
0.6 1.25
0.6 1.5
0.65 1.2
0.65 1.5
0.7 1.2
0.7 1.45
0.7 1.5
0.75 1.2
0.8 1.2
0.85 1.2
0.85 1.25
0.9 1.2
0.95 1.2
1 1.25
1.25 1.5
1.3 1.25
1.3 1.3
1.3 1.35
1.3 1.4
1.3 1.45
1.3 1.5
1.3 1.55
1.35 1.25
1.35 1.3
1.35 1.4
1.35 1.45
1.4 1.2
1.4 1.25
1.45 0.85
1.45 0.9
1.45 0.95
1.45 1
1.45 1.05
1.45 1.1
1.45 1.15
1.45 1.2
1.45 1.25
1.95 0.55
1.95 0.6
1.95 0.65
1.95 0.75
1.95 0.8
1.95 0.85
2 0.2
2 0.25
2 0.3
2 0.35
2 0.4
2 0.45
2 0.5
2 0.55
2 0.6
2 0.65
2 0.7
2 0.75
2 0.8
3.3 -2.15
3.3 -2.1
3.3 -2
3.3 -1.95
3.35 -3.35
3.35 -3.3
3.35 -3.25
3.35 -3.2
3.35 -3.15
3.35 -2.3
3.35 -2.25
3.35 -2.2
3.35 -2.15
3.35 -2.1
3.35 -2.05
3.35 -1.95
3.35 -1.9
3.35 -1.85
3.35 -1.8
3.35 -1.75
3.35 -1.7
3.35 -1.65
3.35 -1.6
3.35 -1.55
3.35 -1.5
3.35 -1.45
3.35 -1.4
3.35 -1.35
3.35 -1.3
3.35 -1.25
3.35 -1.2
3.35 -1.15
3.4 -3.45
3.4 -3.4
3.4 -3.15
3.4 -3.1
3.4 -3.05
3.4 -3
3.4 -2.95
3.4 -2.9
3.4 -2.85
3.4 -2.8
3.4 -2.75
3.4 -2.7
3.4 -2.65
3.4 -2.6
3.4 -2.55
3.4 -2.5
3.4 -2.45
3.4 -2.4
3.4 -2.35
3.4 -1.9
3.4 -1.85
3.45 -3.55
