-2.25 -1.3
-2.25 -1.25
-2.25 -1.2
-2.25 -1.15
-2.2 -1.4
-2.2 -1.35
-2.2 -1.3
-2.2 -1.05
-2.2 -1
-2.15 -1.4
-2.1 -1.4
-2.05 -1.4
-2 -1.4
-1.95 -1.4
-1.9 -1.4
-1.85 -1.45
-1.85 -1.4
-1.8 -1.45
-1.7 -1.45
-1.7 -1.4
-1.6 -1.45
-1.6 -1.4
-1.45 0.2
-1.45 0.25
-1.35 -1.25
-1.15 0.7
-1.15 0.75
-1.15 0.8
-1.1 0.85
-1.05 1.85
-1 -0.95
-1 1.05
-1 1.1
-1 1.45
-1 1.5
-1 1.75
-1 1.85
-0.95 -0.95
-0.95 1
-0.95 1.1
-0.95 1.15
-0.95 1.35
-0.95 1.45
-0.95 1.85
-0.9 0.1
-0.9 1.2
-0.9 1.25
-0.9 1.45
-0.9 1.85
-0.85 -0.35
-0.85 0.05
-0.85 1.1
-0.85 1.45
-0.85 1.5
-0.85 1.6
-0.85 1.85
-0.8 0
-0.8 1.5
-0.8 1.85
-0.75 -0.2
-0.75 -0.15
-0.75 -0.1
-0.75 -0.05
-0.75 0.25
-0.75 0.85
-0.75 1.85
-0.7 -0.25
-0.7 1
-0.7 1.85
-0.65 0.95
-0.65 1
-0.65 1.85
-0.65 3.45
-0.6 0.95
-0.6 1
-0.6 1.85
-0.6 3.45
-0.6 3.5
-0.55 0.3
-0.55 0.35
-0.55 0.5
-0.55 0.55
-0.55 0.6
-0.55 0.65
-0.55 1.85
-0.55 3.45
-0.55 3.5
-0.5 0.4
-0.5 0.45
-0.5 1.85
-0.5 3.5
-0.45 1.85
-0.45 2
-0.45 2.25
-0.45 3.45
-0.45 3.5
-0.4 1.85
-0.4 2.05
-0.4 3.45
-0.4 3.5
-0.4 4.75
-0.35 3.45
-0.35 3.5
-0.35 3.9
-0.35 4.75
-0.35 4.8
-0.3 3.5
-0.3 5
-0.3 5.05
-0.3 5.1
-0.25 5.1
-0.25 5.15
-0.25 5.25
-0.25 6.75
-0.2 5.75
-0.2 6.7
-0.2 6.75
-0.15 6.8
-0.15 6.85
-0.15 6.9
-0.1 6.9
-0.1 8.35
0 8.45
0 8.5
0.05 8.75
0.05 8.85
0.1 10.15
0.1 10.2
0.1 10.25
0.15 10.35
0.15 10.4
0.2 11.6
0.25 11.6
0.35 14.95
0.4 0.3
0.4 0.35
0.4 0.4
0.4 14.95
0.45 0.15
0.45 0.2
0.45 0.25
0.45 0.3
0.45 0.35
0.45 0.4
0.45 0.45
0.45 14.95
0.5 -0.6
0.5 -0.55
0.5 -0.5
0.5 -0.45
0.5 -0.4
0.5 -0.35
0.5 0.45
0.5 0.5
0.5 0.55
0.5 0.6
0.5 1.75
0.5 14.95
0.55 -0.4
0.55 -0.35
0.55 -0.3
0.55 -0.25
0.55 -0.2
0.55 1.75
0.55 1.85
0.55 14.95
0.6 -0.2
0.6 1.75
0.6 2.05
0.6 14.95
0.65 -0.2
0.65 1.75
0.65 14.95
0.7 -0.2
0.7 1.75
0.7 14.95
0.75 -0.2
0.75 0.1
0.75 0.6
0.75 1.4
0.75 1.45
0.75 1.75
0.75 2.85
0.75 14.9
0.75 14.95
0.8 -0.2
0.8 0.1
0.8 1.4
0.8 1.45
0.8 1.75
0.8 2.9
0.8 3
0.8 5.05
0.8 5.15
0.8 14.9
0.8 14.95
0.85 -0.2
0.85 1.45
0.85 1.7
0.85 1.75
0.85 5.05
0.85 14.9
0.9 0.1
0.9 1.45
0.9 1.5
0.9 1.7
0.9 1.75
0.9 5.05
0.9 6.7
0.9 6.9
0.9 14.9
0.9 14.95
0.95 1.45
0.95 1.5
0.95 1.7
0.95 1.75
0.95 5.05
0.95 6.65
0.95 6.7
0.95 6.8
0.95 14.85
0.95 14.9
1 1.45
1 1.5
1 5.05
1 6.7
1 8.4
1 8.5
1 8.55
1 14.9
1.05 1.45
1.05 1.5
1.05 5.05
1.05 8.5
1.05 8.55
1.05 8.6
1.05 14.4
1.05 14.9
1.1 1.45
1.1 1.5
1.1 5.05
1.1 10.25
1.1 14.4
1.1 14.65
1.15 1.45
1.15 1.5
1.15 5
1.15 5.05
1.15 10.15
1.15 10.25
1.15 10.35
1.15 11.55
1.15 14.4
1.15 14.45
1.15 14.7
1.15 14.8
1.2 1.5
1.2 5
1.2 5.05
1.2 11.6
1.2 14.35
1.2 14.4
1.25 5
1.25 11.6
1.25 14.35
1.25 14.4
1.3 5
1.3 14.35
1.35 -0.4
1.35 0.05
1.35 14.35
1.4 -0.35
1.4 -0.3
1.4 -0.25
1.4 -0.2
1.4 -0.15
1.4 -0.1
1.4 -0.05
1.4 0
1.4 0.05
1.4 0.55
1.4 14.35
1.45 -0.45
1.45 -0.4
1.45 -0.35
1.45 1.4
1.45 1.45
1.45 1.7
1.5 1.4
1.5 1.45
1.5 1.5
1.5 1.55
1.5 1.6
1.5 1.65
1.5 1.7
1.5 14.35
1.55 1.4
1.55 1.6
1.55 1.65
1.6 1.35
1.6 1.4
1.65 1.35
1.65 1.4
1.7 1.35
1.75 1.35
1.85 1.35
1.95 1.35
2.05 0.5
2.05 0.55
2.05 0.6
2.05 0.65
2.05 0.7
2.05 0.75
2.05 0.8
2.05 0.85
2.05 0.9
2.05 0.95
2.05 1.35
2.1 0.75
2.1 0.8
2.1 0.95
2.1 1
2.1 1.05
2.1 1.1
2.1 1.15
2.1 1.2
2.1 1.25
2.1 1.3
2.1 1.35
