-5.65 5.25
-5.65 5.3
-5.6 5.3
-5.6 5.35
-5.55 5.35
-2.55 5.45
-2.55 5.5
-2.5 5.5
-2.45 5.5
-2.4 5.5
-2.35 5.5
-2.35 5.55
-2.3 -0.7
-2.3 5.5
-2.3 5.55
-2.25 1.15
-2.25 5.5
-2.25 5.55
-2.2 -0.75
-2.2 3.05
-2.2 5.5
-2.2 5.55
-2.15 3.05
-2.15 5.5
-2.15 5.55
-2.1 3
-2.1 3.05
-2.1 5.5
-2.1 5.55
-2.05 1.2
-2.05 1.25
-2.05 3
-2.05 3.05
-2.05 5.5
-2.05 5.55
-2 1.25
-2 3.05
-2 5.5
-1.95 3.05
-1.95 5.5
-1.9 3.05
-1.9 5.5
-1.85 -0.7
-1.85 0.3
-1.85 0.35
-1.85 1.2
-1.85 3.05
-1.85 5.5
-1.8 -0.7
-1.8 0.4
-1.8 0.75
-1.8 1.3
-1.8 1.35
-1.8 1.4
-1.8 2.55
-1.8 3.05
-1.8 5.5
-1.75 -0.75
-1.75 -0.7
-1.75 1.4
-1.75 1.8
-1.75 1.85
-1.75 3.05
-1.75 5.45
-1.7 1.8
-1.7 3.05
-1.7 5.45
-1.65 0.8
-1.65 1.15
-1.65 1.8
-1.65 1.85
-1.65 3.05
-1.65 5.45
-1.6 -1.6
-1.6 -1.55
-1.6 -1.5
-1.6 -1.45
-1.6 -1.4
-1.6 -1.35
-1.6 -1.3
-1.6 -0.75
-1.6 0.75
-1.6 0.85
-1.6 1.8
-1.6 1.85
-1.6 1.9
-1.6 1.95
-1.6 2
-1.6 2.05
-1.6 2.3
-1.6 3.05
-1.6 3.1
-1.6 5.45
-1.6 6.4
-1.55 -0.75
-1.55 2
-1.55 2.05
-1.55 3.05
-1.55 5.45
-1.55 5.5
-1.55 6.45
-1.5 -0.75
-1.5 2
-1.5 2.05
-1.5 2.2
-1.5 5.45
-1.5 5.5
-1.5 6.45
-1.5 6.65
-1.5 6.75
-1.5 10.1
-1.45 -0.75
-1.45 2
-1.45 2.05
-1.45 5.5
-1.45 5.6
-1.45 5.85
-1.45 6.05
-1.45 6.65
-1.45 6.75
-1.45 10.1
-1.4 -0.75
-1.4 2
-1.4 2.05
-1.4 6.7
-1.4 6.75
-1.4 10.1
-1.35 -0.75
-1.35 10.1
-1.35 10.15
-1.3 -0.95
-1.3 -0.9
-1.3 -0.85
-1.3 -0.8
-1.3 -0.75
-1.3 10.1
-1.3 10.15
-1.25 10.1
-1.25 10.15
-1.25 10.4
-1.25 11.1
-1.2 10.15
-1.2 11.1
-1.15 11.15
-1.15 11.2
-1.1 11.55
-1.1 11.85
-1.1 11.95
-1.05 12.2
-1.05 12.25
-1.05 12.35
-1 12.35
-0.95 12.35
-0.95 20.45
-0.9 12.35
-0.9 20.45
-0.9 20.5
-0.85 12.35
-0.85 20.4
-0.8 12.35
-0.8 20.45
-0.75 12.35
-0.75 12.4
-0.75 20.45
-0.75 20.5
-0.7 12.35
-0.7 12.4
-0.7 20.4
-0.7 20.45
-0.7 20.5
-0.65 12.35
-0.65 12.4
-0.65 20.4
-0.65 20.45
-0.6 20.45
-0.55 20.45
-0.5 20.4
-0.5 20.45
-0.45 20.4
-0.4 20.45
-0.35 20.45
-0.3 20.45
-0.2 16.7
-0.15 16.7
-0.15 16.75
-0.1 16.7
-0.1 16.75
0 16.7
0 16.75
0.05 16.7
0.05 16.75
0.1 16.7
0.1 16.75
0.15 16.7
0.15 16.75
0.2 16.7
0.2 16.75
0.25 16.7
0.3 -0.3
0.3 16.7
0.3 16.75
0.35 -0.35
0.35 -0.3
0.35 16.7
0.35 16.75
0.4 -0.4
0.4 -0.35
0.4 16.7
0.4 16.75
0.45 -0.45
0.45 -0.35
0.45 -0.3
0.45 16.7
0.45 16.75
0.5 -0.35
0.5 16.7
0.55 -0.4
0.55 16.7
0.6 0.25
0.6 16.7
0.65 0
0.65 0.05
0.65 0.15
0.65 0.2
0.65 0.25
0.65 0.3
0.65 16.7
0.7 -0.1
0.7 0
0.7 0.05
0.7 0.1
0.7 0.15
0.7 0.3
0.7 16.7
0.75 -0.15
0.75 -0.1
0.75 0.05
0.75 0.1
0.75 0.15
0.75 0.3
0.75 16.7
0.8 16.7
0.85 16.7
0.9 16.7
0.95 16.7
0.95 17.55
0.95 17.6
1 17.5
1.05 -0.9
1.05 -0.85
1.05 1.75
1.05 1.8
1.05 1.85
1.05 1.9
1.05 1.95
1.05 17.45
1.05 17.5
1.1 -0.85
1.1 1.75
1.1 1.8
1.1 2
1.1 12.3
1.1 17.45
1.1 17.55
1.15 -0.9
1.15 1.7
1.15 1.75
1.15 2.1
1.15 2.4
1.15 12.25
1.15 12.3
1.15 17.4
1.15 17.45
1.15 17.5
1.2 -0.9
1.2 1.7
1.2 1.75
1.2 2.4
1.2 2.45
1.2 2.95
1.2 3.1
1.2 3.25
1.2 3.3
1.2 3.45
1.2 3.6
1.2 6
1.2 12.25
1.2 12.3
1.2 17.45
1.25 -0.9
1.25 1.7
1.25 2.25
1.25 2.35
1.25 2.4
1.25 2.45
1.25 2.6
1.25 2.65
1.25 2.7
1.25 2.75
1.25 2.8
1.25 2.9
1.25 2.95
1.25 3.75
1.25 5.05
1.25 5.1
1.25 5.95
1.25 12.25
1.25 17.45
1.25 17.5
1.25 17.55
1.3 -0.9
1.3 1.7
1.3 2.35
1.3 2.4
1.3 2.85
1.3 2.9
1.3 5.05
1.3 6.3
1.3 12.25
1.3 17.45
1.3 17.5
1.35 -0.9
1.35 -0.85
1.35 1.7
1.35 5
1.35 5.05
1.35 12.25
1.35 17.45
1.4 -0.9
1.4 -0.85
1.4 1.7
1.4 5
1.4 7.55
1.4 7.6
1.4 12.25
1.4 17.4
1.4 17.45
1.45 -0.9
1.45 1.05
1.45 1.1
1.45 5
1.45 7.5
1.45 7.55
1.45 12.2
1.45 12.25
1.45 17.4
1.45 17.45
1.5 -0.9
1.5 1
1.5 1.05
1.5 1.1
1.5 1.7
1.5 1.75
1.5 5
1.5 7.5
1.5 7.55
1.5 9.95
1.5 10.1
1.5 10.15
1.5 10.75
1.5 11
1.5 11.55
1.5 11.6
1.5 11.9
1.5 12.1
1.5 17.4
1.5 17.45
1.55 -0.9
1.55 -0.85
1.55 1
1.55 1.7
1.55 1.75
1.55 5
1.55 7.5
1.55 7.55
1.55 9.15
1.55 10.05
1.55 10.7
1.55 17.4
1.6 -0.9
1.6 1
1.6 4.95
1.6 5
1.6 7.5
1.6 9.15
1.6 9.2
1.6 9.95
1.6 10.1
1.6 17.35
1.65 1
1.65 4.95
1.65 5
1.65 9.15
1.65 10.05
1.65 10.1
1.7 1
1.7 9.15
1.7 9.9
1.7 9.95
