-4.45 4.15
-4.4 4.2
-4.35 4.25
-3.3 3.25
-3.25 3.5
-3.25 3.55
-3.2 3.3
-3.2 3.55
-3.2 3.6
-3.15 2.95
-3.15 3
-3.15 3.3
-3.15 3.35
-3.15 3.4
-3.15 3.45
-3.15 3.5
-3.15 3.55
-3.15 3.6
-3.1 3.6
-3.1 3.65
-3.1 3.7
-3.05 3.65
-3.05 3.7
-3.05 3.85
-3 3.65
-3 3.7
-3 3.75
-3 3.8
-3 3.85
-2.95 3.7
-2.95 3.75
-2.95 3.8
-2.95 3.85
-2.95 3.9
-2.9 3.85
-2.9 3.9
-2.85 3.9
-2.8 3.9
-2.8 3.95
-2.75 3.9
-2.75 3.95
-2.7 3.95
-2.65 3.95
-2.6 3.95
-2.55 3.95
-2.5 3.95
-2.45 3.95
-2.4 3.95
-2.35 3.95
-2.35 18.9
-2.35 18.95
-2.3 1.45
-2.3 1.5
-2.3 3.95
-2.3 18.9
-2.25 -0.4
-2.25 3.95
-2.25 8.55
-2.25 18.9
-2.2 3.95
-2.2 8.55
-2.2 18.9
-2.2 18.95
-2.15 3.95
-2.15 8.55
-2.15 16.2
-2.15 18.95
-2.1 1.5
-2.1 3.95
-2.1 8.55
-2.1 8.6
-2.1 16.3
-2.1 16.35
-2.1 18.9
-2.05 -0.45
-2.05 1.5
-2.05 3.95
-2.05 8.6
-2.05 16.4
-2.05 18.9
-2.05 18.95
-2 1.5
-2 3.95
-2 8.6
-2 9.55
-2 9.6
-1.95 1.5
-1.95 3.95
-1.95 8.6
-1.95 9.05
-1.95 9.6
-1.95 18.9
-1.9 -0.45
-1.9 1.5
-1.9 3.95
-1.9 8.6
-1.9 8.65
-1.9 9.6
-1.9 9.65
-1.9 9.7
-1.9 10
-1.9 10.05
-1.9 10.6
-1.9 10.65
-1.9 10.75
-1.9 18.9
-1.9 18.95
-1.85 -0.8
-1.85 1.5
-1.85 3.95
-1.85 4
-1.85 9.65
-1.85 10.65
-1.85 10.8
-1.85 10.85
-1.8 -0.85
-1.8 -0.5
-1.8 0.2
-1.8 0.25
-1.8 1.5
-1.8 1.55
-1.8 3.95
-1.8 4
-1.8 10.85
-1.8 18.95
-1.75 1.55
-1.75 1.6
-1.75 1.65
-1.75 1.7
-1.75 1.75
-1.75 1.8
-1.75 1.85
-1.75 1.9
-1.75 10.85
-1.75 18.95
-1.7 10.85
-1.7 18.95
-1.65 0.35
-1.65 0.4
-1.65 10.85
-1.6 10.85
-1.6 10.9
-1.55 0.45
-1.55 10.9
-1.5 10.9
-1.45 10.9
-1.45 10.95
-1.3 15.25
-1.25 15.25
-1.2 15.25
-1.15 15.25
-1.1 15.25
-1.1 15.3
-1.05 15.25
-1 15.25
-1 15.3
-0.95 15.25
-0.9 15.25
-0.85 15.25
-0.85 15.3
-0.8 15.25
-0.75 15.25
-0.75 15.3
-0.7 15.3
-0.65 15.3
-0.6 15.3
-0.55 15.3
-0.5 15.3
-0.45 15.3
-0.4 15.3
-0.35 15.3
-0.3 15.3
-0.25 15.3
-0.2 15.3
-0.2 15.35
-0.15 16.05
-0.1 16
-0.1 16.05
0 16.05
0 16.1
0.05 16.05
0.1 16
0.1 16.05
0.15 16.05
0.15 16.1
0.2 16.05
0.25 16.05
0.25 16.1
0.3 10.9
0.3 11
0.3 16.05
0.35 10.9
0.35 10.95
0.35 16
0.35 16.05
0.4 10.9
0.4 16.05
0.45 10.9
0.5 10.9
0.55 10.9
0.6 10.9
0.65 10.85
0.7 9.7
0.7 10.25
0.7 10.3
0.75 9.9
0.75 10.1
0.8 9.1
0.8 9.4
0.85 6.25
0.85 8.6
0.85 8.65
0.85 9.3
0.85 9.35
0.9 6.25
0.9 8.6
0.9 8.65
0.95 0.45
0.95 0.5
0.95 0.55
0.95 0.6
0.95 0.65
0.95 3.7
0.95 3.75
0.95 6.25
0.95 7.8
0.95 7.85
0.95 8.6
0.95 8.65
1 0.45
1 1.05
1 1.6
1 1.65
1 1.7
1 1.75
1 1.8
1 1.85
1 1.9
1 1.95
1 2
1 2.05
1 2.1
1 2.15
1 2.2
1 2.25
1 2.3
1 2.35
1 3.7
1 6.25
1 7.8
1 7.85
1 8.6
1.05 0.4
1.05 0.65
1.05 1.6
1.05 1.65
1.05 1.7
1.05 1.75
1.05 1.8
1.05 3.7
1.05 7.8
1.1 0.35
1.1 0.65
1.1 1.1
1.1 1.4
1.1 1.45
1.1 1.6
1.1 3.7
1.15 0.7
1.15 1.1
1.15 1.15
1.15 1.2
1.15 1.25
1.15 1.3
1.15 1.35
1.15 1.4
1.15 1.55
1.15 1.6
1.15 3.7
1.2 0.7
1.2 1.05
1.2 1.1
1.2 1.55
1.2 1.6
1.2 3.7
1.25 0.35
1.25 1.05
1.25 3.7
1.3 0.35
1.3 1.05
1.3 3.7
1.35 0.35
1.35 1.05
1.35 3.65
1.35 3.7
1.4 -0.35
1.4 1.05
1.4 3.65
1.4 3.7
1.45 -0.4
1.45 -0.35
1.45 -0.3
1.45 3.35
1.45 3.5
1.45 3.55
1.45 3.65
1.5 0.95
1.5 1
1.5 1.05
1.55 -0.3
1.55 0.95
1.55 1
1.6 -0.3
