-9.4 0.5
-9.4 0.6
-9.35 0.45
-9.35 0.55
-9.35 0.65
-9.35 0.7
-9.35 0.75
-9.35 0.8
-9.35 0.85
-5.35 0.65
-5.35 0.7
-5.35 0.75
-5.35 0.8
-5 1.5
-4.95 1.05
-4.95 1.1
-4.95 1.15
-4.95 1.2
-4.95 1.25
-4.95 1.3
-4.95 1.35
-4.95 1.4
-4.95 1.45
-4.95 1.55
-4.95 1.6
-3.15 0.35
-3.15 1.15
-3.15 1.2
-3.15 1.25
-3.15 1.3
-3.15 1.35
-3.15 1.4
-3.1 -0.1
-3.1 0
-3.1 0.05
-3.1 0.1
-3.1 0.15
-3.1 0.2
-3.1 0.25
-3.1 0.3
-3.1 0.6
-3.1 0.65
-3.1 0.7
-3.1 0.75
-3.1 0.8
-3.1 0.85
-3.1 1.1
-3.1 1.45
-3.05 1.5
-3 1.6
-2.95 -0.35
-2.95 -0.3
-2.95 -0.25
-2.95 -0.2
-2.95 -0.15
-2.95 1.55
-2.95 1.65
-2.95 1.7
-2.9 -0.4
-2.85 -0.5
-2.85 -0.45
-2.75 1.75
-2.7 1.75
-2.3 6.3
-2.3 16.75
-2.25 6.3
-2.25 6.35
-2.25 16.65
-2.25 16.7
-2.2 6.35
-2.2 13.55
-2.2 13.6
-2.2 16.6
-2.2 16.65
-2.15 1.75
-2.15 6.35
-2.15 13.65
-2.15 13.7
-2.15 13.8
-2.15 16.6
-2.15 16.75
-2.1 1.75
-2.1 6.4
-2.1 7.35
-2.1 13.9
-2.1 14
-2.1 16.7
-2.05 1.75
-2.05 6.4
-2.05 7.4
-2.05 13.95
-2.05 14.1
-2.05 14.2
-2.05 16.6
-2.05 16.65
-2 1.75
-2 6.4
-2 7.4
-2 14.2
-2 14.25
-2 16.6
-1.95 -1.65
-1.95 1.75
-1.95 6.4
-1.95 6.45
-1.95 7.4
-1.95 16.4
-1.95 16.7
-1.9 1.75
-1.9 6.4
-1.9 6.45
-1.9 7.4
-1.9 7.45
-1.9 8.2
-1.9 16.65
-1.9 16.7
-1.85 1.75
-1.85 6.45
-1.85 7.45
-1.85 7.95
-1.85 8.4
-1.85 8.65
-1.85 16.55
-1.85 16.6
-1.8 1.75
-1.8 1.8
-1.8 1.85
-1.8 1.9
-1.8 1.95
-1.8 2
-1.8 2.05
-1.8 2.1
-1.8 2.15
-1.8 2.2
-1.8 2.25
-1.8 2.3
-1.8 2.35
-1.8 2.4
-1.8 2.45
-1.8 2.5
-1.8 2.55
-1.8 2.6
-1.8 2.65
-1.8 2.7
-1.8 2.75
-1.8 2.8
-1.8 8.65
-1.8 16.4
-1.8 16.7
-1.8 16.75
-1.75 -0.75
-1.75 -0.7
-1.75 -0.65
-1.75 -0.6
-1.75 -0.55
-1.75 -0.5
-1.75 -0.45
-1.75 -0.4
-1.75 -0.35
-1.75 8.65
-1.75 8.7
-1.75 16.65
-1.75 16.7
-1.7 8.65
-1.7 8.7
-1.7 16.55
-1.7 16.65
-1.65 8.7
-1.6 8.7
-1.55 8.7
-1.5 8.7
-1.45 8.7
-1.45 8.75
-1.25 12.65
-1.25 12.7
-1.25 13.05
-1.2 12.85
-1.2 13.05
-1.15 12.7
-1.15 13.05
-1.1 12.85
-1.1 13.1
-1.05 12.7
-1.05 13.05
-1.05 13.1
-1 12.7
-1 13.05
-1 13.1
-0.95 13.05
-0.95 13.1
-0.9 13.1
-0.85 13.1
-0.8 13.1
-0.75 13.1
-0.7 13.1
-0.65 13.1
-0.6 13.1
-0.55 13.1
-0.5 13.1
-0.45 13.1
-0.4 13.1
-0.35 13.1
-0.3 13.1
-0.25 13.1
-0.2 13.1
-0.15 13.1
-0.1 13.1
0 13.1
0 13.15
0 13.2
0.05 13.15
0.05 13.35
0.05 13.4
0.1 13.15
0.1 13.65
0.1 13.75
0.15 13.45
0.15 13.8
0.2 13.85
0.25 13.8
0.25 13.85
0.3 13.8
0.3 13.85
0.35 8.75
0.35 13.8
0.35 13.85
0.4 8.7
0.4 8.75
0.4 13.8
0.4 13.85
0.45 8.7
0.45 8.75
0.45 13.6
0.45 13.8
0.45 13.85
0.5 8.7
0.5 8.75
0.5 13.8
0.5 13.85
0.55 8.7
0.55 8.75
0.6 8.7
0.65 8.7
0.7 2.1
0.7 8.65
0.7 8.7
0.75 2.1
0.75 2.2
0.75 8
0.75 8.05
0.8 7.2
0.8 7.25
0.8 7.55
0.8 7.95
0.8 8
0.85 6.45
0.85 6.5
0.85 7.2
0.85 7.25
0.9 4.1
0.9 6.4
0.9 6.45
0.9 7.15
0.95 1.75
0.95 1.8
0.95 1.85
0.95 1.9
0.95 1.95
0.95 2
0.95 2.05
0.95 2.1
0.95 2.15
0.95 2.2
0.95 2.25
0.95 4.05
0.95 4.1
0.95 6.4
0.95 6.45
1 -0.65
1 -0.6
1 -0.55
1 -0.5
1 -0.45
1 -0.4
1 -0.35
1 -0.3
1 -0.25
1 -0.2
1 -0.15
1 -0.1
1 -0.05
1 0
1 0.05
1 0.1
1 0.15
1 0.2
1 0.25
1 0.3
1 1.45
1 1.5
1 1.55
1 1.6
1 1.65
1 1.7
1 1.75
1 1.8
1 1.85
1 1.9
1 1.95
1 2
1 2.15
1 2.2
1 4.05
1 4.1
1 6.4
1 6.45
1.05 -0.6
1.05 1.45
1.05 1.5
1.05 4.05
1.05 4.1
1.05 6.4
1.05 6.45
1.1 -1.15
1.1 -1.1
1.1 -1.05
1.1 -1
1.1 -0.95
1.1 -0.9
1.1 -0.85
1.1 -0.8
1.1 -0.75
1.1 1.45
1.1 1.5
1.1 4.05
1.1 4.1
1.1 6.4
1.15 -1.1
1.15 -1.05
1.15 -1
1.15 -0.95
1.15 -0.9
1.15 1.45
1.15 1.5
1.15 4.05
1.15 4.1
1.15 6.35
1.15 6.4
1.2 1.45
1.2 1.5
1.2 4.05
1.2 4.1
1.25 1.45
1.25 1.5
1.25 4.05
1.25 4.1
1.3 1.45
1.3 1.5
1.3 4.05
1.3 4.1
1.35 0.3
1.35 1.45
1.35 1.5
1.35 4.05
1.4 0.3
1.4 0.35
1.4 0.4
1.4 0.45
1.4 0.5
1.4 0.55
1.4 0.6
1.4 0.65
1.4 0.7
1.4 0.75
1.4 0.8
1.4 0.85
1.4 0.9
1.4 0.95
1.4 1
1.4 1.05
1.4 1.1
1.4 1.15
1.4 1.2
1.4 1.25
1.4 1.3
1.4 1.35
1.4 1.4
1.4 1.45
1.4 4
1.45 0.4
1.45 0.45
1.45 0.5
1.45 0.55
1.45 0.6
1.45 0.65
1.45 0.7
1.45 0.75
1.45 0.85
1.45 0.95
1.45 1.25
1.45 1.3
