-12.5 17.05
-12.35 17.15
-12.35 17.2
-12.2 17.25
-12.2 17.3
-9.8 12.1
-9.8 12.15
-9.75 12.15
-9.7 12.2
-9.7 12.25
-9.65 12.2
-9.65 12.25
-9.6 11.7
-9.6 12.2
-9.6 12.25
-9.6 12.3
-9.55 12.25
-9.55 12.3
-9.55 12.35
-9.5 11.75
-9.5 12.3
-9.45 12.35
-9.45 12.4
-9.45 12.45
-9.4 12.4
-9.35 11.65
-9.35 11.7
-9.35 12.4
-9.35 12.45
-9.35 12.5
-9.3 12.4
-9.3 12.45
-9.3 12.5
-9.25 12.45
-9.25 12.5
-9.2 12.5
-9.2 12.55
-9.15 12.55
-9.1 12.6
-8.95 14.9
-8.95 15.05
-8.85 15
-8.85 15.15
-8.7 15.05
-8.7 15.2
-8.55 10.05
-8.45 9.75
-8.45 10.1
-8.4 10.05
-8.4 14.15
-8.35 9.55
-8.35 9.6
-8.35 9.75
-8.3 9.45
-8.3 9.6
-8.3 9.65
-8.3 9.8
-8.3 10.15
-8.25 9.35
-8.25 9.65
-8.25 14.25
-8.2 9.7
-8.15 8.9
-8.15 9.15
-8.15 9.9
-8.15 14.3
-8.1 9.05
-8.1 9.15
-8.1 9.4
-8.1 9.8
-8.05 8.85
-8.05 8.9
-8.05 8.95
-8.05 9
-8 8.85
-8 8.9
-8 9.1
-8 9.15
-7.95 8.95
-7.95 9.75
-7.9 9.6
-7.9 9.75
-7.8 9.6
-7.75 9.1
-7.55 8.3
-7.45 8.15
-7.35 8.3
-7.3 13.05
-7.25 8.6
-7.2 13.1
-7.15 8.65
-7.1 8.7
-7.1 9.65
-7 9.7
-6.95 9.6
-6.95 9.75
-6.9 9.6
-6.9 9.65
-6.9 9.7
-6.9 9.75
-6.85 9.65
-6.85 9.7
-6.85 9.8
-6.8 9.8
-6.75 9.7
-6.75 9.75
-6.75 9.8
-6.75 9.85
-6.7 9.85
-6.7 9.9
-6.65 9.75
-6.65 9.8
-6.65 9.85
-6.65 9.9
-6.65 9.95
-6.6 9.95
-6.6 10
-6.55 9.85
-6.55 10
-6.5 9.9
-6.5 10
-6.5 10.05
-6.45 10.05
-6.4 9.95
-6.4 10
-6.4 10.05
-6.4 10.1
-6.35 10.1
-6.35 10.15
-6.3 10
-6.3 10.05
-6.3 10.1
-6.3 10.15
-6.3 10.2
-6.25 10.15
-6.25 10.2
-6.2 10.05
-6.2 10.2
-6.2 10.25
-6.15 10.1
-6.15 10.15
-6.15 10.2
-6.15 10.25
-6.15 10.3
-6.05 10.25
-6.05 10.3
-6.05 10.35
-5.95 10.25
-5.95 10.35
-5.85 10.4
-5.85 10.45
-5.6 -5.05
-5.55 -5.1
-5.5 -5.2
-5.5 -5.15
-5.5 5.3
-5.5 5.35
-5.5 5.4
-5.5 5.45
-5.45 -5.25
-5.45 5.45
-5.45 5.5
-5.4 5.15
-5.4 5.5
-5.4 5.55
-5.35 5.05
-5.35 5.5
-5.35 5.55
-5.3 5.45
-5.3 5.55
-5.3 5.6
-5.25 4.9
-5.25 5.5
-5.25 5.6
-5.25 5.65
-5.25 5.7
-5.2 4.8
-5.2 5.55
-5.2 5.65
-5.15 4.7
-5.1 4.1
-5.1 4.15
-5.1 4.2
-5.05 4.2
-5.05 4.25
-5 4.25
-5 4.3
-5 4.5
-4.95 4.3
-4.95 4.35
-4.95 4.4
-4.75 3.05
-4.75 3.1
-4.75 3.15
-4.75 3.2
-4.7 3.2
-4.7 3.25
-4.65 3.25
-4.65 3.3
-4.65 3.35
-4.6 3.35
-4.6 3.4
-4.55 3.4
-4.55 3.45
-4.5 3.45
-4.45 3.45
-4.45 3.5
-4.4 3.5
-4.05 -2.65
-3.7 6.5
-3.7 6.55
-3.7 6.65
-3.65 6.55
-3.65 6.65
-3.6 6.65
-3.6 6.7
-3.55 6.7
-3.5 6.7
-3.5 6.75
-3.45 6.75
-3.45 6.8
-3.4 6.8
-3.35 6.55
-3.3 6.6
-3.3 6.7
-3.2 6.55
-3.1 6.35
-3.05 -1.95
-3 -2.05
-3 -2
-3 6.15
-3 6.25
-2.95 -2.1
-2.95 -2.05
-2.95 6.05
-2.95 6.2
-2.9 -1.45
-2.9 -1.4
-2.9 -1.35
-2.9 -1.1
-2.9 6.2
-2.85 -1.55
-2.85 -1.5
-2.85 -1.45
-2.85 -1.25
-2.85 -1.2
-2.85 -1.15
-2.85 -1.05
-2.85 1.1
-2.85 6.05
-2.8 -1.65
-2.8 -1.6
-2.8 -1.55
-2.8 0.9
-2.8 0.95
-2.8 1
-2.8 1.05
-2.8 6.05
-2.75 -1.7
-2.75 -1.65
-2.75 0.75
-2.75 0.8
-2.75 0.85
-2.7 -1.7
-2.7 -0.95
-2.7 5.9
-2.6 -1.95
-2.6 -1.9
-2.55 -2.05
-2.55 -2
-2.55 -1.95
-2.55 0.55
-2.55 0.6
-2.55 1.3
-2.55 5.6
-2.5 -2.1
-2.5 -2.05
-2.5 0.45
-2.5 0.5
-2.5 1.35
-2.5 1.45
-2.5 5.4
-2.5 5.5
-2.5 5.55
-2.45 -2.15
-2.45 -2.1
-2.45 -0.8
-2.45 0.35
-2.45 0.4
-2.45 1
-2.45 5.4
-2.45 5.55
-2.4 -0.75
-2.4 0.25
-2.4 0.3
-2.4 5.35
-2.4 5.5
-2.35 -2.35
-2.35 -2.3
-2.35 -0.7
-2.35 0.2
-2.35 0.6
-2.3 0.15
-2.3 5.4
-2.25 0.05
-2.25 0.1
-2.2 -0.1
-2.2 -0.05
-2.2 0
-2.15 -0.2
-2.15 -0.15
-2.1 -0.25
-2.1 4.9
-2.1 4.95
-2.05 -0.3
-2.05 4.8
-2.05 4.95
-2 -0.4
-2 -0.35
-2 4.95
-1.95 -0.5
-1.95 -0.45
-1.95 4.85
-1.95 4.95
-1.95 5
-1.9 5
-1.85 5
-1.85 5.05
-1.8 5.05
-1.7 0.8
-1.7 0.85
-1.6 4.4
-0.85 2.9
-0.8 2.8
-0.8 2.9
-0.8 2.95
-0.75 2.85
-0.75 2.95
-0.75 3
-0.7 2.85
-0.7 2.95
-0.7 3
-0.65 3
-0.65 3.05
-0.6 3.05
-0.55 2.95
-0.55 3.05
-0.55 3.1
-0.5 3.1
-0.45 3
-0.45 3.1
-0.4 3
-0.4 3.05
-0.4 3.1
-0.35 3
-0.35 3.05
-0.3 2.9
-0.3 2.95
-0.15 1.85
-0.15 1.9
-0.1 -3.4
-0.1 1.85
0 -3.45
0.05 -3.4
0.05 1.35
0.1 -3.4
0.1 1.1
0.1 1.25
0.15 -3.4
0.15 1
0.15 1.05
0.2 -3.45
0.2 1.3
0.25 1.25
0.25 1.3
0.25 1.35
0.3 1.2
0.3 1.25
0.35 1.1
0.35 1.15
0.35 1.2
0.4 1
0.4 1.05
0.4 1.1
0.45 0.95
0.45 1
0.5 -4.55
0.5 0.85
0.5 0.9
0.5 0.95
0.55 -4.6
0.55 0.7
0.55 0.75
0.55 0.8
0.55 0.85
0.6 -4.6
0.6 0.65
0.6 0.7
0.6 0.75
0.65 0.6
0.65 0.7
0.7 -4.85
0.7 0.75
0.75 0.8
0.8 0.8
0.85 0.85
0.9 -6
0.95 -6
0.95 0.9
1 -6
1 0.8
1 0.85
1 0.9
1.05 -6
1.05 0.75
1.05 0.8
1.05 0.85
1.1 -5.95
1.1 0.65
1.1 0.7
1.1 0.75
1.15 -5.95
1.15 0.6
1.15 0.65
1.15 0.7
1.2 -5.9
1.2 0.55
1.2 0.6
1.25 -5.9
1.25 -0.45
1.25 0.45
1.25 0.5
1.25 0.55
1.3 -5.9
1.3 -0.5
1.3 -0.45
1.3 -0.4
1.3 0.35
1.3 0.4
1.3 0.45
1.35 -5.75
1.35 -0.6
1.35 -0.55
1.35 -0.5
1.35 -0.4
1.35 0.3
1.35 0.35
1.4 -5.75
1.4 -0.65
1.4 -0.6
1.4 -0.55
1.4 -0.35
1.4 0.2
1.4 0.25
1.4 0.3
1.45 -5.75
1.45 -0.75
1.45 -0.7
1.45 -0.65
1.45 -0.6
1.45 -0.35
1.45 -0.3
1.45 0.1
1.45 0.15
1.45 0.2
1.5 -5.7
1.5 -0.8
1.5 -0.75
1.5 -0.7
1.5 -0.3
1.5 0.05
1.5 0.1
1.5 0.15
1.55 -5.7
1.55 -0.95
1.55 -0.9
1.55 -0.85
1.55 -0.25
1.55 -0.1
1.55 -0.05
1.55 0
1.55 0.05
1.6 -5.65
1.6 -1
1.6 -0.95
1.6 -0.25
1.6 -0.2
1.6 -0.15
1.6 -0.1
1.65 -5.65
1.7 -5.6
1.75 -5.6
1.8 -5.65
1.95 -1.35
2 -1.45
2 -1.35
2.05 -1.75
2.05 -1.7
2.05 -1.5
2.05 -1.45
2.1 -1.75
2.15 -1.6
2.2 -2.1
2.2 -2.05
2.2 -1.95
2.2 -1.9
2.25 -2.15
2.25 -2.05
2.25 -2
2.25 -1.65
2.3 -1.85
2.35 -7.15
2.35 -1.95
2.35 -1.9
2.35 -1.85
2.35 -1.8
2.4 -7.2
2.4 -1.95
2.4 -1.9
2.4 -1.8
2.5 -7.4
2.6 -7.55
2.7 -7.7
2.85 -8
3.05 -8.3
3.1 -8.35
3.1 -5.05
3.1 -5
3.15 -5
3.3 -4.65
3.35 -8.8
3.35 -4.65
3.35 -4.6
3.4 -4.6
3.45 -4.6
3.45 -4.55
3.5 -9.05
3.5 -4.55
3.5 -4.5
3.55 -4.5
3.6 -4.5
3.6 -4.45
3.65 -4.45
3.65 -4.4
3.7 -9.4
3.7 -4.4
3.75 -4.4
3.8 -4.4
3.8 -4.35
3.8 -4.3
3.85 -4.3
3.9 -9.75
3.9 -4.3
3.9 -4.25
3.95 -4.25
4 -4.25
4 -4.2
4.05 -4.2
4.05 -4.15
4.05 -4.05
4.1 -10.1
4.1 -4.15
4.25 -10.3
4.35 -10.45
5.2 -12.35
5.35 -12.55
5.45 -12.65
5.5 -12.65
5.55 -12.7
5.6 -12.7
5.6 -12.6
5.65 -12.65
5.7 -12.65
5.7 -12.55
5.75 -12.6
5.8 -12.6
5.8 -12.5
5.85 -12.55
5.9 -12.55
5.9 -12.45
5.95 -12.5
6 -12.5
6 -12.4
6.05 -12.4
6.1 -12.45
6.15 -12.45
6.15 -12.35
6.2 -12.3
6.25 -12.3
6.3 -12.3
6.35 -12.25
6.95 -10.9
7 -10.9
7 -10.85
7.05 -10.85
7.1 -10.85
7.1 -10.8
7.15 -10.8
7.15 -10.75
7.2 -10.75
7.25 -10.75
7.25 -10.7
7.3 -10.7
7.3 -10.65
7.35 -10.65
13.75 -26.45
13.85 -26.35
14 -26.35
14.9 -28.5
15 -28.4
15.1 -28.5
15.2 -28.4
15.25 -28.4
15.3 -28.35
15.35 -28.35
15.4 -28.35
15.45 -28.3
15.5 -28.25
15.55 -28.25
15.6 -28.25
15.6 -28.2
15.65 -28.2
15.7 -28.2
15.75 -28.15
15.75 -28.1
15.8 -28.1
15.85 -28.1
15.9 -28.1
15.95 -28.05
16 -28
16.05 -27.95
16.1 -27.95
16.15 -27.95
16.2 -27.9
16.25 -29.1
16.5 -28.95
16.75 -28.8
