-13.9 7.3
-13.9 7.35
-13.85 7.35
-13.85 7.4
-13.85 7.45
-13.85 7.5
-13.8 7.2
-13.8 7.5
-13.8 7.55
-13.75 7.55
-13.75 7.6
-13.75 7.65
-13.7 7.65
-13.7 7.7
-13.7 7.75
-13.65 7.75
-13.65 7.8
-13.65 7.85
-13.6 7.85
-13.6 7.9
-13.55 7.9
-13.55 7.95
-13.5 7.95
-13.35 7.9
-10.3 4.55
-10.3 4.6
-10.3 4.65
-10.3 6.1
-10.25 4.7
-10.25 4.75
-10.25 6.1
-10.25 6.15
-10.25 6.2
-10.2 4.8
-10.2 4.85
-10.2 4.9
-10.2 6.2
-10.2 6.25
-10.15 4.95
-10.15 5
-10.15 6.25
-10.15 6.3
-10.1 5.05
-10.1 5.1
-10.1 6.3
-10.1 6.35
-10.1 6.4
-10.05 5.1
-10.05 5.15
-10.05 6.4
-10.05 6.45
-10 6.45
-10 6.5
-10 6.55
-10 7.1
-9.95 6.55
-9.95 6.6
-9.95 7.15
-9.9 6.6
-9.9 6.65
-9.9 6.7
-9.9 7
-9.85 6.7
-9.85 6.75
-9.85 6.8
-9.85 7.25
-9.8 6.8
-9.8 6.85
-9.8 6.9
-9.8 7.1
-9.75 6.95
-9.75 7.15
-7.2 2.65
-7.2 2.7
-7.2 2.75
-7.2 2.8
-7.2 2.85
-7.15 2.6
-7.15 2.9
-7.1 2.55
-7.1 2.95
-7.1 3
-6.95 2.45
-6.8 2.35
-6.75 2.3
-6.5 2.15
-6.45 2.1
-6.35 1.7
-6.35 1.75
-6.35 1.8
-6.35 1.85
-6.3 1.9
-6.3 1.95
-6.3 2
-6.05 4.5
-6.05 4.55
-6 4.55
-6 4.6
-6 4.65
-5.95 4.65
-5.95 4.7
-5.9 4.7
-5.9 4.75
-5.85 4.75
-5.75 4.7
-5.65 0.9
-5.65 0.95
-5.65 1
-5.65 1.05
-5.6 1.1
-5.6 1.15
-5.6 4.6
-5.55 1.2
-5.55 1.25
-5.5 1.3
-5.5 1.35
-5.5 4.55
-5.45 1.4
-5.25 4.4
-5.2 4.4
-5.15 4.4
-4.95 4.25
-4.6 4
-4.55 4
-4.5 4
-4.45 4
-3.95 3.6
-3.9 3.6
-3.9 3.65
-3.85 3.65
-3.85 3.7
-3.8 3.65
-3.8 3.7
-3.8 3.75
-3.75 3.75
-3.75 3.8
-3.7 3.75
-3.05 -7
-3.05 -0.3
-3.05 -0.25
-3 -7.05
-2.95 -0.35
-2.9 -0.55
-2.9 -0.5
-2.9 -0.45
-2.9 -0.4
-2.75 -6.65
-2.75 -0.55
-2.7 -6.65
-2.7 -0.6
-2.65 -6.65
-2.6 -6.6
-2.55 -0.65
-2.5 -6.5
-2.5 -0.7
-2.4 -0.75
-2.35 -6.2
-2.35 -0.8
-2.25 -2.25
-2.25 -2.2
-2.25 -2.15
-2.25 -0.85
-2.2 -2.3
-2.2 -2.25
-2.2 -0.9
-2.15 -2.5
-2.15 -2.35
-2.15 -2.3
-2.15 -0.95
-2.1 -2.55
-2.1 -2.5
-2.1 -2.4
-2.1 -2.35
-2.1 -1.95
-2.05 -3.3
-2.05 -3.15
-2.05 -2.6
-2.05 -2.55
-2.05 -1
-2 -3.35
-2 -3.3
-2 -3.15
-2 -2.65
-2 -2.6
-1.95 -3.35
-1.95 -2.65
-1.95 -1.05
-1.95 2.25
-1.95 2.3
-1.9 -2.7
-1.9 -2.65
-1.9 -1.7
-1.9 -1.65
-1.9 -1.6
-1.9 -1.1
-1.9 -1.05
-1.9 2.3
-1.9 2.35
-1.85 -2.75
-1.85 -2.7
-1.85 -1.1
-1.85 2.35
-1.85 2.4
-1.85 2.45
-1.8 -1.15
-1.8 -1.1
-1.8 2.4
-1.8 2.45
-1.8 2.5
-1.75 -1.2
-1.75 -1.15
-1.75 2.5
-1.75 2.55
-1.7 -3
-1.7 -1.2
-1.7 2.55
-1.7 2.6
-1.65 -1.25
-1.65 -1.2
-1.65 2.6
-1.6 -2.9
-1.6 -1.3
-1.6 -1.25
-1.6 2.55
-1.6 2.6
-1.55 -2.95
-1.55 -2.9
-1.55 2.55
-1.5 -2.95
-1.45 -3
-1.4 -3.05
-1.2 -3.2
-1.15 -3.2
-1.1 -3.25
-1.05 -3.3
-1 -3.3
-1 1.65
-0.95 -3.35
-0.95 1.6
-0.9 -3.35
-0.9 1.55
-0.9 1.6
-0.85 -3.35
-0.85 1.55
-0.85 1.6
-0.8 -3.3
-0.75 -3.3
-0.7 -3.3
-0.65 -3.35
-0.6 -3.4
-0.55 1.15
-0.55 1.2
-0.45 0.95
-0.45 1
-0.4 0.95
-0.4 1
-0.4 1.2
-0.4 1.25
-0.35 1.2
-0.3 1.15
-0.3 1.2
-0.25 1.1
-0.25 1.15
-0.2 1.1
-0.15 1.05
-0.15 1.1
-0.1 1
-0.1 1.05
-0.05 1
0 1
0.05 0.95
0.1 0.9
0.1 0.95
0.15 0.9
0.2 0.85
0.25 0.8
0.25 0.85
0.3 0.85
0.35 0.95
0.4 1
0.45 1.05
0.45 1.1
0.5 1.1
0.5 1.15
0.55 1.1
0.55 1.15
0.6 1.05
0.6 1.1
0.65 1.05
0.65 1.1
0.7 1
0.7 1.05
0.75 0.95
0.75 1
0.8 0.95
0.8 1
0.85 0.9
0.85 0.95
0.9 0.85
0.9 0.9
0.95 0.85
0.95 0.9
1 0.8
1 0.85
1.05 0.75
1.05 0.8
1.1 0.75
1.15 0.7
1.15 0.75
1.2 0.65
1.2 0.7
1.25 0.1
1.25 0.15
1.25 0.2
1.25 0.65
1.3 0.25
1.3 0.3
1.3 0.6
1.3 0.65
1.35 0.3
1.35 0.35
1.35 0.6
1.4 0.35
1.4 0.4
1.4 0.45
1.4 0.55
1.45 -0.05
1.45 0
1.45 0.05
1.45 0.45
1.45 0.5
1.45 0.55
1.5 -0.1
1.5 0
1.5 0.05
1.55 -0.15
1.55 -0.1
1.6 -0.15
1.65 -0.2
1.7 -0.25
1.7 -0.2
1.75 -0.3
1.75 -0.25
1.8 -0.3
2.35 -0.55
2.35 -0.5
2.4 -0.6
2.45 -0.6
2.55 -0.8
2.75 -1.05
2.75 -1
2.75 -0.95
2.75 -0.9
2.75 -0.7
2.8 -1.1
2.85 -1.15
2.85 -0.85
2.85 -0.8
2.85 -0.75
4.3 -3.95
4.35 -3.95
4.35 -3.9
4.35 -3.85
4.4 -3.9
4.4 -3.85
4.4 -3.8
4.4 -3.75
4.4 -3.7
4.45 -3.85
4.45 -3.7
4.45 -3.65
4.65 -3.5
4.65 -3.45
4.7 -3.45
4.7 -3.4
4.75 -3.4
4.75 -3.35
4.75 -3.3
4.8 -3
4.8 -2.95
4.8 -2.9
4.8 -2.85
4.85 -3
4.85 -2.85
4.85 -2.8
4.9 -3.1
4.9 -2.75
4.9 -2.7
4.95 -2.7
4.95 -2.65
5 -2.65
5 -2.6
5.05 -2.55
5.05 -2.5
5.1 -2.5
5.1 -2.45
5.15 -2.4
5.15 -2.35
5.2 -2.3
5.25 -2.25
5.25 -2.2
5.3 -2.2
5.3 -2.15
5.3 -2.1
6.9 -7
7.35 -7.35
7.9 -7.75
8.15 -7.8
9.95 -9.4
10.05 -9.3
10.1 -9.4
10.15 -9.3
10.15 -9.2
10.65 -7.2
10.65 -7.15
10.7 -7.1
10.75 -7.1
10.75 -7.05
10.75 -7
10.8 -7
10.8 -6.95
10.85 -6.9
10.85 -6.85
10.85 -6.8
10.9 -6.8
25.25 -19.95
25.25 -19.9
25.3 -20
25.3 -19.85
25.4 -19.7
25.45 -19.75
25.45 -19.65
25.6 -19.5
25.6 -19.45
25.65 -19.55
25.65 -19.4
25.75 -19.25
25.75 -19.2
25.8 -19.3
25.8 -19.2
