-9.15 -3.05
-9.1 -3.15
-9.05 -3.2
-9.05 -3.05
-9 -3.15
-8.8 -3.2
-8.6 -3.15
-8.15 -3.05
-8.05 -3.05
-6.3 -2.7
-6.3 -2.65
-6.3 -2.6
-6.15 -2.7
-5.7 -2.75
-5.7 -2.7
-5.25 -2.55
-5.2 -2.55
-5.15 -2.55
-5.1 -2.55
-5.05 -2.55
-4.8 -2.5
-4.5 -1.2
-4.45 -1.15
-4.4 -1.1
-4.2 14.95
-4.2 15.05
-4.15 15.05
-4.1 15.05
-4.1 15.1
-4.05 14.55
-4.05 15.05
-4.05 15.1
-4 15.1
-3.95 15.1
-3.95 15.15
-3.9 15.15
-3.85 15.1
-3.85 15.15
-3.8 15.15
-3.8 15.2
-3.75 15.15
-3.7 15.15
-3.7 15.2
-3.65 10.4
-3.65 15.2
-3.6 10.1
-3.6 10.3
-3.6 15.15
-3.6 15.2
-3.55 10
-3.55 10.3
-3.55 10.45
-3.55 15.2
-3.55 15.25
-3.5 10.05
-3.5 10.15
-3.5 10.3
-3.5 10.45
-3.5 15.2
-3.5 15.25
-3.45 10.3
-3.45 10.6
-3.45 15.2
-3.45 15.25
-3.4 10.05
-3.4 10.1
-3.4 10.3
-3.4 10.35
-3.4 10.65
-3.4 15.2
-3.4 15.25
-3.4 15.3
-3.35 4.7
-3.35 4.8
-3.35 10.05
-3.35 10.1
-3.35 10.35
-3.35 10.65
-3.3 4.65
-3.3 4.75
-3.3 4.8
-3.3 4.85
-3.3 10.1
-3.3 10.65
-3.3 10.7
-3.25 -0.5
-3.25 -0.45
-3.25 -0.4
-3.25 -0.35
-3.25 4.6
-3.25 4.8
-3.25 4.9
-3.25 10.7
-3.2 -0.65
-3.2 -0.6
-3.2 -0.55
-3.2 -0.3
-3.2 4.6
-3.2 4.8
-3.2 4.85
-3.2 10.7
-3.15 -1.1
-3.15 -1.05
-3.15 -1
-3.15 -0.95
-3.15 4.65
-3.15 10.7
-3.1 -1.2
-3.1 -1.15
-3.1 -0.25
-3.1 -0.2
-3.1 -0.15
-3.1 -0.1
-3.1 0
-3.1 4.65
-3.1 4.7
-3.1 4.75
-3.1 5.65
-3.1 5.7
-3.1 10.7
-3.1 10.75
-3.05 -1.7
-3.05 -1.65
-3.05 -1.6
-3.05 -1.55
-3.05 -1.5
-3.05 4.7
-3.05 5.7
-3 -1.8
-3 -1.75
-3 -1.7
-3 4.7
-3 4.75
-3 5.7
-3 5.75
-3 7
-2.95 -1.85
-2.95 -1.8
-2.95 4.75
-2.95 5.75
-2.95 6.5
-2.95 6.7
-2.95 6.75
-2.95 7
-2.9 -1.85
-2.9 4.75
-2.9 5.75
-2.9 5.8
-2.9 6.35
-2.9 7.05
-2.85 -1.85
-2.85 0.05
-2.85 4.75
-2.85 5.8
-2.85 6.05
-2.85 6.1
-2.85 7.05
-2.8 -2.05
-2.8 -2
-2.8 -1.95
-2.8 -1.9
-2.8 -1.85
-2.8 4.75
-2.8 4.8
-2.8 5.8
-2.8 7.05
-2.8 7.1
-2.75 -2.05
-2.75 4.75
-2.75 4.8
-2.75 7.05
-2.75 7.1
-2.7 0.1
-2.7 4.8
-2.7 4.85
-2.7 7.1
-2.65 7.1
-2.6 7.15
-2.6 7.2
-2.6 7.25
-2.55 11.55
-2.5 0.15
-2.5 2.65
-2.5 11.55
-2.45 2.65
-2.45 2.7
-2.45 2.75
-2.45 2.85
-2.45 11.55
-2.4 2.7
-2.4 2.75
-2.4 2.8
-2.4 2.85
-2.4 2.9
-2.4 2.95
-2.4 3
-2.4 3.05
-2.4 3.1
-2.4 11.55
-2.4 11.6
-2.35 11.6
-2.3 1.85
-2.3 11.6
-2.25 1.55
-2.25 1.85
-2.25 1.9
-2.25 1.95
-2.25 2
-2.25 2.05
-2.25 2.1
-2.25 2.15
-2.25 2.2
-2.25 11.6
-2.2 -1.95
-2.2 1.45
-2.2 1.55
-2.2 1.6
-2.2 1.65
-2.2 1.7
-2.2 11.6
-2.15 -1.95
-2.15 1.1
-2.15 1.15
-2.15 1.2
-2.15 1.25
-2.15 1.3
-2.15 1.35
-2.15 11.6
-2.15 11.65
-2.1 -1.95
-2.1 0.8
-2.1 0.85
-2.1 0.9
-2.1 0.95
-2.1 1
-2.1 11.6
-2.1 11.65
-2.05 -1.95
-2.05 0.55
-2.05 0.6
-2.05 0.65
-2.05 0.7
-2.05 0.75
-2.05 11.65
-2 -1.95
-2 0.2
-2 0.25
-2 0.3
-2 0.35
-2 0.4
-2 0.45
-2 0.5
-2 11.65
-1.95 -1.95
-1.95 11.65
-1.9 -2
-1.9 -1.95
-1.9 11.65
-1.9 11.7
-1.85 -2.05
-1.85 -2
-1.85 11.7
-1.8 -2.05
-1.8 11.65
-1.8 11.7
-1.75 11.7
-1.75 11.75
-1.75 11.8
-1.75 11.9
-1.75 12.05
-1.7 11.75
-1.7 12.05
-1.7 12.35
-1.7 12.4
-1.65 -1.9
-1.65 12.35
-1.65 12.4
-1.6 -1.95
-1.6 -1.9
-1.6 12.4
-1.55 12.4
-1.5 12.4
-1.45 12.4
-1.4 12.4
-0.85 7.4
-0.8 7.4
-0.75 7.4
-0.7 7.4
-0.65 7.4
-0.6 7.4
-0.55 7.4
-0.5 7.3
-0.5 7.35
-0.5 7.4
-0.45 7.1
-0.4 6.75
-0.4 6.8
-0.4 6.85
-0.35 6.7
-0.35 6.75
-0.3 6.6
-0.3 6.7
-0.25 6.2
-0.25 6.25
-0.2 5.95
-0.15 5.95
-0.1 5.9
-0.1 5.95
-0.05 5.9
0 5.2
0 5.25
0 5.9
0.05 5.2
0.1 5.2
0.15 5.2
0.2 5.2
0.25 5.2
0.3 5.2
0.35 2.85
0.35 5.15
0.4 2.85
0.45 2.85
0.5 0.85
0.5 2.85
0.55 1.05
0.55 1.1
0.55 2.85
0.6 1
0.6 1.05
0.6 1.1
0.6 1.4
0.6 1.45
0.6 1.5
0.6 1.55
0.6 1.6
0.6 1.65
0.6 1.7
0.6 2.85
0.6 2.9
0.65 1
0.65 1.25
0.65 1.3
0.65 1.35
0.65 1.4
0.65 1.45
0.65 1.5
0.65 2.85
0.65 2.9
0.7 0.7
0.7 0.75
0.7 0.8
0.7 0.85
0.7 0.9
0.7 0.95
0.7 1
0.7 2.9
0.75 0.3
0.75 0.35
0.75 0.4
0.75 0.45
0.75 0.5
0.75 0.55
0.75 0.6
0.75 0.65
0.75 0.7
0.75 0.75
0.75 2.9
0.8 0.3
0.8 0.35
0.8 0.4
0.8 2.85
0.8 2.9
0.85 2.75
0.85 2.8
0.85 2.85
0.9 2.3
0.9 2.35
0.9 2.4
0.9 2.5
0.9 2.55
0.9 2.6
0.95 -0.9
1 -0.95
1 -0.9
1.05 -0.9
1.1 -0.9
1.15 -0.9
1.2 -0.9
1.2 -0.85
1.2 0.25
1.2 0.3
1.25 -0.9
1.25 -0.85
1.25 -0.1
1.25 -0.05
1.25 0
1.25 0.05
1.25 0.1
1.25 0.15
1.25 0.2
1.25 0.25
1.25 0.3
1.3 -0.9
1.3 -0.85
1.3 -0.4
1.3 -0.35
1.3 -0.3
1.3 -0.25
1.3 -0.2
1.3 -0.15
1.3 -0.1
1.3 0
1.35 -0.9
1.35 -0.85
1.35 -0.8
1.35 -0.7
1.35 -0.65
1.35 -0.6
1.35 -0.55
1.35 -0.5
1.35 -0.45
1.35 -0.4
1.35 -0.35
1.4 -0.85
1.4 -0.8
1.4 -0.75
1.4 -0.7
1.4 -0.65
