-8.75 -1.35
-8.7 -1.5
-8.7 -1.4
-8.55 -1.5
-8.55 -1.35
-8.1 -1.55
-7.7 -1.7
-7.7 -1.6
-7.55 -1.7
-7 -1.65
-6.85 -1.65
-6.6 -1.65
-6.55 -1.6
-6.25 -1.65
-5.35 -1.7
-5.3 -1.75
-5.25 -1.8
-3.35 -1.6
-3.35 -1.55
-3.35 -1.5
-3.35 -1.45
-3.35 -1.4
-3.35 -1.35
-3.35 -1.3
-3.35 -1.25
-3.3 -1.6
-3.3 -0.95
-3.3 -0.9
-3.3 -0.85
-3.3 -0.8
-3.3 -0.75
-3.3 -0.7
-3.25 -1.8
-3.25 -1.75
-3.25 -1.65
-3.25 -0.45
-3.25 -0.4
-3.25 -0.35
-3.25 -0.3
-3.25 -0.25
-3.25 -0.2
-3.2 -1.85
-3.2 -1.8
-3.2 -1.65
-3.2 -0.15
-3.2 -0.1
-3.15 -1.85
-3.05 0
-3.05 0.05
-3.05 0.1
-2.65 -1.9
-2.6 -1.9
-2.55 -1.95
-2.55 -1.9
-2.45 -1.95
-2.45 -1.9
-2.4 -1.95
-2.35 -2
-2.35 -1.95
-2.3 -2.05
-2.3 -2
-2.15 -1.95
-2.15 4.9
-2.15 4.95
-2.1 -2
-2.1 4.9
-2.1 4.95
-2.05 -2
-2.05 4.95
-2.05 5
-2 4.95
-2 5
-1.95 4.95
-1.95 5
-1.9 4.95
-1.9 5
-1.85 0.15
-1.85 0.2
-1.85 0.25
-1.85 0.3
-1.85 0.35
-1.85 0.4
-1.85 0.45
-1.85 0.5
-1.85 0.55
-1.8 0.6
-1.8 0.65
-1.8 0.7
-1.8 0.75
-1.8 0.8
-1.8 0.85
-1.8 0.9
-1.8 0.95
-1.8 1
-1.8 1.05
-1.8 1.1
-1.8 1.15
-1.8 1.2
-1.8 4.8
-1.75 1.25
-1.75 1.3
-1.75 1.35
-1.75 1.4
-1.75 1.45
-1.75 1.5
-1.75 1.55
-1.75 1.6
-1.75 1.65
-1.75 1.7
-1.75 2.35
-1.75 4.75
-1.7 1.7
-1.7 1.75
-1.7 1.8
-1.7 1.85
-1.7 1.9
-1.7 1.95
-1.7 2
-1.7 2.05
-1.7 2.1
-1.7 2.15
-1.7 2.3
-1.7 2.35
-1.7 2.4
-1.7 2.45
-1.7 2.65
-1.7 2.7
-1.7 4.75
-1.7 4.8
-1.65 2.1
-1.65 2.15
-1.65 2.2
-1.65 2.25
-1.65 2.3
-1.65 2.35
-1.65 2.4
-1.65 2.45
-1.65 2.5
-1.65 2.55
-1.65 2.65
-1.65 2.7
-1.65 2.75
-1.65 3
-1.65 4.75
-1.6 2.5
-1.6 2.55
-1.6 2.6
-1.6 2.65
-1.6 2.7
-1.6 2.75
-1.6 2.8
-1.6 2.85
-1.6 2.9
-1.6 2.95
-1.6 3
-1.6 3.05
-1.6 4.75
-1.6 5.7
-1.55 2.95
-1.55 3
-1.55 3.05
-1.55 3.1
-1.55 4.75
-1.55 5.7
-1.5 4.75
-1.5 5.7
-1.45 4.75
-1.45 4.8
-1.45 5.7
-1.45 5.75
-1.4 4.75
-1.4 4.8
-1.4 5.75
-1.35 5.75
-1.3 5.75
-1.25 5.95
-1.25 6
-1.2 6.05
-1.2 6.4
-1.2 6.45
-1.2 6.5
-1.2 6.55
-1.15 6.65
-1.15 6.9
-1.1 6.95
-1.05 6.95
-1.05 7
-1 6.95
-1 7
-0.95 7
-0.95 10
-0.95 10.25
-0.9 6.95
-0.9 7
-0.9 10
-0.9 10.05
-0.9 10.2
-0.85 6.95
-0.85 7
-0.85 10
-0.85 10.05
-0.85 10.2
-0.85 10.25
-0.8 6.95
-0.8 7
-0.8 10
-0.8 10.05
-0.75 6.95
-0.75 7
-0.75 10
-0.75 10.05
-0.75 10.2
-0.75 10.25
-0.7 7.1
-0.7 10
-0.7 10.05
-0.65 10.05
-0.65 10.25
-0.65 10.6
-0.6 10
-0.6 10.05
-0.6 10.55
-0.6 10.6
-0.55 10.6
-0.5 10.6
-0.45 10.6
-0.4 10.6
-0.35 10.6
-0.3 10.6
-0.3 14.4
-0.25 10.6
-0.25 14.4
-0.25 14.5
-0.2 15.05
-0.15 15.05
-0.1 15.05
0 15.05
0.05 15.05
0.1 15.05
0.15 15.05
0.2 15.05
0.25 15.05
0.3 15.05
0.35 15.05
0.4 15.05
0.45 15.05
0.5 11.25
0.5 15.05
0.55 11.25
0.55 15
0.55 15.05
0.6 11.25
0.6 15.05
0.65 11.25
0.65 15.05
0.7 11.25
0.75 11.25
0.8 -0.5
0.8 -0.45
0.8 0.15
0.8 11.2
0.8 11.25
0.85 -0.5
0.85 -0.45
0.85 -0.4
0.85 -0.35
0.85 -0.3
0.85 -0.25
0.85 -0.2
0.85 -0.15
0.85 -0.1
0.85 -0.05
0.85 0
0.85 0.05
0.85 0.1
0.85 0.15
0.85 0.2
0.85 0.25
0.85 0.3
0.85 11.2
0.9 0
0.9 0.05
0.9 0.1
0.9 0.15
0.9 0.3
0.9 0.35
0.9 0.4
0.9 0.45
0.9 0.5
0.9 0.55
0.9 11.2
0.95 0.4
0.95 0.5
0.95 0.55
0.95 0.6
0.95 0.65
0.95 0.7
0.95 0.75
0.95 0.8
0.95 0.85
0.95 0.9
0.95 11.2
1 0.9
1 11.2
1.05 0.95
1.05 2.1
1.05 11.2
1.1 2.05
1.1 2.1
1.1 6.8
1.1 11.2
1.15 -1.25
1.15 2.05
1.15 2.1
1.15 6.8
1.15 11.2
1.2 -1.25
1.2 -1.2
1.2 -1.15
1.2 -1.1
1.2 -1.05
1.2 -1
1.2 -0.95
1.2 -0.9
1.2 -0.85
1.2 -0.8
1.2 2.05
1.2 2.1
1.2 6.8
1.2 11.2
1.25 -0.85
1.25 2.05
1.25 2.1
1.25 6.75
1.25 6.8
1.25 11.2
1.3 2.05
1.3 4.45
1.3 6.75
1.3 11.2
1.3 11.25
1.35 2.05
1.35 4.45
1.35 5.25
1.35 5.3
1.35 5.4
1.35 6.75
1.35 11.25
1.35 11.3
1.4 1.15
1.4 2.05
1.4 4.45
1.4 5.2
1.4 5.25
1.4 6
1.4 6.05
1.4 6.1
1.4 6.15
1.4 6.35
1.4 6.5
1.4 6.75
1.4 11.4
1.4 11.5
1.45 1.2
1.45 1.25
1.45 1.3
1.45 1.35
1.45 1.4
1.45 1.45
1.45 1.5
1.45 1.55
1.45 1.6
1.45 2
1.45 2.05
1.45 4.45
1.45 5.05
1.45 5.1
1.45 5.2
1.45 5.95
1.45 6
1.5 1.55
1.5 1.6
1.5 1.65
1.5 1.7
1.5 1.75
1.5 1.8
1.5 1.85
1.5 1.9
1.5 1.95
1.5 2
1.5 2.05
1.5 4.4
1.5 4.45
1.5 11.8
1.55 4.4
1.55 4.45
1.55 11.8
1.55 11.85
1.6 4.4
1.6 11.8
1.6 11.85
1.65 4.4
1.65 11.8
1.65 11.85
1.7 4.3
1.7 4.35
1.7 4.4
1.7 11.8
1.75 11.75
1.75 11.8
1.8 11.8
1.85 11.75
1.85 11.8
1.9 11.8
