-6.25 -2.55
-6.25 -2.5
-6.2 -2.6
-6.15 -2.55
-6.1 -2.6
-4.6 -2.6
-4.55 -2.65
-4.55 -2.6
-4.5 -2.65
-4.45 -2.65
-4.4 -2.65
-4.35 -2.65
-3.5 -2.1
-3.3 -2.05
-3.25 -2.35
-3.25 -2.3
-3.25 -2.25
-3.25 -2.2
-3.25 -2.15
-3.25 -2.1
-3.25 -2.05
-3.25 -1.75
-3.25 -1.7
-3.25 -1.65
-3.25 -1.6
-3.25 -1.55
-3.25 -1.5
-3.25 -1.45
-3.2 -2.4
-3.2 -2.35
-3.2 -1.2
-3.2 -1.15
-3.15 -2.45
-3.15 -2.4
-3.1 -2.6
-3.1 -2.55
-3.1 -2.5
-3.1 -2.45
-3.05 -2.6
-2.6 4.2
-2.55 4.2
-2.55 4.25
-2.5 4.2
-2.5 4.25
-2.5 4.3
-2.45 4.25
-2.45 4.3
-2.4 4.25
-2.4 4.3
-2.35 4.25
-2.35 4.3
-2.3 4.25
-2.3 4.3
-2.25 4.25
-2.25 4.3
-2.2 4.25
-2.2 4.3
-2.05 4.1
-2 4.1
-1.95 4.1
-1.9 4.1
-1.85 -0.55
-1.85 -0.5
-1.85 -0.45
-1.85 -0.4
-1.85 -0.35
-1.85 -0.3
-1.85 -0.25
-1.85 -0.2
-1.85 -0.15
-1.85 -0.1
-1.85 -0.05
-1.85 0
-1.85 0.05
-1.85 0.1
-1.85 0.15
-1.85 0.2
-1.85 0.25
-1.85 0.3
-1.85 0.35
-1.85 0.4
-1.85 0.5
-1.85 0.55
-1.85 0.6
-1.85 0.7
-1.85 4.1
-1.85 5.05
-1.8 0.45
-1.8 0.65
-1.8 0.75
-1.8 0.8
-1.8 0.85
-1.8 0.9
-1.8 0.95
-1.8 1
-1.8 1.05
-1.8 1.1
-1.8 1.15
-1.8 1.2
-1.8 1.25
-1.8 1.3
-1.8 1.35
-1.8 1.4
-1.8 1.45
-1.8 1.5
-1.8 1.55
-1.8 1.6
-1.8 1.65
-1.8 1.7
-1.8 1.75
-1.8 1.8
-1.8 1.85
-1.8 1.9
-1.8 4.1
-1.8 5.05
-1.75 1.85
-1.75 1.9
-1.75 1.95
-1.75 2
-1.75 2.05
-1.75 2.1
-1.75 2.15
-1.75 2.2
-1.75 2.25
-1.75 2.3
-1.75 2.35
-1.75 2.4
-1.75 2.45
-1.75 2.5
-1.75 2.55
-1.75 2.6
-1.75 2.65
-1.75 4.1
-1.75 5.05
-1.7 2.6
-1.7 2.65
-1.7 4.1
-1.7 5.05
-1.7 5.1
-1.65 4.1
-1.65 5.1
-1.6 5.1
-1.6 5.2
-1.6 5.25
-1.6 5.3
-1.6 5.35
-1.6 9.5
-1.55 5.2
-1.55 5.35
-1.55 5.45
-1.55 5.6
-1.55 5.65
-1.55 5.75
-1.55 5.9
-1.55 5.95
-1.55 6.05
-1.55 6.1
-1.55 6.2
-1.55 6.25
-1.55 9.35
-1.55 9.4
-1.5 6.05
-1.5 6.1
-1.5 6.25
-1.5 6.3
-1.5 9.35
-1.5 9.4
-1.5 9.55
-1.45 6.3
-1.45 9.4
-1.45 9.45
-1.45 9.55
-1.4 6.3
-1.4 9.4
-1.4 9.45
-1.35 6.3
-1.35 6.35
-1.35 9.4
-1.3 6.3
-1.3 6.35
-1.3 9.4
-1.3 9.45
-1.25 6.3
-1.25 6.35
-1.25 9.4
-1.25 9.45
-1.25 9.95
-1.2 6.3
-1.2 6.35
-1.2 9.4
-1.2 9.95
-1.15 6.35
-1.15 9.95
-1.15 13.8
-1.1 9.95
-1.1 13.75
-1.1 14.4
-1.05 9.95
-1.05 14.4
-1.05 14.45
-1 9.95
-1 10
-1 14.4
-1 14.45
-0.95 9.95
-0.95 14.45
-0.9 9.95
-0.9 10
-0.9 14.45
-0.85 14.45
-0.8 14.45
-0.75 14.45
-0.75 14.5
-0.7 14.45
-0.65 14.45
-0.65 14.5
-0.6 14.45
-0.55 14.45
-0.5 14.45
-0.5 14.5
-0.45 14.45
-0.4 14.45
-0.4 14.5
-0.35 14.45
-0.3 14.45
-0.3 14.5
-0.25 14.5
-0.2 10.65
-0.15 10.65
-0.15 10.7
-0.1 10.65
0 10.65
0 10.7
0.05 10.65
0.1 10.65
0.1 10.7
0.15 10.65
0.2 10.65
0.2 10.7
0.25 10.65
0.3 10.65
0.3 10.7
0.35 10.65
0.4 10.65
0.45 10.65
0.5 10.65
0.55 10.65
0.6 10.65
0.65 10.65
0.7 6.3
0.7 10.7
0.7 10.75
0.75 -0.45
0.75 6.25
0.75 10.8
0.75 10.85
0.75 10.9
0.8 -0.5
0.8 -0.45
0.8 -0.4
0.8 6.25
0.8 11
0.85 -0.95
0.85 -0.9
0.85 -0.85
0.85 -0.8
0.85 -0.75
0.85 -0.7
0.85 -0.4
0.85 -0.35
0.85 6.25
0.85 11.3
0.9 -0.95
0.9 -0.9
0.9 -0.85
0.9 -0.8
0.9 -0.75
0.9 -0.7
0.9 -0.65
0.9 -0.6
0.9 -0.35
0.9 -0.3
0.9 -0.25
0.9 -0.2
0.9 -0.15
0.9 -0.1
0.9 -0.05
0.9 0
0.9 0.05
0.9 0.1
0.9 0.15
0.9 0.2
0.9 0.25
0.9 0.3
0.9 0.35
0.9 0.4
0.9 6.25
0.9 11.3
0.95 1.55
0.95 1.6
0.95 1.65
0.95 6.25
0.95 11.3
1 1.55
1 1.6
1 1.65
1 1.7
1 5.8
1 6.25
1 11.3
1.05 1.55
1.05 3.95
1.05 4.7
1.05 4.75
1.05 5.1
1.05 5.55
1.05 5.6
1.05 5.65
1.05 6.2
1.05 11.25
1.05 11.3
1.1 1.55
1.1 3.95
1.1 4.2
1.1 4.25
1.1 4.7
1.1 4.75
1.1 5.5
1.1 11.25
1.1 11.3
1.15 1.55
1.15 3.95
1.15 4.7
1.15 11.25
1.15 11.3
1.2 1.55
1.2 3.9
1.2 3.95
1.2 4.65
1.2 10.95
1.2 11.25
1.2 11.3
1.25 1.55
1.25 3.9
1.25 3.95
1.3 1.55
1.3 3.9
1.3 3.95
1.35 0.4
1.35 0.45
1.35 0.5
1.35 0.55
1.35 0.6
1.35 0.65
1.35 0.7
1.35 0.75
1.35 0.8
1.35 0.85
1.35 0.9
1.35 0.95
1.35 1
1.35 1.05
1.35 1.1
1.35 1.5
1.35 1.55
1.35 3.9
1.35 3.95
1.4 0.9
1.4 0.95
1.4 1
1.4 1.05
1.4 1.1
1.4 1.15
1.4 1.2
1.4 1.25
1.4 1.3
1.4 1.35
1.4 1.4
1.4 1.45
1.4 1.5
1.4 3.9
1.4 3.95
1.45 3.9
1.5 3.9
