-8.3 1.6
-8.25 1.7
-8.25 1.75
-8 1.6
-8 1.75
-7.95 1.8
-7.95 1.85
-7.95 1.9
-7.95 1.95
-7.95 2.05
-7.9 2
-7.9 2.1
-7.9 2.15
-7.9 2.2
-7.9 2.25
-7.55 2.25
-7.5 2.3
-7.5 2.35
-7.5 2.4
-7.5 2.45
-7.45 2.5
-7.45 2.55
-7.45 2.6
-7.4 2.65
-5.1 1.95
-5.05 1
-5 0.95
-5 1.05
-5 1.1
-4.75 1.95
-4.75 2
-4.75 2.05
-4.75 2.1
-4.7 2.15
-4.7 2.2
-4 2.2
-3.15 2.1
-3.1 0.75
-3.1 2.1
-3.05 2.1
-3 2.1
-2.85 2.05
-2.8 2.05
-2.75 2.05
-2.7 2.05
-2.65 2.05
-2.6 2.05
-2.55 2.05
-2.5 2.05
-2.45 2.05
-2.4 2.05
-2.35 2.05
-2.3 2.05
-2.2 2
-2.15 2
-2.05 0.65
-1.85 -1.85
-1.85 -1.75
-1.8 -1.5
-1.8 -1.45
-1.8 -1.4
-1.8 -1.35
-1.8 -1.3
-1.8 -1.25
-1.8 -1.2
-1.8 -1.15
-1.8 -1.1
-1.8 -1.05
-1.8 -1
-1.8 1.8
-1.75 -0.9
-1.75 -0.85
-1.75 -0.8
-1.75 -0.75
-1.75 -0.7
-1.75 -0.65
-1.75 -0.6
-1.75 -0.55
-1.75 -0.5
-1.75 -0.45
-1.75 1.8
-1.7 -0.35
-1.7 -0.3
-1.7 -0.25
-1.7 -0.2
-1.7 -0.15
-1.7 -0.1
-1.7 -0.05
-1.7 0
-1.7 0.05
-1.7 0.1
-1.7 0.15
-1.7 1.8
-1.65 0.2
-1.65 0.25
-1.65 0.3
-1.65 0.35
-1.65 0.4
-1.65 0.45
-1.65 0.5
-1.65 0.55
-1.65 0.6
-1.65 1.8
-1.6 1.8
-1.6 2.5
-1.6 2.55
-1.6 2.6
-1.6 2.65
-1.55 1.8
-1.55 1.85
-1.55 1.9
-1.55 2.4
-1.55 2.55
-1.55 2.6
-1.55 2.65
-1.55 2.7
-1.55 2.75
-1.55 2.8
-1.5 1.85
-1.5 1.9
-1.5 1.95
-1.5 2
-1.5 2.05
-1.5 2.1
-1.5 2.15
-1.5 2.2
-1.5 2.25
-1.5 2.3
-1.5 2.75
-1.5 2.8
-1.45 2.8
-1.4 2.8
-1.4 2.85
-1.35 2.85
-1.35 2.9
-1.35 2.95
-1.35 3
-1.35 3.05
-1.35 3.1
-1.35 3.2
-1.35 3.25
-1.35 3.3
-1.35 3.35
-1.35 3.4
-1.35 6.95
-1.35 7
-1.3 3.4
-1.3 3.5
-1.3 3.55
-1.3 3.65
-1.3 3.75
-1.3 3.8
-1.3 3.85
-1.3 3.9
-1.3 7
-1.3 7.05
-1.25 3.9
-1.25 4
-1.25 7
-1.25 7.05
-1.2 4.05
-1.2 7.3
-1.15 4.05
-1.15 7.25
-1.15 7.3
-1.1 4
-1.1 4.05
-1.1 7.25
-1.1 7.3
-1.1 7.35
-1.05 4
-1.05 4.05
-1.05 7.25
-1.05 7.3
-1.05 7.35
-1 4
-1 4.05
-1 7.25
-1 7.3
-0.95 4
-0.95 4.05
-0.95 7.15
-0.95 7.2
-0.95 9.05
-0.95 9.1
-0.9 4.05
-0.9 7.1
-0.85 4.05
-0.85 4.25
-0.85 7.1
-0.85 7.15
-0.85 8.8
-0.85 9.05
-0.85 9.1
-0.8 7.1
-0.8 7.15
-0.8 7.65
-0.8 8.8
-0.8 9.1
-0.75 7.65
-0.7 7.65
-0.65 7.65
-0.6 7.65
-0.6 11.9
-0.6 12
-0.55 7.65
-0.55 11.55
-0.55 11.7
-0.5 7.65
-0.5 11.45
-0.5 11.9
-0.5 12.05
-0.45 7.65
-0.45 11.55
-0.45 11.7
-0.4 7.65
-0.4 12.1
-0.35 12.1
-0.3 12.1
-0.25 12.1
-0.2 12.1
-0.15 12.1
-0.1 12.1
0 12.1
0.05 12.1
0.1 12.1
0.15 12.1
0.2 12.1
0.35 17.55
0.4 8.3
0.4 17.55
0.45 8.3
0.45 17.55
0.45 17.6
0.5 8.3
0.5 17.55
0.55 8.3
0.55 17.55
0.6 8.3
0.6 17.55
0.6 17.6
0.65 8.3
0.65 17.55
0.7 8.3
0.7 17.55
0.75 8.3
0.75 17.55
0.75 17.6
0.8 8.3
0.85 8.3
0.9 8.3
0.95 -0.85
0.95 8.25
0.95 8.3
1 -0.9
1 -0.85
1 -0.8
1 -0.75
1 -0.7
1 -0.65
1 -0.6
1 -0.55
1 -0.5
1 -0.45
1 -0.4
1 -0.35
1 -0.3
1 3.9
1 4
1 4.05
1 8.25
1.05 -0.5
1.05 -0.45
1.05 -0.4
1.05 -0.35
1.05 -0.3
1.05 -0.25
1.05 -0.2
1.05 -0.15
1.05 -0.1
1.05 -0.05
1.05 0
1.05 0.05
1.05 0.1
1.05 0.15
1.05 0.2
1.05 0.25
1.05 0.3
1.05 3.85
1.05 3.9
1.05 8.25
1.05 8.3
1.1 0.25
1.1 0.3
1.1 0.35
1.1 3.85
1.1 3.9
1.1 8.25
1.15 3.85
1.15 3.9
1.15 8.25
1.2 1.5
1.2 1.55
1.2 1.6
1.2 2.3
1.2 2.35
1.2 2.4
1.2 2.45
1.2 2.5
1.2 3.85
1.2 3.9
1.2 8.25
1.2 8.3
1.25 1.5
1.25 1.65
1.25 1.7
1.25 1.75
1.25 1.8
1.25 1.85
1.25 1.9
1.25 1.95
1.25 2
1.25 2.25
1.25 2.3
1.25 2.55
1.25 2.6
1.25 3.15
1.25 3.2
1.25 3.35
1.25 3.85
1.25 3.9
1.25 8.3
1.25 8.35
1.3 1.5
1.3 2.25
1.3 2.3
1.3 2.75
1.3 3.1
1.3 3.15
1.3 3.85
1.3 3.9
1.3 8.5
1.35 -1.45
1.35 -1.4
1.35 -1.35
1.35 -1.3
1.35 1.45
1.35 1.5
1.35 2.15
1.35 2.2
1.35 2.25
1.35 3.1
1.35 3.85
1.35 8.65
1.35 8.7
1.4 1.45
1.4 1.5
1.4 3.05
1.4 3.1
1.4 8.75
1.4 8.85
1.45 1.45
1.45 3.05
1.45 8.85
1.5 1.45
1.5 8.85
1.55 1.45
1.55 6.2
1.55 8.85
1.6 1.45
1.6 7.2
1.6 8.8
1.6 8.85
1.65 7.15
1.65 7.3
1.65 8.85
1.7 7.15
1.7 7.6
1.7 8.15
1.7 8.2
1.7 8.4
1.7 8.8
1.7 8.85
1.75 7.15
1.75 8.1
1.75 8.15
1.75 8.8
2.2 1.1
2.2 1.15
2.2 1.2
2.2 1.25
2.2 1.3
2.2 1.35
2.2 1.4
2.25 1.1
2.25 1.3
2.25 1.35
2.25 1.4
2.5 1.05
2.55 1.05
2.6 1.05
2.65 1.05
3.35 1
3.35 1.05
3.35 1.1
3.35 1.15
3.4 0.95
3.4 1
3.4 1.05
3.6 0.95
3.65 0.85
3.65 0.9
3.65 0.95
3.7 -0.15
3.7 -0.1
3.75 0
3.75 0.05
3.75 0.1
3.75 0.15
3.75 0.2
3.75 0.25
3.75 0.3
