-8.5 0.4
-8.5 0.45
-8.5 0.5
-8.5 0.55
-8.5 0.6
-8.5 0.65
-8.45 0.7
-8.45 0.75
-8.45 0.8
-8.45 0.85
-8.45 0.9
-8.45 0.95
-8.4 1
-8.05 -0.55
-8.05 -0.5
-8.05 -0.4
-8 -0.65
-8 -0.45
-8 1.05
-7.95 -0.75
-7.95 -0.7
-7.95 -0.6
-7.95 1.1
-7.95 1.15
-7.95 1.2
-7.95 1.25
-7.95 1.3
-7.95 1.35
-7.95 1.4
-7.95 1.45
-7.6 1.5
-7.55 1.55
-7.55 1.6
-7.55 1.65
-7.55 1.7
-7.5 1.75
-5.05 0
-5.05 0.05
-5.05 0.1
-5.05 0.15
-5.05 0.2
-5.05 0.25
-5.05 0.3
-5.05 0.35
-5.05 0.4
-4.8 1.25
-4.8 1.3
-4.75 1.35
-4.75 1.4
-4.75 1.45
-4.75 1.5
-4.75 1.55
-4.7 1.75
-4.65 1.6
-4.65 1.65
-4.65 1.7
-3.1 0
-3.05 -0.1
-3 -0.15
-2.85 -0.2
-2.3 1.35
-1.8 -1.65
-1.75 -1.7
-1.75 -1.65
-1.75 -1.55
-1.75 -1.5
-1.75 -1.45
-1.75 -1.4
-1.75 -1.35
-1.75 -1.3
-1.75 -1.25
-1.75 -1.2
-1.7 -1.1
-1.7 -1.05
-1.7 -1
-1.7 -0.95
-1.7 -0.9
-1.7 -0.85
-1.7 -0.8
-1.7 -0.75
-1.7 -0.7
-1.7 -0.65
-1.7 -0.6
-1.7 -0.55
-1.7 -0.5
-1.65 -0.4
-1.65 -0.35
-1.65 -0.3
-1.65 -0.25
-1.65 -0.2
-1.65 -0.15
-1.65 -0.1
-1.65 1.8
-1.65 1.85
-1.65 1.9
-1.65 1.95
-1.6 1.95
-1.6 2
-1.6 2.05
-1.6 2.1
-1.6 2.15
-1.55 1.2
-1.55 1.25
-1.55 1.3
-1.55 1.35
-1.55 1.4
-1.55 1.45
-1.55 1.5
-1.55 1.55
-1.55 1.6
-1.55 1.65
-1.55 2.15
-1.5 2.15
-1.5 5.95
-1.5 6.1
-1.5 6.2
-1.5 6.25
-1.5 6.3
-1.45 2.15
-1.45 2.2
-1.45 2.25
-1.45 2.3
-1.45 2.35
-1.45 6.35
-1.45 6.4
-1.45 7
-1.4 2.2
-1.4 2.25
-1.4 2.3
-1.4 2.35
-1.4 2.4
-1.4 2.45
-1.4 2.5
-1.4 2.55
-1.4 2.6
-1.4 2.65
-1.4 2.7
-1.4 2.75
-1.4 2.8
-1.4 2.85
-1.4 2.9
-1.4 2.95
-1.4 6.35
-1.4 6.4
-1.4 6.65
-1.4 6.9
-1.4 7.05
-1.35 2.9
-1.35 2.95
-1.35 3
-1.35 3.05
-1.35 3.1
-1.35 3.15
-1.35 3.2
-1.35 3.3
-1.35 3.35
-1.35 3.4
-1.35 6.4
-1.35 7.05
-1.35 7.1
-1.3 3.4
-1.3 7.05
-1.3 7.1
-1.25 3.4
-1.25 7.1
-1.2 3.4
-1.15 3.4
-1.15 6.75
-1.15 8.4
-1.1 3.4
-1.1 6.65
-1.1 8.45
-1.05 3.4
-1.05 6.5
-1.05 6.55
-1.05 8.45
-1 3.4
-1 6.5
-1 6.55
-1 8.4
-1 8.45
-0.95 3.4
-0.95 3.45
-0.95 3.5
-0.95 3.55
-0.95 3.6
-0.95 3.65
-0.95 6.5
-0.95 6.55
-0.95 7
-0.95 8.45
-0.9 3.65
-0.9 6.5
-0.9 7
-0.85 7
-0.85 11.4
-0.8 7
-0.8 7.05
-0.8 11.3
-0.8 11.35
-0.75 7
-0.75 7.05
-0.75 11.4
-0.75 11.45
-0.7 7
-0.7 7.05
-0.7 11.3
-0.7 11.4
-0.65 7
-0.65 7.05
-0.65 11.4
-0.65 11.45
-0.6 7.05
-0.6 11.45
-0.55 7.05
-0.55 11.45
-0.5 11.45
-0.45 11.45
-0.45 11.5
-0.4 11.45
-0.35 11.45
-0.35 11.5
-0.3 11.45
-0.3 11.5
-0.25 11.45
-0.25 11.5
-0.2 11.5
-0.15 11.45
-0.15 11.5
-0.1 11.5
0 11.45
0 11.5
0 16.9
0 16.95
0.05 16.95
0.1 16.9
0.1 16.95
0.15 16.95
0.15 17
0.2 16.95
0.25 7.7
0.25 16.95
0.3 7.7
0.3 16.95
0.35 7.7
0.35 16.9
0.35 16.95
0.4 7.7
0.4 16.95
0.45 7.7
0.45 16.95
0.5 7.7
0.55 7.7
0.6 7.7
0.65 7.7
0.7 7.7
0.75 7.7
0.8 7.7
0.85 7.65
0.85 7.7
0.9 3.3
0.9 3.35
0.9 7.65
0.9 7.7
0.95 3.25
0.95 3.3
0.95 7.65
1 -1
1 3.25
1 3.3
1 7.65
1.05 -1.15
1.05 -1.1
1.05 -1.05
1.05 -1
1.05 -0.95
1.05 -0.9
1.05 -0.85
1.05 -0.8
1.05 -0.75
1.05 -0.7
1.05 -0.65
1.05 -0.6
1.05 -0.55
1.05 -0.5
1.05 -0.45
1.05 -0.4
1.05 -0.35
1.05 3.25
1.05 7.65
1.05 7.7
1.1 -0.4
1.1 -0.35
1.1 -0.3
1.1 3.25
1.1 7.7
1.1 7.75
1.1 7.8
1.15 0.9
1.15 3.25
1.15 3.3
1.15 7.9
1.15 7.95
1.2 -0.35
1.2 0.9
1.2 0.95
1.2 1
1.2 1.05
1.2 1.1
1.2 1.15
1.2 1.2
1.2 1.25
1.2 1.3
1.2 1.35
1.2 1.4
1.2 1.45
1.2 1.65
1.2 1.7
1.2 1.75
1.2 1.8
1.2 1.85
1.2 1.9
1.2 1.95
1.2 2
1.2 2.05
1.2 2.1
1.2 2.5
1.2 2.55
1.2 2.6
1.2 2.65
1.2 2.7
1.2 2.75
1.2 2.8
1.2 2.85
1.2 3.25
1.2 3.3
1.2 8.05
1.25 -0.35
1.25 0.9
1.25 1.4
1.25 1.45
1.25 1.5
1.25 1.6
1.25 1.65
1.25 2.15
1.25 2.5
1.25 3.25
1.25 8.25
1.3 -0.35
1.3 0.9
1.3 1.6
1.3 1.65
1.3 2.5
1.3 3.25
1.3 8.25
1.3 8.3
1.35 -0.35
1.35 0.9
1.35 2.45
1.35 2.5
1.35 8.25
1.35 8.3
1.4 0.9
1.4 2.45
1.4 2.5
1.4 8.25
1.45 0.85
1.45 5.6
1.45 5.65
1.45 8.25
1.5 -0.4
1.5 0.85
1.5 5.6
1.5 6.6
1.5 8.25
1.55 5.6
1.55 6.55
1.55 7.55
1.55 8.25
1.6 6.55
1.6 7.55
1.6 8.2
1.6 8.25
1.65 -0.5
1.65 6.55
1.65 7.45
1.65 7.5
1.95 -0.65
2.05 1
2.1 0.95
2.15 -0.7
2.15 0.55
2.15 0.6
2.15 0.9
2.15 0.95
2.2 -0.7
2.2 0.5
2.2 0.55
2.2 0.6
2.2 0.65
2.2 0.7
2.2 0.75
2.2 0.8
2.2 0.85
2.2 0.9
2.25 -0.7
2.3 -0.7
2.35 0.5
2.4 -0.7
2.4 -0.65
2.4 -0.6
2.4 -0.55
2.4 0.5
2.45 -0.7
2.45 -0.6
2.45 -0.55
2.5 -0.65
2.55 -0.7
2.55 -0.65
2.55 -0.55
2.6 -0.6
3.05 -0.75
3.15 -0.75
3.35 0.4
3.35 0.45
3.35 0.5
3.4 -0.8
3.4 0.4
3.4 0.45
3.4 0.5
3.45 0.4
3.45 0.45
3.5 -0.8
3.55 -0.8
3.55 -0.75
3.55 0.35
3.6 0.35
3.6 0.4
3.7 -0.75
3.7 -0.7
3.7 -0.6
3.7 -0.55
3.75 -0.7
3.75 -0.65
3.75 -0.6
3.75 -0.55
3.75 -0.5
3.75 -0.45
3.75 -0.4
3.75 -0.35
3.75 -0.3
3.75 -0.25
3.75 -0.2
3.75 -0.15
3.75 -0.1
3.8 -0.3
3.8 -0.15
3.8 -0.1
3.8 0
3.8 0.05
3.8 0.1
3.8 0.15
3.8 0.2
3.8 0.25
3.8 0.3
