-8.7 -1.8
-8.7 -1.7
-8.7 -1.65
-8.65 -1.95
-8.65 -1.85
-8.6 -2
-8.6 -1.9
-8.6 -1.75
-8.5 -0.7
-8.5 -0.65
-8.5 -0.6
-8.5 -0.55
-8.5 -0.5
-8.5 -0.45
-8.5 -0.4
-8.5 -0.35
-8.5 -0.3
-8.5 -0.25
-8.5 -0.2
-8.5 -0.15
-8.5 -0.1
-8.5 0
-8.5 0.05
-8.5 0.1
-8.5 0.15
-8.45 0.2
-8.45 0.25
-8.05 0.3
-8 0.35
-8 0.4
-8 0.5
-7.95 -1.2
-7.95 0.45
-7.95 0.55
-7.95 0.6
-7.95 0.7
-7.95 0.75
-7.9 0.65
-7.6 0.75
-5.9 -2.05
-5.9 -2
-5.85 -2.1
-5.2 -0.3
-5.05 -0.55
-5.05 -0.5
-5.05 -0.45
-5.05 -0.4
-5.05 -0.35
-5 -0.6
-4.9 -0.7
-4.9 -0.65
-4.8 -0.8
-4.8 -0.75
-4.8 0.75
-4.8 0.8
-4.8 0.85
-4.75 0.55
-4.75 0.6
-4.75 0.65
-4.75 0.7
-4.75 0.9
-4.75 1
-4.75 1.05
-4.7 0.95
-4.7 1.1
-3.05 -0.85
-3.05 -0.8
-3.05 -0.75
-3.05 -0.7
-1.7 -1.6
-1.7 -1.55
-1.7 -1.5
-1.7 -1.45
-1.7 -1.4
-1.7 -1.35
-1.7 -1.1
-1.7 -0.75
-1.65 -1.6
-1.65 -1.25
-1.65 -1.2
-1.65 -1.15
-1.65 -1.1
-1.65 -1
-1.65 -0.95
-1.65 -0.9
-1.65 -0.85
-1.65 -0.8
-1.65 -0.75
-1.65 1.1
-1.65 1.15
-1.65 1.2
-1.65 1.25
-1.65 1.3
-1.65 1.35
-1.65 1.4
-1.6 1.4
-1.6 1.45
-1.6 1.5
-1.55 0.5
-1.55 0.55
-1.55 0.6
-1.55 0.65
-1.55 0.7
-1.55 0.75
-1.55 0.8
-1.55 0.85
-1.55 0.9
-1.55 0.95
-1.55 1.5
-1.55 4.8
-1.55 5.15
-1.55 5.3
-1.55 5.4
-1.55 5.45
-1.55 5.5
-1.55 5.55
-1.55 5.6
-1.55 5.65
-1.55 5.7
-1.5 1.5
-1.5 4.9
-1.5 5.75
-1.5 6.4
-1.5 6.45
-1.45 1.5
-1.45 1.55
-1.45 1.6
-1.45 1.65
-1.45 1.7
-1.45 1.75
-1.45 1.8
-1.45 1.85
-1.45 1.9
-1.45 1.95
-1.45 5.75
-1.45 5.8
-1.45 5.85
-1.45 6.45
-1.4 1.8
-1.4 1.85
-1.4 1.9
-1.4 1.95
-1.4 2
-1.4 2.05
-1.4 2.1
-1.4 2.15
-1.4 2.2
-1.4 2.25
-1.4 2.3
-1.4 2.35
-1.4 2.4
-1.4 2.45
-1.4 2.5
-1.4 2.55
-1.4 2.6
-1.4 2.75
-1.4 6.45
-1.35 2.55
-1.35 2.6
-1.35 2.65
-1.35 2.7
-1.35 2.75
-1.35 6.45
-1.35 6.5
-1.3 2.75
-1.3 6.45
-1.25 2.75
-1.25 7.7
-1.2 2.75
-1.2 7.75
-1.2 7.8
-1.15 2.75
-1.15 5.95
-1.15 6
-1.15 7.75
-1.15 7.8
-1.1 2.75
-1.1 5.9
-1.1 7.7
-1.1 7.75
-1.05 2.75
-1.05 5.85
-1.05 5.9
-1.05 7.8
-1 2.75
-1 3.1
-1 3.2
-1 5.9
-1 10.7
-1 10.75
-0.95 2.8
-0.95 2.9
-0.95 3
-0.95 5.9
-0.95 10.7
-0.9 10.7
-0.9 10.75
-0.85 6.35
-0.85 6.4
-0.8 6.35
-0.8 6.4
-0.8 10.7
-0.8 10.75
-0.75 6.35
-0.75 6.4
-0.75 10.6
-0.75 10.65
-0.7 6.35
-0.7 6.4
-0.7 10.85
-0.65 6.35
-0.65 6.4
-0.65 10.85
-0.6 10.85
-0.55 10.85
-0.5 10.85
-0.45 10.85
-0.4 10.8
-0.4 10.85
-0.35 10.85
-0.3 10.85
-0.25 10.85
-0.2 10.85
-0.2 16.25
-0.2 16.3
-0.15 16.3
-0.1 16.25
-0.1 16.3
-0.05 16.25
0 16.3
0.05 16.3
0.1 16.25
0.1 16.3
0.15 7.05
0.15 16.3
0.2 7.05
0.2 16.25
0.2 16.3
0.25 7.05
0.25 16.25
0.25 16.3
0.3 7.05
0.3 16.25
0.3 16.3
0.35 7.05
0.35 16.3
0.4 7.05
0.45 7.05
0.5 7.05
0.55 7.05
0.6 7.05
0.65 7.05
0.7 7.05
0.75 7.05
0.8 7.05
0.85 7.05
0.9 2.65
0.9 2.75
0.9 2.85
0.9 2.9
0.9 7.05
0.95 2.65
0.95 7.05
1 2.65
1 7.05
1.05 -1.15
1.05 -1.1
1.05 -1.05
1.05 -1
1.05 -0.95
1.05 2.6
1.05 2.65
1.05 7.1
1.05 7.15
1.1 -1.05
1.1 -1
1.1 -0.95
1.1 2.6
1.1 2.65
1.15 -0.95
1.15 0.3
1.15 0.35
1.15 0.4
1.15 0.45
1.15 0.5
1.15 0.55
1.15 1.05
1.15 1.95
1.15 2
1.15 2.05
1.15 2.1
1.15 2.15
1.15 2.2
1.15 2.25
1.15 2.6
1.15 7.5
1.2 -0.95
1.2 0.4
1.2 0.5
1.2 0.55
1.2 0.6
1.2 0.65
1.2 0.7
1.2 0.75
1.2 0.8
1.2 0.85
1.2 1
1.2 1.05
1.2 1.1
1.2 1.15
1.2 1.2
1.2 1.25
1.2 1.3
1.2 1.35
1.2 1.4
1.2 1.45
1.2 1.5
1.2 1.55
1.2 1.85
1.2 1.9
1.2 1.95
1.2 2
1.2 2.05
1.2 2.1
1.2 2.15
1.2 2.3
1.2 2.6
1.2 7.65
1.25 -1
1.25 -0.95
1.25 1
1.25 1.85
1.25 2.4
1.25 2.6
1.25 7.65
1.3 -1
1.3 -0.95
1.3 0.95
1.3 1
1.3 1.85
1.3 2.55
1.3 2.6
1.3 7.65
1.35 -1
1.35 -0.95
1.35 0.95
1.35 1
1.35 1.8
1.35 1.85
1.35 5
1.35 7.6
1.35 7.65
1.4 -1
1.4 0.95
1.4 1
1.4 1.8
1.4 1.85
1.4 5
1.4 7.6
1.4 7.65
1.45 -1
1.45 1.8
1.45 5
1.45 5.95
1.45 6.95
1.45 7.6
1.5 4.95
1.5 5.9
1.5 5.95
1.5 6
1.5 6.9
1.5 6.95
1.5 7
1.5 7.15
1.5 7.6
1.55 -1.1
1.55 5.9
1.55 6.95
1.55 7.25
1.55 7.6
1.6 5.9
1.6 6.85
1.6 6.9
1.6 7.05
1.6 7.15
1.6 7.25
1.65 6.8
1.65 6.85
1.8 -1.3
1.85 -1.3
1.9 -1.3
1.95 -1.3
2 -1.3
2.05 -1.3
2.1 -1.3
2.15 -1.3
2.15 -0.15
2.15 -0.1
2.15 -0.05
2.15 0
2.15 0.05
2.15 0.1
2.15 0.2
2.15 0.25
2.15 0.3
2.2 -1.3
2.2 -0.15
2.2 -0.1
2.2 0
2.2 0.05
2.2 0.1
2.2 0.15
2.2 0.2
2.2 0.25
2.25 -1.3
2.3 -1.3
2.3 -1.25
2.35 -1.3
2.35 -1.25
2.4 -1.2
2.45 -1.3
2.5 -1.35
2.5 -1.3
2.5 -1.25
2.55 -1.3
2.55 -1.25
2.75 -1.35
2.8 -1.35
2.85 -1.35
2.9 -1.35
2.95 -1.35
3 -1.35
3.05 -1.35
3.1 -1.35
3.25 -1.4
3.3 -1.4
3.35 -1.4
3.4 -1.4
3.5 -1.4
3.55 -1.4
3.55 -1.35
3.65 -1.4
3.65 -1.35
3.7 -1.4
3.7 -1.35
3.7 -1.3
3.7 -1.25
3.75 -1.35
3.75 -1.3
3.75 -1.25
3.75 -0.35
3.8 -0.55
3.8 -0.5
3.8 -0.45
3.8 -0.4
3.8 -0.35
