-8.5 -1.2
-8.5 -1.15
-8.5 -1.1
-8.5 -1.05
-8.5 -1
-8.5 -0.95
-8.5 -0.9
-8.5 -0.85
-8.5 -0.8
-8.5 -0.75
-8.5 -0.65
-8.45 -1.25
-7.05 -1.1
-5.2 -0.85
-5.05 -1.1
-5.05 -1.05
-5.05 -1
-5.05 -0.95
-5.05 -0.9
-4.9 -1.15
-4.6 -1.2
-4 -1.2
-3.25 -1.25
-3.2 -1.25
-3.15 -1.25
-3.1 -1.25
-3.05 -1.4
-3.05 -1.35
-3.05 -1.3
-2.45 -1.35
-2.4 -1.35
-2.25 -1.3
-2.2 -1.3
-2.15 -1.3
-2.1 -1.3
-2.05 -1.3
-2 -1.3
-1.95 -1.3
-1.9 -1.3
-1.85 -1.3
-1.8 -1.3
-1.75 -1.3
-1.7 -1.3
-1.65 -1.4
-1.65 -1.35
-1.65 -1.3
-1.65 0.45
-1.65 0.5
-1.65 0.55
-1.65 0.6
-1.65 0.65
-1.65 0.7
-1.65 0.75
-1.65 0.9
-1.6 0.8
-1.6 0.85
-1.55 0
-1.55 0.05
-1.55 0.1
-1.55 0.15
-1.55 0.2
-1.55 0.25
-1.55 0.3
-1.55 0.35
-1.55 0.4
-1.55 3.8
-1.55 3.95
-1.55 4.05
-1.55 4.65
-1.55 4.75
-1.55 4.85
-1.55 4.9
-1.55 5
-1.5 4.15
-1.5 4.25
-1.5 4.3
-1.5 4.35
-1.5 4.4
-1.5 4.85
-1.5 5
-1.5 5.1
-1.5 5.2
-1.45 0.95
-1.45 1
-1.45 1.05
-1.45 1.1
-1.45 1.15
-1.45 1.2
-1.45 1.25
-1.45 1.3
-1.45 1.35
-1.45 1.4
-1.45 5.2
-1.45 5.25
-1.45 5.3
-1.45 5.35
-1.45 5.45
-1.45 5.55
-1.45 5.85
-1.45 5.9
-1.4 1.4
-1.4 1.45
-1.4 1.5
-1.4 1.55
-1.4 1.6
-1.4 1.65
-1.4 1.7
-1.4 1.75
-1.4 1.8
-1.4 1.85
-1.4 1.9
-1.4 1.95
-1.4 2
-1.4 2.15
-1.4 5.9
-1.35 1.85
-1.35 1.9
-1.35 1.95
-1.35 2
-1.35 2.05
-1.35 2.1
-1.35 2.15
-1.35 2.2
-1.35 5.9
-1.3 2.15
-1.3 2.2
-1.3 5.9
-1.25 2.2
-1.25 5.8
-1.25 5.85
-1.2 2.15
-1.2 2.2
-1.2 7.15
-1.2 7.2
-1.15 2.15
-1.15 2.2
-1.15 5.5
-1.15 7.2
-1.1 2.15
-1.1 2.2
-1.1 5.35
-1.1 7.2
-1.05 2.15
-1.05 5.3
-1.05 5.35
-1.05 7.2
-1 2.15
-1 5.3
-1 5.35
-1 9.9
-0.95 2.2
-0.95 2.3
-0.95 2.35
-0.95 5.35
-0.95 10
-0.95 10.05
-0.9 10
-0.9 10.05
-0.9 10.1
-0.85 10
-0.8 5.8
-0.8 5.85
-0.8 10.05
-0.8 10.1
-0.75 5.8
-0.75 10
-0.75 10.05
-0.7 5.8
-0.7 10.05
-0.7 10.1
-0.7 10.15
-0.65 5.8
-0.65 10.25
-0.65 10.3
-0.6 5.8
-0.6 10.25
-0.6 10.3
-0.55 10.25
-0.55 10.3
-0.5 10.25
-0.5 10.3
-0.45 10.25
-0.4 10.25
-0.4 10.3
-0.35 10.25
-0.35 10.3
-0.3 10.25
-0.25 10.25
-0.25 10.3
-0.2 10.25
-0.15 10.25
-0.15 10.3
-0.15 15.65
-0.1 15.65
-0.1 15.7
0 15.65
0 15.7
0.05 15.65
0.05 15.7
0.1 15.65
0.1 15.7
0.15 15.7
0.15 15.8
0.2 6.5
0.2 15.65
0.2 15.7
0.25 6.5
0.25 15.65
0.25 15.7
0.3 6.5
0.3 15.8
0.35 6.5
0.35 15.65
0.35 15.7
0.4 6.5
0.4 15.7
0.4 15.75
0.45 6.45
0.45 6.5
0.45 15.8
0.5 6.45
0.5 6.5
0.55 6.45
0.55 6.5
0.6 6.45
0.6 6.5
0.65 6.45
0.7 6.45
0.75 6.45
0.8 6.45
0.85 6.45
0.9 2.05
0.9 2.1
0.9 2.15
0.9 2.2
0.9 2.25
0.9 2.3
0.9 6.45
0.95 2.05
0.95 6.45
1 2.05
1 2.5
1 6.45
1.05 2.05
1.05 6.45
1.05 6.5
1.1 2.05
1.15 -0.4
1.15 -0.35
1.15 -0.3
1.15 -0.25
1.15 -0.2
1.15 -0.15
1.15 -0.1
1.15 -0.05
1.15 0
1.15 0.05
1.15 0.45
1.15 0.5
1.15 0.55
1.15 0.6
1.15 1.55
1.15 1.6
1.15 1.65
1.15 1.7
1.15 1.75
1.15 2.05
1.15 6.75
1.2 -0.15
1.2 -0.1
1.2 0
1.2 0.05
1.2 0.1
1.2 0.15
1.2 0.2
1.2 0.25
1.2 0.3
1.2 0.4
1.2 0.45
1.2 0.5
1.2 0.55
1.2 0.6
1.2 0.65
1.2 0.7
1.2 0.75
1.2 0.8
1.2 0.85
1.2 0.9
1.2 0.95
1.2 1.25
1.2 1.3
1.2 1.35
1.2 1.4
1.2 1.45
1.2 1.5
1.2 1.55
1.2 1.6
1.2 1.65
1.2 1.7
1.2 1.75
1.2 1.8
1.2 2
1.2 2.05
1.25 1.25
1.25 1.85
1.25 2
1.25 2.05
1.25 7.05
1.25 7.1
1.3 1.25
1.3 1.9
1.3 2
1.3 2.05
1.3 3.3
1.3 7.05
1.3 7.1
1.35 1.25
1.35 2
1.35 3.2
1.35 3.25
1.35 7.05
1.35 7.1
1.4 1.25
1.4 4.45
1.4 7.05
1.4 7.1
1.45 1.25
1.45 4.4
1.45 4.45
1.45 5.4
1.45 7.05
1.5 1.25
1.5 5.35
1.5 5.4
1.5 6.35
1.5 7
1.5 7.05
1.55 1.25
1.55 6.35
1.55 6.4
1.55 6.45
1.55 6.75
1.55 7
1.55 7.05
1.6 0.4
1.6 1.25
1.6 6.3
1.6 6.35
1.6 6.4
1.6 6.45
1.6 7.05
1.65 -1.75
1.65 1.25
1.65 6.2
1.65 6.25
1.7 0.4
1.7 1.25
1.75 0.2
1.75 0.25
1.75 0.35
1.75 0.4
1.75 1.2
1.75 1.25
1.8 0.25
1.8 0.3
1.8 0.35
1.85 -1.9
1.85 -1.85
1.9 -1.9
1.95 -1.9
2 -1.9
2.05 -1.9
2.1 -1.9
2.1 -0.65
2.15 -1.9
2.15 -0.8
2.15 -0.75
2.15 -0.7
2.2 -1.9
2.2 -1.85
2.25 -1.9
2.25 -1.85
2.35 -1.9
2.4 -1.9
2.45 -1.95
2.45 -1.9
2.5 -1.9
2.5 -1.85
2.65 -1.95
2.7 -1.95
2.75 -1.95
2.8 -1.95
2.85 -1.95
2.9 -1.95
2.95 -1.95
3 -1.95
3.05 -1.95
3.1 -1.95
3.15 -2
3.15 -1.95
3.2 -2
3.25 -2
3.3 -2
3.35 -2
3.4 -2
3.45 -2
3.5 -2
3.5 -1.95
3.55 -2
3.55 -1.95
3.55 -1.9
3.6 -1.95
3.6 -1.9
3.6 -1.85
3.65 -1.95
3.65 -1.9
3.65 -1.85
3.65 -1.8
3.7 -1.85
