-3.6 -1.7
-3.6 -1.65
-3.6 -1.6
-3.5 -1.7
-3.35 -1.7
-3.3 -1.7
-3.25 -1.7
-3.2 -1.7
-3.15 -1.8
-3.15 -1.75
-3.15 -1.7
-3.1 -1.85
-3.1 -1.8
-3.05 -1.85
-2.3 -1.8
-2.25 -1.8
-2.2 -1.8
-2.15 -1.85
-2.15 -1.8
-2.1 -1.85
-2 -1.8
-1.95 -1.8
-1.9 -1.85
-1.9 -1.8
-1.85 -1.85
-1.7 -0.1
-1.65 -0.15
-1.65 -0.05
-1.65 0
-1.65 0.05
-1.65 0.1
-1.65 0.15
-1.65 3.25
-1.65 3.3
-1.6 -0.65
-1.6 -0.6
-1.6 -0.55
-1.6 0.2
-1.6 0.25
-1.6 0.3
-1.6 0.35
-1.6 3.25
-1.6 3.3
-1.6 3.35
-1.55 -0.45
-1.55 -0.4
-1.55 -0.35
-1.55 -0.3
-1.55 -0.25
-1.55 -0.2
-1.55 3.3
-1.55 3.35
-1.5 3.35
-1.5 3.4
-1.45 0.4
-1.45 0.45
-1.45 3.4
-1.45 3.45
-1.4 0.5
-1.4 0.55
-1.4 0.6
-1.4 0.65
-1.4 0.7
-1.4 0.75
-1.4 0.8
-1.4 0.85
-1.4 0.9
-1.4 0.95
-1.4 3.4
-1.4 3.5
-1.4 3.55
-1.4 3.6
-1.4 3.65
-1.4 4.15
-1.4 4.2
-1.4 4.25
-1.4 4.3
-1.4 4.35
-1.35 1
-1.35 1.05
-1.35 1.1
-1.35 1.15
-1.35 1.2
-1.35 1.25
-1.35 1.3
-1.35 1.35
-1.35 1.4
-1.35 1.45
-1.35 1.5
-1.35 1.6
-1.35 3.75
-1.35 3.8
-1.35 4.35
-1.35 4.45
-1.35 4.55
-1.35 4.6
-1.35 4.65
-1.3 1.4
-1.3 1.45
-1.3 1.5
-1.3 1.55
-1.3 1.6
-1.3 1.65
-1.3 4.7
-1.3 4.75
-1.3 4.9
-1.3 4.95
-1.3 5.05
-1.25 1.6
-1.25 1.65
-1.25 5.2
-1.25 5.35
-1.2 1.65
-1.2 5.35
-1.15 1.6
-1.15 1.65
-1.15 5.35
-1.1 1.6
-1.1 5.35
-1.05 1.6
-1 1.6
-1 2.1
-1 5.05
-1 6.45
-1 6.5
-0.95 1.6
-0.95 6.55
-0.95 6.6
-0.95 6.65
-0.9 1.6
-0.9 1.65
-0.9 1.7
-0.9 1.75
-0.9 1.8
-0.9 1.85
-0.9 4.75
-0.9 4.8
-0.9 6.55
-0.9 6.6
-0.9 6.65
-0.85 1.85
-0.85 4.75
-0.85 4.8
-0.85 6.55
-0.85 6.6
-0.85 6.65
-0.8 4.75
-0.8 4.8
-0.8 4.95
-0.8 5
-0.8 6.65
-0.7 9.3
-0.7 9.35
-0.65 5.45
-0.65 9.3
-0.65 9.35
-0.6 5.25
-0.6 9.3
-0.6 9.35
-0.55 5.25
-0.55 9.4
-0.55 9.45
-0.5 5.25
-0.5 9.35
-0.5 9.4
-0.45 5.25
-0.45 9.4
-0.45 9.45
-0.4 5.25
-0.4 9.4
-0.4 9.45
-0.35 9.4
-0.35 9.45
-0.3 9.7
-0.3 9.75
-0.3 9.8
-0.25 9.65
-0.25 9.7
-0.2 9.7
-0.2 9.75
-0.2 9.8
-0.15 9.7
-0.15 9.75
-0.15 9.8
-0.1 9.7
-0.1 9.75
0 9.7
0.05 9.65
0.05 9.7
0.1 9.7
0.15 9.65
0.15 9.7
0.2 9.7
0.25 9.7
0.4 5.9
0.45 5.9
0.45 15.15
0.5 5.9
0.5 15.1
0.5 15.15
0.55 5.85
0.55 5.9
0.55 15.05
0.55 15.1
0.6 5.85
0.6 5.9
0.6 15.15
0.65 5.85
0.65 5.9
0.65 15.05
0.65 15.1
0.7 5.85
0.7 15.1
0.75 5.85
0.75 15.25
0.8 5.85
0.8 15.3
0.85 5.85
0.85 15.15
0.85 15.35
0.9 5.85
0.9 15.3
0.95 1.4
0.95 1.45
0.95 1.5
0.95 1.55
0.95 1.6
0.95 1.65
0.95 5.85
0.95 15.05
0.95 15.1
0.95 15.3
0.95 15.35
1 1.4
1 1.45
1 1.7
1 5.85
1 15.2
1.05 1.4
1.05 1.75
1.05 5.85
1.05 15.3
1.1 -1
1.1 1.4
1.1 5.8
1.1 5.85
1.1 15.3
1.15 -1
1.15 -0.95
1.15 -0.9
1.15 -0.85
1.15 -0.8
1.15 -0.75
1.15 -0.7
1.15 -0.65
1.15 -0.6
1.15 -0.55
1.15 -0.5
1.15 -0.3
1.15 -0.25
1.15 -0.2
1.15 -0.15
1.15 1.4
1.15 5.8
1.2 -0.65
1.2 -0.6
1.2 -0.55
1.2 -0.5
1.2 -0.45
1.2 -0.4
1.2 -0.3
1.2 -0.25
1.2 -0.2
1.2 -0.15
1.2 -0.1
1.2 -0.05
1.2 0
1.2 0.05
1.2 0.1
1.2 0.15
1.2 0.2
1.2 0.25
1.2 0.3
1.2 0.65
1.2 0.7
1.2 0.75
1.2 0.8
1.2 0.85
1.2 0.9
1.2 0.95
1.2 1
1.2 1.05
1.2 1.1
1.2 1.4
1.2 5.8
1.25 -0.4
1.25 0.6
1.25 0.65
1.25 0.75
1.25 0.8
1.25 0.85
1.25 0.9
1.25 0.95
1.25 1
1.25 1.05
1.25 1.1
1.25 1.15
1.25 1.4
1.25 5.8
1.3 1.35
1.3 1.4
1.3 5.85
1.3 5.9
1.35 1.2
1.35 1.35
1.35 1.4
1.4 1.35
1.4 1.4
1.4 2.2
1.4 2.25
1.4 2.3
1.4 2.35
1.4 2.4
1.4 2.45
1.4 2.6
1.4 2.65
1.4 2.7
1.45 1.35
1.45 2.5
1.45 2.55
1.45 2.6
1.45 2.65
1.5 1.3
1.5 1.35
1.5 3.8
1.5 6.55
1.55 3.8
1.55 6.45
1.55 6.6
1.55 6.65
1.6 3.8
1.6 4.75
1.6 6.6
1.6 6.65
1.65 4.75
1.65 6.6
1.7 4.7
1.7 5.7
1.7 5.75
1.7 6.4
1.7 6.55
1.7 6.6
1.75 -0.45
1.75 0.6
1.75 5.7
1.75 5.75
1.75 6.55
1.75 6.6
1.8 0.55
1.8 0.6
1.8 5.55
1.8 5.65
1.8 5.7
1.8 6.55
1.8 6.6
1.85 0.25
1.85 0.3
1.85 0.35
1.85 0.4
1.85 5.55
1.85 5.6
1.85 6.55
1.85 6.6
1.9 5.55
1.9 6.55
1.9 6.6
2.55 -2.65
2.6 -2.65
2.65 -2.65
2.7 -2.65
2.7 -2.6
2.75 -2.65
2.8 -2.65
2.8 -2.6
2.85 -2.6
2.9 -2.65
2.9 -2.6
