-1.8 0.5
-1.8 0.55
-1.8 0.6
-1.7 -1.25
-1.7 -1.2
-1.7 -1.15
-1.7 -1.1
-1.65 -1.25
-1.65 -1
-1.65 -0.95
-1.6 -1.3
-1.6 -1.25
-1.55 -1.3
-1.45 -0.75
-1.45 -0.7
-1.45 -0.65
-1.45 1.95
-1.45 2
-1.4 -0.6
-1.4 -0.55
-1.4 -0.5
-1.4 -0.45
-1.4 -0.4
-1.4 -0.35
-1.4 1.4
-1.4 1.45
-1.4 1.5
-1.4 1.55
-1.4 1.7
-1.4 1.75
-1.4 1.85
-1.4 1.9
-1.4 2
-1.4 2.05
-1.4 2.1
-1.4 2.15
-1.35 -0.25
-1.35 -0.2
-1.35 -0.15
-1.35 -0.1
-1.35 0
-1.35 0.05
-1.35 1.55
-1.35 1.6
-1.35 1.65
-1.35 1.75
-1.35 1.8
-1.35 1.9
-1.35 2
-1.35 2.05
-1.35 2.1
-1.35 2.15
-1.3 -0.05
-1.3 0.1
-1.3 0.15
-1.3 0.2
-1.3 0.25
-1.3 0.3
-1.3 0.35
-1.3 0.4
-1.3 1.9
-1.3 2.05
-1.3 2.15
-1.3 2.2
-1.3 2.25
-1.3 2.3
-1.3 2.35
-1.25 2.2
-1.25 2.25
-1.25 2.3
-1.25 2.35
-1.25 2.4
-1.25 2.45
-1.25 2.5
-1.25 2.55
-1.25 2.6
-1.25 2.65
-1.25 2.9
-1.25 2.95
-1.25 3
-1.25 3.05
-1.2 2.65
-1.2 2.7
-1.2 3.1
-1.2 3.15
-1.2 3.2
-1.2 3.25
-1.2 3.3
-1.2 3.35
-1.15 0.5
-1.15 3.4
-1.15 3.5
-1.15 3.55
-1.15 3.6
-1.1 0.8
-1.1 0.85
-1.1 0.9
-1.1 0.95
-1.1 1
-1.1 1.05
-1.1 3.6
-1.1 3.65
-1.1 3.8
-1.1 3.85
-1.1 3.9
-1.1 3.95
-1.05 1.05
-1.05 1.1
-1.05 1.15
-1.05 4.05
-1.05 4.2
-1.05 4.25
-1 4.25
-0.95 4.25
-0.9 4.25
-0.85 0.5
-0.85 0.55
-0.85 0.6
-0.85 0.65
-0.85 0.7
-0.85 4.15
-0.8 4
-0.75 5.25
-0.75 5.3
-0.7 3.65
-0.7 5.35
-0.7 5.4
-0.7 5.45
-0.65 3.65
-0.65 5.45
-0.65 5.5
-0.6 3.65
-0.6 5.45
-0.6 5.5
-0.6 5.55
-0.55 5.5
-0.55 5.55
-0.5 8.05
-0.5 8.1
-0.45 8.05
-0.45 8.1
-0.4 7.9
-0.35 4.1
-0.35 4.2
-0.35 8.05
-0.35 8.1
-0.3 4.1
-0.3 4.2
-0.3 8.15
-0.3 8.2
-0.3 8.25
-0.25 4.1
-0.25 8.15
-0.25 8.25
-0.25 8.35
-0.2 4.1
-0.2 8.15
-0.2 8.2
-0.2 8.35
-0.15 8.15
-0.15 8.25
-0.15 8.35
-0.1 8.15
-0.1 8.2
-0.1 8.25
0 8.15
0 8.2
0 8.25
0.05 8.15
0.05 8.2
0.1 8.05
0.1 8.1
0.1 8.2
0.1 8.25
0.15 8.3
0.15 8.4
0.2 8.6
0.2 8.65
0.2 8.75
0.25 8.6
0.25 8.65
0.3 8.65
0.3 8.75
0.35 8.6
0.35 8.65
0.35 8.75
0.4 8.5
0.45 8.5
0.5 8.5
0.55 8.5
0.6 8.5
0.65 4.7
0.65 8.5
0.7 4.7
0.7 8.5
0.75 4.7
0.8 4.7
0.85 4.7
0.9 4.65
0.9 4.7
0.95 0.2
0.95 0.25
0.95 0.3
0.95 4.65
0.95 4.7
1 0.25
1 0.3
1 0.35
1 0.4
1 0.45
1 4.65
1.05 4.65
1.1 4.65
1.15 -1.25
1.15 -1.2
1.15 -1.15
1.15 -1.1
1.15 -1.05
1.15 -1
1.15 4.65
1.2 -1.1
1.2 -1.05
1.2 -1
1.2 -0.95
1.2 -0.7
1.2 -0.65
1.2 -0.6
1.2 -0.55
1.2 -0.5
1.2 -0.45
1.2 -0.4
1.2 -0.35
1.2 -0.3
1.2 -0.25
1.2 -0.2
1.2 4.65
1.2 13.85
1.2 13.9
1.25 -1
1.25 -0.95
1.25 -0.9
1.25 -0.35
1.25 -0.3
1.25 -0.25
1.25 -0.2
1.25 4.6
1.25 4.65
1.25 13.85
1.25 13.95
1.3 -1
1.3 -0.95
1.3 -0.9
1.3 -0.85
1.3 -0.8
1.3 -0.2
1.3 4.6
1.3 13.85
1.3 13.9
1.3 13.95
1.35 -0.95
1.35 -0.9
1.35 -0.85
1.35 -0.8
1.35 -0.2
1.35 0.45
1.35 0.5
1.35 4.6
1.35 13.85
1.4 -0.95
1.4 -0.9
1.4 0.5
1.4 0.55
1.4 0.6
1.4 0.65
1.4 0.7
1.4 0.75
1.4 0.8
1.4 4.6
1.4 13.9
1.4 13.95
1.45 -0.95
1.45 -0.9
1.45 0.75
1.45 0.8
1.45 0.85
1.45 0.9
1.45 0.95
1.45 1
1.45 1.05
1.45 4.6
1.45 13.95
1.45 14
1.5 -0.85
1.5 1.05
1.5 1.1
1.5 1.15
1.5 1.2
1.5 1.25
1.5 1.3
1.5 1.35
1.5 1.4
1.5 1.45
1.5 4.6
1.5 13.95
1.55 1.35
1.55 1.45
1.55 14.05
1.55 14.1
1.6 4.75
1.6 14.05
1.6 14.1
1.65 2.1
1.65 14.05
1.65 14.1
1.65 14.2
1.7 -0.05
1.7 2.05
1.7 2.1
1.7 2.35
1.7 2.5
1.7 2.55
1.7 2.6
1.7 14.05
1.7 14.1
1.75 -0.1
1.75 2.3
1.75 2.35
1.75 2.5
1.75 2.55
1.75 2.6
1.75 13.95
1.8 -0.2
1.8 -0.15
1.8 -0.1
1.8 0
1.8 0.05
1.8 0.1
1.8 0.15
1.8 3.5
1.8 14.05
1.8 14.1
1.8 14.15
1.85 -0.1
1.85 0
1.85 3.45
1.85 3.5
1.85 5.35
1.85 14
1.85 14.05
1.9 3.45
1.9 5.4
1.9 14.05
1.95 4.45
1.95 4.5
1.95 4.55
1.95 5.35
1.95 5.45
1.95 14
1.95 14.05
2 4.4
2 4.45
2 4.65
2 5.35
2 5.4
2.05 4.4
2.05 5.35
2.05 5.4
2.05 13.95
2.05 14
2.1 5.4
2.15 5.4
2.2 5.35
2.25 5.35
3.3 24.1
3.3 24.15
3.35 24.15
3.5 24.05
3.55 24.1
3.55 24.15
3.7 24.05
3.75 24.1
