-1.45 -1.45
-1.45 -1.4
-1.45 -1.35
-1.45 0.6
-1.45 0.65
-1.45 0.7
-1.45 0.75
-1.45 0.8
-1.45 0.85
-1.45 0.9
-1.45 1.05
-1.45 1.1
-1.45 1.15
-1.4 -1.25
-1.4 -1.2
-1.4 -1.15
-1.4 -1.1
-1.4 -1.05
-1.4 -1
-1.4 -0.95
-1.4 0.95
-1.4 1.15
-1.4 1.2
-1.4 1.25
-1.4 1.3
-1.4 1.35
-1.4 1.4
-1.35 -0.85
-1.35 -0.8
-1.35 -0.75
-1.35 -0.7
-1.35 -0.65
-1.35 -0.6
-1.35 1.4
-1.35 1.45
-1.35 1.5
-1.35 1.55
-1.35 1.65
-1.35 1.7
-1.3 -0.5
-1.3 -0.45
-1.3 -0.4
-1.3 -0.35
-1.3 1.55
-1.3 1.6
-1.3 1.65
-1.3 1.7
-1.3 1.75
-1.3 1.8
-1.3 1.85
-1.3 1.9
-1.3 1.95
-1.3 2
-1.3 2.05
-1.3 2.2
-1.3 2.25
-1.3 2.3
-1.3 2.35
-1.3 2.4
-1.3 2.45
-1.25 -0.3
-1.25 2
-1.25 2.05
-1.25 2.1
-1.25 2.45
-1.25 2.5
-1.25 2.55
-1.25 2.6
-1.25 2.65
-1.25 2.7
-1.25 2.75
-1.25 2.8
-1.25 2.85
-1.2 2.7
-1.2 2.8
-1.2 2.95
-1.2 3
-1.15 0.2
-1.15 3
-1.15 3.15
-1.15 3.25
-1.15 3.3
-1.15 3.35
-1.15 3.4
-1.15 3.45
-1.15 3.5
-1.1 0.15
-1.1 0.25
-1.1 0.3
-1.1 0.35
-1.1 0.4
-1.1 0.45
-1.1 0.5
-1.1 3.6
-1.1 3.65
-1.05 3.65
-1 3.65
-0.95 3.6
-0.9 4.55
-0.9 4.6
-0.85 -0.1
-0.85 -0.05
-0.85 0
-0.85 0.05
-0.85 0.1
-0.85 4.65
-0.85 4.7
-0.8 4.8
-0.8 4.85
-0.75 3.05
-0.75 3.55
-0.75 4.85
-0.75 4.9
-0.7 3.05
-0.7 4.85
-0.7 4.9
-0.65 3.05
-0.65 4.9
-0.6 5.25
-0.55 5.25
-0.55 7.45
-0.5 5.25
-0.5 7.45
-0.5 7.5
-0.5 7.55
-0.5 7.6
-0.45 3.6
-0.45 3.75
-0.45 7.45
-0.45 7.55
-0.45 7.65
-0.4 3.55
-0.4 3.6
-0.4 7.65
-0.35 3.5
-0.35 3.55
-0.35 7.65
-0.3 3.5
-0.3 3.55
-0.3 7.45
-0.3 7.55
-0.3 7.6
-0.25 7.45
-0.25 7.6
-0.25 7.65
-0.2 7.45
-0.2 7.55
-0.2 7.6
-0.2 7.65
-0.15 7.45
-0.15 7.55
-0.15 7.6
-0.15 7.65
-0.1 7.45
-0.1 7.55
-0.1 7.6
-0.05 7.5
0 7.65
0 7.7
0 7.75
0.05 8.15
0.1 8.05
0.1 8.1
0.1 8.15
0.15 8.15
0.2 8.15
0.25 7.95
0.3 7.9
0.3 7.95
0.35 7.9
0.35 7.95
0.4 7.9
0.4 7.95
0.45 7.9
0.45 7.95
0.5 7.9
0.5 7.95
0.55 7.9
0.55 7.95
0.65 4.15
0.75 4.15
0.8 4.1
0.85 4.1
0.85 4.15
0.9 4.1
0.95 -0.4
0.95 -0.35
0.95 -0.3
0.95 -0.25
0.95 -0.2
0.95 4.1
1 -0.25
1 -0.2
1 -0.15
1 4.1
1 13.35
1 13.4
1.05 4.1
1.05 13.3
1.1 4.05
1.1 4.1
1.1 13.35
1.1 13.4
1.15 -0.2
1.15 4.05
1.15 4.1
1.15 13.35
1.15 13.4
1.2 -1.3
1.2 -1.2
1.2 -1.15
1.2 -1.1
1.2 -1.05
1.2 -1
1.2 -0.95
1.2 -0.9
1.2 -0.85
1.2 -0.8
1.2 -0.75
1.2 -0.2
1.2 4.05
1.2 4.1
1.2 13.4
1.25 -1.3
1.25 -0.85
1.25 -0.8
1.25 -0.75
1.25 -0.7
1.25 4.05
1.25 13.45
1.25 13.5
1.25 13.55
1.3 -0.75
1.3 -0.7
1.3 -0.2
1.3 4.05
1.3 13.5
1.3 13.55
1.3 13.6
1.35 -0.75
1.35 -0.2
1.35 -0.15
1.35 -0.1
1.35 -0.05
1.35 0
1.35 4.05
1.35 13.45
1.35 13.5
1.35 13.65
1.4 -0.75
1.4 -0.1
1.4 0
1.4 0.05
1.4 0.1
1.4 0.15
1.4 0.2
1.4 0.25
1.4 0.3
1.4 0.35
1.4 0.4
1.4 4.05
1.4 13.5
1.4 13.6
1.45 -0.75
1.45 0.35
1.45 0.4
1.45 0.45
1.45 0.5
1.45 0.55
1.45 0.6
1.45 0.65
1.45 0.7
1.45 4.05
1.45 4.1
1.45 13.65
1.5 -0.75
1.5 0.65
1.5 0.7
1.5 0.75
1.5 0.8
1.5 0.85
1.5 0.9
1.55 -0.75
1.55 -0.7
1.55 13.6
1.6 -0.75
1.6 -0.7
1.65 -0.75
1.65 -0.7
1.65 1.5
1.65 1.55
1.65 1.6
1.65 1.95
1.65 2
1.65 13.45
1.7 1.5
1.7 1.75
1.7 1.8
1.7 1.85
1.7 1.95
1.7 2
1.7 2.05
1.7 2.15
1.75 1.2
1.75 1.25
1.75 1.3
1.75 1.35
1.75 1.4
1.75 1.45
1.75 1.5
1.75 1.75
1.75 1.8
1.75 2.1
1.75 2.15
1.75 2.95
1.75 4.75
1.8 2.9
1.8 2.95
1.8 4.8
1.85 3.95
1.85 4.9
1.9 3.9
1.9 3.95
1.9 4.1
1.9 4.75
1.9 4.95
1.95 3.85
1.95 3.9
1.95 4.1
1.95 4.15
1.95 4.2
1.95 4.85
1.95 4.95
2 4.9
2.05 4.85
2.05 4.9
2.1 4.85
2.15 4.75
2.15 19.7
2.2 19.7
2.3 19.7
2.85 23.6
2.85 23.65
2.9 23.6
3.1 23.55
3.3 23.55
3.65 16.35
3.65 17
3.8 22.95
4.05 31.65
4.1 31.7
4.15 31.75
4.2 31.75
4.3 31.6
4.4 31.65
4.4 31.9
4.45 31.7
4.45 31.9
4.6 31.55
4.7 31.6
4.7 31.85
4.7 31.9
4.75 22.8
4.75 31.65
4.75 31.85
4.95 22.75
4.95 31.85
5 31.8
5 31.85
5 31.9
5.25 31.8
5.25 31.85
5.3 31.8
5.5 31.75
5.55 31.8
5.6 31.8
5.8 31.75
5.85 31.7
5.9 31.75
6.05 31.65
6.05 31.7
6.1 31.65
6.1 31.7
6.1 31.75
6.15 31.7
6.35 31.65
6.4 31.6
6.45 31.6
6.6 31.6
