-2.15 6.8
-2.1 6.85
-2.05 6.85
-1.45 -1.35
-1.45 -1.3
-1.45 -1.25
-1.45 -1.2
-1.45 -1.15
-1.45 -1.1
-1.45 -0.85
-1.45 -0.8
-1.45 -0.75
-1.45 -0.65
-1.4 -1.4
-1.4 -1.35
-1.4 -1
-1.4 -0.65
-1.4 -0.55
-1.4 -0.5
-1.4 -0.35
-1.4 -0.3
-1.4 -0.25
-1.4 0.2
-1.4 0.25
-1.4 0.3
-1.4 0.35
-1.4 0.4
-1.4 0.45
-1.4 0.5
-1.4 0.55
-1.4 0.6
-1.35 -0.4
-1.35 -0.2
-1.35 -0.15
-1.35 -0.1
-1.35 0
-1.35 0.05
-1.35 0.1
-1.35 0.15
-1.35 0.65
-1.35 0.7
-1.35 0.75
-1.35 1.3
-1.3 1.2
-1.3 1.3
-1.3 1.35
-1.25 0.8
-1.25 1.75
-1.25 1.8
-1.25 1.85
-1.25 1.9
-1.25 1.95
-1.25 2
-1.25 2.05
-1.25 2.1
-1.25 2.15
-1.25 2.2
-1.2 1.1
-1.2 1.95
-1.2 2
-1.2 2.05
-1.2 2.1
-1.2 2.15
-1.2 2.2
-1.2 2.25
-1.2 2.3
-1.2 2.35
-1.2 2.4
-1.2 2.5
-1.2 2.55
-1.2 5.2
-1.15 2.35
-1.15 2.4
-1.15 2.45
-1.15 2.55
-1.15 2.6
-1.15 2.65
-1.15 2.7
-1.15 2.75
-1.15 5.2
-1.15 5.25
-1.1 2.75
-1.1 2.8
-1.1 5.2
-1.1 5.25
-1.05 1
-1.05 2.8
-1.05 2.85
-1.05 3
-1.05 5.25
-1.05 5.4
-1 0.95
-1 1.2
-1 3.3
-1 3.35
-1 3.6
-1 5.55
-1 5.6
-0.95 1.3
-0.95 1.35
-0.95 3.3
-0.95 3.35
-0.95 3.6
-0.95 3.75
-0.95 5.6
-0.9 1.1
-0.9 1.15
-0.9 1.35
-0.9 1.4
-0.9 3.35
-0.9 3.45
-0.9 3.5
-0.9 3.65
-0.9 3.75
-0.9 3.9
-0.9 5.6
-0.85 0.85
-0.85 1.1
-0.85 1.15
-0.85 1.2
-0.85 3.6
-0.85 5.6
-0.8 0.8
-0.8 5.6
-0.75 5.6
-0.7 5.55
-0.7 5.6
-0.65 1.65
-0.65 5.55
-0.6 5.55
-0.55 5.85
-0.5 1.65
-0.5 6.4
-0.5 6.45
-0.5 6.55
-0.45 6.6
-0.4 6.6
-0.35 6.6
-0.3 6.1
-0.3 6.15
-0.25 6.05
-0.25 6.1
-0.2 6.05
-0.2 6.1
-0.15 6.05
-0.15 6.1
-0.1 6.05
-0.1 6.1
0 6.05
0 6.1
0.05 6.1
0.15 11.5
0.15 11.55
0.2 11.5
0.25 11.55
0.25 11.6
0.3 11.6
0.3 11.65
0.35 11.65
0.35 11.7
0.4 2.35
0.4 11.6
0.4 11.65
0.45 11.65
0.45 11.7
0.5 11.6
0.5 11.65
0.5 11.7
0.55 11.65
0.55 11.7
0.7 2.3
0.75 2.3
0.8 2.3
0.85 2.3
0.9 2.3
0.9 18
0.95 2.3
0.95 17.95
1 2.3
1 17.9
1 17.95
1.05 2.25
1.05 2.3
1.1 2.25
1.1 2.3
1.15 2.25
1.15 2.3
1.2 2.25
1.2 2.3
1.3 2.4
1.3 21.95
1.35 21.9
1.4 -1.5
1.4 -1.45
1.4 -1.4
1.4 -1.35
1.45 -1.45
1.45 -1.4
1.45 -1.35
1.45 -1.3
1.45 -1.25
1.45 -1.2
1.45 -1.15
1.45 -1.1
1.45 -1.05
1.45 -1
1.45 -0.95
1.5 -1
1.5 -0.95
1.5 -0.7
1.5 -0.65
1.5 -0.6
1.55 -0.3
1.55 -0.25
1.55 -0.2
1.55 -0.15
1.55 -0.1
1.55 -0.05
1.55 0
1.55 0.05
1.55 0.1
1.55 0.2
1.55 0.25
1.55 0.3
1.6 -0.6
1.6 -0.55
1.6 -0.2
1.6 -0.15
1.6 -0.1
1.6 0
1.6 0.05
1.6 0.1
1.6 0.15
1.6 0.2
1.6 0.25
1.6 0.3
1.6 0.35
1.6 0.4
1.6 0.45
1.65 -0.6
1.65 -0.55
1.65 -0.5
1.65 -0.45
1.65 -0.4
1.65 -0.35
1.65 -0.2
1.65 -0.15
1.65 0.45
1.65 0.5
1.65 0.55
1.65 0.6
1.65 0.65
1.65 1.15
1.65 1.2
1.65 2.15
1.65 2.2
1.7 -0.5
1.7 -0.45
1.7 -0.4
1.7 0.5
1.7 0.55
1.7 0.6
1.7 0.65
1.7 0.7
1.7 0.75
1.7 1.2
1.7 2.15
1.7 2.2
1.75 0.65
1.75 0.7
1.75 0.75
1.75 0.8
1.75 0.85
1.75 0.9
1.75 0.95
1.75 1
1.75 1.05
1.75 1.1
1.75 1.15
1.75 1.2
1.75 1.25
1.75 2.15
1.75 2.35
1.75 2.4
1.75 2.45
1.75 2.5
1.75 2.55
1.75 2.6
1.75 2.65
1.75 3
1.75 3.05
1.75 3.1
1.75 3.15
1.8 1.1
1.8 1.3
1.8 1.35
1.8 1.4
1.8 1.45
1.8 1.5
1.8 1.55
1.8 1.6
1.8 1.65
1.8 2.1
1.8 2.15
1.8 2.7
1.8 2.75
1.8 2.8
1.8 2.85
1.8 2.9
1.8 2.95
1.8 3
1.8 3.05
1.8 3.1
1.85 2.1
1.85 2.15
1.9 30
1.95 6.1
1.95 6.15
1.95 30
2 5.45
2 6.1
2 6.45
2 6.55
2 7.2
2 10.15
2 30.05
2 30.1
2.05 6.05
2.05 6.85
2.05 6.9
2.05 6.95
2.05 7.15
2.05 7.3
2.05 7.35
2.05 7.5
2.05 9.25
2.05 30.15
2.05 30.2
2.1 6
2.1 6.05
2.1 7.1
2.1 8.35
2.1 30.2
2.1 30.25
2.15 5.9
2.15 5.95
2.15 8.35
2.15 8.4
2.15 9.25
2.15 10.1
2.15 11.15
2.15 11.25
2.15 30.2
2.2 8.35
2.2 8.4
2.2 9.25
2.2 9.3
2.2 10.1
2.2 11.1
2.2 11.15
2.2 30.25
2.2 30.3
2.25 8.35
2.25 9.2
2.25 9.25
2.25 9.3
2.25 10.05
2.25 11.15
2.25 11.2
2.25 30.3
2.3 9.2
2.3 10.05
2.3 11.1
2.3 30.3
2.35 11.1
2.35 11.2
2.35 30.3
2.4 30.3
2.45 12.8
2.45 30.3
2.5 13.5
2.5 13.55
2.5 30.3
2.55 14
2.55 14.05
2.55 15.3
2.55 15.4
2.55 30.3
2.6 14.5
2.6 14.7
2.6 15.15
2.6 15.2
2.6 15.25
2.6 30.3
2.65 15.05
2.65 30.3
2.7 30.3
2.75 30.25
2.8 30.25
2.8 30.3
2.85 30.25
2.85 30.3
2.9 19.85
2.9 30.25
2.9 30.3
2.95 21.25
2.95 21.35
2.95 30.25
3 20.75
3 21.25
3 21.3
3 21.5
3 22
3 22.25
3 30.25
3.05 21.2
3.05 21.3
3.05 30.25
3.15 21.2
3.15 21.25
3.15 30.25
3.2 30.25
3.25 19.7
3.25 19.8
3.25 21.2
3.25 21.3
3.25 25.4
3.25 25.75
3.25 25.8
3.25 30.2
3.25 30.25
3.3 21.2
3.3 24.25
3.3 30.2
3.3 30.25
3.35 20.7
3.35 21.15
3.35 21.2
3.35 21.25
3.35 30.2
3.4 30.2
3.4 30.25
3.45 21.15
3.45 21.25
3.45 30.2
3.5 29.9
3.5 30.2
3.55 30.05
3.6 29.8
3.6 29.85
3.65 29.85
3.7 30.15
3.75 30.2
3.85 29.75
3.9 29.8
3.95 30.1
4 30.15
4.1 29.7
