-1.4 -1.05
-1.4 -0.9
-1.4 -0.6
-1.4 -0.55
-1.4 -0.5
-1.4 -0.45
-1.4 -0.4
-1.4 -0.35
-1.4 -0.3
-1.4 -0.25
-1.4 -0.2
-1.4 -0.15
-1.4 -0.1
-1.4 0
-1.4 0.05
-1.4 4.55
-1.35 -1.2
-1.35 -1.15
-1.35 -1.1
-1.35 -1.05
-1.35 -0.95
-1.35 -0.9
-1.35 -0.8
-1.35 -0.75
-1.35 -0.7
-1.35 -0.65
-1.35 0.1
-1.35 0.15
-1.35 0.2
-1.35 0.25
-1.35 0.3
-1.35 0.35
-1.35 0.4
-1.35 0.45
-1.35 0.5
-1.35 0.55
-1.35 0.6
-1.35 0.65
-1.35 0.7
-1.35 0.9
-1.35 0.95
-1.35 1
-1.35 4.5
-1.35 4.55
-1.3 0.85
-1.3 1.05
-1.3 1.1
-1.3 1.15
-1.3 1.2
-1.3 1.25
-1.3 1.3
-1.3 1.35
-1.3 1.4
-1.3 4.5
-1.3 4.55
-1.25 1.3
-1.25 1.35
-1.25 1.4
-1.25 1.45
-1.25 1.5
-1.25 1.55
-1.25 1.6
-1.25 1.65
-1.25 1.8
-1.25 1.85
-1.25 1.9
-1.25 4.5
-1.25 4.55
-1.2 1.6
-1.2 1.65
-1.2 1.7
-1.2 1.8
-1.2 1.85
-1.2 1.9
-1.2 1.95
-1.2 2
-1.2 4.55
-1.15 2
-1.15 2.05
-1.15 2.1
-1.15 2.15
-1.15 2.2
-1.15 4.55
-1.15 4.6
-1.15 4.75
-1.1 2.2
-1.1 2.25
-1.1 2.3
-1.1 2.35
-1.1 2.45
-1.1 2.5
-1.1 4.85
-1.1 4.9
-1.05 2.35
-1.05 2.4
-1.05 2.5
-1.05 4.9
-1 2.5
-1 2.55
-1 2.65
-1 2.7
-1 2.75
-1 4.9
-0.95 2.8
-0.95 2.85
-0.95 2.9
-0.95 2.95
-0.95 3.05
-0.95 4.9
-0.9 4.9
-0.9 4.95
-0.85 0.45
-0.85 4.9
-0.8 4.9
-0.75 4.8
-0.75 4.9
-0.7 4.75
-0.7 4.9
-0.65 5.4
-0.65 5.75
-0.6 5.9
-0.6 5.95
-0.55 5.9
-0.55 5.95
-0.5 0.95
-0.5 5.9
-0.5 5.95
-0.45 5.9
-0.45 5.95
-0.4 5.45
-0.35 5.4
-0.3 5.4
-0.25 5.4
-0.25 5.45
-0.2 5.4
-0.2 5.45
-0.2 10.85
-0.15 5.4
-0.15 5.45
-0.15 10.8
-0.15 10.85
-0.1 10.85
-0.1 10.9
0 10.85
0 10.9
0.05 11
0.1 11
0.1 11.05
0.15 11
0.2 11
0.2 11.05
0.25 10.95
0.25 11
0.3 11
0.35 1.55
0.35 1.7
0.35 10.95
0.55 17.3
0.6 17.25
0.6 17.3
0.7 1.65
0.75 1.6
0.75 1.65
0.8 1.6
0.8 1.65
0.8 1.8
0.8 21.25
0.85 1.6
0.85 1.65
0.85 21.2
0.85 21.25
0.9 1.6
0.9 1.65
0.95 1.6
0.95 1.65
0.95 21.3
1 1.6
1 21.25
1.05 1.6
1.1 1.6
1.15 1.65
1.2 1.65
1.2 1.7
1.25 1.7
1.25 29.35
1.3 1.75
1.3 29.4
1.35 29.35
1.35 29.4
1.45 3.15
1.45 3.35
1.45 3.45
1.45 3.5
1.45 29.45
1.45 29.5
1.5 2.95
1.5 3
1.5 3.05
1.5 3.1
1.5 3.15
1.5 3.2
1.5 3.25
1.5 3.3
1.5 3.35
1.5 3.4
1.5 3.45
1.5 3.55
1.5 29.6
1.5 29.65
1.55 -0.9
1.55 -0.85
1.55 -0.5
1.55 -0.45
1.55 -0.4
1.55 -0.35
1.55 -0.3
1.55 3.8
1.55 29.6
1.55 29.65
1.6 -0.9
1.6 -0.85
1.6 -0.7
1.6 -0.65
1.6 -0.6
1.6 -0.55
1.6 -0.45
1.6 -0.4
1.6 -0.35
1.6 -0.3
1.6 -0.25
1.6 -0.2
1.6 -0.15
1.6 -0.1
1.6 -0.05
1.6 0
1.6 0.05
1.6 0.1
1.6 0.15
1.6 0.2
1.6 0.25
1.6 0.3
1.6 0.35
1.6 0.5
1.6 0.55
1.6 1.5
1.6 1.55
1.6 3.05
1.6 29.6
1.6 29.65
1.65 -1.25
1.65 -1.2
1.65 -1.15
1.65 -1.1
1.65 -1.05
1.65 -0.9
1.65 -0.85
1.65 -0.6
1.65 -0.55
1.65 -0.45
1.65 -0.4
1.65 -0.35
1.65 -0.25
1.65 -0.2
1.65 -0.15
1.65 -0.1
1.65 0
1.65 0.2
1.65 0.25
1.65 0.3
1.65 0.35
1.65 0.4
1.65 0.45
1.65 0.5
1.65 0.55
1.65 0.6
1.65 1.5
1.65 1.6
1.65 3.05
1.65 29.55
1.65 29.65
1.7 -1.2
1.7 -1.15
1.7 -1.1
1.7 -1.05
1.7 -0.85
1.7 -0.8
1.7 -0.75
1.7 -0.4
1.7 0.4
1.7 0.45
1.7 0.5
1.7 0.6
1.7 0.65
1.7 0.7
1.7 0.75
1.7 1.5
1.7 1.65
1.7 1.7
1.7 1.75
1.7 1.8
1.7 1.85
1.7 1.9
1.7 1.95
1.7 2
1.7 2.05
1.7 2.1
1.7 2.15
1.7 2.2
1.7 29.65
1.75 0.65
1.75 0.7
1.75 0.75
1.75 0.8
1.75 0.85
1.75 0.9
1.75 0.95
1.75 1
1.75 1.05
1.75 1.1
1.75 1.15
1.75 1.2
1.75 1.35
1.75 1.5
1.75 1.9
1.75 1.95
1.75 2
1.75 2.05
1.75 2.1
1.75 2.15
1.75 29.65
1.75 29.7
1.8 1.15
1.8 1.2
1.8 1.25
1.8 1.3
1.8 1.35
1.8 1.45
1.8 1.5
1.8 4.45
1.8 5.5
1.8 29.65
1.85 1.45
1.85 4.45
1.85 4.6
1.85 5.45
1.85 5.5
1.85 6.55
1.85 6.65
1.85 6.85
1.85 29.65
1.9 5.4
1.9 5.45
1.9 5.7
1.9 5.75
1.9 5.8
1.9 5.9
1.9 5.95
1.9 6
1.9 6.1
1.9 6.15
1.9 6.25
1.9 6.3
1.9 6.35
1.9 6.5
1.9 6.75
1.9 29.65
1.95 5.4
1.95 5.45
1.95 7.7
1.95 29.65
2 5.35
2 5.4
2 7.7
2 7.75
2 8.65
2 29.65
2.05 5.05
2.05 5.35
2.05 7.7
2.05 7.75
2.05 8.55
2.05 8.6
2.05 8.65
2.05 29.65
2.1 5.3
2.1 7.7
2.1 8.55
2.1 8.6
2.1 9.45
2.1 10.45
2.1 29.65
2.1 29.7
2.15 7.65
2.15 8.55
2.15 9.4
2.15 9.45
2.15 9.5
2.15 10.45
2.15 11.35
2.15 29.65
2.2 8.55
2.2 9.4
2.2 10.45
2.2 11.35
2.2 11.45
2.2 11.65
2.2 12.6
2.2 29.65
2.25 9.5
2.25 10.45
2.25 11.3
2.25 11.35
2.25 12.45
2.25 12.5
2.25 12.65
2.25 12.85
2.25 13.05
2.25 13.25
2.25 29.65
2.3 11.35
2.3 12.1
2.3 12.3
2.3 12.5
2.3 12.9
2.3 13.6
2.3 13.8
2.3 14.55
2.3 29.65
2.35 11.35
2.35 12.75
2.35 13.4
2.35 13.7
2.35 13.8
2.35 14.3
2.35 14.6
2.35 14.65
2.35 15.5
2.35 29.65
2.4 14.45
2.4 15.15
2.4 16.15
2.4 16.25
2.4 17.15
2.4 29.6
2.4 29.65
2.45 12.75
2.45 15.8
2.45 17.1
2.45 19.3
2.45 29.65
2.5 16.1
2.5 16.6
2.5 17.15
2.5 17.7
2.5 18.5
2.5 19.25
2.5 21.1
2.5 21.15
2.5 29.65
2.55 17.35
2.55 18
2.55 19.25
2.55 19.4
2.55 19.85
2.55 20.8
2.55 21.1
2.55 29.6
2.55 29.65
2.6 18.1
2.6 18.85
2.6 20.5
2.6 21.05
2.6 29.65
2.65 19.15
2.65 21.05
2.65 21.2
2.65 24.3
2.65 29.6
2.65 29.65
2.7 20
2.7 20.75
2.7 20.9
2.7 24.2
2.7 24.3
2.7 29.6
2.75 24.25
2.75 29.6
2.8 24.25
2.8 29.6
2.85 24.25
2.85 24.45
2.85 29.6
2.9 29.25
2.9 29.6
2.9 29.65
2.95 24.1
2.95 29.6
3 29.5
3 29.6
3.05 29.55
3.1 29.5
3.1 29.6
3.15 29.1
3.15 29.55
3.15 29.6
3.2 29.25
3.3 29.55
3.35 29.55
3.4 29.6
