-1.5 -1.05
-1.5 -1
-1.5 -0.95
-1.5 -0.9
-1.45 -1.45
-1.45 -1.4
-1.45 -1.35
-1.45 -1.3
-1.45 -1.25
-1.45 -1.2
-1.45 -1.15
-1.45 -1.1
-1.45 -1.05
-1.45 -0.8
-1.45 -0.75
-1.45 -0.7
-1.45 -0.65
-1.45 -0.6
-1.4 -0.5
-1.4 -0.45
-1.4 -0.4
-1.4 -0.25
-1.4 -0.2
-1.35 -0.35
-1.35 -0.3
-1.35 -0.25
-1.35 -0.1
-1.35 -0.05
-1.35 0
-1.35 0.05
-1.35 0.15
-1.35 0.2
-1.35 0.25
-1.3 -0.25
-1.3 0.3
-1.3 0.35
-1.3 0.4
-1.3 0.45
-1.25 -0.25
-1.25 0.5
-1.25 0.55
-1.25 0.6
-1.2 0.65
-1.2 0.7
-1.2 0.75
-1.2 0.8
-1.2 0.85
-1.2 0.9
-1.2 0.95
-1.2 1
-1.2 1.05
-1.2 1.1
-1.2 4.05
-1.15 1.1
-1.15 1.15
-1.15 1.25
-1.15 1.3
-1.15 1.35
-1.15 4.05
-1.15 4.1
-1.1 1.15
-1.1 1.2
-1.1 1.3
-1.1 1.35
-1.1 1.4
-1.1 1.45
-1.1 4
-1.1 4.05
-1.1 4.1
-1.05 1.45
-1.05 1.5
-1.05 1.55
-1.05 1.6
-1.05 4
-1.05 4.05
-1 1.55
-1 1.6
-1 1.65
-1 1.7
-1 4
-1 4.05
-0.95 0.15
-0.95 1.65
-0.95 1.7
-0.95 1.75
-0.95 1.8
-0.95 1.85
-0.95 4
-0.9 -0.1
-0.9 1.8
-0.9 1.85
-0.9 1.9
-0.9 1.95
-0.9 2
-0.9 4
-0.85 2.05
-0.85 2.1
-0.85 4
-0.85 4.1
-0.8 2.15
-0.8 2.2
-0.8 2.25
-0.8 2.3
-0.8 2.6
-0.8 4
-0.8 4.3
-0.8 4.35
-0.75 2.3
-0.75 2.35
-0.75 2.5
-0.75 4.35
-0.7 4.35
-0.65 4.35
-0.65 4.4
-0.6 4.35
-0.55 4.35
-0.5 4.35
-0.45 4.35
-0.4 4.1
-0.4 4.15
-0.35 4.35
-0.35 4.4
-0.3 4.7
-0.3 4.85
-0.25 5.1
-0.25 5.2
-0.2 5.35
-0.2 5.4
-0.15 5.35
-0.15 5.4
-0.1 5.35
-0.1 5.4
0 5.35
0.05 4.8
0.05 4.85
0.1 4.8
0.15 4.8
0.2 4.8
0.25 4.8
0.3 4.8
0.4 0.9
0.4 1.05
0.6 10.3
0.65 10.2
0.65 10.35
0.7 10.25
0.7 10.3
0.75 10.2
0.75 10.25
0.75 10.35
0.8 10.2
0.8 10.25
0.85 0.95
0.85 10.2
0.85 10.3
0.85 10.35
0.9 0.95
0.9 10.25
0.9 10.3
0.9 10.35
0.95 0.95
0.95 10.3
0.95 10.35
1 0.9
1 0.95
1 10.35
1.05 0.9
1.05 10.3
1.05 10.35
1.1 0.9
1.1 10.3
1.15 0.9
1.4 1
1.45 -1.25
1.45 -1.2
1.5 -1.6
1.5 -1.4
1.5 -1.35
1.5 -1.2
1.55 -1.6
1.55 -1.35
1.55 -1.3
1.6 -1.6
1.6 -1
1.6 -0.95
1.6 -0.9
1.6 -0.85
1.6 -0.8
1.6 -0.75
1.6 -0.6
1.6 -0.55
1.6 -0.5
1.6 -0.45
1.6 -0.4
1.6 -0.35
1.6 -0.3
1.6 -0.25
1.6 -0.2
1.65 -0.95
1.65 -0.9
1.65 -0.85
1.65 -0.8
1.65 -0.75
1.65 -0.7
1.65 -0.65
1.65 -0.6
1.65 -0.55
1.65 -0.5
1.65 -0.45
1.65 -0.4
1.65 -0.35
1.65 -0.3
1.65 -0.25
1.65 -0.2
1.65 -0.15
1.65 -0.1
1.65 -0.05
1.65 0
1.65 0.05
1.65 0.1
1.65 0.15
1.65 0.2
1.65 0.8
1.65 2.25
1.65 2.3
1.65 2.35
1.65 2.4
1.65 2.45
1.65 2.5
1.65 2.55
1.65 2.6
1.65 2.65
1.65 2.7
1.7 -0.75
1.7 -0.7
1.7 -0.65
1.7 -0.6
1.7 -0.55
1.7 -0.5
1.7 -0.45
1.7 -0.4
1.7 0.1
1.7 0.15
1.7 0.2
1.7 0.25
1.7 0.3
1.7 0.35
1.7 0.4
1.7 0.45
1.7 0.75
1.7 0.8
1.7 0.85
1.7 2.4
1.7 2.5
1.7 2.55
1.7 2.65
1.7 2.7
1.7 2.75
1.7 2.8
1.7 2.85
1.7 16.55
1.75 -0.6
1.75 0.25
1.75 0.3
1.75 0.35
1.75 0.4
1.75 0.45
1.75 0.5
1.75 0.55
1.75 0.6
1.75 0.65
1.75 0.75
1.75 0.9
1.75 16.6
1.8 0.45
1.8 0.5
1.8 0.55
1.8 0.6
1.8 0.65
1.8 0.7
1.8 0.75
1.8 0.9
1.8 0.95
1.8 1
1.8 1.05
1.8 1.1
1.8 1.15
1.8 1.2
1.8 1.25
1.8 16.6
1.85 0.7
1.85 0.75
1.85 1.3
1.85 1.35
1.85 1.4
1.85 1.45
1.85 1.75
1.85 1.9
1.85 1.95
1.85 16.6
1.9 1.5
1.9 1.55
1.9 1.6
1.9 1.65
1.9 1.7
1.9 1.75
1.9 1.8
1.9 1.85
1.9 1.9
1.9 1.95
1.9 2.05
1.9 2.1
1.9 2.15
1.9 2.5
1.9 2.55
1.95 2.2
1.95 2.45
1.95 2.5
1.95 2.55
1.95 16.6
2 2.2
2 2.25
2 2.3
2 2.35
2 2.4
2 2.45
2 2.5
2.05 3.4
2.1 3.45
2.1 3.5
2.1 3.55
2.1 3.6
2.1 3.65
2.1 3.7
2.1 3.75
2.15 3.8
2.2 3.9
2.25 4.7
2.25 4.75
2.25 4.8
2.3 4.6
2.3 4.65
2.3 4.7
2.3 4.95
2.35 4.15
2.35 4.55
2.35 4.6
2.35 4.65
2.35 5.1
2.35 5.15
2.35 5.2
2.35 5.25
2.35 5.3
2.35 5.75
2.4 4.55
2.4 4.6
2.4 5.4
2.4 5.5
2.4 5.55
2.4 5.6
2.4 5.7
2.4 5.75
2.4 5.8
2.4 5.9
2.4 6.05
2.45 4.5
2.45 4.55
2.5 4.45
2.5 4.5
2.5 6.4
2.5 7
2.55 6.95
2.55 7
2.6 6.8
2.6 6.85
2.6 6.9
2.6 6.95
2.65 6.8
2.65 7.3
2.65 7.4
2.65 7.8
2.65 7.85
2.7 7.7
2.7 7.8
2.7 8.7
2.75 8.1
2.75 8.15
2.75 8.65
2.75 8.7
2.75 8.75
2.75 8.8
2.8 8.65
2.85 8.5
2.85 8.6
2.85 8.65
2.9 9.65
2.9 9.7
2.95 9.6
2.95 9.65
3 9.6
3 10.5
3.05 10.3
3.05 10.4
3.05 10.5
3.05 10.55
3.05 10.75
3.15 11.7
3.2 11.35
3.2 11.55
3.2 11.6
3.2 11.7
3.2 11.75
3.2 11.8
3.25 28.6
3.3 12.6
3.35 12.55
3.35 12.6
3.35 12.9
3.35 12.95
3.4 28.6
3.4 28.65
3.45 13.65
3.45 13.75
3.45 14
3.5 13.6
3.5 13.65
3.5 14.25
3.5 14.35
3.5 28.65
3.5 28.75
3.55 14.15
3.55 14.25
3.55 28.7
3.6 28.65
3.65 14.9
3.65 15.25
3.65 15.35
3.65 28.7
3.7 15.25
3.7 15.3
3.7 15.4
3.7 28.6
3.7 28.8
3.7 28.85
3.8 28.85
3.85 16.4
3.85 16.45
3.85 17
3.85 28.65
3.85 28.85
3.9 16.85
3.9 16.9
3.9 17.1
3.9 28.75
3.9 28.85
3.95 17.35
3.95 28.65
3.95 28.85
4 28.75
4 28.8
4.05 18.2
4.05 18.25
4.05 18.45
4.05 18.55
4.05 28.85
4.1 18.2
4.1 18.25
4.1 19.15
4.1 28.85
4.15 28.8
4.2 19.8
4.2 20.2
4.2 28.8
4.2 28.85
4.25 19.7
4.25 19.9
4.25 20.15
4.25 28.8
4.3 19.7
4.3 19.85
4.3 28.8
4.35 21.15
4.35 28.8
4.4 21.55
4.4 28.8
4.45 21.3
4.45 23.8
4.45 28.8
4.5 28.75
4.5 28.8
4.55 21.95
4.55 23.5
4.55 28.75
4.6 28.75
4.65 23.2
4.65 28.75
4.7 22.8
4.7 23.25
4.7 28.75
4.75 23.55
4.75 23.75
4.75 24.1
4.75 28.75
4.8 23.55
4.8 24.2
4.8 25.6
4.8 28.75
4.85 28.7
4.9 28.7
4.95 28.7
5 25.55
5 28.7
5.05 25.55
5.05 28.7
5.1 25.5
5.1 28.7
5.15 28.65
5.2 28.65
5.25 28.65
5.3 28.65
5.35 28.6
5.35 28.65
5.4 28.4
5.45 28.3
5.45 28.6
5.5 28.15
5.5 28.6
