1.77636 -1.98204 -0.205684
1.74411 -1.72204 0.0220783
1.73992 -1.72204 0.017883
1.51635 -1.72204 -0.205684
1.4164 -1.72204 -0.305633
1.61184 -1.72039 -0.108545
1.67094 -1.72039 -0.0494481
1.74246 -1.72039 0.0220783
1.73827 -1.72039 0.017883
1.5147 -1.72039 -0.205684
1.68817 -1.74952 -0.0613512
1.66883 -1.74952 -0.0806913
1.65907 -1.74952 -0.0904488
1.66437 -1.74952 -0.0851544
1.70114 -1.74952 -0.0483818
1.72776 -1.74952 -0.02176
1.7462 -1.74952 -0.0033189
1.68363 -1.74952 -0.0658862
1.66345 -1.74952 -0.0860688
1.64098 -1.74952 -0.108545
1.70007 -1.74952 -0.0494481
1.7716 -1.74952 0.0220783
1.7674 -1.74952 0.017883
1.54384 -1.74952 -0.205684
1.44389 -1.74952 -0.305633
1.29318 -1.74952 -0.456337
1.25027 -1.74952 -0.499255
1.29156 -1.74952 -0.457958
1.40047 -1.74952 -0.349047
1.45867 -1.74952 -0.290846
1.69881 -1.75382 -0.0550097
1.69247 -1.75382 -0.0613512
1.67313 -1.75382 -0.0806913
1.66337 -1.75382 -0.0904488
1.66867 -1.75382 -0.0851544
1.70544 -1.75382 -0.0483818
1.73206 -1.75382 -0.02176
1.7505 -1.75382 -0.0033189
1.68793 -1.75382 -0.0658862
1.66775 -1.75382 -0.0860688
1.64527 -1.75382 -0.108545
1.70437 -1.75382 -0.0494481
1.7759 -1.75382 0.0220783
1.7717 -1.75382 0.017883
1.54814 -1.75382 -0.205684
1.44819 -1.75382 -0.305633
1.29586 -1.75382 -0.457958
1.40477 -1.75382 -0.349047
1.46297 -1.75382 -0.290846
1.68474 -1.73975 -0.0550097
1.6784 -1.73975 -0.0613512
1.65906 -1.73975 -0.0806913
1.6493 -1.73975 -0.0904488
1.65459 -1.73975 -0.0851544
1.69137 -1.73975 -0.0483818
1.71799 -1.73975 -0.02176
1.73643 -1.73975 -0.0033189
1.67386 -1.73975 -0.0658862
1.65368 -1.73975 -0.0860688
1.6312 -1.73975 -0.108545
1.6903 -1.73975 -0.0494481
1.76183 -1.73975 0.0220783
1.75763 -1.73975 0.017883
1.53406 -1.73975 -0.205684
1.43412 -1.73975 -0.305633
1.3907 -1.73975 -0.349047
1.4489 -1.73975 -0.290846
1.68288 -1.73789 -0.0550097
1.67654 -1.73789 -0.0613512
1.6572 -1.73789 -0.0806913
1.64744 -1.73789 -0.0904488
1.65273 -1.73789 -0.0851544
1.68951 -1.73789 -0.0483818
1.71613 -1.73789 -0.02176
1.73457 -1.73789 -0.0033189
1.672 -1.73789 -0.0658862
1.65182 -1.73789 -0.0860688
1.62934 -1.73789 -0.108545
1.68844 -1.73789 -0.0494481
1.75997 -1.73789 0.0220783
1.75577 -1.73789 0.017883
1.5322 -1.73789 -0.205684
1.43226 -1.73789 -0.305633
1.38884 -1.73789 -0.349047
1.44704 -1.73789 -0.290846
1.64844 -1.73645 -0.0880098
1.68145 -1.73645 -0.0550097
1.6751 -1.73645 -0.0613512
1.65576 -1.73645 -0.0806913
1.64601 -1.73645 -0.0904488
1.6513 -1.73645 -0.0851544
1.68807 -1.73645 -0.0483818
1.71469 -1.73645 -0.02176
1.73314 -1.73645 -0.0033189
1.67057 -1.73645 -0.0658862
1.65039 -1.73645 -0.0860688
1.62791 -1.73645 -0.108545
1.68701 -1.73645 -0.0494481
1.75853 -1.73645 0.0220783
1.75434 -1.73645 0.017883
1.53077 -1.73645 -0.205684
1.43082 -1.73645 -0.305633
1.38741 -1.73645 -0.349047
1.44561 -1.73645 -0.290846
1.68178 -1.76979 -0.0880098
1.69506 -1.76979 -0.0747358
1.71478 -1.76979 -0.0550097
1.70844 -1.76979 -0.0613512
1.6891 -1.76979 -0.0806913
1.67935 -1.76979 -0.0904488
1.68464 -1.76979 -0.0851544
1.72141 -1.76979 -0.0483818
1.74803 -1.76979 -0.02176
1.76648 -1.76979 -0.0033189
1.74604 -1.76979 -0.0237533
1.70391 -1.76979 -0.0658862
1.68373 -1.76979 -0.0860688
1.66125 -1.76979 -0.108545
1.72035 -1.76979 -0.0494481
1.79187 -1.76979 0.0220783
1.78768 -1.76979 0.017883
1.56411 -1.76979 -0.205684
1.76945 -1.85746 -0.0880098
1.80245 -1.85746 -0.0550097
1.79611 -1.85746 -0.0613512
1.77677 -1.85746 -0.0806913
1.76701 -1.85746 -0.0904488
1.7723 -1.85746 -0.0851544
1.80908 -1.85746 -0.0483818
1.8357 -1.85746 -0.02176
1.85414 -1.85746 -0.0033189
1.8337 -1.85746 -0.0237533
1.79157 -1.85746 -0.0658862
1.77139 -1.85746 -0.0860688
1.74891 -1.85746 -0.108545
1.80801 -1.85746 -0.0494481
1.87954 -1.85746 0.0220783
1.87534 -1.85746 0.017883
1.88918 -1.98991 -0.100728
1.9019 -1.98991 -0.0880098
1.9349 -1.98991 -0.0550097
1.92856 -1.98991 -0.0613512
1.90921 -1.98991 -0.0806913
1.89946 -1.98991 -0.0904488
1.90475 -1.98991 -0.0851544
1.94152 -1.98991 -0.0483818
1.96815 -1.98991 -0.02176
1.98659 -1.98991 -0.0033189
1.92402 -1.98991 -0.0658862
1.90384 -1.98991 -0.0860688
1.88136 -1.98991 -0.108545
1.94046 -1.98991 -0.0494481
2.01198 -1.98991 0.0220783
2.00779 -1.98991 0.017883
2.20386 -2.30459 -0.100728
2.21658 -2.30459 -0.0880098
2.24958 -2.30459 -0.0550097
2.24324 -2.30459 -0.0613512
2.21414 -2.30459 -0.0904488
2.21943 -2.30459 -0.0851544
2.25621 -2.30459 -0.0483818
2.28283 -2.30459 -0.02176
2.30127 -2.30459 -0.0033189
2.2387 -2.30459 -0.0658862
2.21852 -2.30459 -0.0860688
2.19604 -2.30459 -0.108545
2.25514 -2.30459 -0.0494481
2.32667 -2.30459 0.0220783
2.32247 -2.30459 0.017883
2.09319 -2.30459 -0.211395
2.8837 2.84407 -0.039634
2.9448 2.84407 -0.100728
2.93208 2.84407 -0.0880098
2.89908 2.84407 -0.0550097
2.90542 2.84407 -0.0613512
2.92476 2.84407 -0.0806913
2.93452 2.84407 -0.0904488
2.92922 2.84407 -0.0851544
2.89245 2.84407 -0.0483818
2.86583 2.84407 -0.02176
2.84739 2.84407 -0.0033189
2.90995 2.84407 -0.0658862
2.93014 2.84407 -0.0860688
2.95261 2.84407 -0.108545
2.89351 2.84407 -0.0494481
2.82199 2.84407 0.0220783
2.82618 2.84407 0.017883
3.04975 2.84407 -0.205684
3.77872 2.66816 -1.11056
2.96214 2.66816 -0.293986
2.70779 2.66816 -0.039634
2.76889 2.66816 -0.100728
2.75617 2.66816 -0.0880098
2.72317 2.66816 -0.0550097
2.72951 2.66816 -0.0613512
2.74885 2.66816 -0.0806913
2.75861 2.66816 -0.0904488
2.75331 2.66816 -0.0851544
2.71654 2.66816 -0.0483818
2.68992 2.66816 -0.02176
2.67148 2.66816 -0.0033189
2.73404 2.66816 -0.0658862
2.75423 2.66816 -0.0860688
2.7767 2.66816 -0.108545
2.71761 2.66816 -0.0494481
2.64608 2.66816 0.0220783
2.65028 2.66816 0.017883
2.87384 2.66816 -0.205684
3.01721 2.66816 -0.349047
2.959 2.66816 -0.290846
2.85238 2.65815 -0.194229
3.3551 2.65815 -0.696948
3.76872 2.65815 -1.11056
2.95214 2.65815 -0.293986
2.69779 2.65815 -0.039634
2.75888 2.65815 -0.100728
2.74616 2.65815 -0.0880098
2.71316 2.65815 -0.0550097
2.71951 2.65815 -0.0613512
2.73885 2.65815 -0.0806913
2.7486 2.65815 -0.0904488
2.74331 2.65815 -0.0851544
2.70654 2.65815 -0.0483818
2.67991 2.65815 -0.02176
2.66147 2.65815 -0.0033189
2.72404 2.65815 -0.0658862
2.74422 2.65815 -0.0860688
2.7667 2.65815 -0.108545
2.7076 2.65815 -0.0494481
2.63608 2.65815 0.0220783
2.64027 2.65815 0.017883
2.86384 2.65815 -0.205684
2.96379 2.65815 -0.305633
3.11449 2.65815 -0.456337
3.11611 2.65815 -0.457958
3.0072 2.65815 -0.349047
2.949 2.65815 -0.290846
3.17419 3.01366 -0.160532
3.20789 3.01366 -0.194229
4.12422 3.01366 -1.11056
3.30765 3.01366 -0.293986
3.0533 3.01366 -0.039634
3.11439 3.01366 -0.100728
3.10167 3.01366 -0.0880098
3.06867 3.01366 -0.0550097
3.07501 3.01366 -0.0613512
3.09435 3.01366 -0.0806913
3.10411 3.01366 -0.0904488
3.09882 3.01366 -0.0851544
3.06204 3.01366 -0.0483818
3.03542 3.01366 -0.02176
3.01698 3.01366 -0.0033189
3.07955 3.01366 -0.0658862
3.09973 3.01366 -0.0860688
3.12221 3.01366 -0.108545
3.06311 3.01366 -0.0494481
2.99158 3.01366 0.0220783
2.99578 3.01366 0.017883
3.21935 3.01366 -0.205684
3.31929 3.01366 -0.305633
3.266 3.10547 -0.160532
3.2997 3.10547 -0.194229
4.21603 3.10547 -1.11056
3.39946 3.10547 -0.293986
3.1451 3.10547 -0.039634
3.2062 3.10547 -0.100728
3.19348 3.10547 -0.0880098
3.16048 3.10547 -0.0550097
3.16682 3.10547 -0.0613512
3.18616 3.10547 -0.0806913
3.19592 3.10547 -0.0904488
3.19062 3.10547 -0.0851544
3.15385 3.10547 -0.0483818
3.12723 3.10547 -0.02176
3.10879 3.10547 -0.0033189
3.17136 3.10547 -0.0658862
3.19154 3.10547 -0.0860688
3.21402 3.10547 -0.108545
3.15492 3.10547 -0.0494481
3.08339 3.10547 0.0220783
3.08759 3.10547 0.017883
3.31115 3.10547 -0.205684
3.4111 3.10547 -0.305633
3.45452 3.10547 -0.349047
3.39632 3.10547 -0.290846
3.26986 3.14038 -0.129478
3.30092 3.14038 -0.160532
3.33461 3.14038 -0.194229
4.25095 3.14038 -1.11056
3.43437 3.14038 -0.293986
3.18002 3.14038 -0.039634
3.24111 3.14038 -0.100728
3.22839 3.14038 -0.0880098
3.19539 3.14038 -0.0550097
3.20174 3.14038 -0.0613512
3.22108 3.14038 -0.0806913
3.23083 3.14038 -0.0904488
3.22554 3.14038 -0.0851544
3.18877 3.14038 -0.0483818
3.16214 3.14038 -0.02176
3.1437 3.14038 -0.0033189
3.16414 3.14038 -0.0237533
3.20627 3.14038 -0.0658862
3.22645 3.14038 -0.0860688
3.24893 3.14038 -0.108545
3.18983 3.14038 -0.0494481
3.11831 3.14038 0.0220783
3.1225 3.14038 0.017883
3.34607 3.14038 -0.205684
3.23228 3.09466 -0.137622
3.22414 3.09466 -0.129478
3.25519 3.09466 -0.160532
3.28889 3.09466 -0.194229
4.20523 3.09466 -1.11056
3.38865 3.09466 -0.293986
3.1343 3.09466 -0.039634
3.19539 3.09466 -0.100728
3.18267 3.09466 -0.0880098
3.14967 3.09466 -0.0550097
3.15601 3.09466 -0.0613512
3.17535 3.09466 -0.0806913
3.18511 3.09466 -0.0904488
3.17982 3.09466 -0.0851544
3.14304 3.09466 -0.0483818
3.11642 3.09466 -0.02176
3.09798 3.09466 -0.0033189
3.16055 3.09466 -0.0658862
3.18073 3.09466 -0.0860688
3.20321 3.09466 -0.108545
3.07258 3.09466 0.0220783
3.07678 3.09466 0.017883
3.30035 3.09466 -0.205684
3.4003 3.09466 -0.305633
3.11677 2.96303 -0.153746
3.10065 2.96303 -0.137622
3.0925 2.96303 -0.129478
3.12356 2.96303 -0.160532
3.15726 2.96303 -0.194229
4.07359 2.96303 -1.11056
3.25701 2.96303 -0.293986
3.00266 2.96303 -0.039634
3.06375 2.96303 -0.100728
3.05104 2.96303 -0.0880098
3.01804 2.96303 -0.0550097
3.02438 2.96303 -0.0613512
3.04372 2.96303 -0.0806913
3.05347 2.96303 -0.0904488
3.04818 2.96303 -0.0851544
3.01141 2.96303 -0.0483818
2.98479 2.96303 -0.02176
2.96634 2.96303 -0.0033189
3.02891 2.96303 -0.0658862
3.04909 2.96303 -0.0860688
3.07157 2.96303 -0.108545
3.01247 2.96303 -0.0494481
2.94095 2.96303 0.0220783
2.94514 2.96303 0.017883
3.16871 2.96303 -0.205684
3.26866 2.96303 -0.305633
3.31207 2.96303 -0.349047
3.25387 2.96303 -0.290846
3.02852 2.88719 -0.141331
3.04093 2.88719 -0.153746
3.02481 2.88719 -0.137622
3.01667 2.88719 -0.129478
3.04772 2.88719 -0.160532
3.08142 2.88719 -0.194229
3.99775 2.88719 -1.11056
3.18117 2.88719 -0.293986
2.92682 2.88719 -0.039634
2.98792 2.88719 -0.100728
2.9752 2.88719 -0.0880098
2.9422 2.88719 -0.0550097
2.94854 2.88719 -0.0613512
2.96788 2.88719 -0.0806913
2.97764 2.88719 -0.0904488
2.97234 2.88719 -0.0851544
2.93557 2.88719 -0.0483818
2.90895 2.88719 -0.02176
2.89051 2.88719 -0.0033189
2.95307 2.88719 -0.0658862
2.97326 2.88719 -0.0860688
2.99573 2.88719 -0.108545
2.93664 2.88719 -0.0494481
2.86511 2.88719 0.0220783
2.86931 2.88719 0.017883
3.09287 2.88719 -0.205684
3.19282 2.88719 -0.305633
3.00617 2.93229 -0.0738828
3.07362 2.93229 -0.141331
3.08604 2.93229 -0.153746
3.06991 2.93229 -0.137622
3.06177 2.93229 -0.129478
3.09282 2.93229 -0.160532
3.12652 2.93229 -0.194229
4.04285 2.93229 -1.11056
3.22628 2.93229 -0.293986
2.97192 2.93229 -0.039634
3.03302 2.93229 -0.100728
3.0203 2.93229 -0.0880098
2.9873 2.93229 -0.0550097
2.99364 2.93229 -0.0613512
3.01298 2.93229 -0.0806913
3.02274 2.93229 -0.0904488
3.01744 2.93229 -0.0851544
2.98067 2.93229 -0.0483818
2.95405 2.93229 -0.02176
2.93561 2.93229 -0.0033189
2.99818 2.93229 -0.0658862
3.01836 2.93229 -0.0860688
3.04084 2.93229 -0.108545
2.98174 2.93229 -0.0494481
2.91021 2.93229 0.0220783
2.91441 2.93229 0.017883
3.13797 2.93229 -0.205684
3.23792 2.93229 -0.305633
3.04064 2.94919 -0.0914543
3.02307 2.94919 -0.0738828
3.09052 2.94919 -0.141331
3.10293 2.94919 -0.153746
3.08681 2.94919 -0.137622
3.07866 2.94919 -0.129478
3.10972 2.94919 -0.160532
3.14342 2.94919 -0.194229
4.05975 2.94919 -1.11056
3.24317 2.94919 -0.293986
2.98882 2.94919 -0.039634
3.04991 2.94919 -0.100728
3.0372 2.94919 -0.0880098
3.0042 2.94919 -0.0550097
3.01054 2.94919 -0.0613512
3.02988 2.94919 -0.0806913
3.03963 2.94919 -0.0904488
3.03434 2.94919 -0.0851544
2.99757 2.94919 -0.0483818
2.97095 2.94919 -0.02176
2.9525 2.94919 -0.0033189
3.01507 2.94919 -0.0658862
3.03525 2.94919 -0.0860688
3.05773 2.94919 -0.108545
2.92711 2.94919 0.0220783
2.9313 2.94919 0.017883
3.15487 2.94919 -0.205684
3.25482 2.94919 -0.305633
3.06942 2.96101 -0.108409
3.05246 2.96101 -0.0914543
3.03489 2.96101 -0.0738828
3.10234 2.96101 -0.141331
3.11476 2.96101 -0.153746
3.09863 2.96101 -0.137622
3.09049 2.96101 -0.129478
3.12154 2.96101 -0.160532
3.15524 2.96101 -0.194229
4.07157 2.96101 -1.11056
3.255 2.96101 -0.293986
3.00064 2.96101 -0.039634
3.06174 2.96101 -0.100728
3.04902 2.96101 -0.0880098
3.01602 2.96101 -0.0550097
3.02236 2.96101 -0.0613512
3.0417 2.96101 -0.0806913
3.05146 2.96101 -0.0904488
3.04616 2.96101 -0.0851544
3.00939 2.96101 -0.0483818
2.98277 2.96101 -0.02176
2.96433 2.96101 -0.0033189
3.0269 2.96101 -0.0658862
3.04708 2.96101 -0.0860688
3.06956 2.96101 -0.108545
2.93893 2.96101 0.0220783
2.94313 2.96101 0.017883
3.16669 2.96101 -0.205684
3.26664 2.96101 -0.305633
3.08764 2.97923 -0.108409
3.07069 2.97923 -0.0914543
3.05312 2.97923 -0.0738828
3.12056 2.97923 -0.141331
3.13298 2.97923 -0.153746
3.11685 2.97923 -0.137622
3.10871 2.97923 -0.129478
3.13977 2.97923 -0.160532
3.17346 2.97923 -0.194229
4.0898 2.97923 -1.11056
3.27322 2.97923 -0.293986
3.01887 2.97923 -0.039634
3.07996 2.97923 -0.100728
3.06724 2.97923 -0.0880098
3.03424 2.97923 -0.0550097
3.04058 2.97923 -0.0613512
3.05992 2.97923 -0.0806913
3.06968 2.97923 -0.0904488
3.06439 2.97923 -0.0851544
3.02761 2.97923 -0.0483818
3.00099 2.97923 -0.02176
2.98255 2.97923 -0.0033189
3.0653 2.97923 -0.0860688
3.08778 2.97923 -0.108545
2.95715 2.97923 0.0220783
2.96135 2.97923 0.017883
3.18492 2.97923 -0.205684
3.07725 2.96884 -0.108409
3.06029 2.96884 -0.0914543
3.04272 2.96884 -0.0738828
3.11017 2.96884 -0.141331
3.12258 2.96884 -0.153746
3.10646 2.96884 -0.137622
3.09831 2.96884 -0.129478
3.12937 2.96884 -0.160532
3.16307 2.96884 -0.194229
4.0794 2.96884 -1.11056
3.26282 2.96884 -0.293986
3.00847 2.96884 -0.039634
3.06956 2.96884 -0.100728
3.05685 2.96884 -0.0880098
3.02385 2.96884 -0.0550097
3.03019 2.96884 -0.0613512
3.04953 2.96884 -0.0806913
3.05928 2.96884 -0.0904488
3.05399 2.96884 -0.0851544
3.01722 2.96884 -0.0483818
2.9906 2.96884 -0.02176
2.97215 2.96884 -0.0033189
3.0549 2.96884 -0.0860688
3.07738 2.96884 -0.108545
2.94676 2.96884 0.0220783
2.95095 2.96884 0.017883
3.17452 2.96884 -0.205684
3.03719 2.92878 -0.108409
3.02023 2.92878 -0.0914543
3.00266 2.92878 -0.0738828
3.07011 2.92878 -0.141331
3.08253 2.92878 -0.153746
3.0664 2.92878 -0.137622
3.05826 2.92878 -0.129478
3.08931 2.92878 -0.160532
3.12301 2.92878 -0.194229
4.03934 2.92878 -1.11056
3.22277 2.92878 -0.293986
2.96841 2.92878 -0.039634
3.02951 2.92878 -0.100728
3.01679 2.92878 -0.0880098
2.98379 2.92878 -0.0550097
2.99013 2.92878 -0.0613512
3.00947 2.92878 -0.0806913
3.01923 2.92878 -0.0904488
3.01393 2.92878 -0.0851544
2.97716 2.92878 -0.0483818
2.95054 2.92878 -0.02176
2.9321 2.92878 -0.0033189
2.99467 2.92878 -0.0658862
3.01485 2.92878 -0.0860688
3.03733 2.92878 -0.108545
2.9067 2.92878 0.0220783
2.9109 2.92878 0.017883
3.13446 2.92878 -0.205684
3.23441 2.92878 -0.305633
3.00355 2.89514 -0.108409
2.98659 2.89514 -0.0914543
2.96902 2.89514 -0.0738828
3.03647 2.89514 -0.141331
3.04888 2.89514 -0.153746
3.03276 2.89514 -0.137622
3.02462 2.89514 -0.129478
3.05567 2.89514 -0.160532
3.08937 2.89514 -0.194229
4.0057 2.89514 -1.11056
3.18912 2.89514 -0.293986
2.93477 2.89514 -0.039634
2.99587 2.89514 -0.100728
2.98315 2.89514 -0.0880098
2.95015 2.89514 -0.0550097
2.95649 2.89514 -0.0613512
2.97583 2.89514 -0.0806913
2.98559 2.89514 -0.0904488
2.98029 2.89514 -0.0851544
2.94352 2.89514 -0.0483818
2.9169 2.89514 -0.02176
2.89846 2.89514 -0.0033189
2.96102 2.89514 -0.0658862
2.98121 2.89514 -0.0860688
3.00368 2.89514 -0.108545
2.87306 2.89514 0.0220783
2.87725 2.89514 0.017883
3.10082 2.89514 -0.205684
3.20077 2.89514 -0.305633
3.02631 2.90004 -0.126273
3.00845 2.90004 -0.108409
2.9915 2.90004 -0.0914543
2.97392 2.90004 -0.0738828
3.04137 2.90004 -0.141331
3.05379 2.90004 -0.153746
3.03766 2.90004 -0.137622
3.02952 2.90004 -0.129478
3.06057 2.90004 -0.160532
3.09427 2.90004 -0.194229
4.0106 2.90004 -1.11056
3.19403 2.90004 -0.293986
2.93968 2.90004 -0.039634
3.00077 2.90004 -0.100728
2.98805 2.90004 -0.0880098
2.95505 2.90004 -0.0550097
2.96139 2.90004 -0.0613512
2.98073 2.90004 -0.0806913
2.99049 2.90004 -0.0904488
2.9852 2.90004 -0.0851544
2.94842 2.90004 -0.0483818
2.9218 2.90004 -0.02176
2.90336 2.90004 -0.0033189
2.96593 2.90004 -0.0658862
2.98611 2.90004 -0.0860688
3.00859 2.90004 -0.108545
2.87796 2.90004 0.0220783
2.88216 2.90004 0.017883
3.10573 2.90004 -0.205684
3.20567 2.90004 -0.305633
3.19089 2.90004 -0.290846
3.03865 2.91238 -0.126273
3.02079 2.91238 -0.108409
3.00384 2.91238 -0.0914543
2.98626 2.91238 -0.0738828
3.05371 2.91238 -0.141331
3.06613 2.91238 -0.153746
3.05 2.91238 -0.137622
3.04186 2.91238 -0.129478
3.07291 2.91238 -0.160532
3.10661 2.91238 -0.194229
4.02294 2.91238 -1.11056
3.20637 2.91238 -0.293986
2.95202 2.91238 -0.039634
3.01311 2.91238 -0.100728
3.00039 2.91238 -0.0880098
2.96739 2.91238 -0.0550097
2.97373 2.91238 -0.0613512
2.99307 2.91238 -0.0806913
3.00283 2.91238 -0.0904488
2.99754 2.91238 -0.0851544
2.96076 2.91238 -0.0483818
2.93414 2.91238 -0.02176
2.9157 2.91238 -0.0033189
2.97827 2.91238 -0.0658862
2.99845 2.91238 -0.0860688
3.02093 2.91238 -0.108545
2.96183 2.91238 -0.0494481
2.8903 2.91238 0.0220783
2.8945 2.91238 0.017883
3.11807 2.91238 -0.205684
3.21801 2.91238 -0.305633
3.20323 2.91238 -0.290846
3.06555 2.93927 -0.126273
3.04768 2.93927 -0.108409
3.03073 2.93927 -0.0914543
3.01316 2.93927 -0.0738828
3.08061 2.93927 -0.141331
3.09302 2.93927 -0.153746
3.0769 2.93927 -0.137622
3.06875 2.93927 -0.129478
3.09981 2.93927 -0.160532
3.1335 2.93927 -0.194229
4.04984 2.93927 -1.11056
3.23326 2.93927 -0.293986
2.97891 2.93927 -0.039634
3.04 2.93927 -0.100728
3.02728 2.93927 -0.0880098
2.99428 2.93927 -0.0550097
3.00063 2.93927 -0.0613512
3.01997 2.93927 -0.0806913
3.02972 2.93927 -0.0904488
3.02443 2.93927 -0.0851544
2.98766 2.93927 -0.0483818
2.96103 2.93927 -0.02176
2.94259 2.93927 -0.0033189
3.00516 2.93927 -0.0658862
3.02534 2.93927 -0.0860688
3.04782 2.93927 -0.108545
2.9172 2.93927 0.0220783
2.92139 2.93927 0.017883
3.14496 2.93927 -0.205684
3.24491 2.93927 -0.305633
3.07573 2.94946 -0.126273
3.05787 2.94946 -0.108409
3.04092 2.94946 -0.0914543
3.02334 2.94946 -0.0738828
3.09079 2.94946 -0.141331
3.10321 2.94946 -0.153746
3.08708 2.94946 -0.137622
3.07894 2.94946 -0.129478
3.10999 2.94946 -0.160532
3.14369 2.94946 -0.194229
4.06002 2.94946 -1.11056
3.24345 2.94946 -0.293986
2.98909 2.94946 -0.039634
3.05019 2.94946 -0.100728
3.03747 2.94946 -0.0880098
3.00447 2.94946 -0.0550097
3.01081 2.94946 -0.0613512
3.03015 2.94946 -0.0806913
3.03991 2.94946 -0.0904488
3.03462 2.94946 -0.0851544
2.99784 2.94946 -0.0483818
2.97122 2.94946 -0.02176
2.95278 2.94946 -0.0033189
3.01535 2.94946 -0.0658862
3.03553 2.94946 -0.0860688
3.05801 2.94946 -0.108545
2.99891 2.94946 -0.0494481
2.92738 2.94946 0.0220783
2.93158 2.94946 0.017883
3.15515 2.94946 -0.205684
3.25509 2.94946 -0.305633
3.00338 2.89497 -0.108409
2.98643 2.89497 -0.0914543
2.96886 2.89497 -0.0738828
3.0363 2.89497 -0.141331
3.04872 2.89497 -0.153746
3.03259 2.89497 -0.137622
3.02445 2.89497 -0.129478
3.0555 2.89497 -0.160532
3.0892 2.89497 -0.194229
4.00554 2.89497 -1.11056
3.18896 2.89497 -0.293986
2.93461 2.89497 -0.039634
2.9957 2.89497 -0.100728
2.98298 2.89497 -0.0880098
2.94998 2.89497 -0.0550097
2.95632 2.89497 -0.0613512
2.97566 2.89497 -0.0806913
2.98542 2.89497 -0.0904488
2.98013 2.89497 -0.0851544
2.94335 2.89497 -0.0483818
2.91673 2.89497 -0.02176
2.89829 2.89497 -0.0033189
2.96086 2.89497 -0.0658862
2.98104 2.89497 -0.0860688
3.00352 2.89497 -0.108545
2.87289 2.89497 0.0220783
2.87709 2.89497 0.017883
3.10066 2.89497 -0.205684
3.20061 2.89497 -0.305633
2.94342 2.83501 -0.108409
2.92647 2.83501 -0.0914543
2.90889 2.83501 -0.0738828
2.97634 2.83501 -0.141331
2.98876 2.83501 -0.153746
2.97263 2.83501 -0.137622
2.96449 2.83501 -0.129478
2.99554 2.83501 -0.160532
3.02924 2.83501 -0.194229
3.94557 2.83501 -1.11056
3.129 2.83501 -0.293986
2.87465 2.83501 -0.039634
2.93574 2.83501 -0.100728
2.92302 2.83501 -0.0880098
2.89002 2.83501 -0.0550097
2.89636 2.83501 -0.0613512
2.9157 2.83501 -0.0806913
2.92546 2.83501 -0.0904488
2.92017 2.83501 -0.0851544
2.88339 2.83501 -0.0483818
2.85677 2.83501 -0.02176
2.83833 2.83501 -0.0033189
2.9009 2.83501 -0.0658862
2.92108 2.83501 -0.0860688
2.94356 2.83501 -0.108545
2.81293 2.83501 0.0220783
2.81713 2.83501 0.017883
3.0407 2.83501 -0.205684
3.14064 2.83501 -0.305633
1.48365 2.94508 1.46144
3.05349 2.94508 -0.108409
3.03654 2.94508 -0.0914543
3.01897 2.94508 -0.0738828
3.08642 2.94508 -0.141331
3.09883 2.94508 -0.153746
3.08271 2.94508 -0.137622
3.07456 2.94508 -0.129478
3.10562 2.94508 -0.160532
3.13931 2.94508 -0.194229
4.05565 2.94508 -1.11056
3.23907 2.94508 -0.293986
2.98472 2.94508 -0.039634
3.04581 2.94508 -0.100728
3.03309 2.94508 -0.0880098
3.00009 2.94508 -0.0550097
3.00644 2.94508 -0.0613512
3.02578 2.94508 -0.0806913
3.03553 2.94508 -0.0904488
3.03024 2.94508 -0.0851544
2.99347 2.94508 -0.0483818
2.96684 2.94508 -0.02176
2.9484 2.94508 -0.0033189
3.01097 2.94508 -0.0658862
3.03115 2.94508 -0.0860688
3.05363 2.94508 -0.108545
2.92301 2.94508 0.0220783
2.9272 2.94508 0.017883
3.15077 2.94508 -0.205684
3.25072 2.94508 -0.305633
1.49817 2.9596 1.46144
3.08587 2.9596 -0.126273
3.06801 2.9596 -0.108409
3.05106 2.9596 -0.0914543
3.03348 2.9596 -0.0738828
3.10093 2.9596 -0.141331
3.11335 2.9596 -0.153746
3.09722 2.9596 -0.137622
3.08908 2.9596 -0.129478
3.12013 2.9596 -0.160532
3.15383 2.9596 -0.194229
4.07016 2.9596 -1.11056
3.25359 2.9596 -0.293986
2.99924 2.9596 -0.039634
3.06033 2.9596 -0.100728
3.04761 2.9596 -0.0880098
3.01461 2.9596 -0.0550097
3.02095 2.9596 -0.0613512
3.04029 2.9596 -0.0806913
3.05005 2.9596 -0.0904488
3.04476 2.9596 -0.0851544
3.00798 2.9596 -0.0483818
2.98136 2.9596 -0.02176
2.96292 2.9596 -0.0033189
3.02549 2.9596 -0.0658862
3.04567 2.9596 -0.0860688
3.06815 2.9596 -0.108545
2.93752 2.9596 0.0220783
2.94172 2.9596 0.017883
3.16529 2.9596 -0.205684
3.26523 2.9596 -0.305633
1.548 3.00944 1.46144
3.11785 3.00944 -0.108409
3.10089 3.00944 -0.0914543
3.08332 3.00944 -0.0738828
3.15077 3.00944 -0.141331
3.16318 3.00944 -0.153746
3.14706 3.00944 -0.137622
3.13892 3.00944 -0.129478
3.16997 3.00944 -0.160532
3.20367 3.00944 -0.194229
4.12 3.00944 -1.11056
3.30342 3.00944 -0.293986
3.04907 3.00944 -0.039634
3.11017 3.00944 -0.100728
3.09745 3.00944 -0.0880098
3.06445 3.00944 -0.0550097
3.07079 3.00944 -0.0613512
3.09013 3.00944 -0.0806913
3.09989 3.00944 -0.0904488
3.09459 3.00944 -0.0851544
3.05782 3.00944 -0.0483818
3.0312 3.00944 -0.02176
3.01276 3.00944 -0.0033189
3.07532 3.00944 -0.0658862
3.09551 3.00944 -0.0860688
3.11798 3.00944 -0.108545
2.98736 3.00944 0.0220783
2.99155 3.00944 0.017883
3.21512 3.00944 -0.205684
1.54084 3.00228 1.46144
3.11069 3.00228 -0.108409
3.09373 3.00228 -0.0914543
3.07616 3.00228 -0.0738828
3.14361 3.00228 -0.141331
3.15602 3.00228 -0.153746
3.1399 3.00228 -0.137622
3.13175 3.00228 -0.129478
3.16281 3.00228 -0.160532
3.19651 3.00228 -0.194229
4.11284 3.00228 -1.11056
3.29626 3.00228 -0.293986
3.04191 3.00228 -0.039634
3.103 3.00228 -0.100728
3.09029 3.00228 -0.0880098
3.05729 3.00228 -0.0550097
3.06363 3.00228 -0.0613512
3.08297 3.00228 -0.0806913
3.09272 3.00228 -0.0904488
3.08743 3.00228 -0.0851544
3.05066 3.00228 -0.0483818
3.02404 3.00228 -0.02176
3.00559 3.00228 -0.0033189
3.06816 3.00228 -0.0658862
3.08834 3.00228 -0.0860688
3.11082 3.00228 -0.108545
2.9802 3.00228 0.0220783
2.98439 3.00228 0.017883
1.55065 3.01208 1.46144
3.12049 3.01208 -0.108409
3.10354 3.01208 -0.0914543
3.08597 3.01208 -0.0738828
3.15341 3.01208 -0.141331
3.16583 3.01208 -0.153746
3.14971 3.01208 -0.137622
3.14156 3.01208 -0.129478
3.17262 3.01208 -0.160532
3.20631 3.01208 -0.194229
4.12265 3.01208 -1.11056
3.30607 3.01208 -0.293986
3.05172 3.01208 -0.039634
3.11281 3.01208 -0.100728
3.10009 3.01208 -0.0880098
3.06709 3.01208 -0.0550097
3.07343 3.01208 -0.0613512
3.09277 3.01208 -0.0806913
3.10253 3.01208 -0.0904488
3.09724 3.01208 -0.0851544
3.06046 3.01208 -0.0483818
3.03384 3.01208 -0.02176
3.0154 3.01208 -0.0033189
3.07797 3.01208 -0.0658862
3.09815 3.01208 -0.0860688
3.12063 3.01208 -0.108545
2.99 3.01208 0.0220783
1.54594 3.00738 1.46144
3.11579 3.00738 -0.108409
3.09883 3.00738 -0.0914543
3.08126 3.00738 -0.0738828
3.14871 3.00738 -0.141331
3.16113 3.00738 -0.153746
3.145 3.00738 -0.137622
3.13686 3.00738 -0.129478
3.16791 3.00738 -0.160532
3.20161 3.00738 -0.194229
4.11794 3.00738 -1.11056
3.30137 3.00738 -0.293986
3.04701 3.00738 -0.039634
3.10811 3.00738 -0.100728
3.09539 3.00738 -0.0880098
3.06239 3.00738 -0.0550097
3.06873 3.00738 -0.0613512
3.08807 3.00738 -0.0806913
3.09783 3.00738 -0.0904488
3.09253 3.00738 -0.0851544
3.05576 3.00738 -0.0483818
3.02914 3.00738 -0.02176
3.0107 3.00738 -0.0033189
3.07327 3.00738 -0.0658862
3.09345 3.00738 -0.0860688
3.11593 3.00738 -0.108545
1.55037 3.01181 1.46144
3.12022 3.01181 -0.108409
3.10326 3.01181 -0.0914543
3.08569 3.01181 -0.0738828
3.15314 3.01181 -0.141331
3.16556 3.01181 -0.153746
3.14943 3.01181 -0.137622
3.14129 3.01181 -0.129478
3.17234 3.01181 -0.160532
3.20604 3.01181 -0.194229
4.12237 3.01181 -1.11056
3.3058 3.01181 -0.293986
3.05144 3.01181 -0.039634
3.11254 3.01181 -0.100728
3.09982 3.01181 -0.0880098
3.06682 3.01181 -0.0550097
3.07316 3.01181 -0.0613512
3.0925 3.01181 -0.0806913
3.10226 3.01181 -0.0904488
3.09696 3.01181 -0.0851544
3.06019 3.01181 -0.0483818
3.03357 3.01181 -0.02176
3.01513 3.01181 -0.0033189
3.0777 3.01181 -0.0658862
3.09788 3.01181 -0.0860688
3.12036 3.01181 -0.108545
1.52534 2.98677 1.46144
3.09518 2.98677 -0.108409
3.07823 2.98677 -0.0914543
3.06065 2.98677 -0.0738828
3.1281 2.98677 -0.141331
3.14052 2.98677 -0.153746
3.12439 2.98677 -0.137622
3.11625 2.98677 -0.129478
3.1473 2.98677 -0.160532
3.181 2.98677 -0.194229
4.09733 2.98677 -1.11056
3.28076 2.98677 -0.293986
3.02641 2.98677 -0.039634
3.0875 2.98677 -0.100728
3.07478 2.98677 -0.0880098
3.04178 2.98677 -0.0550097
3.04812 2.98677 -0.0613512
3.06746 2.98677 -0.0806913
3.07722 2.98677 -0.0904488
3.07193 2.98677 -0.0851544
3.03515 2.98677 -0.0483818
3.00853 2.98677 -0.02176
2.99009 2.98677 -0.0033189
3.05266 2.98677 -0.0658862
3.07284 2.98677 -0.0860688
1.47726 2.93869 1.46144
3.0471 2.93869 -0.108409
3.03015 2.93869 -0.0914543
3.01258 2.93869 -0.0738828
3.08002 2.93869 -0.141331
3.09244 2.93869 -0.153746
3.07631 2.93869 -0.137622
3.06817 2.93869 -0.129478
3.09922 2.93869 -0.160532
3.13292 2.93869 -0.194229
4.04926 2.93869 -1.11056
3.23268 2.93869 -0.293986
2.97833 2.93869 -0.039634
3.03942 2.93869 -0.100728
3.0267 2.93869 -0.0880098
2.9937 2.93869 -0.0550097
3.00004 2.93869 -0.0613512
3.01938 2.93869 -0.0806913
3.02914 2.93869 -0.0904488
3.02385 2.93869 -0.0851544
2.98707 2.93869 -0.0483818
2.96045 2.93869 -0.02176
2.94201 2.93869 -0.0033189
3.00458 2.93869 -0.0658862
1.47038 2.93182 1.46144
3.05809 2.93182 -0.126273
3.04023 2.93182 -0.108409
3.02327 2.93182 -0.0914543
3.0057 2.93182 -0.0738828
3.07315 2.93182 -0.141331
3.08556 2.93182 -0.153746
3.06944 2.93182 -0.137622
3.0613 2.93182 -0.129478
3.09235 2.93182 -0.160532
3.12605 2.93182 -0.194229
4.04238 2.93182 -1.11056
3.2258 2.93182 -0.293986
2.97145 2.93182 -0.039634
3.03255 2.93182 -0.100728
3.01983 2.93182 -0.0880098
2.98683 2.93182 -0.0550097
2.99317 2.93182 -0.0613512
3.01251 2.93182 -0.0806913
3.02227 2.93182 -0.0904488
3.01697 2.93182 -0.0851544
2.9802 2.93182 -0.0483818
2.95358 2.93182 -0.02176
2.93514 2.93182 -0.0033189
2.9977 2.93182 -0.0658862
1.4532 2.91464 1.46144
3.04091 2.91464 -0.126273
3.02305 2.91464 -0.108409
3.00609 2.91464 -0.0914543
2.98852 2.91464 -0.0738828
3.05597 2.91464 -0.141331
3.06838 2.91464 -0.153746
3.05226 2.91464 -0.137622
3.04412 2.91464 -0.129478
3.07517 2.91464 -0.160532
3.10887 2.91464 -0.194229
4.0252 2.91464 -1.11056
3.20862 2.91464 -0.293986
2.95427 2.91464 -0.039634
3.01537 2.91464 -0.100728
3.00265 2.91464 -0.0880098
2.96965 2.91464 -0.0550097
2.97599 2.91464 -0.0613512
2.99533 2.91464 -0.0806913
3.00509 2.91464 -0.0904488
2.99979 2.91464 -0.0851544
2.96302 2.91464 -0.0483818
2.9364 2.91464 -0.02176
2.91796 2.91464 -0.0033189
1.43539 2.89683 1.46144
3.0231 2.89683 -0.126273
3.00524 2.89683 -0.108409
2.98828 2.89683 -0.0914543
2.97071 2.89683 -0.0738828
3.03816 2.89683 -0.141331
3.05057 2.89683 -0.153746
3.03445 2.89683 -0.137622
3.02631 2.89683 -0.129478
3.05736 2.89683 -0.160532
3.09106 2.89683 -0.194229
4.00739 2.89683 -1.11056
3.19081 2.89683 -0.293986
2.93646 2.89683 -0.039634
2.99756 2.89683 -0.100728
2.98484 2.89683 -0.0880098
2.95184 2.89683 -0.0550097
2.95818 2.89683 -0.0613512
2.97752 2.89683 -0.0806913
2.98728 2.89683 -0.0904488
2.98198 2.89683 -0.0851544
2.94521 2.89683 -0.0483818
2.91859 2.89683 -0.02176
2.90015 2.89683 -0.0033189
1.34528 2.80671 1.46144
2.98189 2.80671 -0.175177
2.96214 2.80671 -0.155427
2.94273 2.80671 -0.136024
2.93298 2.80671 -0.126273
2.91512 2.80671 -0.108409
2.89817 2.80671 -0.0914543
2.88059 2.80671 -0.0738828
2.94804 2.80671 -0.141331
2.96046 2.80671 -0.153746
2.94433 2.80671 -0.137622
2.93619 2.80671 -0.129478
2.96724 2.80671 -0.160532
3.00094 2.80671 -0.194229
3.91727 2.80671 -1.11056
3.1007 2.80671 -0.293986
2.84634 2.80671 -0.039634
2.90744 2.80671 -0.100728
2.89472 2.80671 -0.0880098
2.86172 2.80671 -0.0550097
2.86806 2.80671 -0.0613512
2.8874 2.80671 -0.0806913
2.89716 2.80671 -0.0904488
2.89187 2.80671 -0.0851544
2.85509 2.80671 -0.0483818
2.82847 2.80671 -0.02176
2.81003 2.80671 -0.0033189
1.32401 2.78544 1.46144
2.97655 2.78544 -0.191108
2.96062 2.78544 -0.175177
2.94087 2.78544 -0.155427
2.92146 2.78544 -0.136024
2.91171 2.78544 -0.126273
2.89385 2.78544 -0.108409
2.8769 2.78544 -0.0914543
2.85932 2.78544 -0.0738828
2.92677 2.78544 -0.141331
2.93919 2.78544 -0.153746
2.92306 2.78544 -0.137622
2.91492 2.78544 -0.129478
2.94597 2.78544 -0.160532
2.97967 2.78544 -0.194229
3.896 2.78544 -1.11056
3.07943 2.78544 -0.293986
2.82508 2.78544 -0.039634
2.88617 2.78544 -0.100728
2.87345 2.78544 -0.0880098
2.84045 2.78544 -0.0550097
2.84679 2.78544 -0.0613512
2.86613 2.78544 -0.0806913
2.87589 2.78544 -0.0904488
2.8706 2.78544 -0.0851544
2.83382 2.78544 -0.0483818
1.31903 2.84603 1.527
1.33478 2.84603 1.51126
1.37447 2.84603 1.47156
1.35428 2.84603 1.49175
1.3846 2.84603 1.46144
1.3692 2.84603 1.47683
1.38507 2.84603 1.46096
2.93749 2.84603 -0.0914543
2.91992 2.84603 -0.0738828
2.98736 2.84603 -0.141331
2.99978 2.84603 -0.153746
2.98365 2.84603 -0.137622
2.97551 2.84603 -0.129478
3.00656 2.84603 -0.160532
3.04026 2.84603 -0.194229
3.9566 2.84603 -1.11056
3.14002 2.84603 -0.293986
2.88567 2.84603 -0.039634
2.94676 2.84603 -0.100728
2.93404 2.84603 -0.0880098
2.90104 2.84603 -0.0550097
2.90738 2.84603 -0.0613512
2.92672 2.84603 -0.0806913
2.93648 2.84603 -0.0904488
1.25721 2.78421 1.527
1.27295 2.78421 1.51126
1.31264 2.78421 1.47156
1.29246 2.78421 1.49175
1.32277 2.78421 1.46144
1.32324 2.78421 1.46096
2.87566 2.78421 -0.0914543
2.85809 2.78421 -0.0738828
2.92554 2.78421 -0.141331
2.93795 2.78421 -0.153746
2.92183 2.78421 -0.137622
2.91368 2.78421 -0.129478
2.94474 2.78421 -0.160532
2.97843 2.78421 -0.194229
3.89477 2.78421 -1.11056
3.07819 2.78421 -0.293986
2.82384 2.78421 -0.039634
2.88493 2.78421 -0.100728
2.87222 2.78421 -0.0880098
2.83921 2.78421 -0.0550097
2.84556 2.78421 -0.0613512
1.28163 2.80863 1.527
1.28468 2.80863 1.52395
1.27752 2.80863 1.53111
1.29218 2.80863 1.51645
1.29737 2.80863 1.51126
1.31688 2.80863 1.49175
1.34719 2.80863 1.46144
2.91704 2.80863 -0.108409
2.90008 2.80863 -0.0914543
2.88251 2.80863 -0.0738828
2.94996 2.80863 -0.141331
2.96238 2.80863 -0.153746
2.94625 2.80863 -0.137622
2.93811 2.80863 -0.129478
2.96916 2.80863 -0.160532
3.00286 2.80863 -0.194229
3.91919 2.80863 -1.11056
3.10262 2.80863 -0.293986
2.84826 2.80863 -0.039634
2.90936 2.80863 -0.100728
2.89664 2.80863 -0.0880098
1.31893 2.84593 1.527
1.35418 2.84593 1.49175
1.3845 2.84593 1.46144
2.93739 2.84593 -0.0914543
2.91981 2.84593 -0.0738828
2.98726 2.84593 -0.141331
2.99968 2.84593 -0.153746
2.98355 2.84593 -0.137622
2.97541 2.84593 -0.129478
3.00646 2.84593 -0.160532
3.04016 2.84593 -0.194229
3.95649 2.84593 -1.11056
3.13992 2.84593 -0.293986
2.88556 2.84593 -0.039634
2.94666 2.84593 -0.100728
1.33633 2.86333 1.527
1.39177 2.86333 1.47156
1.37158 2.86333 1.49175
1.40189 2.86333 1.46144
2.95478 2.86333 -0.0914543
2.93721 2.86333 -0.0738828
3.00466 2.86333 -0.141331
3.01707 2.86333 -0.153746
3.00095 2.86333 -0.137622
2.9928 2.86333 -0.129478
3.02386 2.86333 -0.160532
3.05755 2.86333 -0.194229
3.97389 2.86333 -1.11056
3.15731 2.86333 -0.293986
2.90296 2.86333 -0.039634
1.40946 2.88102 1.47156
1.38927 2.88102 1.49175
1.41958 2.88102 1.46144
2.97247 2.88102 -0.0914543
2.9549 2.88102 -0.0738828
3.02235 2.88102 -0.141331
3.03476 2.88102 -0.153746
3.01864 2.88102 -0.137622
3.0105 2.88102 -0.129478
3.04155 2.88102 -0.160532
3.07525 2.88102 -0.194229
3.99158 2.88102 -1.11056
3.175 2.88102 -0.293986
1.3743 2.88556 1.51126
1.414 2.88556 1.47156
1.39381 2.88556 1.49175
1.42412 2.88556 1.46144
1.42459 2.88556 1.46096
2.97701 2.88556 -0.0914543
2.95944 2.88556 -0.0738828
3.02689 2.88556 -0.141331
3.0393 2.88556 -0.153746
3.02318 2.88556 -0.137622
3.01504 2.88556 -0.129478
3.04609 2.88556 -0.160532
1.38572 2.89698 1.51126
1.42542 2.89698 1.47156
1.40523 2.89698 1.49175
1.43554 2.89698 1.46144
1.43601 2.89698 1.46096
2.98843 2.89698 -0.0914543
2.97086 2.89698 -0.0738828
3.03831 2.89698 -0.141331
3.05073 2.89698 -0.153746
3.0346 2.89698 -0.137622
3.02646 2.89698 -0.129478
1.41416 2.92542 1.51126
1.45386 2.92542 1.47156
1.43367 2.92542 1.49175
1.46398 2.92542 1.46144
1.46445 2.92542 1.46096
3.01687 2.92542 -0.0914543
2.9993 2.92542 -0.0738828
3.06675 2.92542 -0.141331
3.07916 2.92542 -0.153746
3.06304 2.92542 -0.137622
1.38535 2.89661 1.51126
1.42505 2.89661 1.47156
1.40486 2.89661 1.49175
1.43517 2.89661 1.46144
1.43564 2.89661 1.46096
2.98806 2.89661 -0.0914543
2.97049 2.89661 -0.0738828
3.03794 2.89661 -0.141331
3.05035 2.89661 -0.153746
3.95137 2.88094 -1.07043
4.54803 2.88094 -1.66709
1.36968 2.88094 1.51126
1.40938 2.88094 1.47156
1.38919 2.88094 1.49175
1.4195 2.88094 1.46144
1.41997 2.88094 1.46096
2.97239 2.88094 -0.0914543
2.95482 2.88094 -0.0738828
3.02227 2.88094 -0.141331
2.93262 2.93262 0
4.00305 2.93262 -1.07043
4.59971 2.93262 -1.66709
4.50249 2.93262 -1.56987
4.43716 2.93262 -1.50454
1.42136 2.93262 1.51126
1.46106 2.93262 1.47156
1.44087 2.93262 1.49175
1.47118 2.93262 1.46144
1.47165 2.93262 1.46096
3.02407 2.93262 -0.0914543
3.00011 3.00011 0
4.07054 3.00011 -1.07043
4.6672 3.00011 -1.66709
4.56998 3.00011 -1.56987
4.50465 3.00011 -1.50454
4.56471 3.00011 -1.56459
1.48886 3.00011 1.51126
1.52855 3.00011 1.47156
1.50836 3.00011 1.49175
1.53868 3.00011 1.46144
1.53915 3.00011 1.46096
3.05124 3.05124 0
4.71834 3.05124 -1.66709
4.65831 3.05124 -1.60707
4.62111 3.05124 -1.56987
4.55578 3.05124 -1.50454
4.61584 3.05124 -1.56459
4.64851 3.05124 -1.59727
1.57968 3.05124 1.47156
1.55949 3.05124 1.49175
1.58981 3.05124 1.46144
3.04511 3.04511 0
4.11554 3.04511 -1.07043
4.71221 3.04511 -1.66709
4.65218 3.04511 -1.60707
4.61498 3.04511 -1.56987
4.54965 3.04511 -1.50454
4.60971 3.04511 -1.56459
4.64238 3.04511 -1.59727
4.65189 3.04511 -1.60677
1.53386 3.04511 1.51126
1.57355 3.04511 1.47156
1.55336 3.04511 1.49175
1.58368 3.04511 1.46144
1.58415 3.04511 1.46096
2.97885 2.97885 0
4.04928 2.97885 -1.07043
4.64594 2.97885 -1.66709
4.54872 2.97885 -1.56987
4.48339 2.97885 -1.50454
4.54344 2.97885 -1.56459
4.57612 2.97885 -1.59727
4.58562 2.97885 -1.60677
4.59282 2.97885 -1.61398
1.50729 2.97885 1.47156
1.4871 2.97885 1.49175
1.51741 2.97885 1.46144
1.50201 2.97885 1.47683
1.51788 2.97885 1.46096
2.96093 2.96093 0
4.03136 2.96093 -1.07043
4.62802 2.96093 -1.66709
4.5308 2.96093 -1.56987
4.46547 2.96093 -1.50454
4.52552 2.96093 -1.56459
4.5582 2.96093 -1.59727
4.5677 2.96093 -1.60677
4.5749 2.96093 -1.61398
1.46918 2.96093 1.49175
1.49949 2.96093 1.46144
1.49996 2.96093 1.46096
2.9531 2.9531 0
4.62019 2.9531 -1.66709
4.56017 2.9531 -1.60707
4.52297 2.9531 -1.56987
4.45764 2.9531 -1.50454
4.51769 2.9531 -1.56459
4.55037 2.9531 -1.59727
4.55987 2.9531 -1.60677
4.56708 2.9531 -1.61398
2.95216 2.95216 0
4.61926 2.95216 -1.66709
4.55923 2.95216 -1.60707
4.52203 2.95216 -1.56987
4.4567 2.95216 -1.50454
4.51676 2.95216 -1.56459
4.54943 2.95216 -1.59727
4.55894 2.95216 -1.60677
4.56614 2.95216 -1.61398
4.52462 2.95475 -1.56987
4.45929 2.95475 -1.50454
4.51934 2.95475 -1.56459
4.55202 2.95475 -1.59727
4.56152 2.95475 -1.60677
4.56872 2.95475 -1.61398
2.95009 2.95009 0
4.61718 2.95009 -1.66709
4.51996 2.95009 -1.56987
4.45463 2.95009 -1.50454
4.51468 2.95009 -1.56459
4.54736 2.95009 -1.59727
4.55686 2.95009 -1.60677
4.56406 2.95009 -1.61398
3.0627 3.0627 0
4.7298 3.0627 -1.66709
4.66977 3.0627 -1.60707
4.63257 3.0627 -1.56987
4.56724 3.0627 -1.50454
4.6273 3.0627 -1.56459
4.65997 3.0627 -1.59727
4.66947 3.0627 -1.60677
4.67668 3.0627 -1.61398
2.36846 -2.36846 0
0.701363 -2.36846 -1.66709
0.761387 -2.36846 -1.60707
0.798587 -2.36846 -1.56987
0.863917 -2.36846 -1.50454
0.803863 -2.36846 -1.56459
0.771186 -2.36846 -1.59727
0.761685 -2.36846 -1.60677
0.754481 -2.36846 -1.61398
1.6339 -1.6339 0
0.563473 -1.6339 -1.07043
0.0331924 -1.6339 -1.66709
0.0268315 -1.6339 -1.60707
0.0640312 -1.6339 -1.56987
0.129361 -1.6339 -1.50454
0.0693074 -1.6339 -1.56459
0.0366306 -1.6339 -1.59727
0.0271297 -1.6339 -1.60677
0.0199254 -1.6339 -1.61398
0.137277 -1.52982 -1.66709
0.0772531 -1.52982 -1.60707
0.0400534 -1.52982 -1.56987
0.0252764 -1.52982 -1.50454
0.0347772 -1.52982 -1.56459
0.067454 -1.52982 -1.59727
0.076955 -1.52982 -1.60677
0.0841593 -1.52982 -1.61398
0.0351979 -1.70229 -1.66709
0.0952218 -1.70229 -1.60707
0.132421 -1.70229 -1.56987
0.197751 -1.70229 -1.50454
0.137698 -1.70229 -1.56459
0.105021 -1.70229 -1.59727
0.0955199 -1.70229 -1.60677
0.0883156 -1.70229 -1.61398
0.196559 -1.86365 -1.66709
0.256583 -1.86365 -1.60707
0.293783 -1.86365 -1.56987
0.359113 -1.86365 -1.50454
0.299059 -1.86365 -1.56459
0.266382 -1.86365 -1.59727
0.256881 -1.86365 -1.60677
0.249677 -1.86365 -1.61398
0.109276 -1.77637 -1.66709
0.1693 -1.77637 -1.60707
0.2065 -1.77637 -1.56987
0.27183 -1.77637 -1.50454
0.211776 -1.77637 -1.56459
0.179099 -1.77637 -1.59727
0.169598 -1.77637 -1.60677
0.162394 -1.77637 -1.61398
0.291628 -1.77637 -1.48474
0.151699 -1.77637 -1.62467
1.80677 -1.80677 0
0.139675 -1.80677 -1.66709
0.236899 -1.80677 -1.56987
0.302228 -1.80677 -1.50454
0.242175 -1.80677 -1.56459
0.209498 -1.80677 -1.59727
0.199997 -1.80677 -1.60677
0.192793 -1.80677 -1.61398
0.224468 -1.80677 -1.5823
1.85419 -1.85419 0
0.187092 -1.85419 -1.66709
0.284316 -1.85419 -1.56987
0.349646 -1.85419 -1.50454
0.289592 -1.85419 -1.56459
0.256915 -1.85419 -1.59727
0.247414 -1.85419 -1.60677
0.24021 -1.85419 -1.61398
0.271885 -1.85419 -1.5823
0.169518 -1.83661 -1.66709
0.229542 -1.83661 -1.60707
0.266741 -1.83661 -1.56987
0.332071 -1.83661 -1.50454
0.272017 -1.83661 -1.56459
0.239341 -1.83661 -1.59727
0.22984 -1.83661 -1.60677
0.222635 -1.83661 -1.61398
0.25431 -1.83661 -1.5823
0.266401 -1.83661 -1.57021
0.221078 -1.83661 -1.61553
1.83539 -1.83539 0
0.168295 -1.83539 -1.66709
0.228319 -1.83539 -1.60707
0.265519 -1.83539 -1.56987
0.330848 -1.83539 -1.50454
0.270795 -1.83539 -1.56459
0.238118 -1.83539 -1.59727
0.228617 -1.83539 -1.60677
0.221413 -1.83539 -1.61398
0.265179 -1.83539 -1.57021
0.219855 -1.83539 -1.61553
0.215582 -1.83539 -1.61981
1.78024 -1.78024 0
0.113151 -1.78024 -1.66709
0.173175 -1.78024 -1.60707
0.210374 -1.78024 -1.56987
0.275704 -1.78024 -1.50454
0.215651 -1.78024 -1.56459
0.182974 -1.78024 -1.59727
0.173473 -1.78024 -1.60677
0.166268 -1.78024 -1.61398
0.223396 -1.78024 -1.55685
0.210034 -1.78024 -1.57021
0.238152 -1.78024 -1.54209
0.164711 -1.78024 -1.61553
0.160437 -1.78024 -1.61981
0.0278596 -1.69495 -1.66709
0.0878835 -1.69495 -1.60707
0.125083 -1.69495 -1.56987
0.190413 -1.69495 -1.50454
0.130359 -1.69495 -1.56459
0.0881816 -1.69495 -1.60677
0.0809773 -1.69495 -1.61398
0.210211 -1.69495 -1.48474
0.112652 -1.69495 -1.5823
0.0702825 -1.69495 -1.62467
0.124743 -1.69495 -1.57021
0.152861 -1.69495 -1.54209
0.0794199 -1.69495 -1.61553
0.0751463 -1.69495 -1.61981
0.148465 -1.81556 -1.66709
0.245689 -1.81556 -1.56987
0.311018 -1.81556 -1.50454
0.250965 -1.81556 -1.56459
0.218288 -1.81556 -1.59727
0.208787 -1.81556 -1.60677
0.201583 -1.81556 -1.61398
0.233258 -1.81556 -1.5823
0.195752 -1.81556 -1.61981
1.79786 -1.81556 -0.0176994
1.84217 -1.84217 0
0.175072 -1.84217 -1.66709
0.235096 -1.84217 -1.60707
0.272296 -1.84217 -1.56987
0.337625 -1.84217 -1.50454
0.277572 -1.84217 -1.56459
0.244895 -1.84217 -1.59727
0.256343 -1.84217 -1.58582
0.235394 -1.84217 -1.60677
0.22819 -1.84217 -1.61398
0.285317 -1.84217 -1.55685
0.357423 -1.84217 -1.48474
0.259865 -1.84217 -1.5823
0.271956 -1.84217 -1.57021
0.300074 -1.84217 -1.54209
0.226632 -1.84217 -1.61553
0.222359 -1.84217 -1.61981
0.671473 -1.84217 -1.17069
1.87267 -1.84217 0.0305032
1.82447 -1.84217 -0.0176994
1.80624 -1.84217 -0.0359275
1.7915 -1.84217 -0.0506645
1.83163 -1.83163 0
0.164538 -1.83163 -1.66709
0.224562 -1.83163 -1.60707
0.261761 -1.83163 -1.56987
0.327091 -1.83163 -1.50454
0.267038 -1.83163 -1.56459
0.234361 -1.83163 -1.59727
0.22486 -1.83163 -1.60677
0.217656 -1.83163 -1.61398
0.274783 -1.83163 -1.55685
0.346889 -1.83163 -1.48474
0.249331 -1.83163 -1.5823
0.206961 -1.83163 -1.62467
0.261422 -1.83163 -1.57021
0.289539 -1.83163 -1.54209
0.216098 -1.83163 -1.61553
0.211825 -1.83163 -1.61981
0.168648 -1.83163 -1.66298
1.86213 -1.83163 0.0305032
1.81393 -1.83163 -0.0176994
1.83434 -1.83163 0.00270958
0.136836 -1.80393 -1.66709
0.196859 -1.80393 -1.60707
0.234059 -1.80393 -1.56987
0.299389 -1.80393 -1.50454
0.239335 -1.80393 -1.56459
0.197158 -1.80393 -1.60677
0.189953 -1.80393 -1.61398
0.221628 -1.80393 -1.5823
0.179258 -1.80393 -1.62467
0.233719 -1.80393 -1.57021
0.261837 -1.80393 -1.54209
0.188396 -1.80393 -1.61553
0.184122 -1.80393 -1.61981
0.127045 -1.80393 -1.67688
0.140945 -1.80393 -1.66298
1.78623 -1.80393 -0.0176994
1.80664 -1.80393 0.00270958
1.86315 -1.86315 0
0.19606 -1.86315 -1.66709
0.256084 -1.86315 -1.60707
0.293283 -1.86315 -1.56987
0.358613 -1.86315 -1.50454
0.29856 -1.86315 -1.56459
0.265883 -1.86315 -1.59727
0.277331 -1.86315 -1.58582
0.256382 -1.86315 -1.60677
0.249177 -1.86315 -1.61398
0.306305 -1.86315 -1.55685
0.378411 -1.86315 -1.48474
0.280852 -1.86315 -1.5823
0.238483 -1.86315 -1.62467
0.292943 -1.86315 -1.57021
0.321061 -1.86315 -1.54209
0.24762 -1.86315 -1.61553
0.243346 -1.86315 -1.61981
0.692461 -1.86315 -1.17069
1.89366 -1.86315 0.0305032
1.84545 -1.86315 -0.0176994
1.82723 -1.86315 -0.0359275
1.81249 -1.86315 -0.0506645
1.83085 -1.86315 -0.0323074
0.163369 -1.83046 -1.66709
0.223393 -1.83046 -1.60707
0.260592 -1.83046 -1.56987
0.325922 -1.83046 -1.50454
0.265869 -1.83046 -1.56459
0.223691 -1.83046 -1.60677
0.216487 -1.83046 -1.61398
0.205792 -1.83046 -1.62467
0.260253 -1.83046 -1.57021
0.28837 -1.83046 -1.54209
0.214929 -1.83046 -1.61553
1.81276 -1.83046 -0.0176994
1.83889 -1.83889 0
0.171798 -1.83889 -1.66709
0.231822 -1.83889 -1.60707
0.269022 -1.83889 -1.56987
0.334351 -1.83889 -1.50454
0.274298 -1.83889 -1.56459
0.241621 -1.83889 -1.59727
0.23212 -1.83889 -1.60677
0.224916 -1.83889 -1.61398
0.256591 -1.83889 -1.5823
0.219085 -1.83889 -1.61981
1.82119 -1.83889 -0.0176994
0.19051 -1.8576 -1.66709
0.250534 -1.8576 -1.60707
0.287733 -1.8576 -1.56987
0.353063 -1.8576 -1.50454
0.29301 -1.8576 -1.56459
0.250832 -1.8576 -1.60677
0.243627 -1.8576 -1.61398
0.232933 -1.8576 -1.62467
0.287393 -1.8576 -1.57021
0.315511 -1.8576 -1.54209
0.24207 -1.8576 -1.61553
0.237796 -1.8576 -1.61981
0.180719 -1.8576 -1.67688
0.194619 -1.8576 -1.66298
1.88811 -1.8576 0.0305032
1.8399 -1.8576 -0.0176994
1.86031 -1.8576 0.00270958
1.8253 -1.8576 -0.0323074
1.79169 -1.8576 -0.0659143
1.78662 -1.8576 -0.0709848
1.81764 -1.8576 -0.0399624
1.91514 -1.91514 0
0.248043 -1.91514 -1.66709
0.308067 -1.91514 -1.60707
0.345267 -1.91514 -1.56987
0.410597 -1.91514 -1.50454
0.350543 -1.91514 -1.56459
0.308365 -1.91514 -1.60677
0.301161 -1.91514 -1.61398
0.358289 -1.91514 -1.55685
0.290466 -1.91514 -1.62467
0.344927 -1.91514 -1.57021
0.373045 -1.91514 -1.54209
0.299604 -1.91514 -1.61553
0.29533 -1.91514 -1.61981
0.238253 -1.91514 -1.67688
0.252153 -1.91514 -1.66298
1.94564 -1.91514 0.0305032
1.89744 -1.91514 -0.0176994
1.91785 -1.91514 0.00270958
1.88283 -1.91514 -0.0323074
1.84922 -1.91514 -0.0659143
1.84415 -1.91514 -0.0709848
1.87517 -1.91514 -0.0399624
1.88364 -1.88364 0
0.216549 -1.88364 -1.66709
0.276573 -1.88364 -1.60707
0.313772 -1.88364 -1.56987
0.379102 -1.88364 -1.50454
0.319049 -1.88364 -1.56459
0.286372 -1.88364 -1.59727
0.276871 -1.88364 -1.60677
0.269666 -1.88364 -1.61398
0.326794 -1.88364 -1.55685
0.3989 -1.88364 -1.48474
0.301341 -1.88364 -1.5823
0.258972 -1.88364 -1.62467
0.313432 -1.88364 -1.57021
0.34155 -1.88364 -1.54209
0.268109 -1.88364 -1.61553
0.263835 -1.88364 -1.61981
0.71295 -1.88364 -1.17069
1.91415 -1.88364 0.0305032
1.86594 -1.88364 -0.0176994
1.88635 -1.88364 0.00270958
1.87724 -1.88364 -0.00640165
1.84771 -1.88364 -0.0359275
1.83298 -1.88364 -0.0506645
1.8707 -1.88364 -0.0129428
1.8921 -1.88364 0.0084628
1.85133 -1.88364 -0.0323074
1.37244 -1.37244 0
0.294658 -1.37244 -1.66709
0.234634 -1.37244 -1.60707
0.197435 -1.37244 -1.56987
0.132105 -1.37244 -1.50454
0.192158 -1.37244 -1.56459
0.224835 -1.37244 -1.59727
0.234336 -1.37244 -1.60677
0.24154 -1.37244 -1.61398
0.184413 -1.37244 -1.55685
0.209865 -1.37244 -1.5823
0.197774 -1.37244 -1.57021
0.169657 -1.37244 -1.54209
0.243098 -1.37244 -1.61553
0.247371 -1.37244 -1.61981
0.201743 -1.37244 -1.17069
1.40294 -1.37244 0.0305032
1.35474 -1.37244 -0.0176994
1.33651 -1.37244 -0.0359275
1.32177 -1.37244 -0.0506645
1.34013 -1.37244 -0.0323074
1.1555 -0.511593 -1.66709
1.09548 -0.511593 -1.60707
1.05828 -0.511593 -1.56987
0.992947 -0.511593 -1.50454
1.053 -0.511593 -1.56459
1.08568 -0.511593 -1.59727
1.09518 -0.511593 -1.60677
1.10238 -0.511593 -1.61398
1.0305 -0.511593 -1.54209
0.542096 -0.511593 0.0305032
0.493894 -0.511593 -0.0176994
0.514303 -0.511593 0.00270958
0.475666 -0.511593 -0.0359275
0.460929 -0.511593 -0.0506645
0.479286 -0.511593 -0.0323074
1.48389 -0.183203 -1.66709
1.42387 -0.183203 -1.60707
1.38667 -0.183203 -1.56987
1.32134 -0.183203 -1.50454
1.38139 -0.183203 -1.56459
1.42357 -0.183203 -1.60677
1.43077 -0.183203 -1.61398
1.30154 -0.183203 -1.48474
1.44147 -0.183203 -1.62467
1.38701 -0.183203 -1.57021
1.35889 -0.183203 -1.54209
1.43233 -0.183203 -1.61553
0.213706 -0.183203 0.0305032
0.165504 -0.183203 -0.0176994
0.185913 -0.183203 0.00270958
0.150896 -0.183203 -0.0323074
1.51593 -0.151163 -1.66709
1.45591 -0.151163 -1.60707
1.41871 -0.151163 -1.56987
1.35338 -0.151163 -1.50454
1.41343 -0.151163 -1.56459
1.45561 -0.151163 -1.60677
1.46281 -0.151163 -1.61398
1.33358 -0.151163 -1.48474
1.47351 -0.151163 -1.62467
1.41905 -0.151163 -1.57021
1.39093 -0.151163 -1.54209
1.46437 -0.151163 -1.61553
0.181666 -0.151163 0.0305032
0.133463 -0.151163 -0.0176994
0.153872 -0.151163 0.00270958
0.100498 -0.151163 -0.0506645
0.118856 -0.151163 -0.0323074
1.42517 -0.241928 -1.66709
1.36514 -0.241928 -1.60707
1.32794 -0.241928 -1.56987
1.26261 -0.241928 -1.50454
1.32267 -0.241928 -1.56459
1.36484 -0.241928 -1.60677
1.37205 -0.241928 -1.61398
1.24281 -0.241928 -1.48474
1.38274 -0.241928 -1.62467
1.32828 -0.241928 -1.57021
1.30016 -0.241928 -1.54209
1.37361 -0.241928 -1.61553
0.272431 -0.241928 0.0305032
0.224228 -0.241928 -0.0176994
0.244637 -0.241928 0.00270958
0.191263 -0.241928 -0.0506645
0.20962 -0.241928 -0.0323074
