VERTEX_SE2 0 0 0 0
VERTEX_SE2 1 0.266871 0.355177 -1.07043
VERTEX_SE2 2 0.746721 0.39127 -1.66709
VERTEX_SE2 3 1.30921 0.329472 -1.60707
VERTEX_SE2 4 1.95262 0.311765 -1.56987
VERTEX_SE2 5 2.6456 0.337657 -1.50454
VERTEX_SE2 6 3.43667 0.362393 -1.56459
VERTEX_SE2 7 4.38145 0.365582 -1.59727
VERTEX_SE2 8 4.99056 0.370162 -1.58582
VERTEX_SE2 9 5.79714 0.355044 -1.60677
VERTEX_SE2 10 6.52631 0.321568 -1.61398
VERTEX_SE2 11 7.1646 0.305107 -1.55685
VERTEX_SE2 12 8.06317 0.350689 -1.48474
VERTEX_SE2 13 9.09304 0.367832 -1.5823
VERTEX_SE2 14 10.0343 0.367168 -1.57922
VERTEX_SE2 15 11.0827 0.322502 -1.62467
VERTEX_SE2 16 11.8846 0.315147 -1.57021
VERTEX_SE2 17 12.7238 0.325123 -1.54209
VERTEX_SE2 18 13.4546 0.328218 -1.61553
VERTEX_SE2 19 14.1685 0.293047 -1.61981
VERTEX_SE2 20 14.8578 0.220342 -1.67688
VERTEX_SE2 21 15.4597 0.156809 -1.66298
VERTEX_SE2 22 15.9707 0.199446 -1.17069
VERTEX_SE2 23 16.1181 0.360486 -0.279444
VERTEX_SE2 24 16.1077 0.773822 0.0305032
VERTEX_SE2 25 16.1092 1.34672 -0.0176994
VERTEX_SE2 26 16.1201 1.93734 0.00270958
VERTEX_SE2 27 16.1229 2.97324 -0.00640165
VERTEX_SE2 28 16.1472 3.8067 -0.0359275
VERTEX_SE2 29 16.1873 4.44425 -0.0506645
VERTEX_SE2 30 16.2124 5.06371 -0.0129428
VERTEX_SE2 31 16.2183 5.72033 0.0084628
VERTEX_SE2 32 16.2178 6.52403 0.00311643
VERTEX_SE2 33 16.2377 7.22778 -0.0323074
VERTEX_SE2 34 16.2806 7.98172 -0.0659143
VERTEX_SE2 35 16.3406 8.65136 -0.0709848
VERTEX_SE2 36 16.3864 9.36931 -0.0399624
VERTEX_SE2 37 16.4288 10.2298 -0.0371042
VERTEX_SE2 38 16.502 11.484 -0.0614857
VERTEX_SE2 39 16.6119 12.674 -0.0967746
VERTEX_SE2 40 16.7257 13.5345 -0.153525
VERTEX_SE2 41 16.8979 14.4704 -0.190554
VERTEX_SE2 42 17.0414 15.4072 -0.102634
VERTEX_SE2 43 17.1034 15.9039 -0.106378
VERTEX_SE2 44 17.1968 16.6887 -0.118657
VERTEX_SE2 45 17.0887 17.1678 0.858167
VERTEX_SE2 46 16.7029 17.2868 1.43687
VERTEX_SE2 47 16.0387 17.3436 1.53425
VERTEX_SE2 48 15.3169 17.3511 1.5939
VERTEX_SE2 49 14.432 17.3683 1.54237
VERTEX_SE2 50 13.3387 17.4308 1.52552
VERTEX_SE2 51 12.2214 17.4779 1.5331
VERTEX_SE2 52 11.3854 17.5165 1.527
VERTEX_SE2 53 10.254 17.5761 1.52395
VERTEX_SE2 54 8.8746 17.6336 1.53111
VERTEX_SE2 55 7.60331 17.7062 1.51645
VERTEX_SE2 56 6.27812 17.8046 1.51126
VERTEX_SE2 57 5.0603 17.901 1.47156
VERTEX_SE2 58 4.10951 17.9914 1.49175
VERTEX_SE2 59 3.35731 18.0711 1.46144
VERTEX_SE2 60 2.34159 18.1792 1.47683
VERTEX_SE2 61 1.63348 18.2526 1.46096
VERTEX_SE2 62 1.0969 18.3916 1.11033
VERTEX_SE2 63 0.920957 18.8029 -0.0899703
VERTEX_SE2 64 1.05693 19.5277 -0.191108
VERTEX_SE2 65 1.22912 20.4567 -0.17031
VERTEX_SE2 66 1.4428 21.4619 -0.175177
VERTEX_SE2 67 1.57504 22.1831 -0.155427
VERTEX_SE2 68 1.66627 22.6995 -0.136024
VERTEX_SE2 69 1.7464 23.2502 -0.126273
VERTEX_SE2 70 1.82835 23.9207 -0.108409
VERTEX_SE2 71 1.89767 24.434 -0.0914543
VERTEX_SE2 72 1.92609 24.9633 -0.0738828
VERTEX_SE2 73 1.96966 25.6208 -0.141331
VERTEX_SE2 74 2.07355 26.3546 -0.153746
VERTEX_SE2 75 2.19945 27.0926 -0.137622
VERTEX_SE2 76 2.29701 27.7734 -0.129478
VERTEX_SE2 77 2.41009 28.4958 -0.160532
VERTEX_SE2 78 2.54099 29.1638 -0.194229
VERTEX_SE2 79 2.66942 29.6249 -0.696948
VERTEX_SE2 80 2.71539 29.5547 -1.11056
VERTEX_SE2 81 2.71184 29.618 -0.293986
VERTEX_SE2 82 2.75223 30.1619 -0.039634
VERTEX_SE2 83 2.79947 30.7422 -0.100728
VERTEX_SE2 84 2.85481 31.3128 -0.0880098
VERTEX_SE2 85 2.90388 31.9073 -0.0747358
VERTEX_SE2 86 2.9482 32.5016 -0.0550097
VERTEX_SE2 87 2.98465 33.0829 -0.0613512
VERTEX_SE2 88 3.03255 33.7027 -0.0806913
VERTEX_SE2 89 3.0895 34.3443 -0.0904488
VERTEX_SE2 90 3.14615 34.9228 -0.0851544
VERTEX_SE2 91 3.19088 35.5159 -0.0483818
VERTEX_SE2 92 3.21901 36.1021 -0.02176
VERTEX_SE2 93 3.23057 36.6897 -0.0033189
VERTEX_SE2 94 3.24366 37.2613 -0.0237533
VERTEX_SE2 95 3.26811 37.8482 -0.0432013
VERTEX_SE2 96 3.31026 38.4674 -0.0658862
VERTEX_SE2 97 3.37285 39.1052 -0.0860688
VERTEX_SE2 98 3.45693 39.7871 -0.108545
VERTEX_SE2 99 3.51749 40.4203 -0.0494481
VERTEX_SE2 100 3.51508 41.0601 0.0220783
VERTEX_SE2 101 3.47138 41.6488 0.017883
VERTEX_SE2 102 3.55365 42.1704 -0.205684
VERTEX_SE2 103 3.70488 42.7233 -0.305633
VERTEX_SE2 104 4.00049 43.404 -0.456337
VERTEX_SE2 105 4.28465 43.9345 -0.499255
VERTEX_SE2 106 4.56792 44.4685 -0.457958
VERTEX_SE2 107 4.90165 45.2349 -0.349047
VERTEX_SE2 108 5.10715 45.8423 -0.290846
VERTEX_SE2 109 5.3571 46.7703 -0.209747
VERTEX_SE2 110 5.56275 47.7022 -0.227493
VERTEX_SE2 111 5.78185 48.6164 -0.214571
VERTEX_SE2 112 6.10278 50.0772 -0.199096
VERTEX_SE2 113 6.35816 51.2677 -0.214664
VERTEX_SE2 114 6.52399 51.9857 -0.218893
VERTEX_SE2 115 6.69943 52.751 -0.211395
VERTEX_SE2 116 6.90095 53.7146 -0.190126
VERTEX_SE2 117 7.14354 54.7986 -0.226084
VERTEX_SE2 118 7.32357 55.5217 -0.234152
VERTEX_SE2 119 7.48572 56.2655 -0.168959
VERTEX_SE2 120 7.66492 57.4364 -0.109027
VERTEX_SE2 121 7.82932 58.5287 -0.158692
VERTEX_SE2 122 7.95055 59.1435 -0.215087
VERTEX_SE2 123 8.12352 59.8065 -0.269773
VERTEX_SE2 124 8.36299 60.6863 -0.235887
VERTEX_SE2 125 8.66037 61.9764 -0.19364
VERTEX_SE2 126 8.74633 63.2647 0.214715
VERTEX_SE2 127 8.41732 63.6767 1.15965
VERTEX_SE2 128 7.93359 63.7758 1.45477
VERTEX_SE2 129 7.25444 63.8848 1.45106
VERTEX_SE2 130 6.43668 64.0141 1.38901
VERTEX_SE2 131 5.56471 64.1626 1.40403
VERTEX_SE2 132 4.76619 64.3063 1.38831
VERTEX_SE2 133 3.68962 64.506 1.37634
VERTEX_SE2 134 2.64501 64.6867 1.40761
VERTEX_SE2 135 1.66577 64.8589 1.42312
VERTEX_SE2 136 0.821717 64.9925 1.40898
VERTEX_SE2 137 -0.0147342 65.187 1.33385
VERTEX_SE2 138 -0.436713 65.2917 1.68008
VERTEX_SE2 139 -0.351221 65.3077 2.5475
VERTEX_SE2 140 -0.317755 65.1804 -3.07663
VERTEX_SE2 141 -0.313406 64.6313 3.08895
VERTEX_SE2 142 -0.42525 63.4567 3.03921
VERTEX_SE2 143 -0.67114 61.8535 2.92546
VERTEX_SE2 144 -0.883799 60.9908 2.90375
VERTEX_SE2 145 -1.05938 60.3033 2.88731
VERTEX_SE2 146 -1.43839 58.8223 2.93633
VERTEX_SE2 147 -1.65504 57.7286 2.96001
VERTEX_SE2 148 -1.79245 56.9638 2.98972
VERTEX_SE2 149 -1.87038 56.3554 3.01898
VERTEX_SE2 150 -2.07242 54.8992 2.9694
VERTEX_SE2 151 -2.25965 53.9463 2.9385
VERTEX_SE2 152 -2.43 53.2045 2.8956
VERTEX_SE2 153 -2.78814 51.9467 2.87491
VERTEX_SE2 154 -3.13606 50.4208 2.9868
VERTEX_SE2 155 -3.24855 49.5092 3.04981
VERTEX_SE2 156 -3.32104 48.5792 3.05207
VERTEX_SE2 157 -3.5473 46.4036 2.93954
VERTEX_SE2 158 -3.8454 45.2129 3.11405
VERTEX_SE2 159 -3.73505 44.9617 -1.98204
VERTEX_SE2 160 -3.24291 44.8621 -1.72204
VERTEX_SE2 161 -2.57706 44.7448 -1.72039
VERTEX_SE2 162 -1.65697 44.5838 -1.74952
VERTEX_SE2 163 -0.507018 44.3613 -1.75382
VERTEX_SE2 164 0.169462 44.2366 -1.73975
VERTEX_SE2 165 0.747847 44.1313 -1.73789
VERTEX_SE2 166 1.40079 44.0152 -1.73645
VERTEX_SE2 167 2.06783 43.877 -1.76979
VERTEX_SE2 168 2.79776 43.7003 -1.85746
VERTEX_SE2 169 3.39233 43.4762 -1.98991
VERTEX_SE2 170 3.85291 43.1721 -2.30459
VERTEX_SE2 171 3.98085 42.7456 2.84407
VERTEX_SE2 172 3.75545 42.2763 2.66816
VERTEX_SE2 173 3.48523 41.8171 2.65815
VERTEX_SE2 174 3.35091 41.3404 3.01366
VERTEX_SE2 175 3.34297 40.8565 3.10547
VERTEX_SE2 176 3.34157 40.239 3.14038
VERTEX_SE2 177 3.31695 39.5931 3.09466
VERTEX_SE2 178 3.22705 38.9189 2.96303
VERTEX_SE2 179 3.08477 38.3598 2.88719
VERTEX_SE2 180 2.96889 37.8853 2.93229
VERTEX_SE2 181 2.8289 37.2259 2.94919
VERTEX_SE2 182 2.70566 36.5655 2.96101
VERTEX_SE2 183 2.61151 36.0424 2.97923
VERTEX_SE2 184 2.51818 35.5248 2.96884
VERTEX_SE2 185 2.41249 35.0076 2.92878
VERTEX_SE2 186 2.28703 34.4893 2.89514
VERTEX_SE2 187 2.14612 33.9576 2.90004
VERTEX_SE2 188 2.01199 33.4212 2.91238
VERTEX_SE2 189 1.88731 32.8691 2.93927
VERTEX_SE2 190 1.76722 32.2749 2.94946
VERTEX_SE2 191 1.62194 31.6413 2.89497
VERTEX_SE2 192 1.47385 31.1604 2.83501
VERTEX_SE2 193 1.31939 30.5836 2.94508
VERTEX_SE2 194 1.17635 29.8726 2.9596
VERTEX_SE2 195 1.07949 29.2985 3.00944
VERTEX_SE2 196 0.999606 28.7461 3.00228
VERTEX_SE2 197 0.920529 28.1995 3.01208
VERTEX_SE2 198 0.845189 27.6697 3.00738
VERTEX_SE2 199 0.769814 27.1345 3.01181
VERTEX_SE2 200 0.692343 26.5984 2.98677
VERTEX_SE2 201 0.588365 26.0975 2.93869
VERTEX_SE2 202 0.463352 25.5202 2.93182
VERTEX_SE2 203 0.328218 24.948 2.91464
VERTEX_SE2 204 0.169139 24.3395 2.89683
VERTEX_SE2 205 0.019266 23.8336 2.80671
VERTEX_SE2 206 -0.246595 23.1551 2.78544
VERTEX_SE2 207 -0.662936 21.9169 2.84603
VERTEX_SE2 208 -1.1549 20.522 2.78421
VERTEX_SE2 209 -1.64803 19.2377 2.80863
VERTEX_SE2 210 -1.84975 18.608 2.84593
VERTEX_SE2 211 -2.00579 18.0912 2.86333
VERTEX_SE2 212 -2.1799 17.513 2.88102
VERTEX_SE2 213 -2.44269 16.5754 2.88556
VERTEX_SE2 214 -2.67956 15.6682 2.89698
VERTEX_SE2 215 -2.9061 14.7336 2.92542
VERTEX_SE2 216 -3.04586 14.1199 2.89661
VERTEX_SE2 217 -3.26573 13.247 2.88094
VERTEX_SE2 218 -3.51737 12.2518 2.93262
VERTEX_SE2 219 -3.69638 11.2433 3.00011
VERTEX_SE2 220 -3.81677 10.4074 3.05124
VERTEX_SE2 221 -3.89982 9.70454 3.04511
VERTEX_SE2 222 -4.04143 8.68719 2.97885
VERTEX_SE2 223 -4.22552 7.69468 2.96093
VERTEX_SE2 224 -4.44228 6.594 2.9531
VERTEX_SE2 225 -4.60757 5.79476 2.95216
VERTEX_SE2 226 -4.8177 4.74983 2.95475
VERTEX_SE2 227 -5.09255 3.3976 2.95009
VERTEX_SE2 228 -5.30673 2.17782 3.0627
VERTEX_SE2 229 -5.2216 1.52858 -2.36846
VERTEX_SE2 230 -4.91805 1.47631 -1.6339
VERTEX_SE2 231 -4.42946 1.49576 -1.52982
VERTEX_SE2 232 -3.93073 1.47829 -1.70229
VERTEX_SE2 233 -3.23238 1.28116 -1.86365
VERTEX_SE2 234 -2.45879 1.11514 -1.77637
VERTEX_SE2 235 -1.63408 0.927882 -1.80677
VERTEX_SE2 236 -0.958975 0.768061 -1.85419
VERTEX_SE2 237 0.0242319 0.501559 -1.83661
VERTEX_SE2 238 0.835382 0.277206 -1.83539
VERTEX_SE2 239 1.53087 0.087309 -1.78024
VERTEX_SE2 240 2.2346 -0.0420757 -1.69495
VERTEX_SE2 241 2.98518 -0.19491 -1.81556
VERTEX_SE2 242 3.88023 -0.442674 -1.84217
VERTEX_SE2 243 4.86944 -0.723473 -1.83163
VERTEX_SE2 244 5.74544 -0.894985 -1.80393
VERTEX_SE2 245 6.43547 -1.06987 -1.86315
VERTEX_SE2 246 7.30578 -1.33113 -1.83046
VERTEX_SE2 247 8.01574 -1.52122 -1.83889
VERTEX_SE2 248 8.65026 -1.69874 -1.8576
VERTEX_SE2 249 9.31711 -1.92034 -1.91514
VERTEX_SE2 250 9.84559 -2.11165 -1.88364
VERTEX_SE2 251 10.3063 -2.18525 -1.37244
VERTEX_SE2 252 10.4019 -2.08173 -0.511593
VERTEX_SE2 253 10.528 -1.56836 -0.183203
VERTEX_SE2 254 10.6334 -0.88306 -0.151163
VERTEX_SE2 255 10.7665 -0.255454 -0.241928
EDGE_SE2 0 1 0.266871 0.355177 -1.07043 766.098 100.763 -1559.69 304.525 -201.489 13387.6
EDGE_SE2 1 2 0.19854 0.438339 -0.596665 1337.81 220.748 -37.383 2561.3 -3471.36 22330.7
EDGE_SE2 2 3 0.00742904 0.565825 0.0600239 2098.13 32.2609 1134.58 1629.95 -1835.09 26141.9
EDGE_SE2 3 4 -0.00563749 0.643625 0.0371997 2373.38 75.6831 -3141.9 1208.87 -681.204 26596.8
EDGE_SE2 4 5 -0.0252501 0.693008 0.0653298 2105.23 94.2966 -1856.6 1845.96 -188.697 14401.3
EDGE_SE2 5 6 0.0276922 0.790966 -0.0600536 2318.89 -148.775 -2449.14 1268.04 455.127 15595.6
EDGE_SE2 6 7 0.00267164 0.944785 -0.0326768 1958.06 -86.2925 -2557.87 1762.89 318.801 16373.8
EDGE_SE2 7 8 -0.0207024 0.608777 0.0114483 3573.57 56.2552 -4016.14 1230.2 -394.864 19721.9
EDGE_SE2 8 9 0.00299745 0.806711 -0.0209492 2915.26 82.9562 -3204.19 1925.91 -542.244 18289.4
EDGE_SE2 9 10 0.00722732 0.729908 -0.00720429 3339.06 -70.4287 -2120.05 1955.9 601.631 13499.1
EDGE_SE2 10 11 -0.0111065 0.638402 0.0571277 3324.2 -18.2981 -986.454 2347.09 724.385 9064.28
EDGE_SE2 11 12 -0.0330439 0.899125 0.072106 1428.63 157.49 -545.794 1584.51 140.417 4333.7
EDGE_SE2 12 13 0.071435 1.02753 -0.0975587 1470.91 169.351 -542.189 1409.43 -182.075 2812.25
EDGE_SE2 13 14 -0.0101641 0.941209 0.00308228 1523.54 56.43 -546.086 1239.96 -225.506 2665.25
EDGE_SE2 14 15 0.0358348 1.0487 -0.0454521 1446.4 -14.6619 -609.619 1665.03 -125.262 3880.56
EDGE_SE2 15 16 -0.035839 0.801181 0.0544609 1816.85 45.9575 -745.822 1187.48 -269.719 5007.59
EDGE_SE2 16 17 -0.00948407 0.839206 0.0281178 1649.56 88.1991 -433.628 1749.58 -227.896 5956.69
EDGE_SE2 17 18 0.0178815 0.73062 -0.0734413 2199.57 0.110247 -1569.01 1186.85 -8.02079 9174.18
EDGE_SE2 18 19 0.00321112 0.714698 -0.00427353 1796.67 -34.1406 -1635.99 2284.95 -546.735 14372
EDGE_SE2 19 20 0.0388475 0.692066 -0.0570774 1789.81 148.972 -2900.02 2704.99 -5508.42 59965.8
EDGE_SE2 20 21 -0.00055446 0.605197 0.0139004 1808.52 -106.883 -3279.56 3677.19 -5492.02 151754
EDGE_SE2 21 22 -0.0895004 0.504944 0.492292 1507.64 172.173 -2828.05 2581.61 -3406.49 76081.4
EDGE_SE2 22 23 -0.0909121 0.198472 0.891248 2107.72 558.118 -2975.25 1630.82 -1368.71 37989.6
EDGE_SE2 23 24 -0.124021 0.394429 0.309947 2425.74 49.8892 -6346.02 1089.44 -659.278 52609
EDGE_SE2 24 25 0.0189697 0.572589 -0.0482027 6392.11 -352.046 -13105.4 2292.45 3021.76 93667.5
EDGE_SE2 25 26 0.000431412 0.590721 0.020409 7422.87 -486.172 -13099 2556.76 3520.14 95741.8
EDGE_SE2 26 27 0.00565472 1.03588 -0.00911122 4754.3 -277.558 -7871.11 1409.4 1618.71 52835.5
EDGE_SE2 27 28 0.018956 0.833599 -0.0295259 6391.2 -60.5062 -12708 2009.54 941.079 76312.8
EDGE_SE2 28 29 0.01716 0.638583 -0.0147369 7419.52 51.7816 -12752.4 2691.98 168.992 93248.4
EDGE_SE2 29 30 -0.00625836 0.619942 0.0377217 7567.73 42.9399 -15283.3 2491.79 189.967 108924
EDGE_SE2 30 31 -0.00267224 0.656636 0.0214056 7877.99 -220.107 -15500.3 2253.27 7.15513 91854.1
EDGE_SE2 31 32 0.00635102 0.803672 -0.00534638 6528.91 -387.098 -11957.5 1853.26 1980.7 69382.8
EDGE_SE2 32 33 0.0221296 0.703689 -0.0354238 7338.33 -342.577 -13556.2 2152.2 3113.33 70595.9
EDGE_SE2 33 34 0.0184585 0.754931 -0.033607 6974.51 -27.3092 -12495.7 1939.18 1113.7 60973
EDGE_SE2 34 35 0.0158248 0.672143 -0.00507048 7123.66 309.266 -12591.4 2129.88 -3500.37 68372.4
EDGE_SE2 35 36 -0.00529741 0.719386 0.0310224 6962.93 254.516 -11080.1 1837.68 -2225.28 52447.4
EDGE_SE2 36 37 0.00805503 0.8615 0.0028582 5620.37 -4.99199 -6995.33 1527.49 -155.075 29695.9
EDGE_SE2 37 38 0.0266126 1.25602 -0.0243815 3360.63 61.5472 -2867.06 959.967 -120.508 12710.8
EDGE_SE2 38 39 0.0365577 1.19455 -0.0352889 1867.55 41.1447 -1081.45 720.983 -574.865 5433.41
EDGE_SE2 39 40 0.0300927 0.867466 -0.0567499 1813.32 35.2189 -726.819 921.622 -621.795 4819.02
EDGE_SE2 40 41 0.0270742 0.951258 -0.03703 1441.2 54.5275 -136.689 953.453 -290.412 4038.95
EDGE_SE2 41 42 -0.0365742 0.947016 0.0879206 1233.54 11.2562 -82.4689 1138.3 -512.566 4578
EDGE_SE2 42 43 0.0108412 0.500424 -0.00374393 1830.45 -21.423 -206.275 2398.01 -2024.41 11947.1
EDGE_SE2 43 44 0.00955193 0.790296 -0.0122795 600.018 -87.2082 13.3214 1665.37 129.862 19542
EDGE_SE2 44 45 -0.164087 0.462865 0.976825 544.069 309.052 695.777 1371.47 -725.722 42110
EDGE_SE2 45 46 -0.162193 0.369756 0.578707 1725.33 506.293 -2909.69 1101.14 -5037.11 43054.2
EDGE_SE2 46 47 -0.0323525 0.665797 0.0973732 3010.66 462.135 -6902.88 1747.97 -7931.7 73196.3
EDGE_SE2 47 48 -0.0189695 0.721631 0.0596479 3980.92 257.071 -8568.45 2168.6 -8799.74 87840.5
EDGE_SE2 48 49 0.0377239 0.884264 -0.0515236 4188.56 -12.9321 -6998.01 1584 -3608.97 48613
EDGE_SE2 49 50 0.0313362 1.0946 -0.0168508 3717.01 66.9467 -6112.17 1278.51 -1884.6 41886
EDGE_SE2 50 51 -0.00351286 1.11832 0.00758183 3310.6 -155.154 -7433.56 2047.11 974.377 52499.9
EDGE_SE2 51 52 0.00711054 0.836868 -0.00610423 4979.29 -70.1762 -12467.7 2432.44 1333.82 95306.1
EDGE_SE2 52 53 0.00993429 1.13293 -0.00305152 4517.41 200.554 -10655.5 881.205 -2328.33 60442.9
EDGE_SE2 53 54 -0.00715662 1.38054 0.00716114 4045.3 166.187 -10679.6 713.66 -2365.75 63357.4
EDGE_SE2 54 55 0.0221779 1.27317 -0.0146534 4632.78 146.421 -11641 581.547 -1693.65 64761.3
EDGE_SE2 55 56 0.0261914 1.32858 -0.00519848 4005.46 215.839 -9129.24 748.841 -2227.95 55630.8
EDGE_SE2 56 57 0.0238117 1.2214 -0.0396959 4034.16 174.451 -8630.15 756.054 -2185.92 55172.4
EDGE_SE2 57 58 -0.00427046 0.955069 0.0201893 4712.19 348.665 -12157.2 1282.31 -3927.45 80788.8
EDGE_SE2 58 59 0.0201231 0.756151 -0.0303138 4870.66 404.786 -10787.6 1385.5 -2876.19 72676.9
EDGE_SE2 59 60 -0.00344825 1.02144 0.0153972 2505.75 -88.9767 -5510.01 1368.59 549.375 45802.8
EDGE_SE2 60 61 0.00663955 0.711876 -0.0158683 2768.94 -304.117 -9998.53 3944.72 3369.57 131687
EDGE_SE2 61 62 0.0793386 0.548576 -0.35063 2625.23 -445.565 -11933 4478.98 3033.56 122223
EDGE_SE2 62 63 0.290255 0.340374 -1.2003 1840.59 -195.363 -6250.41 1211.98 -344.913 47089.6
EDGE_SE2 63 64 0.0703028 0.734109 -0.101138 4121.94 452.961 -10105.9 1404.22 -4476.94 81708.9
EDGE_SE2 64 65 -0.00740684 0.944778 0.020798 4989.64 199.255 -8709.04 590.936 -110.626 42292.5
EDGE_SE2 65 66 0.0402128 1.0269 -0.00486694 4746.04 363.413 -5634.44 558.087 -417.195 25631.1
EDGE_SE2 66 67 0.00451718 0.733244 0.0197503 5879.06 338.475 -7241.27 927.761 -355.236 49856.9
EDGE_SE2 67 68 0.0102005 0.524276 0.0194031 6171.99 320.517 -4007.98 1025.17 -499.191 43191.6
EDGE_SE2 68 69 0.004708 0.556464 0.00975074 5630.38 241.11 -3779 1419.75 -1237.78 54690.9
EDGE_SE2 69 70 -0.00315063 0.675531 0.0178634 2867.73 -40.9323 -1149.05 928.625 -304.957 23900.3
EDGE_SE2 70 71 0.0133895 0.517713 0.0169551 1049.7 -13.3036 -758.222 570.069 -508.627 9975.77
EDGE_SE2 71 72 -0.0200432 0.529724 0.0175715 675.135 55.4132 -1014.12 512.452 -540.961 15112.3
EDGE_SE2 72 73 -0.00507859 0.658871 -0.0674482 910.059 -12.3446 -1659.23 1276.36 -473.359 16426.1
EDGE_SE2 73 74 -0.000507749 0.741134 -0.0124151 828.879 51.4224 -1598.6 1314.6 -1038.69 15520.9
EDGE_SE2 74 75 0.0113771 0.748642 0.0161239 1453.99 102.399 -2903.81 1170.42 -744.793 23124.1
EDGE_SE2 75 76 0.0032478 0.687732 0.00814402 2462.36 -44.6564 -3409.55 1369.39 -760.72 20116.1
EDGE_SE2 76 77 0.0188612 0.730959 -0.031054 2749.06 -23.19 -3223.85 1277.4 -990.816 22117.3
EDGE_SE2 77 78 0.0224344 0.680341 -0.0336973 3027.35 114.289 -3208.43 1141.32 -1224.19 23812.4
EDGE_SE2 78 79 0.0370167 0.477217 -0.502719 925.326 82.5222 -1144.6 404.297 -339.058 10373.4
EDGE_SE2 79 80 0.0803277 -0.0243429 -0.413615 82.2273 13.2366 5.21745 108.453 86.1502 3219.82
EDGE_SE2 80 81 -0.0583079 0.0249503 0.816577 1345.68 337.488 -888.7 945.149 -715.385 8814.08
EDGE_SE2 81 82 -0.118947 0.53225 0.254352 2203.26 -17.7848 -1920.92 641.106 -384.389 11117.4
EDGE_SE2 82 83 0.024213 0.581707 -0.0610943 5243.54 -138.565 -4813.07 1312.28 -484.259 26958
EDGE_SE2 83 84 -0.00232561 0.573265 0.0127185 5804.76 -230.339 -4434.59 1597.03 -96.173 25011.1
EDGE_SE2 84 85 -0.00336672 0.59648 0.0132741 6979.01 -332.173 -5313.28 2318.4 369.602 38058.1
EDGE_SE2 85 86 -0.00017784 0.595959 0.0197261 6719.22 -344.136 -4180.06 2270.76 -1019.17 31998.4
EDGE_SE2 86 87 0.00443467 0.582436 -0.00634151 6450.18 -292.864 -4688.05 2699.92 -3208.26 39160.9
EDGE_SE2 87 88 0.00980242 0.621563 -0.0193401 6273.11 -13.1998 -6277.62 3412.28 -4276.42 50426.1
EDGE_SE2 88 89 0.00505187 0.644087 -0.0097575 6118.01 -48.9856 -6580.91 3450.48 -980.223 40421.5
EDGE_SE2 89 90 0.00415859 0.581329 0.00529442 5719.72 17.7215 -5826.74 3427.43 -32.1211 39737.7
EDGE_SE2 90 91 -0.00587817 0.594753 0.0367726 5586.59 -154.479 -6275.06 3414.04 -741.624 39960.3
EDGE_SE2 91 92 -0.000244263 0.586825 0.0266219 5889.69 -540.599 -4491.87 2219.29 476.424 20467.3
EDGE_SE2 92 93 -0.00122902 0.587739 0.0184411 5926.71 -693.396 -4488.32 1729.99 925.29 19858.1
EDGE_SE2 93 94 0.011187 0.571613 -0.0204344 5526.8 -796.899 -3782.69 1424.6 1297.54 16286.6
EDGE_SE2 94 95 0.0105039 0.587307 -0.019448 5005.81 -519.395 -3016.86 1316.79 804.526 14809.6
EDGE_SE2 95 96 0.0153698 0.620417 -0.0226849 4253.52 -315.468 -3152.78 1572.24 694.688 21177.6
EDGE_SE2 96 97 0.0204627 0.640584 -0.0201826 5033.6 -362.499 -5560.75 1566.61 1040.18 50835.6
EDGE_SE2 97 98 0.0251565 0.686601 -0.0224767 3714.08 -357.536 -4679.92 1308.2 947.975 41765.1
EDGE_SE2 98 99 -0.00839114 0.635991 0.0590973 4596.47 -501.245 -11761.2 1234.38 2138.74 110045
EDGE_SE2 99 100 -0.0340326 0.638967 0.0715264 3739.45 -500.476 -10823.1 971.71 2166.37 103327
EDGE_SE2 100 101 -0.0306934 0.589498 -0.00419524 4050.65 -754.524 -13702.7 963.924 2556.16 126682
EDGE_SE2 101 102 0.091578 0.519998 -0.223567 3727.7 -379.398 -10752.1 761.417 829.521 79180.3
EDGE_SE2 102 103 0.0351006 0.572214 -0.0999486 4448.89 307.708 -14792.7 1072.53 -2602.27 120671
EDGE_SE2 103 104 0.0771132 0.738031 -0.150704 4576.11 926.226 -13474.2 1648.95 -5880.58 112671
EDGE_SE2 104 105 0.0212883 0.601486 -0.0429188 5795.64 1495.31 -19727.7 2135.47 -10569.4 220853
EDGE_SE2 105 106 -0.00696477 0.604432 0.0412971 6137.4 1550.4 -20191.1 2086.25 -8193.63 208099
EDGE_SE2 106 107 -0.0394981 0.834983 0.108911 5213.32 1050.35 -11905 1180.6 -2242.97 81268.9
EDGE_SE2 107 108 -0.0146361 0.641068 0.0582011 7770.09 1114.94 -19015.7 1444.52 -2839.63 117219
EDGE_SE2 108 109 -0.0266401 0.960625 0.0810987 4542.39 332.378 -9266.48 490.974 -1240.26 51796
EDGE_SE2 109 110 0.00711076 0.95431 -0.0177454 5210.47 185.085 -10798.5 588.265 -1410.24 65814.7
EDGE_SE2 110 111 0.00725179 0.94012 0.0129215 5300.6 315.594 -9855.33 953.425 -2330.33 69514.4
EDGE_SE2 111 112 0.00252734 1.49565 0.0154748 2867.09 61.7722 -4425.02 453.322 -646.041 28803.4
EDGE_SE2 112 113 0.0148798 1.21747 -0.0155672 3665.63 217.306 -7190.07 698.499 -1057.61 47533.4
EDGE_SE2 113 114 0.009067 0.736866 -0.00422953 5625.37 429.693 -11603 1610.17 -2183.95 75589.5
EDGE_SE2 114 115 0.00508221 0.785081 0.0074978 5080.09 218.846 -8618.32 1890.83 780.571 57764.3
EDGE_SE2 115 116 -0.00515657 0.984456 0.0212697 4214.7 81.8797 -5559.67 1091.95 -704.028 33734.4
EDGE_SE2 116 117 0.0333632 1.1103 -0.0359584 4271.1 198.564 -6335.73 697.628 -1362.9 35516.6
EDGE_SE2 117 118 0.0133696 0.745013 -0.0080682 6103.5 472.622 -11197.1 1293.37 -3899.01 65447.8
EDGE_SE2 118 119 -0.0148719 0.761193 0.0651933 5449.67 263.071 -7853.61 1274.96 -3109.77 47271.3
EDGE_SE2 119 120 -0.0202364 1.18434 0.0599317 3450.42 -36.7951 -4510.24 847.584 -1149.49 24939.2
EDGE_SE2 120 121 0.0445676 1.10371 -0.0496644 3996.02 -39.5196 -5612.47 983.51 -816.492 29911.5
EDGE_SE2 121 122 0.0225532 0.626178 -0.0563949 7105.02 -298.084 -10408.2 2070.93 -350.473 53952.8
EDGE_SE2 122 123 0.0274823 0.684654 -0.0546861 5777.13 -97.5232 -10333.5 2499.12 1029.25 61143.9
EDGE_SE2 123 124 -0.00369017 0.91186 0.0338859 4392.18 346.856 -4917.56 1142.27 -1359.16 18257.3
EDGE_SE2 124 125 -0.0123506 1.32385 0.0422469 2913.01 150.265 -3180.9 550.696 -737.591 12075.3
EDGE_SE2 125 126 -0.163564 1.28079 0.408355 1915.92 -109.21 -1861.63 462.05 -456.282 9052.67
EDGE_SE2 126 127 -0.233685 0.472556 0.944932 1124.2 -480.132 -1860.38 1165.4 -723.383 31017.2
EDGE_SE2 127 128 -0.102485 0.483021 0.295121 746.172 -1.65434 -1389.03 1906.92 103.084 31170.1
EDGE_SE2 128 129 0.0296996 0.687213 -0.00371027 1289.84 1.72116 -2172.44 1719.88 -642.2 34801.4
EDGE_SE2 129 130 0.0306876 0.827346 -0.0620515 1856.65 -78.2585 -1760.02 1259.09 -195.733 12879.7
EDGE_SE2 130 131 -0.0115712 0.884453 0.0150234 1751.02 -99.5241 -1923.43 1395.52 472.255 18737.3
EDGE_SE2 131 132 0.00909331 0.811291 -0.0157146 2225 -49.9519 -3315.55 1579.88 33.5897 20929.1
EDGE_SE2 132 133 0.0010362 1.09493 -0.0119734 1682.1 -27.663 -2094.53 1236.06 -159.638 16326.9
EDGE_SE2 133 134 -0.024541 1.05985 0.0312684 1657.52 31.5726 -2022.81 1490.64 -6.64206 12562.7
EDGE_SE2 134 135 0.0108474 0.994212 0.0155066 1720.81 9.68197 -1019.42 1122.58 -24.1434 6901.58
EDGE_SE2 135 136 0.00793279 0.85452 -0.0141408 1564.72 81.4327 -723.455 2457.4 251.881 9221.6
EDGE_SE2 136 137 0.0571857 0.856859 -0.0751241 1296.89 -67.244 -2672.43 3887.88 -4933.1 63497.8
EDGE_SE2 137 138 0.00268591 0.434756 0.346232 561.467 -16.9581 -454.949 1287.12 -1530.87 21031.8
EDGE_SE2 138 139 0.00665384 -0.0867348 0.867417 1207.89 574.263 -3380.34 1355.99 -4338.23 46810.2
EDGE_SE2 139 140 -0.0990328 0.0868195 -5.62413 2067.21 91.3311 -5376.07 673.379 -923.512 44724.3
EDGE_SE2 140 141 0.0313065 0.548231 6.16558 3885.51 -267.107 -9304.85 836.335 321.562 69657.1
EDGE_SE2 141 142 0.0498882 1.17877 -0.0497415 2739.15 -146.556 -6454.64 345.942 251.849 35202.6
EDGE_SE2 142 143 0.080742 1.61998 -0.113747 2853.09 -97.1343 -6785.69 304.395 342.479 31559.5
EDGE_SE2 143 144 0.0226958 0.888268 -0.021708 6029.38 190.513 -16237.8 996.142 -1333.95 85749.1
EDGE_SE2 144 145 0.00866898 0.709501 -0.0164449 6893.6 337.564 -15861.6 1024.46 -1176.18 84387.1
EDGE_SE2 145 146 -0.00571619 1.52866 0.0490191 2722.7 72.3587 -5366.97 258.832 -145.815 26753.2
EDGE_SE2 146 147 -0.0108301 1.11493 0.0236835 4571.04 1.52653 -9014.72 622.584 -245.778 42407.9
EDGE_SE2 147 148 -0.00296802 0.777089 0.0297103 5252.45 53.1144 -10765.5 1164.45 -874.914 67071.5
EDGE_SE2 148 149 -0.0150109 0.613166 0.029259 6495.13 -312.204 -12976 1286.91 955.538 71975.3
EDGE_SE2 149 150 0.0224266 1.46998 -0.0495806 3004.47 -101.861 -6023.34 368.631 329.284 28670.4
EDGE_SE2 150 151 0.0211859 0.970869 -0.0309031 4886.11 -29.9779 -11019.4 480.064 -73.6532 43304.3
EDGE_SE2 151 152 0.0172304 0.760921 -0.0428991 6337.55 149.373 -13504.9 1275.1 -1513.68 63033.5
EDGE_SE2 152 153 0.0410589 1.30713 -0.0206864 3479.17 232.523 -5201.49 568.486 -462.857 21210
EDGE_SE2 153 154 -0.0664922 1.56361 0.111888 2359.69 46.0963 -2791.95 386.998 -92.3054 9729.48
EDGE_SE2 154 155 -0.0294014 0.918055 0.0630128 3791 -135.228 -4179.2 1145.06 -145.321 18291.8
EDGE_SE2 155 156 -0.0130595 0.932753 0.00226307 3261.55 -188.486 -2014.2 1142.34 -100.254 12144.8
EDGE_SE2 156 157 0.0308637 2.1871 -0.112535 1196.64 -67.417 -585.779 453.369 180.049 2778.79
EDGE_SE2 157 158 0.0530768 1.22633 0.174509 749.773 -25.0474 -191.595 1398 712.608 15024.6
EDGE_SE2 158 159 -0.117233 0.248111 -5.09609 986.722 202.322 654.309 1140.15 -2253.85 18991.4
EDGE_SE2 159 160 -0.105517 0.490879 0.260009 1937.61 374.19 -3274.75 1936.1 -7111.43 40859.4
EDGE_SE2 160 161 0.0157041 0.675934 0.0016495 4305.45 144.512 -4877.06 1769.22 -3068.85 22187.8
EDGE_SE2 161 162 0.0221043 0.93381 -0.0291348 49.0113 18.2784 -37.5208 11.2362 -14.1033 33.4397
EDGE_SE2 162 163 0.0144508 1.17118 -0.00429893 3168.81 13.8209 -2076.19 1217.27 -1092.54 6346.45
EDGE_SE2 163 164 -0.000516639 0.687875 0.0140707 5155.4 -114.334 -2449.2 1802.02 -1165.58 8698.81
EDGE_SE2 164 165 0.00659142 0.587863 0.00186002 5429.23 -179.144 -2598.27 2948.09 -2012.75 11078.4
EDGE_SE2 165 166 0.00591101 0.663161 0.00143421 4476.82 -479.999 -1474.69 1895.43 -469.534 6959.56
EDGE_SE2 166 167 0.0262661 0.680695 -0.0333396 3440.56 -341.854 -1100.49 1365.4 398.902 5311.18
EDGE_SE2 167 168 0.02892 0.750452 -0.0876637 3161.05 -283.79 -1358.63 1466.76 311.376 5389.96
EDGE_SE2 168 169 0.0468689 0.633681 -0.132448 1987.63 -282.806 -908.923 2157.11 -1783.58 18366.7
EDGE_SE2 169 170 0.0902873 0.544444 -0.314682 1665.31 -746.459 388.507 2725.84 -2200.59 27393.8
EDGE_SE2 170 171 0.231117 0.380692 5.14865 963.046 -196.461 -236.391 574.022 531.481 7974.65
EDGE_SE2 171 172 0.0779259 0.514752 -0.175909 813.757 18.5976 -328.403 459.445 635.462 4744.4
EDGE_SE2 172 173 0.0311309 0.531881 -0.0100033 2707.57 242.028 -1809.45 1294.01 190.143 14553.6
EDGE_SE2 173 174 -0.102625 0.484456 0.355506 1732.6 21.6049 -1584.32 637.073 -266.687 6680.59
EDGE_SE2 174 175 -0.0538728 0.481042 0.0918086 2508.15 -263.463 -3200.02 875.785 594.107 14913
EDGE_SE2 175 176 -0.0208982 0.617094 0.034915 2954.93 -444.511 -3795.59 910.851 650.087 14205.6
EDGE_SE2 176 177 0.0238375 0.645937 -0.0457225 4079.95 -691.036 -3368.11 1374.07 640.964 15811.3
EDGE_SE2 177 178 0.0581697 0.677677 -0.131637 4100.69 -352.015 -2564.49 1216.28 472.445 9548.03
EDGE_SE2 178 179 0.0407156 0.575442 -0.0758376 3084.04 -25.524 -1828.88 957.189 144.697 9860.19
EDGE_SE2 179 180 -0.00728796 0.488466 0.0451021 978.746 18.175 -685.159 305.209 26.8273 4755.07
EDGE_SE2 180 181 -6.60139e-05 0.6741 0.0168958 3398.67 -89.8487 -1736.19 908.554 75.149 9108.41
EDGE_SE2 181 182 -0.00531115 0.671704 0.0118234 3682.6 -228.782 -1608.71 1034.9 248.768 7025.36
EDGE_SE2 182 183 -0.00133431 0.531566 0.0182233 4646.39 -282.144 -2711.31 1864.21 547.76 15409.4
EDGE_SE2 183 184 0.00843442 0.52585 -0.010397 5064.55 -171.402 -2510.62 2603.38 760.595 27270.6
EDGE_SE2 184 185 0.0152138 0.527627 -0.040056 5095.24 -194.238 -4055.44 3760.49 2869.89 51364.3
EDGE_SE2 185 186 0.0131584 0.533116 -0.0336423 5356 -82.4412 -5133.68 3056.68 631.191 41521.7
EDGE_SE2 186 187 0.00693683 0.550014 0.00490427 5072.55 -70.79 -4409.07 3024.04 1215.93 40357.5
EDGE_SE2 187 188 0.00191779 0.552952 0.0123401 4910.89 -162.679 -5158.62 3351.66 4304.68 43758.1
EDGE_SE2 188 189 -0.00403507 0.566031 0.0268922 5749.36 -171.486 -4470.85 2211.17 1330.98 28937.6
EDGE_SE2 189 190 -0.00175203 0.606192 0.0101869 6217.99 -258.579 -4187.35 1752.57 258.559 30087.5
EDGE_SE2 190 191 0.0216272 0.649641 -0.0544884 3953.9 -64.3347 -2954.3 1348.37 -184.074 24239.5
EDGE_SE2 191 192 0.0261861 0.502563 -0.0599613 2868.98 79.198 -2103.24 940.371 221.042 17624.9
EDGE_SE2 192 193 -0.0267993 0.596455 0.110073 2921.55 -10.9051 -1848.45 1025.12 788.407 19315.5
EDGE_SE2 193 194 0.00145936 0.725294 0.0145171 3118.87 -177.253 -2498.44 1226.65 859.96 21847.9
EDGE_SE2 194 195 -0.00864107 0.582137 0.0498357 4571.75 -315.084 -4814.92 2069.1 1151.93 42853.6
EDGE_SE2 195 196 0.0064053 0.558044 -0.00716114 4955.94 -521.738 -6261.84 2136.79 1981.45 61882
EDGE_SE2 196 197 0.00240294 0.552308 0.00980735 4788.76 -509.478 -5344.29 1884.43 785.049 61118.7
EDGE_SE2 197 198 0.00627837 0.535158 -0.00470328 4218.59 -408.746 -8499.5 2035.23 943.436 89520
EDGE_SE2 198 199 0.00308286 0.540461 0.00442982 3885.6 -141.679 -11383.3 2047.69 527.852 98906.7
EDGE_SE2 199 200 0.00744007 0.541604 -0.0250382 3215.43 141.185 -11243.3 2193.01 859.863 75675.7
EDGE_SE2 200 201 0.0254986 0.51091 -0.048079 2805.44 249.154 -9413.12 2153.52 -324.819 55093.4
EDGE_SE2 201 202 0.00611388 0.590661 -0.00687456 3114.91 89.79 -13349.7 1876.15 -1374.88 87709.2
EDGE_SE2 202 203 0.0130089 0.587832 -0.0171804 4039.85 49.7493 -17472.1 1456.6 -1741.44 110826
EDGE_SE2 203 204 0.0180879 0.628656 -0.0178103 4421.06 -150.181 -15060.3 549.876 -83.3255 80701.1
EDGE_SE2 204 205 0.0228163 0.527122 -0.090116 4471.71 142.963 -11201.4 608.642 -816.008 49761.8
EDGE_SE2 205 206 0.0281014 0.728178 -0.0212698 4354.96 458.897 -9694.71 592.788 -1336.22 37777.4
EDGE_SE2 206 207 -0.0415221 1.3057 0.0605912 3114.89 249.02 -4721.32 412.222 -570.739 19731.5
EDGE_SE2 207 208 0.0643213 1.47776 -0.0618272 2947.25 288.655 -4345.77 480.434 -840.024 21264.8
EDGE_SE2 208 209 0.0126876 1.37565 0.0244246 3220.68 298.362 -4620.59 771.434 -396.095 25930.6
EDGE_SE2 209 210 -0.0151629 0.661034 0.0373011 5872.17 -533.04 -13622.7 3576.73 10679.2 116526
EDGE_SE2 210 211 -0.00131886 0.539859 0.0173948 6172.96 -543.669 -17061.1 5863.98 10956.9 175866
EDGE_SE2 211 212 0.00860941 0.60371 0.017693 4864.12 -129.283 -11735.5 4631.21 4056.12 116000
EDGE_SE2 212 213 0.0123395 0.973716 0.00453877 3424.97 170.529 -6199.85 2051.86 -772.291 49662.1
EDGE_SE2 213 214 -0.000604286 0.937634 0.0114219 4869.25 44.934 -7581.45 1192.08 207.414 42701.1
EDGE_SE2 214 215 -0.00653572 0.961617 0.0284367 4540.71 -85.7842 -6933.51 1383.31 1087.73 43501.8
EDGE_SE2 215 216 0.00486303 0.629414 -0.0288093 7315.28 38.3337 -11814.3 1711.84 -83.1486 74109.4
EDGE_SE2 216 217 0.00158625 0.900162 -0.0156693 5227.19 106.412 -9569.61 1132.48 -1486.83 57988.2
EDGE_SE2 217 218 -0.0133217 1.02637 0.0516794 4800.48 210.796 -9591.68 992.971 -1234.14 52299.6
EDGE_SE2 218 219 -0.0341032 1.02369 0.0674949 4804.36 -131.3 -9703.81 1051.84 519.062 54590.8
EDGE_SE2 219 220 0.00131394 0.844586 0.0511303 5584.05 -445.59 -10279.4 1561.63 1990.4 69959.9
EDGE_SE2 220 221 0.0192892 0.70745 -0.0061276 6584.79 -528.392 -10092.6 1594.96 539.694 65629.7
EDGE_SE2 221 222 0.0429586 1.02626 -0.0662675 4407.08 -266.571 -9029.77 1135.93 337.646 47213.6
EDGE_SE2 222 223 0.020839 1.00922 -0.0179193 4843.14 -226.312 -8734.75 1069.9 242.207 40365.1
EDGE_SE2 223 224 0.0154563 1.12171 -0.00782657 4274.37 -222.469 -7370.8 1300.91 1230.33 34027
EDGE_SE2 224 225 0.0126031 0.816063 -0.000936985 5497.11 -178.384 -7739.59 1664.29 946.74 37403.2
EDGE_SE2 225 226 0.00961606 1.0658 0.00258279 3940.33 -121.121 -4627.15 1096.36 202.321 21886.6
EDGE_SE2 226 227 0.0188777 1.37975 -0.00465727 2670.97 -95.932 -2134.25 795.706 537.357 9017.43
EDGE_SE2 227 228 -0.021911 1.23825 0.112613 1881.84 -72.1532 -1079.39 882.457 561.075 7075.69
EDGE_SE2 228 229 -0.136022 0.640508 -5.43116 1148.22 -149.987 -87.1602 806.138 -330.703 8351.08
EDGE_SE2 229 230 -0.18076 0.24941 0.734556 1296.87 -163.871 521.031 2100.67 -2401.11 19998.6
EDGE_SE2 230 231 -0.0502237 0.486385 0.104085 1834.39 414.938 -1291.32 2716.67 -3628.72 31273.1
EDGE_SE2 231 232 0.0378923 0.497598 -0.172475 2148.78 -46.905 -1103.51 1279.42 -890.212 14129.1
EDGE_SE2 232 233 0.103868 0.718168 -0.161362 1940.97 18.2482 -2155.26 1285.43 115.283 13923.6
EDGE_SE2 233 234 -0.0643815 0.788579 0.087283 1736.37 -40.7399 -1701.82 1203.94 149.224 13128.7
EDGE_SE2 234 235 0.0149716 0.845566 -0.0303986 2234.91 -188.41 -2965.3 1511.74 874.547 18705.3
EDGE_SE2 235 236 -0.00244138 0.693764 -0.0474174 2692.33 41.2247 -2656.45 2044.57 -522.174 19484.8
EDGE_SE2 236 237 -0.0190438 1.01851 0.0175748 2047.48 143.211 -2512.88 1078.39 -508.85 13185.5
EDGE_SE2 237 238 0.00338765 0.841598 0.00122261 2559.73 -7.75424 -1723.37 1674.71 153.392 10997
EDGE_SE2 238 239 0.00140746 0.720947 0.0551443 2372.32 -62.4599 -746.739 1777.4 567.647 6122.34
EDGE_SE2 239 240 -0.0197623 0.715252 0.0852911 1388.96 163.692 -436.873 1587.69 138.916 4086.43
EDGE_SE2 240 241 0.058707 0.763733 -0.120605 1705.8 143.967 -599.641 1418.03 19.0502 2525.4
EDGE_SE2 241 242 0.0234861 0.928411 -0.026607 1356.97 83.3831 -389.514 1478.44 -257.05 3119.03
EDGE_SE2 242 243 0.00536553 1.02828 0.0105342 1488.1 2.76953 -964.046 1304.46 -219.566 5445.25
EDGE_SE2 243 244 -0.0601993 0.890603 0.0277022 1529.62 -8.23043 -808.15 1028.39 -253.204 6562.18
EDGE_SE2 244 245 0.0107394 0.711765 -0.0592241 2113.09 43.4634 -1321.78 1978.76 -329.123 11469.6
EDGE_SE2 245 246 -0.000662683 0.908676 0.0326909 1710.91 65.3239 -1011.52 1096.86 30.4368 8950.82
EDGE_SE2 246 247 0.00143017 0.734967 -0.00842917 1909.38 -17.0296 -1748.67 1934.9 -607.499 13894.1
EDGE_SE2 247 248 0.00309657 0.658877 -0.0187117 2020.13 238.523 -2989.7 2192.07 -3283.51 35401.7
EDGE_SE2 248 249 0.0239057 0.702299 -0.0575336 1866.59 56.9293 -3653.18 3692.76 -7496.46 135124
EDGE_SE2 249 250 0.00167632 0.562039 0.0314946 2119.15 -181.018 -3440.79 3646.05 -2477.71 114364
EDGE_SE2 250 251 -0.0717556 0.460987 0.511207 1579.69 223.464 -2478.56 2292.29 -2911.99 75660.8
EDGE_SE2 251 252 -0.0826444 0.114142 0.860842 1792.4 436.825 -2819.15 1334.37 -1521.49 30159.6
EDGE_SE2 252 253 -0.141415 0.509355 0.32839 2351.05 39.9675 -4794.81 1121.76 125.347 34835.9
EDGE_SE2 253 254 -0.021176 0.693043 0.0320403 3636.47 -328.461 -6122.6 1565.47 1743.27 42158.1
EDGE_SE2 254 255 0.0371103 0.640498 -0.0907647 3914.68 -309.215 -6768.22 1266.78 1728.32 46204.6
