101 164 0 -3.25512 2.64646 -1.75763
101 165 0 -2.67871 2.53079 -1.75577
98 166 0 -2.50208 3.98043 -1.62791
99 166 0 -2.2918 3.48589 -1.68701
100 166 0 -2.04854 3.001 -1.75853
101 166 0 -2.02795 2.40301 -1.75434
97 167 0 -1.71038 4.64196 -1.68373
98 167 0 -1.824 3.91535 -1.66125
99 167 0 -1.61875 3.38087 -1.72035
100 167 0 -1.38471 2.84815 -1.79187
101 167 0 -1.36348 2.25295 -1.78768
99 168 0 -0.880979 3.24046 -1.80801
100 168 0 -0.658864 2.65537 -1.87954
101 168 0 -0.636832 2.06322 -1.87534
99 169 0 -0.276057 3.046 -1.94046
101 169 0 -0.0463644 1.82849 -2.00779
79 173 0 -7.20033 9.87265 3.3551
97 177 0 -0.097636 0.481289 3.18073
93 178 0 -0.0109201 2.22916 2.96634
88 181 0 -0.48697 3.4953 3.02988
89 181 0 -0.519818 2.84628 3.03963
90 181 0 -0.511978 2.26769 3.03434
87 182 0 -0.491994 3.45899 3.02236
88 182 0 -0.556575 2.82719 3.0417
89 182 0 -0.582902 2.17752 3.05146
90 182 0 -0.578601 1.59928 3.04616
88 183 0 -0.608258 2.29814 3.05992
87 186 0 -0.78254 1.36103 2.95649
87 187 0 -0.890587 0.821688 2.96139
80 190 0 -2.85826 0.358666 4.06002
82 190 0 -1.06796 2.07226 2.9891
80 191 0 -2.35515 -0.0528954 4.00554
81 191 0 -1.62943 1.62065 3.18896
82 191 0 -1.18802 1.43345 2.93461
80 192 0 -1.99 -0.399194 3.94557
81 192 0 -1.63179 1.11741 3.129
82 192 0 -1.31693 0.946995 2.87465
80 193 0 -1.54189 -0.793743 4.05565
81 193 0 -1.61251 0.520667 3.23907
82 193 0 -1.44842 0.364596 2.98472
80 194 0 -0.968357 -1.23772 4.07016
80 195 0 -0.497026 -1.57949 4.12
80 196 0 -0.037644 -1.89638 4.11284
80 197 0 0.41698 -2.21002 4.12265
10 239 0 0.0153573 0.666765 0.0937443
17 245 0 -0.0533507 -0.437759 -0.0879731
19 248 0 0.0134107 0.406713 -0.023105
