0 20 326
20 20 219
40 20 223
60 20 248
80 20 200
100 21 200
121 27 203
149 21 204
170 31 201
201 26 215
227 20 231
247 25 206
272 27 204
299 27 200
326 31 209
357 24 202
381 23 203
404 20 212
424 20 303
444 20 241
464 20 210
484 20 225
504 20 320
524 20 252
544 20 215
564 20 215
584 32 204
616 25 209
641 20 248
661 20 205
681 21 202
702 25 207
727 23 204
750 24 205
774 22 203
796 23 204
819 28 202
847 43 203
890 39 201
929 32 203
961 37 200
998 38 202
1037 21 205
1058 29 202
1087 29 210
1116 20 249
1136 22 203
1158 26 205
1184 31 203
1215 36 206
1251 37 209
1289 27 201
1316 36 203
1352 44 202
1396 40 201
1436 42 200
1479 40 203
1519 31 202
1550 26 204
1576 36 206
1612 20 225
1632 20 292
1652 20 249
1672 24 202
1696 31 205
1727 34 204
1761 24 200
1785 20 212
1805 20 328
1825 20 514
1845 20 616
1865 20 949
1885 20 1035
1905 20 809
1925 20 735
1945 20 617
1965 20 484
1985 20 443
2005 20 530
2025 20 717
2045 20 605
2065 20 626
2085 20 561
2105 20 411
2125 20 226
2145 20 255
2165 20 262
2185 20 299
2205 20 354
2225 20 292
2245 20 330
2265 20 426
2285 20 476
2305 20 504
2325 20 507
2345 20 416
2365 20 334
2385 20 440
2405 20 273
2425 20 247
2445 20 214
2465 20 208
2485 21 200
2506 20 288
2526 20 292
2546 20 228
2566 28 206
2594 20 273
2614 32 200
2647 34 209
2681 31 200
2712 52 202
2766 41 203
2810 26 200
2836 28 202
2864 34 201
2898 34 202
2932 26 207
2958 26 203
2984 40 205
3024 35 204
3059 21 206
3080 24 206
3104 32 201
3136 43 202
3179 42 203
3221 25 213
3246 20 217
3266 23 211
3289 24 203
3313 24 200
3337 25 204
3362 31 201
3393 28 203
3421 26 206
3447 28 208
3475 23 206
3498 25 201
3523 21 209
3544 20 207
3564 20 230
3584 38 203
3623 48 205
3671 26 201
3697 22 207
3719 49 200
3768 32 205
3800 25 210
3825 20 213
3845 47 200
3892 30 200
3922 25 200
3947 37 204
3985 46 201
4033 29 206
4062 26 200
4088 57 200
4148 42 205
4190 30 202
4220 20 236
4240 20 239
4260 33 209
4293 40 200
4333 24 200
4357 20 239
4377 24 203
4401 23 210
4424 22 202
4446 20 450
4466 20 500
4486 20 542
4506 20 469
4526 20 460
4546 20 429
4566 20 503
4586 20 439
4606 20 430
4626 20 502
4646 20 380
4666 20 339
4686 20 548
4706 20 525
4726 20 507
4746 20 401
4766 20 469
4786 20 538
4806 20 551
4826 20 452
4846 20 311
4866 20 262
4886 20 368
4906 20 492
4926 20 565
4946 20 624
4966 20 525
4986 20 533
5006 20 487
5026 20 562
5046 20 658
5066 20 634
5086 20 611
5106 20 623
5126 20 469
5146 20 310
5166 20 275
5186 24 202
5210 44 203
5254 47 201
5303 43 201
5348 23 207
5371 20 232
5391 24 208
5415 37 204
5452 32 203
5484 33 209
5517 22 202
5539 30 206
5569 36 201
5605 35 200
5640 28 200
5669 25 203
5694 37 207
5731 35 203
5766 38 200
5804 28 201
5832 38 200
5871 49 204
5920 38 205
5958 33 201
5991 20 209
6011 20 203
6031 20 239
6051 20 258
6071 24 204
6095 25 204
6120 22 209
6142 30 200
6172 22 208
6194 20 217
6214 26 204
6240 24 205
6264 27 201
6291 28 201
6319 27 201
6346 20 200
6366 25 207
6391 20 286
6411 20 248
6431 20 231
6451 20 209
6471 20 218
6491 20 273
6511 20 246
6531 20 252
6551 20 226
