24 23 17
27 1 42
33 1 44
28 1 65
28 1 75
32 1 53
32 1 99
37 1 95
36 0 159
36 2 109
30 1 108
36 0 132
36 1 147
36 1 162
37 2 164
36 2 146
36 3 103
31 1 113
37 8 116
31 1 101
29 1 92
31 1 44
32 1 46
28 1 66
29 1 50
27 4 59
28 4 54
28 4 60
25 1 56
21 1 56
28 1 86
30 1 88
29 1 114
29 2 110
26 1 102
29 2 116
27 2 104
26 1 101
31 1 124
24 1 121
25 1 104
30 1 107
29 2 127
24 1 86
28 1 126
28 2 129
24 2 106
27 2 134
28 2 124
26 2 112
28 1 126
28 2 115
21 2 85
24 2 112
26 2 125
24 1 107
28 1 112
27 1 110
21 1 76
26 1 85
26 1 76
21 1 46
21 1 51
25 1 62
26 1 61
20 1 40
24 1 48
21 1 49
29 1 69
27 1 51
25 1 41
24 2 45
25 0 36
27 0 52
25 0 55
28 0 63
19 5 29
27 1 57
25 0 37
24 0 42
26 0 57
25 1 47
25 1 43
26 1 37
26 1 49
23 1 45
24 1 43
22 1 39
18 1 44
23 1 67
19 1 55
20 1 63
19 1 60
16 1 50
16 0 59
22 0 85
16 1 44
23 0 46
21 0 35
23 4 63
22 1 59
18 0 37
25 0 45
23 1 54
19 1 38
21 1 40
22 1 56
15 1 43
17 0 50
15 1 77
21 1 51
17 1 39
18 1 40
16 1 26
23 0 58
13 3 29
17 0 45
25 0 54
17 0 33
15 1 28
22 0 52
16 0 42
19 4 53
22 0 48
14 0 35
20 0 47
21 1 53
20 1 55
14 1 50
20 1 51
23 1 57
18 1 45
19 1 57
16 1 53
14 1 43
21 0 61
17 1 44
21 0 47
17 1 49
20 0 53
18 1 54
20 1 60
18 1 62
22 1 76
19 0 66
21 0 50
17 1 53
20 1 50
21 0 53
23 0 52
20 0 46
23 1 58
26 0 73
22 1 77
26 1 73
22 1 61
21 1 52
19 1 63
25 1 66
22 1 60
22 1 62
21 1 42
23 1 57
20 0 46
17 1 35
16 0 34
15 0 40
14 0 39
22 2 50
20 1 40
15 0 38
19 0 49
16 0 35
18 0 40
17 0 41
20 1 44
15 2 56
15 4 34
17 1 51
18 0 50
20 0 58
17 0 42
19 1 62
16 0 40
23 0 67
19 0 50
16 0 61
20 0 50
20 1 54
20 1 58
21 0 50
14 0 44
17 0 39
13 0 24
17 0 41
15 0 44
19 0 42
22 0 68
17 0 45
16 1 37
20 4 50
18 2 49
17 0 48
17 1 47
19 3 50
17 1 38
18 0 32
21 1 42
16 1 37
18 4 41
14 0 21
17 0 35
14 0 24
16 0 49
18 0 40
20 0 35
20 0 49
19 0 57
16 1 31
19 0 45
21 1 53
24 0 64
22 1 62
27 0 70
28 1 85
26 0 63
26 0 72
22 0 46
26 0 45
26 0 31
23 0 46
25 4 41
23 6 38
21 0 45
19 1 30
20 1 35
26 0 41
25 0 55
23 0 40
26 0 43
21 0 37
26 1 49
24 1 43
23 0 45
28 1 64
21 0 29
24 5 42
21 1 48
22 0 43
21 0 44
20 0 42
22 0 59
16 0 35
21 0 46
19 2 40
22 0 45
16 1 81
20 1 38
19 1 58
21 0 60
23 0 79
21 1 53
18 1 55
22 3 48
22 1 57
22 0 72
24 1 64
23 0 60
22 15 45
23 1 48
18 0 40
21 0 49
22 1 55
16 1 20
22 1 38
23 0 48
21 1 41
22 0 36
25 1 44
25 1 49
22 1 32
24 1 42
21 0 42
20 0 43
20 0 34
24 1 58
19 0 38
17 0 38
23 0 53
21 0 59
25 1 55
18 1 63
16 0 53
17 0 39
22 0 51
21 0 46
20 0 48
20 0 52
18 0 42
24 2 49
20 0 53
18 1 56
19 0 40
18 0 44
19 0 61
19 1 37
19 0 50
19 1 45
17 1 50
23 0 80
24 0 56
18 0 42
20 0 42
18 0 63
22 0 54
18 0 40
20 1 43
15 0 32
19 2 35
16 1 39
22 0 45
21 0 38
24 0 48
20 0 34
21 0 39
25 1 48
20 0 42
25 0 45
26 1 45
24 1 39
22 1 45
27 1 56
23 1 43
23 1 43
24 1 47
23 1 53
23 1 44
26 1 58
22 1 53
20 1 47
21 1 46
26 1 69
24 1 54
25 1 70
24 0 54
21 1 34
20 1 51
19 1 33
18 1 48
21 1 66
20 0 52
22 1 65
21 1 55
25 0 66
20 1 56
21 0 61
22 0 57
19 1 55
17 0 46
20 0 56
18 0 44
17 0 47
19 1 51
20 1 66
17 0 50
20 0 56
21 1 46
22 1 41
21 1 58
21 0 45
23 0 44
20 0 35
20 0 41
23 1 46
19 1 32
20 0 39
19 1 39
19 1 39
22 1 42
24 1 42
21 1 32
21 1 56
24 0 49
24 1 42
29 4 57
28 1 63
26 1 46
26 1 51
29 4 67
22 0 51
23 0 50
20 1 47
20 1 51
24 1 43
23 2 55
19 0 35
15 0 22
22 0 45
17 0 31
22 0 44
19 0 46
23 0 62
25 0 46
23 4 47
24 0 57
22 0 57
23 4 57
22 1 56
21 1 55
22 1 58
22 1 47
18 1 38
20 8 53
19 1 46
20 1 42
25 1 45
23 1 44
18 1 45
20 1 43
21 1 34
25 1 60
28 2 55
29 1 56
26 2 45
21 1 39
27 1 48
31 1 61
29 1 55
29 1 47
30 1 53
35 1 59
33 1 42
32 1 45
33 1 37
35 2 50
32 3 44
33 1 70
27 1 76
24 1 50
27 2 40
27 1 43
30 1 57
26 1 47
27 1 55
27 1 51
29 1 54
26 2 42
28 2 44
25 1 24
28 2 47
33 2 67
32 2 72
29 2 60
33 2 73
27 1 47
29 2 70
29 1 50
27 1 52
31 1 54
28 1 56
28 1 32
28 1 49
32 1 49
30 1 45
34 1 55
29 1 37
29 2 36
31 1 63
32 2 45
31 2 59
28 2 44
27 2 46
29 1 48
29 1 42
31 0 50
30 1 49
33 1 53
35 1 59
32 1 56
32 1 63
32 1 56
35 1 77
37 1 68
31 1 66
34 1 87
33 1 86
39 0 78
34 1 80
35 1 69
34 1 82
29 0 74
25 1 49
28 1 74
33 2 63
30 1 64
31 0 51
32 1 46
34 1 56
36 1 72
36 1 67
32 1 47
32 1 46
33 1 38
29 4 34
30 5 29
28 2 32
33 3 50
34 1 44
29 1 38
36 1 54
32 2 46
33 1 48
41 1 62
41 0 74
43 1 68
36 1 56
35 0 54
41 1 67
33 1 64
38 1 49
37 1 67
36 1 60
28 0 57
34 1 76
29 1 81
33 0 63
38 0 66
31 0 51
37 0 64
33 0 33
31 0 42
38 0 59
33 0 37
32 0 35
35 0 44
36 1 42
33 1 54
35 1 33
36 0 51
37 1 50
36 1 52
37 0 67
40 0 69
37 1 67
34 1 70
36 1 77
33 1 67
33 1 71
40 1 91
38 1 62
38 1 69
36 1 84
36 1 131
36 1 61
38 1 76
35 1 92
35 1 73
34 1 82
29 2 72
31 1 48
30 1 54
30 1 55
32 1 68
35 1 127
28 1 63
33 0 80
36 0 63
35 9 50
35 1 67
39 1 71
33 0 47
29 0 29
30 1 34
32 1 30
29 0 30
28 0 24
32 1 53
29 0 48
26 1 30
32 0 58
27 0 30
29 1 40
27 0 31
23 1 21
23 1 26
23 0 21
23 1 20
21 1 15
18 1 9
21 1 14
18 1 12
23 1 23
23 1 16
20 1 12
23 1 14
17 1 11
22 1 20
22 0 25
17 1 11
16 0 14
25 1 17
21 0 20
20 0 19
24 0 12
19 0 21
18 1 12
26 0 19
18 10 8
22 6 13
18 0 19
18 0 12
16 1 19
22 1 23
19 0 12
16 0 10
20 0 32
16 0 16
23 0 27
25 1 18
22 1 24
19 1 20
24 1 25
26 1 27
21 1 14
29 1 31
26 1 27
28 1 36
30 1 40
31 0 23
28 1 31
28 1 29
28 1 37
29 1 29
31 1 37
36 0 35
33 1 31
34 1 35
30 1 31
27 1 28
34 0 35
34 0 33
27 1 27
28 0 37
29 1 22
31 0 26
32 0 25
33 1 31
31 0 32
30 1 31
31 1 20
28 0 26
36 1 46
32 1 39
33 1 38
39 1 66
34 1 52
30 1 46
35 1 54
36 1 70
32 0 46
29 1 40
36 0 65
31 1 55
32 1 58
32 1 73
29 1 70
31 1 58
30 1 70
29 1 77
29 1 66
32 1 90
28 1 75
28 1 79
32 1 88
26 1 81
30 2 82
34 1 88
37 1 87
30 8 60
35 0 76
33 1 95
30 1 67
32 0 82
32 1 87
33 1 73
29 2 65
30 1 73
31 1 75
32 1 70
32 1 64
25 1 55
26 1 63
34 1 77
35 1 85
32 1 71
27 1 45
25 1 33
29 1 56
22 2 38
23 1 30
29 1 36
26 1 33
31 1 54
26 1 30
27 1 36
32 2 56
29 3 53
28 2 42
30 1 55
28 2 47
26 3 42
25 1 18
27 1 19
28 1 17
23 1 31
27 1 30
27 2 23
29 1 33
34 2 34
31 1 32
28 1 30
33 2 36
31 1 33
29 1 34
28 1 24
33 2 35
32 2 43
33 2 38
27 1 39
27 0 31
22 1 34
26 1 39
26 4 30
25 0 27
31 1 42
28 1 31
30 1 46
31 1 39
33 1 54
28 1 35
33 2 43
27 1 29
27 1 38
26 1 31
33 5 42
34 1 48
33 0 33
35 7 39
27 1 18
25 0 35
25 1 37
29 1 37
25 2 34
25 2 36
28 0 59
22 1 36
20 1 32
24 1 42
27 1 45
24 1 41
24 1 48
24 1 33
25 1 37
26 1 35
23 0 33
22 0 23
26 1 36
25 1 47
23 1 33
27 1 50
27 1 52
26 1 40
26 1 40
29 1 41
26 1 38
28 1 26
25 1 25
23 0 15
25 0 17
26 1 27
27 1 20
28 1 31
25 1 30
30 1 42
29 1 34
27 1 34
23 1 38
23 1 35
24 1 45
26 1 52
24 1 43
28 1 61
29 0 66
24 0 49
25 0 47
27 0 62
24 1 60
26 0 67
22 1 47
29 1 85
24 1 74
24 1 56
27 0 70
26 1 68
27 1 76
21 1 62
28 1 66
26 1 68
28 1 78
24 1 60
20 1 57
25 1 45
24 1 53
21 1 43
28 0 68
27 1 74
21 1 44
24 1 61
21 1 48
19 0 42
24 0 59
25 1 64
18 1 41
21 0 64
25 1 69
26 1 78
24 1 55
23 1 59
22 1 54
23 1 54
23 1 42
23 1 30
20 1 31
18 1 18
17 1 17
19 1 20
14 1 18
16 0 18
19 0 30
16 1 17
18 0 25
21 0 24
17 7 28
14 1 18
18 0 20
16 0 18
15 1 18
14 5 20
21 0 27
15 0 19
18 0 19
17 1 21
18 0 20
13 0 17
17 0 28
19 0 13
17 0 14
16 2 17
22 1 17
20 0 18
23 0 17
16 0 18
17 0 12
22 0 25
16 0 22
17 0 12
20 1 26
18 1 15
19 0 13
18 0 27
16 0 11
21 0 38
18 6 16
17 1 14
18 0 15
12 0 16
19 1 23
15 0 18
16 1 21
14 1 10
18 1 22
12 0 9
12 1 10
16 1 29
15 1 20
18 1 25
15 1 22
13 1 9
21 1 29
15 1 21
15 1 14
18 6 23
15 1 10
22 4 25
16 0 13
16 0 18
19 3 24
22 0 27
20 0 15
15 1 20
21 0 31
20 2 28
19 1 24
20 0 24
20 1 22
19 1 25
21 1 16
19 1 23
22 0 15
20 1 18
20 1 16
21 1 24
20 1 24
22 1 33
24 0 36
20 0 27
22 1 29
22 1 25
21 0 43
19 1 43
22 1 29
20 0 32
21 1 34
23 1 48
21 1 48
22 1 56
21 1 47
28 1 73
22 1 48
24 17 76
25 1 69
19 1 44
20 1 49
22 0 55
25 1 83
25 1 73
22 1 79
22 1 70
24 1 70
20 1 63
17 5 56
20 1 62
20 1 50
23 1 66
24 1 68
23 1 78
23 4 81
19 1 72
25 1 77
25 1 97
22 0 70
24 1 89
23 0 80
22 1 63
22 0 72
29 0 88
24 0 75
24 0 77
21 1 81
23 1 86
24 0 66
23 1 72
22 1 51
21 1 66
20 1 57
23 1 71
24 1 72
23 0 75
20 1 64
24 0 58
24 1 52
21 0 64
19 1 50
18 1 48
18 1 57
22 1 41
22 1 57
18 1 34
20 1 39
22 0 46
19 1 50
19 1 26
21 1 31
20 1 30
21 1 36
25 0 44
18 1 27
20 1 26
22 1 37
19 1 36
22 1 25
17 0 20
23 1 33
15 1 18
16 1 17
19 1 27
16 1 19
14 1 30
15 0 16
17 1 19
18 2 34
19 1 43
18 1 53
17 1 25
15 1 22
16 0 35
16 1 31
16 1 27
17 0 34
16 1 32
10 1 18
18 1 34
15 1 29
13 0 39
17 1 53
15 1 38
18 1 42
15 1 38
15 1 40
17 1 42
13 0 36
15 1 40
11 1 28
16 1 40
16 1 57
17 1 60
13 1 43
9 1 34
14 0 58
14 1 65
15 1 65
12 1 65
16 1 78
16 1 89
16 1 78
16 0 77
19 1 83
15 1 80
16 1 82
17 1 85
15 1 75
14 1 72
11 0 57
16 1 87
16 1 84
18 1 93
15 1 98
20 1 107
17 1 100
16 0 96
17 1 98
17 1 86
17 1 80
15 1 63
16 1 66
17 1 64
17 0 71
16 1 73
16 1 62
19 1 63
18 1 79
17 1 56
14 1 53
16 0 56
15 1 49
12 1 24
12 1 31
11 1 24
13 1 24
12 1 33
13 1 45
14 0 43
13 1 52
7 1 33
12 1 53
9 1 32
8 1 23
9 1 13
4 1 9
5 1 9
6 1 27
7 0 27
8 1 42
10 1 60
13 1 57
10 1 54
9 1 47
8 1 34
8 1 34
12 1 41
5 0 16
8 1 24
7 1 14
7 1 19
6 1 9
10 1 17
13 1 32
9 1 30
10 1 38
13 1 34
13 0 52
13 1 62
17 1 75
20 1 73
20 1 86
20 1 71
15 1 55
18 0 78
17 1 86
19 1 69
20 1 74
15 1 71
23 1 117
15 0 101
23 1 122
21 1 112
27 1 126
24 1 132
18 1 87
22 0 103
24 1 90
24 1 111
22 1 85
20 1 85
21 1 66
20 0 61
21 1 55
25 1 58
27 1 66
28 1 62
26 0 66
25 1 49
26 1 53
23 1 54
25 1 52
25 1 51
25 1 58
26 0 64
24 1 57
25 1 63
26 1 61
24 1 67
27 1 62
25 1 49
22 1 49
22 1 69
23 1 71
23 1 64
23 0 65
25 1 65
26 1 68
25 1 78
21 1 75
23 1 63
18 1 55
18 1 52
21 1 66
19 1 59
21 1 49
25 1 68
23 0 69
20 1 62
24 1 67
25 1 66
22 1 65
23 1 65
22 1 69
22 1 72
23 1 78
24 1 82
22 1 74
25 0 75
21 1 71
25 1 74
23 1 82
24 1 77
26 1 71
24 1 70
24 1 70
16 1 48
16 1 53
19 6 58
19 1 57
20 0 57
19 2 59
25 1 77
20 1 56
17 1 52
21 1 51
24 0 73
22 1 68
26 1 93
19 1 55
21 1 59
20 1 73
18 0 65
24 2 65
21 1 58
24 1 71
21 1 58
26 1 66
15 0 39
16 0 58
23 0 55
18 6 51
16 0 46
15 0 48
20 0 49
16 0 41
18 0 49
15 1 38
16 1 42
20 0 48
19 1 49
22 2 55
17 1 38
16 1 41
16 1 44
18 0 29
17 1 32
17 1 29
15 1 22
19 1 30
15 1 34
18 1 55
22 0 59
17 7 36
12 0 29
20 1 36
21 1 39
18 1 24
16 1 25
15 0 26
16 1 26
16 1 37
19 1 43
17 0 30
18 1 18
18 1 30
22 0 48
17 1 18
17 8 30
17 1 45
22 1 48
23 1 50
17 0 39
19 0 38
19 0 36
17 1 29
16 1 33
18 1 41
14 1 17
19 0 38
16 1 39
14 1 24
17 1 35
19 1 49
15 1 37
19 1 31
14 0 25
16 1 32
16 1 52
16 2 30
18 0 36
22 1 39
19 1 33
18 1 26
20 1 34
20 1 35
18 1 40
22 1 52
22 1 54
16 1 59
18 1 31
19 1 52
15 1 39
15 1 34
19 1 42
20 1 51
19 1 36
18 1 50
18 1 59
16 1 54
19 1 61
15 1 49
17 1 60
17 0 68
16 1 48
18 1 63
21 1 58
17 1 62
16 1 60
17 1 66
20 0 71
21 1 61
20 1 67
19 1 60
19 1 72
15 1 63
23 0 79
21 1 65
22 1 61
16 1 53
20 2 59
18 1 38
17 1 40
14 1 40
16 1 39
17 1 29
15 1 29
14 1 28
11 1 35
14 1 38
11 0 39
16 1 47
15 1 57
13 1 43
15 1 52
15 2 43
17 1 57
19 1 50
17 1 45
16 1 47
17 1 41
15 1 52
21 1 57
19 1 40
14 0 28
19 1 49
17 1 52
20 1 75
17 1 43
14 1 46
16 1 62
20 0 56
15 0 43
13 1 29
13 1 34
16 1 30
18 1 57
19 1 55
17 1 59
19 0 50
14 1 44
12 1 32
15 2 24
12 1 16
17 1 35
14 1 35
19 10 51
14 1 38
19 1 65
12 1 36
15 0 41
15 1 37
15 1 41
17 0 48
17 1 39
15 1 46
16 1 35
17 1 40
15 1 27
18 1 43
16 0 46
15 1 35
18 1 39
16 0 37
12 1 31
15 1 39
16 1 43
19 0 47
21 1 54
15 1 36
17 1 37
17 1 37
18 1 46
18 1 31
18 0 45
19 1 49
20 1 32
12 1 27
17 1 41
13 1 50
16 1 55
15 0 34
15 2 37
18 0 38
21 0 54
17 0 36
13 0 35
16 0 36
12 0 26
16 0 32
14 0 26
16 0 38
12 0 20
16 0 21
14 0 26
14 0 35
14 0 20
14 0 33
14 0 25
14 0 27
17 0 38
14 2 59
14 0 44
16 0 37
11 0 29
15 0 31
12 0 25
16 0 30
16 0 39
20 0 56
14 0 48
16 0 43
12 0 20
17 8 34
14 0 21
18 0 44
21 0 41
16 0 38
20 0 37
17 1 53
20 1 61
18 0 51
18 0 40
21 0 51
18 0 41
20 0 54
18 0 47
15 0 39
18 0 55
17 0 44
17 0 41
12 0 30
14 0 26
13 0 45
14 0 36
13 0 41
9 0 26
13 0 35
16 0 36
11 1 27
16 0 33
15 1 35
15 1 32
10 0 21
13 1 30
16 0 31
13 1 27
15 1 98
14 4 118
15 2 111
16 3 116
17 5 127
17 4 124
14 4 102
19 5 164
15 4 100
16 5 125
16 4 149
16 5 44
17 1 43
13 1 27
20 2 49
17 1 42
13 0 40
15 1 30
13 1 25
16 1 46
15 1 28
14 1 27
18 1 42
17 0 32
19 1 43
12 1 33
15 1 54
20 7 52
15 0 26
17 1 40
19 0 40
13 1 24
16 0 44
16 1 30
11 1 15
18 1 38
18 1 46
14 1 21
17 0 55
16 1 28
16 1 52
17 1 41
16 1 33
14 1 30
18 1 54
15 1 38
14 1 33
15 1 29
16 1 48
15 1 39
19 1 47
16 1 44
14 0 24
20 1 48
15 2 29
20 1 56
17 1 42
17 1 40
15 1 27
16 0 38
17 1 37
16 1 43
16 1 38
12 1 33
17 1 39
18 1 47
11 0 25
15 1 35
13 1 25
12 1 23
14 1 27
15 1 38
14 1 39
16 1 43
12 0 34
18 1 47
20 1 61
17 9 59
14 1 46
14 1 42
19 1 52
20 1 63
18 1 46
18 1 57
18 1 66
17 1 58
13 1 41
16 1 69
17 1 56
16 1 53
19 1 68
21 1 91
22 0 90
22 1 87
20 0 87
21 1 94
20 1 92
18 1 80
23 1 92
16 1 61
20 0 84
22 1 90
20 1 83
22 1 86
22 8 81
22 1 77
27 0 92
22 1 69
23 1 80
23 1 73
18 1 45
19 1 61
17 0 50
19 1 74
19 1 68
14 1 52
14 1 51
17 1 65
16 1 60
14 7 80
16 1 44
11 1 44
13 1 41
16 1 41
14 1 56
18 4 39
13 0 38
12 2 23
14 1 40
12 1 28
12 1 37
12 1 29
15 1 38
16 1 56
13 0 48
17 0 51
13 1 61
15 1 49
16 1 62
15 1 50
16 1 73
12 0 43
16 0 64
16 1 51
15 0 64
14 0 52
13 0 50
14 0 41
16 0 57
13 0 29
12 6 35
13 1 36
11 3 32
13 1 40
12 1 34
14 1 29
15 1 24
20 1 57
17 1 37
20 1 32
19 1 29
23 1 44
24 1 27
26 1 32
24 1 23
25 1 30
26 1 23
25 1 36
26 1 37
28 1 53
24 1 33
27 1 57
30 1 52
28 1 58
28 1 53
24 1 44
24 1 37
27 1 44
24 1 38
28 1 36
28 1 41
24 1 41
29 1 51
29 1 50
30 1 67
32 1 63
31 1 66
26 1 61
29 1 78
28 1 72
26 1 47
25 1 63
31 2 71
29 1 84
32 1 192
29 4 310
31 2 356
32 4 299
33 3 307
31 4 100
32 1 116
28 1 102
30 0 99
29 0 98
25 0 121
23 0 117
24 1 114
21 1 98
21 1 84
25 2 107
21 0 79
21 1 73
22 1 73
19 1 34
29 1 22
22 1 45
25 0 22
24 1 26
22 1 32
24 1 27
21 1 16
20 1 28
22 0 35
22 1 34
23 0 19
21 1 25
25 1 42
22 1 23
26 1 40
21 1 40
20 1 33
23 1 33
24 1 34
22 1 33
20 1 26
20 1 24
23 1 27
21 1 31
24 1 36
21 0 32
20 1 15
21 1 22
21 1 29
22 7 34
19 1 22
16 0 21
17 1 24
18 1 24
14 1 13
18 1 26
16 1 14
19 1 26
13 0 12
18 1 22
13 1 25
13 1 13
18 1 25
15 1 21
15 1 22
15 1 22
15 1 21
17 1 25
13 1 14
12 1 5
14 1 15
17 1 17
16 1 9
14 0 6
15 1 14
16 1 9
14 1 14
13 1 6
12 1 4
13 1 6
14 1 13
11 1 4
16 1 16
14 1 6
16 1 16
17 1 24
14 1 5
10 1 4
12 0 7
8 1 2
15 1 16
13 1 5
13 1 4
14 1 7
11 1 4
13 1 6
15 0 16
14 1 8
14 1 21
12 1 13
14 1 9
13 0 7
15 0 6
10 0 3
11 0 4
11 0 5
12 0 5
12 1 5
10 1 3
10 1 10
11 1 5
12 1 5
13 0 6
13 1 13
11 1 4
7 1 2
14 1 8
15 1 11
8 1 3
10 1 4
11 1 6
10 1 4
12 0 14
10 1 11
13 1 9
12 1 5
12 1 7
10 1 3
13 1 7
12 1 5
13 1 3
11 1 6
12 1 7
15 1 8
18 1 9
15 1 15
14 1 5
17 1 16
18 1 8
19 1 10
21 0 13
20 1 10
17 1 9
20 1 12
18 1 16
18 1 7
23 1 18
19 0 9
21 1 19
21 1 12
21 1 11
17 1 8
20 0 7
23 1 13
24 1 13
21 1 11
19 0 10
22 1 15
19 1 19
26 9 27
22 1 13
20 1 9
24 1 12
24 1 13
26 1 16
23 1 13
25 1 16
23 1 21
25 0 17
29 1 21
24 1 12
21 1 10
24 1 10
27 1 15
23 1 9
27 1 13
34 1 18
32 1 26
29 1 15
37 1 17
40 1 16
39 2 18
41 1 29
40 1 24
41 1 20
39 1 23
41 0 30
39 1 19
40 1 20
37 1 20
37 0 21
43 1 23
44 1 22
40 1 19
41 1 20
36 1 15
43 1 27
38 1 22
43 1 38
44 1 29
49 1 40
44 1 28
43 1 21
43 1 27
40 1 29
45 1 44
46 1 47
44 1 36
48 0 46
51 1 52
53 1 161
46 3 144
45 4 181
45 3 188
48 4 224
49 4 125
46 4 178
49 5 177
49 0 67
52 1 84
54 1 87
54 1 105
47 1 54
55 1 77
54 1 71
62 1 105
57 1 88
60 1 84
65 1 82
62 1 70
70 1 104
62 1 71
64 0 80
66 1 50
79 1 87
71 1 60
77 1 86
70 1 43
73 1 64
70 0 52
72 1 84
74 1 89
71 1 95
63 1 80
78 1 127
77 1 123
86 0 119
77 1 116
69 1 81
73 1 80
70 1 75
62 1 89
74 1 96
74 0 119
71 1 120
70 1 105
67 1 77
62 1 72
64 1 75
65 1 103
60 1 70
59 1 77
61 1 89
57 1 75
58 1 67
65 1 110
66 0 281
63 11 371
68 22 425
58 4 247
60 3 115
60 1 83
58 1 68
59 1 69
57 0 60
59 0 61
57 0 52
54 0 65
53 0 62
48 0 55
50 0 55
52 0 68
47 1 57
49 0 58
48 0 57
46 0 49
47 0 73
51 0 66
47 0 52
53 0 57
55 0 72
48 0 64
53 0 74
61 0 108
60 0 83
57 0 91
64 0 123
63 1 124
60 0 124
65 0 124
61 0 132
61 0 140
49 1 54
54 1 60
54 1 89
51 0 58
50 1 57
46 0 108
45 2 234
51 3 323
47 14 212
49 2 195
48 2 202
49 2 151
47 0 58
48 0 63
48 0 66
45 0 78
48 0 61
47 0 81
45 0 69
45 0 83
45 1 62
47 0 83
48 0 80
43 0 62
46 0 62
46 0 72
46 0 98
43 0 85
41 0 64
41 0 72
43 0 82
41 0 68
40 0 48
41 0 72
39 0 44
41 0 37
37 0 43
40 1 44
41 5 41
36 1 44
41 0 41
41 1 59
43 1 77
42 1 89
47 1 104
42 1 98
42 1 98
48 1 98
44 1 98
46 1 114
43 4 117
44 1 112
45 4 122
46 0 124
42 0 85
37 0 78
41 0 95
44 0 106
46 0 116
48 0 117
45 0 108
44 1 107
48 0 112
51 0 123
46 2 402
48 2 387
49 2 356
48 2 310
40 0 90
44 0 98
47 0 103
45 0 136
42 0 100
51 0 118
47 0 98
46 0 95
44 0 75
44 0 83
48 0 88
44 0 89
50 0 77
45 0 73
51 0 80
56 0 120
56 1 73
60 0 86
69 0 147
60 0 89
57 0 76
62 0 95
58 0 65
55 0 81
53 0 65
53 3 226
49 2 234
55 2 319
53 10 210
49 0 54
66 0 135
59 0 127
51 1 71
54 1 75
49 0 73
49 1 77
48 0 62
52 1 57
49 0 64
47 0 74
44 0 53
49 0 88
48 0 87
53 5 110
51 7 121
53 2 297
49 2 361
49 2 390
49 15 301
53 1 121
48 1 95
46 1 79
47 1 88
50 1 107
49 1 112
45 1 110
55 0 117
46 1 110
51 1 101
50 1 117
50 1 100
49 1 119
51 1 112
58 1 146
54 1 130
55 1 166
54 1 131
50 1 125
54 1 123
50 1 109
54 1 111
54 1 123
53 1 373
51 5 364
56 4 449
54 5 317
52 1 125
48 1 105
53 1 108
47 1 90
54 1 108
51 1 94
43 1 83
51 1 100
47 0 96
44 1 90
44 1 85
44 1 81
44 1 75
44 1 73
45 1 78
44 0 87
44 1 78
41 1 44
40 2 60
39 2 65
39 1 65
42 1 68
40 0 63
41 1 77
40 1 61
37 1 52
38 0 47
30 1 40
31 1 43
33 1 44
31 1 37
29 1 49
29 1 41
33 1 54
25 1 23
25 0 30
27 1 34
30 2 30
30 3 85
31 3 79
30 3 91
28 3 84
27 5 93
24 4 57
25 13 67
24 2 49
24 3 72
25 3 53
21 4 43
19 3 38
24 3 41
26 2 42
27 3 49
25 4 38
28 3 49
26 3 33
27 2 42
27 7 36
28 1 21
26 1 9
26 1 21
26 0 17
27 1 18
30 1 24
27 1 8
29 1 15
26 0 9
31 1 14
29 1 11
24 1 12
28 1 21
29 0 20
29 1 18
28 1 12
24 1 12
25 1 11
26 0 13
27 0 12
24 2 13
22 1 8
22 6 9
23 1 11
22 1 8
26 1 16
27 1 14
27 1 32
32 1 39
32 0 52
33 8 56
30 1 53
32 1 52
31 0 53
31 3 49
28 1 43
31 1 50
28 1 43
27 0 24
27 1 40
27 1 30
22 1 24
28 1 59
30 0 33
34 1 35
31 1 28
24 3 23
28 1 30
30 0 29
29 1 30
31 1 32
25 1 16
32 1 32
32 1 25
27 1 27
26 1 26
28 1 19
31 1 27
29 1 26
30 3 38
37 1 49
36 1 52
31 0 22
39 1 44
35 1 43
35 1 44
38 0 54
42 1 42
40 1 58
33 1 60
34 1 56
38 1 74
35 1 65
32 1 44
37 1 57
31 1 48
34 1 132
29 6 213
31 4 178
35 2 183
35 3 186
31 3 187
31 3 187
32 3 130
35 4 61
30 1 50
32 1 58
36 7 75
32 0 59
32 1 48
32 5 45
30 1 53
36 1 64
32 1 50
38 1 73
37 1 79
38 1 90
38 1 103
40 0 117
37 1 133
36 1 103
36 0 107
42 3 104
35 1 86
36 0 86
38 0 96
38 0 77
32 0 79
37 0 82
36 0 82
31 0 63
32 0 64
32 0 69
33 0 69
32 0 73
28 0 70
27 0 66
34 0 72
39 0 79
42 0 228
42 3 298
34 4 364
33 8 282
38 3 234
34 3 66
37 0 64
35 0 67
40 0 77
33 0 47
40 1 67
35 1 55
37 0 46
42 1 55
38 1 82
38 1 51
35 1 59
40 1 68
34 1 76
27 1 32
32 1 48
28 1 41
33 1 40
34 1 41
36 1 38
38 1 47
40 1 32
36 1 28
44 0 39
40 0 43
41 1 47
46 1 67
46 0 57
46 0 45
41 0 36
45 0 47
42 0 50
42 0 44
47 0 59
42 0 43
49 0 60
48 1 57
46 0 47
46 0 45
52 0 59
42 1 44
41 0 38
38 0 37
38 0 34
40 0 39
43 0 34
43 0 47
42 0 33
34 0 22
44 0 30
41 0 42
41 0 50
45 0 33
43 0 39
36 1 26
43 1 43
43 1 32
43 4 141
43 17 141
43 2 115
42 2 109
45 2 113
58 3 154
37 3 167
47 2 154
46 2 113
48 2 133
46 0 30
38 1 37
44 1 30
39 1 35
40 1 29
40 1 21
47 1 46
43 1 33
38 1 17
39 1 18
41 1 26
46 1 39
40 1 31
40 1 28
34 1 25
35 1 26
33 1 25
38 1 35
35 0 28
36 2 27
37 1 48
36 1 30
32 0 27
36 1 24
34 1 26
39 1 44
33 1 33
34 2 32
36 1 23
35 1 31
34 1 38
32 1 28
36 1 30
32 1 26
34 1 39
33 0 37
37 1 31
35 2 50
38 1 109
33 2 81
30 3 94
34 4 102
33 4 93
39 3 153
46 4 299
42 3 229
39 4 204
42 0 73
40 1 61
38 1 71
38 1 76
36 1 71
37 1 78
44 1 91
45 1 119
44 1 120
35 1 60
45 1 77
34 1 56
41 1 52
41 1 48
39 1 53
38 1 51
37 1 42
40 1 61
37 1 170
38 9 261
42 4 235
37 4 246
34 3 151
34 3 167
33 4 109
32 1 47
33 1 61
31 1 53
31 0 62
33 1 59
29 1 60
30 1 68
29 1 47
22 7 37
29 0 54
31 0 62
28 7 43
27 1 54
32 4 40
35 0 76
33 1 56
32 1 50
28 1 54
26 1 46
26 1 41
25 1 47
32 1 48
33 1 51
30 1 42
25 1 45
27 1 70
28 8 80
24 1 56
25 1 53
27 1 46
27 6 66
21 0 53
28 1 48
29 5 53
27 1 69
27 1 63
25 1 90
31 1 75
25 1 69
25 0 59
20 2 44
26 1 60
27 1 74
24 1 62
25 0 52
24 1 51
22 0 95
24 3 211
28 2 227
27 3 143
24 7 168
26 2 203
26 2 168
24 2 156
26 3 121
22 0 37
24 0 36
23 1 38
26 1 44
22 1 31
21 1 38
22 1 29
26 1 66
24 1 35
25 1 44
23 1 45
23 6 41
21 0 32
20 1 28
21 3 36
19 1 31
21 1 32
19 1 30
21 0 31
18 1 42
19 1 27
18 1 29
20 2 29
18 1 27
20 1 30
20 0 30
19 0 22
20 1 17
20 1 23
22 1 23
20 1 21
24 0 33
23 1 33
21 1 33
23 1 16
23 1 24
25 1 34
24 1 14
27 16 94
25 3 54
22 4 115
27 4 88
25 2 81
26 3 128
30 4 146
25 3 144
28 3 200
26 2 197
23 4 91
29 1 88
27 1 96
29 1 96
23 0 71
27 1 86
25 1 96
37 1 128
29 1 114
29 0 119
29 1 107
27 1 99
30 1 137
28 1 314
32 8 499
34 6 480
29 5 236
32 1 144
27 1 115
27 1 123
30 1 123
28 1 121
32 1 128
30 0 121
26 1 112
27 1 116
31 2 118
24 1 105
28 1 339
25 4 343
26 4 284
22 3 324
26 4 208
28 1 111
30 0 112
26 1 124
25 1 112
26 1 106
24 5 96
23 1 105
22 1 87
23 1 92
26 1 108
19 1 67
21 1 80
17 1 79
22 1 75
21 1 59
22 1 68
19 1 55
16 1 49
17 0 42
15 1 41
17 1 37
20 1 35
13 1 29
20 1 45
19 1 65
20 1 52
19 1 32
21 1 51
20 1 42
19 1 32
16 1 18
19 0 17
16 1 21
14 1 12
19 1 35
12 0 10
18 1 15
21 7 31
17 0 24
15 1 11
19 0 24
20 1 23
13 1 8
22 1 24
22 1 33
22 1 24
20 1 18
26 0 31
24 4 54
20 6 61
24 2 101
24 3 79
25 4 74
22 3 90
22 4 104
28 4 48
27 4 84
26 15 75
25 3 44
25 11 41
23 3 39
24 3 92
25 3 73
26 4 46
29 3 51
25 4 57
30 0 24
25 0 26
28 1 27
23 1 21
25 1 33
22 1 21
24 1 24
20 1 21
20 1 28
20 1 32
18 0 22
17 5 19
21 0 21
18 0 31
12 0 17
17 0 15
14 0 11
14 1 13
13 0 14
15 1 14
16 1 19
11 1 10
16 1 22
15 1 15
14 1 18
14 1 12
17 0 16
13 0 14
16 1 19
17 1 19
18 1 20
17 1 15
15 1 12
16 8 16
16 0 14
20 0 19
17 1 18
16 1 23
13 1 13
18 1 20
18 1 19
16 1 22
18 1 17
20 1 14
23 0 32
18 1 18
21 1 17
22 0 26
18 1 15
18 1 23
20 1 29
21 1 20
19 1 24
14 0 22
20 1 25
23 0 36
19 0 37
23 1 42
20 11 78
24 3 171
21 4 215
18 3 139
22 3 189
19 3 196
23 3 208
20 3 152
20 2 53
27 4 77
20 0 53
19 0 64
20 1 78
19 1 51
18 1 39
15 3 39
19 0 40
22 0 61
19 1 68
22 1 69
21 1 69
22 1 79
22 0 89
26 1 89
25 1 83
23 1 60
25 0 85
25 1 125
25 3 276
22 3 249
21 2 197
23 3 277
22 2 165
20 2 203
22 2 77
22 0 61
20 0 49
17 0 49
20 0 54
20 0 58
24 0 64
17 0 54
18 0 41
16 0 40
15 0 25
11 0 18
17 0 42
15 1 35
12 1 20
15 1 36
15 1 31
13 1 18
17 1 30
15 1 27
18 1 35
16 1 30
15 1 31
16 1 23
17 1 26
14 14 54
18 1 39
14 1 15
11 1 15
13 1 14
12 1 14
13 1 24
13 1 26
11 1 16
10 0 13
11 1 30
13 1 19
12 1 14
13 1 17
12 1 13
17 1 30
12 2 21
11 0 11
12 1 16
9 3 8
12 1 20
15 1 31
9 1 9
14 1 14
13 1 23
12 1 12
13 0 16
14 1 15
17 1 18
12 1 13
13 1 11
15 1 17
13 1 14
14 1 19
11 2 42
13 2 51
11 1 12
14 1 25
14 1 29
12 1 19
12 1 10
11 1 15
12 2 13
12 1 31
11 0 10
10 15 21
15 1 59
11 1 40
12 0 42
16 1 30
16 2 36
13 0 11
14 8 22
15 1 18
10 6 11
13 1 20
14 8 28
14 1 15
16 1 29
15 0 18
14 1 18
16 1 17
18 0 18
13 1 14
20 1 35
17 1 31
19 1 44
15 0 18
24 0 22
21 0 25
21 1 19
19 0 18
20 0 28
13 0 13
18 0 24
18 1 36
17 0 26
17 0 49
15 0 19
14 0 32
12 1 29
18 0 40
16 0 38
18 0 48
17 0 59
16 0 44
18 0 50
14 8 37
20 0 81
19 1 75
17 0 42
18 0 46
23 0 80
24 0 103
18 0 66
20 1 60
20 0 59
23 1 61
22 0 59
23 1 59
20 0 46
23 0 66
22 0 65
24 0 80
27 0 93
26 1 98
27 17 122
29 1 77
28 1 69
31 2 74
30 0 77
30 1 77
28 1 100
29 3 298
33 4 549
22 3 221
24 4 213
24 4 128
21 2 48
29 1 61
26 1 51
29 1 75
28 3 74
25 1 67
24 2 115
27 1 53
28 1 91
23 1 139
24 1 65
20 1 44
21 1 38
26 1 36
26 1 40
22 1 37
24 1 52
25 1 38
23 1 42
19 1 28
21 0 43
19 1 32
19 1 25
23 1 45
20 13 68
23 2 50
20 1 29
21 1 44
20 1 24
20 1 44
22 1 39
23 2 53
20 1 23
16 2 27
13 1 28
16 2 21
24 1 52
23 2 39
16 2 48
18 1 20
16 1 25
13 6 17
16 1 20
17 1 23
20 0 33
20 1 24
13 12 13
17 4 33
18 0 22
16 0 14
19 0 39
18 0 20
17 0 28
20 1 35
20 0 33
22 1 31
22 0 29
19 1 35
17 1 27
20 1 20
18 1 24
17 1 36
17 8 16
18 1 19
21 1 38
18 1 15
20 0 32
19 36 51
19 1 21
20 1 16
22 1 35
21 3 37
23 0 28
19 1 15
23 1 24
19 1 19
22 1 34
24 1 20
23 1 37
25 1 32
20 1 31
21 2 27
19 1 18
21 1 26
18 1 19
29 1 34
25 0 22
25 1 37
25 1 32
23 11 22
25 2 42
26 1 30
28 1 65
25 1 46
25 1 32
20 1 43
20 3 55
25 0 48
23 2 62
22 2 41
23 2 69
25 2 82
22 2 64
20 1 40
22 2 53
27 5 92
24 1 57
19 2 47
24 0 67
21 3 109
26 1 92
19 1 46
23 7 69
25 14 220
23 3 354
26 4 300
21 8 221
18 4 188
20 5 52
22 1 49
19 1 40
22 7 64
21 1 62
20 1 67
26 1 78
23 1 85
23 1 62
23 1 70
26 3 149
24 1 80
21 1 63
25 0 88
20 5 83
25 2 84
27 1 117
22 1 82
23 1 56
23 0 80
23 1 52
20 1 59
21 4 53
22 1 48
22 1 56
17 0 56
19 1 64
18 1 58
22 1 83
22 1 68
15 1 38
17 0 57
20 1 43
22 1 88
20 0 55
22 1 62
19 1 51
21 1 53
22 1 127
19 17 243
18 15 202
18 5 95
16 14 179
16 5 149
18 2 125
19 4 177
16 7 37
16 1 38
15 8 42
15 0 24
16 1 35
14 0 43
15 1 32
14 3 56
15 5 34
16 1 32
13 1 30
17 3 45
17 1 46
19 1 43
20 1 35
13 1 16
16 1 23
13 1 22
16 1 14
15 0 22
15 1 24
18 1 37
14 1 15
20 1 28
15 0 17
18 1 30
18 1 31
17 1 45
18 2 21
20 1 37
20 3 20
17 1 21
21 1 36
20 3 19
21 1 24
23 2 21
23 1 43
26 1 42
21 1 40
19 1 32
19 1 25
20 1 34
19 1 25
27 6 33
25 1 29
26 6 30
21 1 36
24 1 30
26 2 27
19 1 25
22 0 34
22 2 30
25 1 20
26 1 60
23 1 18
20 1 28
23 1 25
23 10 36
29 1 22
29 1 33
25 1 30
23 6 31
31 4 33
29 1 46
27 1 36
29 1 42
28 0 36
27 1 38
19 1 29
23 1 42
24 0 44
28 6 187
30 3 207
27 3 241
27 4 200
22 4 181
23 3 159
27 4 204
26 1 61
28 2 69
25 1 55
27 1 64
28 4 74
27 1 77
26 1 75
26 1 82
24 1 42
26 0 77
25 1 68
24 1 60
28 2 77
26 1 88
26 0 67
21 4 50
22 1 75
20 1 59
21 1 51
16 1 74
22 2 260
24 12 228
25 8 274
26 14 317
25 4 242
20 1 85
21 1 88
24 1 60
27 1 89
26 1 95
27 1 90
23 1 87
22 1 75
20 1 70
20 1 71
20 1 72
20 1 76
21 1 81
20 3 72
24 1 74
23 1 163
17 5 134
20 24 192
16 2 160
17 7 208
16 4 133
21 4 201
17 4 148
17 1 48
18 1 47
16 32 76
22 1 52
15 1 29
17 2 64
18 1 70
12 1 32
15 1 60
14 1 38
17 1 43
15 1 60
13 1 42
10 1 20
17 1 43
14 1 27
13 0 32
12 1 18
11 1 20
10 1 30
13 1 29
17 1 42
14 1 35
13 1 18
14 1 33
10 1 19
13 1 46
12 1 33
12 1 98
13 13 93
12 14 57
10 4 58
15 3 101
13 5 101
17 12 164
13 32 67
13 4 80
15 9 87
14 4 70
15 4 90
15 2 53
17 2 20
12 1 15
16 1 28
13 1 17
10 1 12
14 1 16
9 1 10
14 0 16
10 1 12
13 2 15
13 1 17
13 1 14
16 9 18
16 1 22
15 2 19
20 1 22
18 8 18
19 10 22
19 1 22
18 1 22
15 1 33
16 0 19
19 1 22
17 8 23
18 1 21
17 1 16
15 1 15
19 1 18
17 0 17
19 1 20
17 1 18
19 1 20
22 1 21
17 2 16
17 1 16
17 1 15
19 3 45
18 1 29
18 1 18
17 6 25
14 1 22
21 1 38
20 3 27
20 1 30
19 2 28
17 12 36
16 1 31
21 1 30
19 1 29
21 1 19
21 1 33
22 1 36
26 4 58
24 2 64
26 8 68
25 1 62
26 1 82
27 1 99
27 1 87
27 3 82
26 1 104
26 1 75
30 1 98
26 1 88
24 0 85
27 1 299
29 16 359
25 5 311
23 3 312
24 15 150
27 0 78
26 0 85
26 1 93
19 0 45
27 1 73
32 1 86
28 1 68
28 1 88
23 1 62
27 1 62
24 1 47
25 0 83
31 4 121
28 0 93
27 0 93
29 0 80
25 8 197
28 24 298
22 3 232
25 2 330
23 2 275
22 2 107
27 1 102
30 0 138
26 0 71
19 6 66
20 1 54
20 0 63
14 0 44
20 0 43
23 1 63
20 0 43
23 8 84
20 1 55
20 0 58
20 1 65
17 1 60
26 1 97
20 1 74
19 1 59
20 1 64
19 1 229
19 5 249
15 4 192
15 4 193
15 4 139
24 5 190
19 3 163
23 1 51
18 1 52
17 1 41
20 1 52
16 2 44
17 0 45
14 1 25
18 1 44
18 1 53
20 1 47
13 6 26
23 1 44
24 4 79
24 1 47
18 2 41
21 1 44
20 1 70
17 1 56
25 0 66
22 1 63
18 1 57
19 1 49
16 1 67
18 1 54
22 1 171
25 6 215
18 4 182
18 4 154
19 13 208
22 5 309
17 4 170
16 1 72
19 0 83
15 1 40
17 2 33
16 1 23
15 1 38
15 1 51
11 9 28
13 1 33
14 1 31
17 1 42
13 2 42
19 1 77
16 1 43
20 0 40
20 1 74
18 1 31
18 8 39
22 1 59
20 1 46
17 0 42
19 2 43
19 1 50
20 1 39
16 2 29
20 12 56
18 1 58
18 1 45
18 1 36
14 1 39
23 11 65
21 1 71
18 1 45
16 0 49
16 1 50
14 1 42
15 2 23
12 1 32
13 1 53
12 1 20
14 1 32
13 0 40
15 1 44
11 1 31
12 1 38
12 1 28
11 1 25
17 1 53
11 1 35
18 0 53
19 1 64
16 1 62
20 1 81
17 1 67
15 2 80
16 4 319
17 4 261
14 4 269
12 4 155
16 15 193
17 13 108
15 1 45
19 1 50
15 0 34
18 0 43
17 1 44
21 1 48
18 1 31
16 1 36
20 1 42
18 8 40
16 1 43
18 2 58
19 1 41
20 1 56
19 3 41
21 0 65
17 1 38
20 1 59
19 4 36
20 1 51
20 1 50
24 1 57
22 1 49
22 1 49
23 1 50
22 1 53
21 3 168
20 2 106
23 5 174
22 18 229
24 3 268
18 5 166
21 15 227
22 1 57
22 1 53
24 1 57
22 1 61
22 1 58
25 4 55
22 1 53
25 1 65
19 1 52
20 1 49
22 1 47
17 0 44
21 1 40
20 1 35
21 1 44
27 1 50
25 1 54
25 1 51
26 1 48
20 2 41
23 1 54
25 1 61
25 2 61
21 1 53
23 1 52
17 2 53
24 1 56
25 1 73
26 1 74
24 1 75
26 1 69
20 2 48
19 1 47
17 1 48
19 0 56
16 1 49
16 1 42
21 11 48
20 1 49
22 1 54
22 1 58
22 2 73
19 1 47
25 1 66
20 2 61
22 1 80
21 4 154
20 4 144
22 4 156
27 8 200
23 4 149
30 4 215
34 3 237
29 2 54
29 1 60
29 1 51
28 2 44
26 1 46
26 1 48
28 1 52
25 1 49
25 1 47
24 1 44
27 1 50
26 1 44
23 1 57
18 1 28
19 1 27
19 1 24
19 2 35
24 2 54
22 3 29
21 2 41
20 1 23
29 1 79
29 1 50
26 2 60
27 1 53
28 1 82
29 1 79
27 4 76
29 1 72
24 1 63
25 1 45
24 1 63
28 2 65
24 1 52
22 1 54
30 2 75
25 7 82
26 0 81
26 1 86
25 2 80
27 1 74
25 6 219
25 3 159
29 1 42
24 1 35
25 1 37
23 1 31
27 1 48
24 1 33
23 1 33
27 1 36
23 1 33
24 0 36
27 0 54
23 1 114
24 4 174
24 4 252
23 4 187
25 0 77
24 1 64
28 1 73
27 1 70
28 1 64
29 1 79
27 1 85
28 1 81
24 1 71
22 1 55
26 1 93
27 3 70
25 1 80
23 1 82
27 1 80
28 1 66
28 1 69
23 1 42
24 1 55
25 1 69
27 1 61
26 1 52
23 1 54
30 1 92
28 1 61
28 1 33
23 0 29
26 1 27
29 1 40
32 1 44
31 1 44
28 0 51
27 1 29
28 1 45
32 1 44
29 1 55
34 0 68
30 0 118
30 3 212
28 2 259
29 2 252
31 14 311
33 1 88
35 3 106
36 1 88
27 0 68
27 0 73
30 0 83
29 0 86
30 0 86
23 0 97
27 0 99
29 0 96
24 0 74
29 0 115
25 0 104
24 0 84
20 0 87
21 12 242
22 2 286
17 2 204
19 2 237
17 2 177
17 2 202
14 2 84
16 4 55
14 0 42
11 8 38
13 0 31
14 0 54
12 0 32
15 0 32
14 2 40
9 6 16
11 0 13
12 0 23
9 0 9
10 0 19
11 0 13
13 0 20
12 0 22
16 0 29
10 0 14
14 0 26
15 0 16
16 0 22
16 0 27
15 0 22
20 8 47
18 1 31
14 0 17
15 0 27
15 0 26
15 0 19
15 1 24
14 0 17
16 1 19
15 1 29
12 0 21
13 1 18
13 0 21
13 1 11
14 1 21
17 1 85
12 4 51
15 5 85
16 4 75
17 4 132
14 2 50
14 5 57
15 5 58
13 1 15
16 1 33
15 1 29
15 1 20
14 0 26
12 1 26
17 1 33
9 1 8
15 1 29
16 1 28
13 1 16
17 1 23
13 0 17
19 1 67
16 1 38
15 1 27
13 1 45
15 1 16
15 12 21
15 9 16
18 1 28
17 1 34
17 2 28
17 1 19
20 1 34
19 2 24
17 0 19
16 1 35
19 1 40
18 1 31
18 1 24
23 1 30
21 1 35
19 1 29
19 1 35
20 1 41
19 1 36
17 1 23
22 1 44
18 1 17
23 1 49
24 1 42
21 1 46
29 1 62
26 1 73
26 1 80
25 2 70
27 1 61
28 1 56
27 1 69
21 5 45
26 2 77
26 2 87
24 3 72
30 2 96
27 1 130
27 1 110
31 5 394
26 4 397
27 19 406
23 3 151
25 1 97
21 17 68
23 1 79
23 1 78
21 2 70
20 1 65
21 1 66
16 1 47
17 1 55
16 1 39
15 1 43
15 0 33
18 0 43
19 0 38
16 0 45
11 4 25
13 2 25
15 1 29
15 0 19
14 1 24
11 1 15
13 1 18
8 1 30
10 1 9
13 1 70
13 12 71
12 16 59
13 15 73
13 4 131
12 3 58
16 5 107
15 4 100
13 1 11
17 1 23
13 0 18
15 1 21
13 1 9
18 1 24
15 2 19
15 1 22
12 1 10
13 1 10
10 0 7
14 1 12
11 1 22
16 1 30
17 1 15
16 1 13
16 1 28
17 0 24
15 15 11
15 1 44
14 1 20
17 1 27
14 1 16
11 1 20
10 1 10
15 1 14
16 1 23
13 1 12
15 1 18
14 1 16
10 1 9
14 1 20
11 1 8
13 1 12
13 1 21
16 4 71
12 4 37
15 4 47
14 4 36
15 5 41
18 3 73
13 13 52
15 1 11
16 1 12
18 2 25
15 1 17
14 1 23
17 1 18
16 1 17
18 1 16
23 1 28
15 1 23
26 0 28
17 1 24
19 0 23
19 0 14
22 1 29
25 1 33
24 1 38
28 1 30
28 1 38
26 1 29
33 1 43
32 1 34
26 0 34
32 2 45
28 0 50
29 1 41
28 0 43
23 2 39
26 0 48
26 0 50
26 1 49
22 0 28
28 4 53
28 1 53
24 1 50
26 10 48
24 1 60
27 4 62
23 1 50
28 1 61
28 1 69
30 6 67
24 11 63
30 1 77
27 2 72
32 3 104
30 4 106
29 1 90
36 1 108
34 4 141
28 1 96
27 8 89
27 1 111
23 1 109
28 0 98
30 1 113
28 1 197
28 3 327
25 3 332
23 10 370
22 13 246
20 1 67
20 1 56
17 0 56
16 1 91
19 3 42
15 1 65
16 0 60
15 0 57
15 0 51
16 7 37
16 0 39
11 1 25
18 0 70
12 0 27
17 6 54
12 1 27
12 1 25
16 1 19
15 1 25
12 1 17
16 1 32
12 1 18
13 0 20
14 2 47
13 1 29
12 1 22
14 1 28
16 1 30
16 1 24
16 1 124
13 4 70
13 4 63
14 4 117
16 4 93
18 21 108
14 6 95
14 4 52
18 4 150
16 2 110
13 18 89
19 5 87
13 5 17
17 1 21
17 1 21
17 0 26
17 3 33
17 1 31
18 1 21
18 0 27
19 1 24
20 1 36
20 1 23
17 1 17
20 1 21
18 1 45
20 0 33
23 1 36
22 1 37
22 1 41
19 1 20
19 5 94
21 5 81
18 8 118
19 5 83
22 4 165
25 2 118
22 3 109
18 1 18
21 0 30
25 1 30
21 0 74
17 0 15
21 0 43
22 0 39
18 1 19
22 0 26
22 27 29
22 1 32
21 0 32
19 1 23
21 0 39
22 0 50
22 7 77
24 4 27
22 0 21
22 0 17
27 0 37
25 0 32
23 0 15
26 1 46
25 0 41
27 0 58
26 1 35
28 0 41
19 4 39
28 4 63
27 2 50
25 1 55
21 1 51
23 1 65
21 0 50
23 0 50
26 1 61
21 0 50
21 0 59
22 1 57
26 1 87
24 2 66
28 0 102
24 1 89
27 1 137
27 3 233
24 2 271
22 4 259
24 3 304
22 3 251
22 0 79
22 0 73
20 0 51
19 4 62
20 0 60
17 0 55
19 2 59
21 0 67
17 10 59
16 0 30
14 1 25
13 0 24
12 0 17
16 3 36
13 1 18
9 6 21
13 0 29
11 0 25
11 0 23
10 0 37
13 4 21
10 1 16
10 1 9
10 1 6
14 1 20
12 1 20
11 1 34
11 13 50
13 14 60
15 3 96
13 4 83
10 6 139
11 4 35
11 1 12
12 1 12
13 0 22
16 1 17
12 1 10
13 1 21
13 1 12
11 1 10
13 1 22
16 1 16
16 8 17
17 1 56
12 1 12
12 1 11
13 1 27
15 1 23
14 1 23
14 1 16
10 1 8
14 1 38
13 1 16
13 1 26
15 1 36
12 1 20
15 1 41
12 1 20
15 0 23
10 1 8
10 1 21
14 1 20
9 1 7
21 1 36
16 8 24
14 1 29
14 0 13
8 1 8
15 1 41
13 14 95
15 7 49
15 15 82
10 16 62
12 2 69
12 14 48
18 3 126
17 9 16
18 1 28
15 1 22
17 1 24
22 1 45
21 1 27
13 7 14
23 3 41
20 2 22
19 1 31
20 1 38
20 2 23
21 0 40
26 1 21
23 1 31
18 2 30
23 1 19
29 1 43
22 1 23
27 1 47
29 1 42
20 1 30
24 1 48
22 0 56
27 1 54
24 1 50
24 1 62
22 1 35
21 1 58
23 1 45
20 4 43
26 1 59
23 1 55
30 2 77
29 1 67
26 2 60
26 2 91
22 1 59
24 1 83
22 1 54
24 2 66
25 2 68
23 2 66
22 1 78
20 5 64
23 1 232
20 9 245
22 13 266
22 4 262
16 4 131
15 4 139
14 2 93
14 11 40
14 1 30
16 2 40
15 2 49
13 1 31
15 1 27
12 2 35
13 0 30
13 1 25
10 1 22
10 0 18
11 0 33
14 1 30
12 1 18
16 0 52
11 0 15
11 0 14
10 0 25
14 0 28
13 0 33
9 0 11
10 0 33
10 0 27
9 0 22
8 0 30
11 0 42
11 0 34
10 0 39
9 1 16
8 1 13
14 1 54
10 2 25
14 1 42
8 1 20
10 0 30
9 1 33
8 1 18
12 1 32
14 1 42
9 1 33
11 1 37
10 1 33
7 1 10
13 1 39
11 1 35
9 1 23
12 1 34
7 1 10
6 0 13
9 1 23
7 1 15
12 1 37
10 1 22
10 1 14
10 1 23
7 1 23
12 0 33
6 10 19
8 1 20
11 1 32
10 1 22
10 1 34
11 1 32
6 1 7
9 1 21
10 1 25
9 1 25
8 1 17
7 0 9
9 4 12
10 2 31
5 1 5
12 1 29
8 1 15
8 2 8
13 1 29
15 1 29
14 1 19
14 1 18
10 1 10
13 1 20
11 1 20
17 0 45
13 1 29
15 1 35
14 1 59
13 4 104
16 4 123
17 18 155
17 12 159
16 12 136
15 5 110
12 5 67
16 1 58
17 1 49
19 1 58
17 1 41
16 1 38
16 1 34
18 1 46
19 1 40
17 1 42
20 1 40
16 11 55
20 1 83
19 1 70
17 1 34
20 1 54
16 0 24
21 1 93
19 4 196
15 5 79
20 5 92
15 1 36
17 1 36
13 0 21
16 1 30
17 2 65
15 1 31
20 2 52
17 1 27
17 1 39
14 0 26
16 1 21
17 1 21
13 1 12
16 2 15
17 1 14
20 1 33
15 0 30
19 2 48
22 1 65
21 0 59
25 1 79
26 1 91
27 0 113
28 1 132
28 1 143
24 12 423
26 5 319
29 2 287
28 1 92
27 2 117
31 0 119
28 1 102
28 0 89
28 1 125
28 1 108
30 1 104
25 1 88
30 0 118
31 0 119
31 0 149
28 1 396
30 3 374
35 3 458
30 96 155
28 99 184
32 72 486
33 2 178
28 1 154
29 2 360
24 2 79
24 2 106
29 1 127
25 1 119
27 6 100
28 6 110
26 1 97
28 2 137
28 1 140
22 1 74
22 1 68
23 1 71
27 1 85
23 1 77
21 0 65
21 1 67
21 2 65
18 1 52
20 1 58
18 1 33
19 1 50
22 0 35
19 8 42
16 1 35
23 1 60
25 1 64
21 1 75
22 1 58
21 7 72
24 7 77
23 1 67
24 1 60
24 1 77
19 1 51
19 1 48
15 1 64
17 1 58
20 1 90
19 1 49
19 15 138
21 9 248
20 4 182
19 4 193
16 4 46
18 4 96
21 5 191
19 3 130
18 4 124
18 1 37
15 1 34
17 1 32
18 1 42
23 1 63
18 1 40
17 1 53
18 1 35
15 1 30
15 0 24
15 1 24
16 0 30
17 1 27
20 1 27
19 1 34
21 0 38
20 1 46
18 1 34
16 2 30
22 1 30
20 1 35
21 1 35
21 1 35
20 2 39
18 2 29
18 1 40
19 8 38
22 1 39
21 1 29
20 2 32
20 1 25
20 1 26
24 1 41
21 1 43
17 1 37
21 1 49
20 1 49
23 2 52
23 3 67
21 2 45
25 1 64
24 1 122
24 4 62
22 1 39
21 1 25
22 3 20
20 5 17
23 5 32
24 1 35
26 1 33
25 1 37
24 1 24
27 11 34
25 1 31
24 1 29
24 1 53
22 1 24
24 1 65
26 14 177
27 15 188
25 12 144
30 4 151
27 5 133
29 40 330
29 3 84
29 0 48
26 1 30
28 0 40
29 0 41
29 0 34
26 2 63
25 2 50
25 1 29
27 1 39
26 12 39
26 1 38
24 1 35
27 3 44
26 1 42
25 1 42
27 1 39
23 1 27
25 1 41
27 2 81
26 3 134
29 1 35
28 3 44
25 1 44
20 1 28
20 1 29
25 0 55
23 1 38
19 1 38
23 1 68
22 1 51
23 1 52
24 1 66
25 1 70
21 2 34
24 4 78
20 1 30
23 3 42
23 1 39
22 1 45
20 2 41
16 3 27
21 2 42
20 1 39
21 2 38
21 2 45
17 1 38
22 1 40
19 1 40
18 1 94
21 3 199
19 5 151
17 5 70
21 13 155
22 11 142
22 11 110
27 9 180
21 5 128
21 2 39
27 1 64
25 1 46
27 1 53
26 0 49
25 2 47
24 1 45
24 1 78
20 1 91
15 9 36
15 1 26
17 3 43
15 3 59
14 1 33
21 0 48
16 1 40
16 1 26
19 1 36
14 1 22
20 1 48
20 1 42
19 1 46
21 1 38
25 0 36
27 1 39
27 1 31
30 3 42
25 1 79
30 2 177
28 4 161
36 4 521
33 41 289
33 8 71
31 1 47
38 1 64
37 1 52
37 16 50
33 2 43
36 1 49
36 1 38
42 1 71
39 2 53
45 0 95
45 2 66
38 5 43
38 1 72
40 4 61
38 10 68
46 1 69
46 1 101
47 4 75
44 24 541
43 81 412
43 19 304
47 5 232
47 3 299
42 44 314
39 5 220
43 1 59
43 1 59
49 1 84
43 1 76
41 2 85
43 2 58
40 1 79
42 2 77
39 1 80
37 2 67
43 1 69
38 14 157
38 3 248
39 1 105
39 1 94
41 3 112
41 1 94
40 1 70
42 1 72
46 1 73
40 1 59
51 6 61
40 1 43
41 1 49
44 1 116
45 1 24
43 1 49
46 0 38
40 1 29
45 2 23
44 1 26
47 9 75
50 9 220
48 21 435
48 11 214
45 1 36
45 2 68
44 1 35
43 1 39
46 1 51
40 1 56
39 1 53
46 1 53
36 1 40
41 1 69
42 1 72
40 1 67
41 1 53
43 1 63
46 1 41
37 1 38
40 1 59
38 3 223
40 4 89
46 0 63
46 0 59
39 17 298
43 5 59
46 1 63
45 1 48
42 1 32
39 1 37
42 1 31
42 1 43
44 1 57
44 0 44
42 1 38
45 1 36
46 10 46
45 1 45
45 1 55
45 2 124
43 0 115
42 1 71
44 1 64
38 1 44
42 4 51
40 1 61
37 4 52
36 1 70
37 1 54
37 0 58
38 0 67
38 0 84
37 0 72
39 3 327
43 5 322
45 4 477
45 21 256
47 1 91
49 1 99
49 1 304
44 4 136
45 4 108
43 1 78
48 1 96
41 1 76
49 1 88
48 2 125
43 16 251
45 5 353
46 16 419
42 20 279
48 13 136
44 2 79
46 2 77
48 11 101
52 3 112
45 6 161
44 1 84
37 4 61
44 6 86
47 1 95
39 4 119
42 1 87
39 1 62
39 5 227
41 4 226
43 4 392
43 23 416
41 4 113
40 2 255
43 4 105
38 1 58
46 1 126
42 1 141
48 17 144
42 1 96
40 2 102
40 1 137
37 2 98
40 1 99
36 1 103
32 2 69
36 2 132
34 8 89
32 2 75
38 2 90
38 1 75
37 1 83
40 1 71
40 1 72
37 1 67
38 1 78
39 5 69
40 1 186
40 3 290
44 4 247
40 4 324
42 15 265
44 10 187
40 1 88
43 2 211
45 1 82
44 1 80
37 1 52
42 1 85
37 1 57
47 5 92
42 1 90
43 1 120
45 1 125
44 0 101
47 0 167
46 2 461
45 2 402
41 2 319
44 2 202
37 0 99
39 0 97
39 0 92
35 0 84
39 1 148
30 2 108
41 1 91
39 1 113
37 1 87
36 1 94
40 1 94
42 1 131
39 1 312
34 17 254
35 6 210
33 4 203
40 5 275
37 4 142
38 1 62
33 0 73
38 12 68
37 1 77
34 2 44
36 1 66
33 1 48
32 0 34
36 2 78
34 1 59
38 2 75
42 1 72
41 1 274
37 1 67
35 1 69
34 1 41
39 1 80
38 1 69
43 1 89
43 1 89
43 1 131
40 1 77
38 1 65
34 1 62
43 1 75
38 1 84
40 1 79
42 1 60
47 0 89
49 0 115
56 0 112
48 0 225
53 3 276
51 1 226
54 4 227
48 2 207
51 2 241
51 0 55
45 0 45
49 0 50
50 0 54
43 0 50
45 1 46
48 1 84
44 2 54
35 1 24
45 1 46
46 1 44
41 1 35
44 9 55
43 12 59
47 0 83
49 9 74
43 1 61
44 1 75
50 1 86
45 1 91
51 1 213
48 13 416
44 8 337
49 6 266
43 3 171
46 1 88
47 1 71
44 1 81
45 1 86
45 1 95
42 2 58
42 0 56
45 1 146
43 2 116
52 1 103
47 1 80
44 1 133
49 5 96
44 3 78
46 1 88
47 7 66
44 1 76
47 2 84
45 1 75
48 1 89
48 9 161
44 1 66
43 1 57
40 1 61
43 3 60
42 1 46
44 2 37
46 7 49
42 1 65
38 1 53
43 21 251
42 5 212
43 11 231
42 24 106
37 5 82
43 3 98
38 14 148
40 5 75
43 3 37
42 1 44
41 1 45
42 1 38
41 1 19
40 1 90
43 0 67
40 0 49
40 1 33
41 1 70
38 0 34
45 1 52
47 2 43
45 0 32
42 1 38
46 1 31
43 0 36
46 0 41
50 0 39
50 0 31
48 0 37
44 0 33
48 0 25
48 1 29
52 1 45
50 1 38
48 13 41
53 6 69
49 4 33
54 5 35
52 4 33
52 5 47
53 1 41
50 1 42
47 1 25
52 1 56
50 2 39
53 1 33
54 1 32
54 1 86
52 1 37
49 1 43
52 1 66
56 1 57
52 1 46
55 1 43
54 2 36
54 3 125
49 6 37
54 1 52
54 0 79
58 1 111
56 0 119
56 0 118
57 0 101
60 0 99
52 0 107
52 1 121
45 0 119
47 1 134
49 0 127
51 0 119
47 1 304
47 3 416
44 4 373
45 4 437
48 6 132
47 1 115
46 1 95
48 0 111
44 0 100
40 0 95
40 0 104
45 0 97
38 0 126
37 1 110
41 0 88
42 0 101
43 0 301
41 2 306
38 2 337
36 2 319
34 1 187
35 0 73
34 0 71
36 2 242
33 5 94
33 1 53
31 1 48
31 1 41
33 0 45
30 0 47
34 0 45
34 0 38
35 11 48
31 0 47
34 0 36
31 0 25
28 9 22
29 5 30
30 0 31
28 1 34
30 1 42
29 1 32
32 0 20
30 1 22
34 2 38
33 7 22
32 0 38
30 1 45
30 1 29
30 1 27
29 2 53
27 3 22
28 2 18
27 6 14
29 1 20
28 17 22
27 6 9
29 1 12
32 3 23
31 2 27
31 1 21
34 1 11
36 1 31
31 1 36
29 7 19
32 6 13
34 3 29
36 16 32
30 4 19
34 1 31
34 1 31
33 1 34
35 1 59
34 1 30
35 2 30
32 1 27
35 1 46
35 4 42
36 1 38
36 1 38
42 1 64
37 1 37
41 1 40
36 2 89
40 1 61
39 2 53
41 1 41
46 2 33
45 1 16
49 0 34
43 0 22
47 0 38
45 0 28
46 1 41
46 1 31
45 3 34
46 1 22
47 0 29
44 0 28
46 0 26
44 0 31
45 1 24
49 2 28
47 0 32
44 0 21
47 2 43
48 2 136
51 2 66
50 1 76
47 1 70
46 1 69
49 1 96
49 1 76
48 0 85
47 1 85
48 1 97
49 0 100
49 1 91
55 1 102
57 0 102
52 0 111
52 0 254
49 2 334
49 2 629
52 22 281
45 1 96
48 3 102
47 1 107
48 1 107
53 1 94
50 1 95
56 1 120
53 1 101
52 1 116
52 7 104
52 1 110
51 1 126
50 11 292
53 14 440
52 15 525
52 2 114
51 1 102
47 7 64
48 1 82
42 2 93
47 2 85
46 1 56
42 0 79
38 1 34
39 1 33
46 6 55
42 2 34
42 1 33
43 0 53
42 0 44
43 0 48
45 0 48
42 0 28
42 0 44
41 0 32
43 0 40
42 0 42
41 0 36
40 0 39
43 1 160
43 2 236
46 24 210
48 16 190
45 3 181
45 3 164
44 18 111
45 1 58
49 4 47
44 0 43
45 0 59
41 1 51
48 0 37
46 0 29
48 4 45
47 1 67
45 0 35
45 0 29
41 0 33
41 1 20
43 0 45
39 0 27
44 1 41
37 0 62
35 1 34
38 6 24
35 0 21
39 0 31
34 0 26
43 1 23
45 3 24
44 1 29
40 1 26
45 1 28
38 0 20
48 0 35
43 0 23
49 0 97
45 2 179
51 7 282
51 8 151
45 2 79
49 19 179
40 2 102
42 15 105
47 2 64
42 1 51
43 0 70
43 0 59
38 7 38
43 0 42
42 0 50
46 9 101
48 0 84
53 0 111
46 0 64
48 0 66
46 0 65
48 0 57
51 0 85
49 0 80
49 1 83
51 1 74
51 5 66
52 1 70
51 0 56
53 2 90
47 1 55
50 1 59
48 4 74
51 0 76
50 0 84
45 1 76
45 0 71
47 1 69
48 0 80
54 0 100
44 0 86
45 0 82
45 1 152
45 1 132
54 13 340
52 6 297
54 3 291
48 3 288
49 4 166
51 1 101
49 1 78
48 3 96
45 0 92
42 0 85
44 1 100
47 1 82
45 2 69
48 1 104
48 1 79
47 2 87
43 1 82
45 1 62
45 1 97
45 3 59
46 141 248
43 2 91
40 2 41
44 1 47
43 1 38
44 1 55
41 1 46
43 1 41
43 1 57
45 1 55
46 0 71
47 7 89
45 1 72
47 1 70
46 1 67
44 1 79
46 4 75
47 20 94
44 1 81
47 3 79
42 2 72
44 1 73
46 2 94
39 1 82
43 1 97
43 9 182
47 10 259
48 8 262
46 4 239
47 4 243
48 5 210
45 4 71
46 1 69
47 1 85
42 0 69
42 1 77
40 1 61
45 3 56
42 0 60
42 9 88
43 1 60
44 1 58
41 1 51
44 1 58
38 1 64
32 9 68
42 1 55
47 0 58
33 1 53
39 2 69
37 1 58
39 1 56
40 1 53
42 1 57
42 1 41
37 1 37
39 2 53
39 1 40
36 1 42
37 3 54
38 8 58
38 2 43
33 3 45
30 1 22
35 1 28
31 1 22
25 1 22
30 1 35
24 2 25
27 1 29
25 1 21
23 2 26
24 1 42
24 1 47
26 1 42
30 1 50
23 1 37
23 1 64
27 8 238
24 12 188
27 4 280
23 4 153
24 15 189
24 3 153
25 1 53
25 9 67
29 1 47
28 1 57
27 1 46
27 3 41
28 3 45
27 1 32
30 0 48
26 1 26
28 0 30
28 0 25
25 0 27
25 0 28
26 0 44
21 5 13
25 1 26
21 1 26
24 2 31
22 0 36
20 0 31
22 0 16
21 0 22
21 0 28
18 0 22
19 1 32
15 0 28
16 1 29
17 0 31
20 1 37
15 0 32
13 0 11
18 0 39
19 1 42
16 1 36
20 0 48
16 3 117
18 4 106
18 5 181
16 6 168
14 4 111
14 5 198
16 7 188
13 3 94
19 1 46
15 0 33
13 0 24
14 1 21
18 1 37
17 9 21
16 4 27
15 0 24
18 1 28
16 0 23
15 0 7
19 1 44
16 5 16
16 3 18
19 0 19
17 3 24
19 12 27
19 0 27
17 0 33
17 0 26
17 1 24
15 7 22
13 1 30
14 1 34
15 2 26
15 1 54
16 1 44
17 1 39
13 1 14
13 1 8
10 0 5
11 1 23
13 0 18
11 0 7
12 0 30
13 0 24
14 0 18
14 0 12
14 0 39
13 5 15
18 2 42
18 0 32
13 1 10
15 1 13
17 0 28
17 0 16
16 1 28
13 1 13
18 2 17
13 1 11
14 1 12
17 0 23
17 1 22
14 1 10
16 1 12
19 1 28
18 1 13
16 6 16
12 0 6
13 0 7
13 11 7
14 1 7
16 26 20
14 22 17
17 1 14
19 1 17
11 1 4
14 1 9
14 4 18
19 1 21
16 1 17
16 8 16
15 7 8
16 2 24
16 0 22
15 1 23
11 1 12
15 14 9
17 1 20
13 3 6
15 2 11
21 2 27
18 2 17
18 1 17
17 1 15
16 1 10
18 1 19
16 14 13
19 1 24
18 15 78
16 4 17
16 1 18
20 1 33
18 1 26
16 2 9
20 1 32
16 1 10
16 1 15
18 1 18
16 1 11
17 1 20
17 1 13
19 1 22
17 4 11
16 1 16
19 2 24
14 1 10
21 1 28
19 0 21
16 0 12
20 0 24
15 0 11
15 1 13
12 0 7
17 0 15
17 1 11
14 0 9
18 0 17
20 0 17
16 0 14
19 0 19
17 0 15
16 1 13
15 1 12
16 5 19
19 1 18
21 1 18
24 1 23
20 2 40
20 2 33
20 2 27
20 1 26
22 1 37
20 1 17
19 1 17
20 0 33
19 1 16
19 3 37
18 3 47
21 9 45
23 4 121
28 11 155
23 19 87
27 4 203
25 6 163
25 4 113
30 2 189
23 2 111
21 2 91
27 2 111
24 0 34
26 0 41
34 0 57
35 0 61
32 0 58
35 0 66
32 0 47
34 0 78
32 0 59
34 0 42
32 0 64
35 0 87
37 0 150
38 6 96
31 0 87
38 0 81
31 0 60
33 0 74
29 0 63
30 0 54
31 0 182
34 6 198
32 4 191
33 4 209
35 4 215
34 5 408
30 1 80
33 1 134
31 3 84
33 1 50
33 2 76
31 0 90
26 1 67
29 1 59
34 1 77
32 5 71
33 2 60
29 4 54
30 1 58
27 1 55
30 1 50
31 7 66
33 0 92
30 2 84
33 16 264
29 4 225
33 3 288
30 6 253
32 4 305
30 1 87
27 4 80
27 1 64
29 1 61
30 5 56
29 1 39
27 1 38
24 4 35
25 0 30
27 1 41
26 1 38
25 1 44
29 4 48
29 0 44
28 1 32
29 4 46
24 1 23
32 1 37
27 0 28
27 1 31
28 1 40
30 1 47
28 2 45
29 1 34
28 1 35
26 1 29
19 0 19
22 0 73
26 2 105
25 2 87
27 2 109
25 3 87
25 2 83
25 2 85
27 2 118
19 2 84
25 2 79
27 3 139
30 2 125
30 2 100
24 14 88
26 0 34
26 1 25
25 0 27
25 1 48
28 2 50
25 3 33
25 1 24
23 1 26
25 1 17
24 1 20
25 3 21
30 1 40
28 0 20
25 1 21
24 1 16
23 1 16
27 1 22
26 1 20
23 1 17
25 1 19
28 1 46
25 3 20
28 1 24
24 1 20
26 1 30
26 1 20
22 1 26
26 1 23
20 1 18
21 1 14
23 1 22
22 1 29
23 1 25
23 1 18
23 1 18
26 2 47
19 1 23
18 1 11
21 1 14
22 1 55
25 10 20
26 1 20
24 1 14
23 2 15
26 10 30
18 9 29
23 2 20
25 1 19
25 1 16
27 1 19
24 1 16
28 1 25
26 2 24
27 1 18
23 1 22
28 1 42
24 8 20
24 2 14
29 1 36
30 1 43
31 5 27
28 0 22
29 2 31
25 1 22
30 1 43
29 0 16
31 2 32
25 9 25
31 1 24
24 1 33
29 1 27
28 0 17
26 1 19
28 1 27
30 1 27
30 1 53
32 3 173
31 3 164
24 3 153
25 7 163
24 6 164
22 3 104
25 3 122
24 13 127
27 3 90
24 0 43
27 0 48
26 0 48
22 1 47
24 0 50
23 0 53
25 0 49
28 0 58
22 0 46
21 1 57
31 0 87
21 0 64
25 0 72
23 0 53
23 0 48
23 0 45
24 0 62
23 1 55
23 1 46
24 1 72
26 1 83
27 1 160
25 6 359
24 3 276
26 8 347
24 17 297
27 3 93
25 1 72
24 1 89
23 1 83
23 1 92
25 2 71
22 2 74
21 1 54
26 1 98
25 1 67
25 1 68
23 1 57
23 1 58
19 0 57
24 1 56
22 6 54
25 1 56
22 3 50
23 1 85
23 3 146
21 4 129
23 25 247
22 4 201
27 5 294
21 5 131
25 4 145
23 1 62
18 1 21
25 8 59
19 1 45
19 1 44
16 7 38
16 1 15
20 1 46
19 6 41
22 1 54
20 1 32
23 1 56
19 2 31
23 3 75
24 9 60
22 90 41
17 7 42
21 1 54
22 1 39
19 1 42
18 1 64
21 6 47
19 15 30
23 0 40
22 0 43
24 0 41
24 0 45
26 1 52
22 0 38
23 1 37
22 0 32
25 0 34
23 1 42
19 2 36
22 9 34
21 0 38
21 0 21
22 0 34
21 0 30
19 0 29
25 0 25
24 7 26
22 10 22
24 0 26
20 0 32
21 0 21
20 0 18
23 1 34
20 0 21
18 2 24
24 0 30
24 1 38
23 52 33
25 4 40
26 0 38
20 17 33
21 1 33
28 1 36
27 0 27
29 2 30
24 1 25
26 2 21
28 1 40
28 1 25
25 0 24
28 1 30
24 1 17
27 1 21
25 1 22
23 9 17
24 0 18
25 0 17
22 3 37
23 1 33
24 1 40
25 4 19
22 1 21
23 0 34
25 22 18
20 3 71
22 7 85
25 27 64
26 3 66
28 3 119
27 2 111
25 11 81
26 2 99
26 2 96
26 14 139
24 4 70
27 1 40
24 0 33
24 1 21
28 0 43
26 10 40
28 6 40
27 0 44
23 0 39
24 1 52
26 0 53
23 0 45
25 0 56
22 2 54
20 80 42
20 1 55
21 11 43
24 66 52
21 54 43
21 8 42
21 261 72
27 31 102
22 1 92
26 1 79
25 1 95
23 3 84
25 0 88
25 0 79
24 1 102
27 0 92
17 1 76
21 0 73
20 1 81
24 1 80
18 4 62
21 2 78
25 0 80
20 0 57
19 1 65
23 1 79
24 0 155
24 15 327
23 2 368
18 2 217
20 2 177
18 1 194
16 0 51
21 0 57
24 0 66
21 0 61
24 28 58
25 1 81
22 1 80
23 1 61
22 2 61
23 1 55
19 0 49
14 1 33
17 1 51
19 2 58
18 1 50
21 0 53
18 2 36
15 2 27
19 1 33
20 1 30
16 1 28
20 1 31
17 1 25
21 1 28
21 1 35
18 2 31
21 4 24
25 1 34
21 1 19
21 1 31
22 1 34
22 2 25
26 2 51
24 1 28
22 1 43
19 1 42
19 1 31
16 1 28
18 1 27
18 1 34
16 4 17
19 2 47
21 1 25
20 1 38
23 1 37
14 1 12
19 1 37
16 2 98
12 4 93
18 2 188
20 2 109
17 3 103
21 3 192
17 2 68
17 3 46
17 15 62
18 16 149
20 20 57
18 1 12
19 5 16
18 0 20
18 0 11
19 2 22
20 14 37
17 0 18
17 0 18
17 1 19
15 0 18
16 0 19
18 1 21
16 1 20
17 1 13
18 0 20
22 0 41
19 1 34
22 0 43
22 1 29
19 1 15
24 0 24
19 1 30
14 0 19
21 1 30
21 1 15
18 13 25
24 0 38
20 0 30
21 1 21
17 2 11
21 1 14
17 1 19
21 1 23
17 1 23
17 1 20
20 2 27
23 1 46
21 1 42
20 1 33
21 1 39
14 2 21
21 1 42
19 1 35
15 1 26
19 1 87
19 3 158
14 4 138
20 7 253
17 26 156
16 4 113
22 4 248
19 5 102
18 1 41
15 1 36
18 2 39
16 2 72
18 2 51
16 0 26
16 0 43
13 0 27
17 0 47
15 0 49
14 0 26
16 0 55
14 0 78
18 0 87
17 0 58
21 0 88
16 0 54
16 0 58
15 0 41
20 0 101
18 0 65
17 0 60
13 0 30
14 0 48
18 0 234
16 2 339
15 3 229
19 3 224
19 1 393
19 0 68
14 0 32
17 0 69
18 0 55
16 0 38
15 0 60
15 0 42
15 0 34
11 0 38
12 0 9
17 0 39
16 0 22
14 0 24
10 0 26
12 1 30
15 0 40
15 0 34
12 0 23
17 0 27
13 0 14
14 9 17
16 5 22
17 10 44
17 0 46
13 0 27
19 0 33
14 0 18
16 0 29
15 0 24
13 0 19
14 0 44
17 0 57
15 0 23
12 0 11
17 0 99
12 8 126
14 2 82
14 1 186
15 2 73
18 2 126
19 1 209
14 2 119
19 1 50
18 3 189
17 3 30
16 1 21
18 1 22
23 0 33
17 0 20
17 1 22
17 0 34
20 0 43
17 1 37
15 5 34
18 0 54
16 0 31
18 0 32
16 0 20
16 1 37
13 0 14
13 0 28
14 0 36
18 0 58
14 0 13
16 0 25
12 0 24
20 0 41
17 0 29
19 0 36
17 0 17
12 0 14
16 0 35
21 0 50
13 0 21
17 0 28
21 11 27
24 0 45
23 0 29
22 0 25
22 0 37
18 0 18
24 0 47
23 0 21
24 0 33
23 0 32
21 0 27
19 0 19
24 0 44
23 0 31
24 0 32
19 0 35
15 0 17
22 0 35
18 0 28
19 0 44
16 0 20
21 0 49
18 0 28
17 0 34
17 0 25
18 0 37
17 0 24
18 0 43
20 0 28
15 0 34
16 0 27
19 1 42
18 1 36
18 0 29
18 0 52
21 1 31
16 1 26
16 1 33
19 1 47
17 1 67
18 3 215
15 4 167
19 33 215
21 13 367
16 15 249
21 16 128
22 3 75
22 1 114
20 2 94
28 1 111
18 1 68
25 1 100
24 1 120
22 1 101
28 1 107
26 1 110
22 2 88
27 7 134
28 2 371
24 4 414
25 20 373
23 4 273
21 1 69
25 1 79
25 1 66
24 1 44
23 1 92
22 2 45
25 1 70
22 0 58
30 2 89
24 2 73
21 3 69
24 1 71
30 1 99
23 20 100
24 1 65
27 2 71
28 1 94
25 1 88
31 1 98
24 2 75
27 1 66
25 1 51
32 1 83
31 14 106
31 1 78
27 1 59
24 2 48
29 2 94
35 1 122
32 1 218
33 4 390
30 4 316
29 3 282
31 4 211
33 1 95
27 2 82
27 2 94
18 1 59
23 1 87
22 1 75
23 1 82
27 2 68
23 1 77
24 1 72
27 1 45
26 1 88
24 1 44
21 5 53
23 40 41
24 1 53
27 1 53
21 1 42
22 5 33
25 1 58
26 1 58
24 1 52
21 1 42
24 1 49
22 1 40
26 0 48
27 1 61
22 1 44
26 1 55
24 1 53
24 9 88
19 1 74
20 1 71
23 1 81
18 1 69
14 1 56
21 1 99
18 2 177
16 6 148
16 5 182
20 5 180
22 7 165
20 34 213
22 2 145
20 9 162
18 14 145
21 4 234
22 14 235
17 16 145
21 9 133
20 5 232
21 10 58
17 0 41
19 0 54
16 1 39
19 10 35
20 1 69
22 1 39
19 1 82
15 2 47
20 1 43
18 1 48
19 1 42
16 1 29
14 0 26
18 1 49
13 1 41
15 1 38
17 1 48
16 1 43
18 1 41
19 10 50
18 9 47
20 1 45
19 3 67
20 1 107
13 11 131
16 5 161
15 2 173
20 13 256
19 12 197
15 13 214
16 4 116
18 1 83
20 1 67
22 230 52
19 1 65
19 2 65
16 1 51
20 1 72
20 1 64
19 0 58
19 1 70
21 3 88
18 1 62
21 6 65
24 1 60
22 0 62
23 8 65
25 1 71
24 1 56
18 4 67
22 1 78
21 0 59
21 1 71
21 1 54
16 2 52
17 12 96
19 7 69
16 0 43
18 1 35
16 1 33
18 2 61
17 1 37
17 1 35
19 2 134
18 4 112
21 4 151
20 18 154
19 17 214
18 7 179
21 9 159
20 3 163
20 1 50
20 1 65
18 1 55
21 1 53
18 6 55
22 1 68
21 9 63
17 1 34
19 1 49
18 1 50
18 1 39
17 1 51
17 0 112
18 1 44
18 1 48
20 1 50
20 2 58
20 2 50
19 1 57
25 1 72
22 2 48
27 14 61
21 1 82
18 4 229
20 3 252
22 13 271
23 14 197
21 4 171
25 5 173
25 1 61
19 1 44
19 1 35
23 1 49
22 2 45
23 1 54
26 3 55
23 4 47
18 1 61
19 1 38
18 1 37
19 1 35
20 1 44
20 1 44
26 1 48
23 1 39
24 1 41
24 1 41
24 0 38
22 1 44
26 1 50
23 1 62
24 1 40
23 1 43
24 2 62
20 1 182
23 6 149
23 6 146
20 4 115
18 2 151
24 2 179
22 1 146
21 2 172
17 2 107
18 2 68
19 0 47
22 0 46
22 0 43
23 0 85
26 1 59
24 1 50
23 0 56
19 1 55
21 1 63
19 1 67
21 1 66
18 1 42
25 0 74
24 1 60
24 1 63
22 1 121
20 1 46
20 0 46
19 1 41
16 33 52
19 2 33
20 4 36
23 1 45
25 0 57
21 1 30
23 1 38
23 2 61
25 1 58
22 1 42
21 1 45
24 1 93
20 1 43
24 1 44
23 1 31
20 1 44
26 9 43
20 1 47
18 1 51
24 1 61
21 1 48
23 1 53
20 118 214
21 5 149
22 4 239
18 4 165
16 4 192
23 4 256
19 8 53
19 1 48
21 1 47
20 1 36
19 10 65
20 1 50
17 1 36
17 1 35
15 1 30
19 1 59
22 1 69
19 1 37
19 1 34
20 1 58
21 1 41
20 1 49
22 0 70
18 1 43
15 1 42
17 1 49
18 1 44
20 1 55
18 39 73
17 2 43
21 1 48
19 3 44
19 2 41
24 1 52
26 2 64
23 1 37
24 1 44
24 1 55
19 1 39
23 1 47
22 1 39
30 1 49
23 4 48
24 1 53
19 1 38
19 1 41
24 2 63
24 1 50
27 1 55
27 1 105
24 4 230
23 20 210
24 13 242
23 8 209
23 3 220
20 2 134
20 0 42
17 0 30
19 0 33
24 1 91
21 1 46
24 19 58
25 24 108
22 1 108
20 66 44
21 8 49
20 46 39
24 13 93
24 0 68
21 0 68
17 0 41
23 0 64
21 0 66
23 0 63
20 1 64
23 0 52
20 0 35
23 0 61
20 0 49
20 0 43
22 1 51
23 0 73
25 0 49
25 0 41
22 1 62
25 0 47
23 0 41
24 1 42
25 7 48
29 0 41
23 2 74
25 1 54
30 1 65
26 0 180
32 6 328
28 3 225
27 7 219
27 1 210
25 2 148
26 2 131
16 0 32
19 1 42
17 0 29
19 0 48
22 0 75
23 0 63
21 1 58
20 0 62
23 5 79
25 0 84
24 0 79
19 0 32
27 0 72
24 0 67
28 0 69
24 0 64
23 1 67
22 0 55
20 0 55
27 0 54
27 0 55
22 0 45
21 0 54
25 0 157
21 2 211
20 2 153
25 2 236
23 3 163
22 3 130
25 2 230
23 11 138
30 66 67
28 1 57
30 1 80
29 53 57
31 1 92
35 1 70
33 1 88
30 0 49
33 1 53
35 1 56
34 1 54
32 1 44
30 1 28
30 1 74
30 1 77
30 2 72
30 3 250
30 6 197
29 13 240
30 4 195
32 4 197
31 4 98
35 4 76
29 2 65
26 1 62
30 1 40
31 8 36
29 1 41
31 1 80
33 1 64
28 0 62
34 3 82
31 7 68
27 1 54
29 1 65
31 1 102
27 1 38
30 1 48
33 1 57
27 1 32
30 1 43
29 1 131
28 14 127
32 4 167
30 2 139
34 7 266
32 4 333
34 4 182
34 1 79
27 1 91
29 1 58
30 3 82
30 1 62
34 1 75
34 2 88
30 1 99
30 1 65
27 3 73
30 15 94
32 2 168
36 2 307
36 1 204
35 25 191
41 199 103
35 1 76
31 2 78
33 1 84
30 1 83
32 1 86
32 299 91
34 1 99
35 0 103
30 2 77
30 1 84
33 1 128
30 2685 693
30 210 973
29 36 127
28 73 135
32 17 154
32 1 90
29 104 142
33 5 83
28 1 112
36 2 121
33 2 68
34 0 70
36 45 56
31 10 104
30 0 79
30 1 60
27 1 54
26 0 37
30 0 33
30 0 45
31 1 38
26 0 28
29 0 34
30 0 44
32 0 70
30 0 47
30 0 40
33 0 50
30 0 55
30 0 42
35 0 53
34 0 44
34 0 60
34 0 53
34 0 58
33 0 67
35 0 55
30 0 55
33 0 62
30 0 74
32 0 69
35 0 69
31 0 53
36 0 61
35 0 71
37 0 65
35 0 62
33 0 50
35 0 53
36 0 54
35 3 93
31 2 41
37 2 56
35 1 40
41 1 59
39 1 43
42 1 57
35 1 39
37 1 48
38 1 38
34 1 33
37 2 42
34 2 49
35 2 51
40 0 70
37 0 51
39 0 41
37 0 55
35 0 71
39 0 88
38 0 71
35 0 58
38 0 60
42 2 177
36 7 245
35 12 223
34 4 436
39 5 322
31 2 71
30 1 67
37 2 85
36 1 85
32 2 120
31 9 64
28 2 52
29 1 53
28 2 39
27 1 47
28 2 43
34 1 61
27 3 47
28 1 37
21 2 32
28 2 32
29 2 41
26 1 38
23 1 28
24 1 30
25 1 15
23 1 13
26 2 25
23 2 22
22 2 15
24 2 16
19 1 10
25 1 18
27 1 22
18 0 11
22 1 13
23 2 25
21 1 15
22 2 31
17 12 11
23 1 17
25 1 26
25 3 22
25 1 16
24 1 18
26 1 20
