0 4.7381e-14
0.5 9.06972e-14
1 1.72412e-13
1.5 3.25481e-13
2 6.10194e-13
2.5 1.13604e-12
3 2.10041e-12
3.5 3.85654e-12
4 7.03196e-12
4.5 1.27332e-11
5 2.28973e-11
5.5 4.08899e-11
6 7.25154e-11
6.5 1.27711e-10
7 2.23363e-10
7.5 3.87952e-10
8 6.69159e-10
8.5 1.14621e-09
9 1.94977e-09
9.5 3.29371e-09
10 5.52552e-09
10.5 9.20543e-09
11 1.523e-08
11.5 2.5023e-08
12 4.08284e-08
12.5 6.6156e-08
13 1.06454e-07
13.5 1.70113e-07
14 2.69958e-07
14.5 4.25441e-07
15 6.65836e-07
15.5 1.03485e-06
16 1.59726e-06
16.5 2.44825e-06
17 3.72665e-06
17.5 5.63335e-06
18 8.45667e-06
18.5 1.26071e-05
19 1.86645e-05
19.5 2.7441e-05
20 4.00653e-05
20.5 5.80926e-05
21 8.36483e-05
21.5 0.000119613
22 0.000169857
22.5 0.000239536
23 0.000335463
23.5 0.000466553
24 0.00064438
24.5 0.000883826
25 0.00120386
25.5 0.00162843
26 0.00218749
26.5 0.00291815
27 0.00386592
27.5 0.00508607
28 0.00664501
28.5 0.00862171
29 0.011109
29.5 0.0142148
30 0.018063
30.5 0.0227942
31 0.0285655
31.5 0.0355503
32 0.0439369
32.5 0.0539262
33 0.0657285
33.5 0.0795595
34 0.0956344
34.5 0.114162
35 0.135335
35.5 0.159326
36 0.18627
36.5 0.216265
37 0.249352
37.5 0.285512
38 0.324652
38.5 0.366604
39 0.411112
39.5 0.457833
40 0.506336
40.5 0.556101
41 0.606531
41.5 0.656956
42 0.706648
42.5 0.75484
43 0.800737
43.5 0.843548
44 0.882497
44.5 0.916855
45 0.945959
45.5 0.969233
46 0.986207
46.5 0.996534
47 1
47.5 0.996534
48 0.986207
48.5 0.969233
49 0.945959
49.5 0.916855
50 0.882497
50.5 0.843548
51 0.800737
51.5 0.75484
52 0.706648
52.5 0.656956
53 0.606531
53.5 0.556101
54 0.506336
54.5 0.457833
55 0.411112
55.5 0.366604
56 0.324652
56.5 0.285512
57 0.249352
57.5 0.216265
58 0.18627
58.5 0.159326
59 0.135335
59.5 0.114162
60 0.0956344
60.5 0.0795595
61 0.0657285
61.5 0.0539262
62 0.0439369
62.5 0.0355503
63 0.0285655
