-17.1 1.65
-17.1 1.7
-17.1 1.85
-17.1 2
-17.05 1.45
-17.05 1.6
-17.05 1.75
-17.05 1.8
-17.05 1.95
-17 1.5
-17 1.9
-17 2.05
-16.85 1.55
-14.3 1.85
-13.25 1.8
-12.65 1.8
-11.55 1.75
-11.05 1.75
-10.9 0.85
-10.9 0.95
-10.9 1.05
-10.85 0.9
-10.8 1
-9.3 1.7
-7.95 1.6
-7.7 1.6
-7.4 1.6
-6.8 1.55
-6.25 1.5
-6.05 0.6
-5.85 1.55
-5.65 1.55
-5.65 1.6
-4.7 0.55
-4.55 1.45
-4.35 0.5
-4.2 1.45
-4 0.45
-4 1.5
-4 1.55
-3.3 1.4
-3 0.45
-2.65 0.4
-2.55 1.35
-2.55 1.4
-2.45 0.35
-2.4 0.25
-2.4 0.3
-2.4 1.4
-2.35 1.45
-2.35 1.5
-2.35 1.55
-2.35 1.6
-2.35 1.65
-2.35 1.7
-2.35 1.75
-2.35 1.8
-1.6 1.35
-1.6 1.4
-1.55 1.4
-1.5 1.4
-1.45 6.3
-1.4 6.3
-1.35 6.35
-1.3 -0.1
-1.3 0
-1.3 0.05
-1.3 0.1
-1.3 0.15
-1.3 0.2
-1.3 0.25
-1.3 0.3
-1.3 5.6
-1.3 5.75
-1.25 1.25
-1.25 1.3
-1.25 1.35
-1.25 1.4
-1.25 1.45
-1.25 1.5
-1.25 1.55
-1.25 1.6
-1.25 1.65
-1.25 1.7
-1.25 1.75
-1.25 1.8
-1.25 5.8
-1.2 1.6
-1.2 1.65
-1.2 1.7
-1.2 1.75
-1.2 1.8
-1.2 1.85
-1.2 1.9
-1.2 1.95
-1.2 2
-1.2 2.05
-1.2 2.1
-1.2 2.15
-1.2 2.2
-1.2 2.25
-1.2 2.3
-1.2 5.85
-1.15 2.3
-1.15 5.85
-1.1 5.6
-1.05 2.2
-1.05 4.5
-1.05 5.55
-1.05 5.6
-1 5.6
-1 5.65
-0.95 2.05
-0.95 5.95
-0.95 6
-0.95 6.55
-0.95 6.65
-0.95 6.85
-0.95 6.9
-0.9 2
-0.9 2.05
-0.9 6.8
-0.9 7.05
-0.9 7.2
-0.9 7.25
-0.85 2
-0.85 2.9
-0.85 7.25
-0.8 2
-0.8 2.05
-0.8 2.9
-0.8 2.95
-0.8 3
-0.8 3.15
-0.8 7.25
-0.8 7.3
-0.75 2.05
-0.75 7.25
-0.75 7.3
-0.7 -0.7
-0.7 -0.65
-0.7 -0.6
-0.7 -0.55
-0.7 -0.5
-0.7 -0.45
-0.7 -0.4
-0.7 -0.35
-0.7 -0.3
-0.7 -0.25
-0.7 -0.2
-0.7 -0.15
-0.7 2.1
-0.7 2.3
-0.7 7.2
-0.7 7.25
-0.65 2.15
-0.65 6.95
-0.65 7
-0.55 6.6
-0.55 6.65
-0.5 6.6
-0.45 6.6
-0.4 6.6
-0.35 6.65
-0.35 6.75
-0.35 6.95
-0.3 7.1
-0.3 7.2
-0.3 7.25
-0.25 7.25
-0.25 7.3
-0.2 7.35
-0.2 7.55
-0.2 7.6
-0.2 7.65
-0.2 10.9
-0.2 10.95
-0.15 10.95
-0.1 10.95
0 13.95
0 14
0.05 14.1
0.05 14.2
0.05 14.95
0.1 15.2
0.15 15.25
0.2 15.25
0.25 15.25
0.3 15.25
0.35 15.25
0.4 15.25
0.45 15.25
0.5 15.25
0.55 15.25
0.6 15.25
0.7 18.25
0.75 18.25
0.75 18.3
0.8 18.25
0.8 18.3
0.85 18.3
0.9 18.25
0.9 18.3
0.95 -0.45
0.95 -0.4
0.95 18.25
0.95 18.3
1 -0.55
1 -0.5
1 -0.45
1 -0.4
1 -0.35
1 -0.3
1 18.25
1 18.3
1.05 -0.3
1.05 -0.25
1.05 18.25
1.05 18.3
1.1 -0.3
1.1 -0.25
1.1 18.25
1.15 -0.25
1.15 2.75
1.15 2.8
1.15 2.85
1.15 18.25
1.15 18.3
1.2 2.7
1.2 18.25
1.25 2.65
1.25 2.7
1.25 18.25
1.3 2.65
1.3 5.6
1.3 5.65
1.3 18.25
1.35 -0.35
1.35 2.65
1.35 5.55
1.35 5.6
1.35 18.25
1.4 2.65
1.4 5.5
1.4 5.55
1.4 18.2
1.4 18.25
1.45 2.65
1.45 2.7
1.45 5.5
1.45 8.8
1.45 18.25
1.5 -0.4
1.5 -0.35
1.5 -0.3
1.5 2.75
1.5 5.5
1.5 8.8
1.5 18.25
1.55 -0.35
1.55 -0.3
1.55 -0.25
1.55 -0.2
1.55 -0.15
1.55 -0.1
1.55 -0.05
1.55 0
1.55 0.05
1.55 0.1
1.55 0.15
1.55 0.2
1.55 0.25
1.55 0.3
1.55 0.35
1.55 0.4
1.55 5.5
1.55 8.8
1.55 18.2
1.55 18.25
1.6 -1.05
1.6 0.35
1.6 0.4
1.6 0.45
1.6 5.5
1.6 8.75
1.6 8.8
1.6 18.25
1.65 -1.05
1.65 2.1
1.65 2.15
1.65 2.9
1.65 5.5
1.65 5.55
1.65 8.75
1.65 18.2
1.65 18.25
1.7 -1.05
1.7 -1
1.7 2.1
1.7 2.15
1.7 2.2
1.7 2.25
1.7 2.3
1.7 2.35
1.7 2.4
1.7 2.45
1.7 2.5
1.7 2.55
1.7 2.6
1.7 2.65
1.7 2.7
1.7 2.75
1.7 2.8
1.7 2.85
1.7 2.9
1.7 8.75
1.7 12.4
1.7 18.2
1.75 2.15
1.75 8.75
1.75 12.35
1.75 12.4
1.75 18.2
1.75 18.25
1.8 2.15
1.8 5.8
1.8 5.85
1.8 8.75
1.8 8.8
1.8 12.3
1.8 12.35
1.8 18.2
1.8 18.25
1.85 2.15
1.85 4.95
1.85 5.1
1.85 5.15
1.85 5.25
1.85 5.8
1.85 5.85
1.85 12.3
1.85 18.2
1.9 2.15
1.9 4.9
1.9 4.95
1.9 5
1.9 5.05
1.9 5.45
1.9 5.6
1.9 5.7
1.9 5.8
1.9 5.85
1.9 8.75
1.9 12.3
1.9 18.2
1.9 18.25
1.95 2.15
1.95 5
1.95 5.05
1.95 9.2
1.95 9.25
1.95 12.3
1.95 18.2
2 2.15
2 5
2 12.3
2 15.7
2 18.2
2.05 2.15
2.05 5
2.05 9.2
2.05 9.25
2.05 12.25
2.05 12.3
2.05 15.65
2.05 15.7
2.05 18.2
2.1 -2.2
2.1 2.15
2.1 5
2.1 9.2
2.1 15.6
2.1 18.2
2.15 -2.2
2.15 2.2
2.15 15.6
2.15 18.15
2.2 0.5
2.2 18.15
2.2 18.2
2.25 18.2
2.3 0.5
2.3 0.55
2.3 0.6
2.3 0.65
2.35 0.7
2.35 1.75
2.35 1.8
2.35 1.85
2.35 1.9
2.35 1.95
2.35 2
2.35 2.05
2.35 2.1
2.4 1.7
2.4 1.75
2.4 2.2
2.45 1.7
2.45 1.75
2.45 2.25
2.5 1.7
2.55 1.7
2.55 2.55
2.6 -2.6
2.6 1.7
2.65 -2.6
2.65 1.7
2.65 2.55
2.65 2.6
2.7 -2.6
2.7 2.55
2.7 2.6
2.75 -2.6
2.75 1.75
2.75 2.55
2.75 2.6
2.8 -2.6
2.8 2.55
2.8 2.6
2.85 -2.6
2.85 -2.55
2.9 -2.6
2.9 -2.55
2.95 -2.6
3 -2.6
3.05 1.85
3.1 -2.65
3.1 1.8
3.1 1.85
3.15 -2.7
3.15 1.75
3.15 1.8
3.2 1.7
3.2 1.75
3.25 1.7
3.3 1.7
3.35 1.7
3.5 1.75
3.7 -3.15
3.75 -3.15
3.75 -3.1
3.75 -3.05
3.75 -3
3.75 -2.95
3.8 -3.1
3.8 -3.05
3.8 -3
3.8 -2.95
3.8 -2.9
3.8 -2.85
3.8 -2.7
3.8 -2.65
3.85 -2.85
3.85 -2.8
3.85 -2.75
3.85 -2.7
3.85 -2.65
3.9 -2.6
4.2 2
4.25 1.85
4.25 1.9
4.25 1.95
4.3 1.85
4.35 1.8
4.4 1.8
4.5 1.8
4.55 1.8
4.95 1.9
5 1.9
5.25 1.95
5.45 2
5.55 2
5.6 1.75
5.6 1.8
5.6 1.85
5.6 1.9
5.6 1.95
5.6 2
5.65 1.75
5.65 1.8
5.65 1.85
5.65 1.9
5.65 1.95
5.65 2
5.65 2.05
5.7 1.9
5.7 1.95
6 1.75
6.05 1.75
6.5 1.8
6.55 1.85
7.05 1.85
7.1 1.45
7.15 1.6
7.15 1.75
7.15 1.8
7.2 1.4
7.2 1.5
7.2 1.55
7.2 1.6
7.2 1.65
7.2 1.7
7.2 1.75
7.2 1.8
7.3 1.5
7.3 1.55
7.3 1.65
7.35 1.45
8.05 1.45
8.3 1.35
8.3 1.4
8.3 1.5
8.4 1.4
8.5 1.2
8.5 1.3
8.5 1.35
