-17.2 0
-17.2 0.1
-17.2 0.15
-17.2 0.25
-17.2 0.3
-17.2 0.4
-17.2 0.45
-17.2 0.55
-17.2 0.6
-17.15 -0.1
-17.1 -0.15
-17.1 0.05
-17.1 0.2
-17.1 0.35
-17.1 0.5
-17.1 0.65
-17.05 -0.2
-17 -0.25
-16.9 -0.3
-14.4 -0.25
-14.35 0.6
-11.45 0.55
-11.2 -0.25
-11.2 -0.2
-11.15 -0.3
-10.95 -0.15
-10.9 -0.35
-10.75 -0.4
-10.65 -0.55
-10.65 -0.45
-10.6 -0.5
-7.95 0.6
-7.85 -0.3
-7.8 -0.35
-7.55 0.65
-7.4 -0.4
-7.1 -0.4
-6.55 -0.35
-6.3 0.6
-5.95 -0.45
-5.95 -0.4
-5.85 0.65
-5.65 -0.55
-5.65 -0.5
-4.75 -0.4
-4.6 -0.4
-4.55 0.6
-4.25 -0.45
-4.1 -0.55
-4.1 -0.5
-4.05 -0.8
-4.05 -0.75
-4.05 -0.7
-4.05 -0.65
-4.05 -0.6
-4.05 0.65
-4.05 0.7
-2.95 -1.35
-2.95 -1.3
-2.95 -1.25
-2.95 -0.45
-2.9 -1.4
-2.9 -1.35
-2.9 0.6
-2.65 -0.45
-2.6 0.6
-2.45 -0.85
-2.45 -0.8
-2.45 -0.75
-2.45 -0.7
-2.45 -0.65
-2.45 -0.6
-2.45 -0.55
-2.45 -0.5
-2.45 0.65
-2.45 0.7
-2.4 0.75
-2.4 0.8
-1.95 -0.65
-1.9 5.45
-1.85 5.4
-1.85 5.45
-1.85 5.5
-1.8 5.1
-1.8 5.15
-1.8 5.5
-1.8 5.55
-1.75 -0.55
-1.75 5.55
-1.75 5.6
-1.7 -0.55
-1.7 0.65
-1.7 5.55
-1.7 5.6
-1.65 -0.6
-1.65 5.55
-1.65 5.6
-1.6 -0.6
-1.55 -0.6
-1.5 5.25
-1.45 5.1
-1.45 5.15
-1.4 5.1
-1.4 5.15
-1.35 4
-1.3 -0.8
-1.3 -0.75
-1.3 -0.7
-1.3 -0.65
-1.3 -0.6
-1.3 -0.55
-1.3 -0.5
-1.3 -0.45
-1.3 0.6
-1.3 0.65
-1.3 0.7
-1.3 0.75
-1.3 0.8
-1.3 0.85
-1.3 0.9
-1.3 0.95
-1.3 1
-1.3 1.05
-1.3 1.1
-1.3 1.15
-1.3 1.2
-1.3 1.25
-1.3 1.3
-1.3 1.35
-1.3 1.4
-1.3 1.45
-1.3 1.5
-1.3 1.55
-1.3 1.6
-1.3 2
-1.3 2.05
-1.3 2.1
-1.3 2.15
-1.3 2.2
-1.3 2.25
-1.3 4.9
-1.3 4.95
-1.25 -0.8
-1.25 1.55
-1.25 1.6
-1.25 2.25
-1.25 3.2
-1.25 3.3
-1.25 3.35
-1.25 3.4
-1.25 3.5
-1.25 3.6
-1.25 4.9
-1.25 4.95
-1.25 5.05
-1.25 5.15
-1.25 5.2
-1.25 5.3
-1.25 5.45
-1.25 5.6
-1.25 6.1
-1.25 6.2
-1.2 -0.8
-1.2 2.25
-1.2 6.35
-1.2 6.4
-1.2 6.55
-1.2 6.6
-1.15 -0.8
-1.15 2.2
-1.15 2.25
-1.15 6.55
-1.15 6.6
-1.1 -0.8
-1.1 2.2
-1.1 2.25
-1.1 6.6
-1.05 -0.8
-1.05 2.2
-1.05 2.25
-1.05 2.9
-1.05 6.55
-1.05 6.6
-1 -0.8
-1 1.35
-1 2.2
-1 6.4
-0.95 -0.8
-0.95 1.35
-0.95 2.2
-0.95 2.25
-0.95 2.3
-0.95 2.35
-0.95 2.4
-0.95 2.45
-0.95 2.5
-0.95 2.55
-0.95 2.6
-0.95 6.2
-0.9 -0.8
-0.9 1.35
-0.9 6.05
-0.85 -0.8
-0.85 1.35
-0.85 1.4
-0.85 1.65
-0.85 5.95
-0.8 -0.8
-0.8 1.4
-0.8 1.45
-0.8 1.5
-0.8 1.55
-0.8 1.6
-0.8 5.95
-0.75 1.45
-0.75 1.5
-0.75 5.95
-0.75 10.25
-0.75 10.3
-0.75 13.05
-0.75 13.1
-0.7 5.95
-0.7 6
-0.7 10.25
-0.7 10.3
-0.7 13.3
-0.7 13.35
-0.65 6
-0.65 6.05
-0.65 6.5
-0.65 6.55
-0.65 6.6
-0.65 10.25
-0.65 10.3
-0.65 14.4
-0.65 14.5
-0.6 6.6
-0.6 6.65
-0.6 10.3
-0.6 14.55
-0.6 14.6
-0.55 7.15
-0.55 14.6
-0.5 14.6
-0.45 14.6
-0.4 14.65
-0.35 14.65
-0.3 14.6
-0.3 14.65
-0.25 14.65
-0.25 17.7
-0.2 14.65
-0.2 17.7
-0.15 17.7
-0.1 17.65
-0.1 17.7
-0.05 17.65
0 17.7
0.05 17.7
0.1 17.65
0.1 17.7
0.15 17.7
0.2 17.65
0.2 17.7
0.25 17.65
0.25 17.7
0.3 17.65
0.35 17.65
0.4 17.65
0.45 17.65
0.5 17.65
0.55 17.65
0.6 17.65
0.65 17.65
0.7 17.65
0.75 17.65
0.8 17.65
0.85 17.65
0.9 17.65
0.95 -1
0.95 2.2
0.95 2.35
0.95 17.65
1 -1.1
1 -1
1 -0.95
1 -0.9
1 2.15
1 2.2
1 2.25
1 2.3
1 2.35
1 17.65
1.05 -0.9
1.05 -0.85
1.05 2.1
1.05 2.15
1.05 5.05
1.05 17.65
1.1 -0.85
1.1 2.1
1.1 4.95
1.1 5
1.1 8.25
1.1 17.65
1.15 -0.85
1.15 2.05
1.15 2.1
1.15 4.95
1.15 8.2
1.15 11.8
1.15 11.85
1.15 17.65
1.2 -0.85
1.2 2.05
1.2 4.9
1.2 4.95
1.2 8.2
1.2 11.75
1.2 17.65
1.25 2.05
1.25 4.9
1.25 8.2
1.25 11.75
1.25 11.8
1.25 15.15
1.25 17.65
1.3 2.1
1.3 4.9
1.3 8.15
1.3 8.2
1.3 11.75
1.3 15.05
1.3 15.1
1.3 17.65
1.35 -0.95
1.35 4.95
1.35 8.2
1.35 11.7
1.35 11.75
1.35 15
1.35 15.05
1.35 15.1
1.35 17.6
1.35 17.65
1.4 4.95
1.4 8.2
1.4 8.25
1.4 11.7
1.4 11.75
1.4 15
1.4 15.05
1.4 15.1
1.4 17.6
1.45 -1.05
1.45 8.35
1.45 11.7
1.45 11.75
1.45 17.6
1.5 -1.05
1.5 -1
1.5 -0.95
1.5 -0.85
1.5 2.25
1.5 2.3
1.5 5.25
1.5 8.8
1.5 11.7
1.5 11.75
1.55 -1
1.55 -0.95
1.55 -0.9
1.55 -0.85
1.55 -0.8
1.55 -0.75
1.55 -0.7
1.55 -0.65
1.55 -0.6
1.55 -0.55
1.55 -0.5
1.55 -0.45
1.55 -0.4
1.55 -0.35
1.55 -0.3
1.55 -0.25
1.55 -0.2
1.55 -0.15
1.55 1.55
1.55 1.6
1.55 1.65
1.55 1.7
1.55 1.75
1.55 1.8
1.55 1.85
1.55 1.9
1.55 1.95
1.55 2
1.55 2.05
1.55 2.2
1.55 2.25
1.55 2.3
1.55 5.25
1.55 5.3
1.55 8.6
1.55 8.65
1.55 8.7
1.55 8.8
1.55 11.7
1.6 -0.15
1.6 1.5
1.6 1.55
1.6 1.6
1.6 1.65
1.6 1.7
1.6 1.75
1.6 1.8
1.6 1.85
1.6 1.9
1.6 1.95
1.6 2
1.6 2.05
1.6 2.1
1.6 2.15
1.6 2.2
1.6 2.25
1.6 2.3
1.6 4.55
1.6 4.65
1.6 4.75
1.6 5.05
1.6 5.2
1.6 5.25
1.6 5.3
1.6 8.6
1.6 8.65
1.6 8.75
1.65 4.45
1.65 4.5
1.65 4.6
1.65 4.9
1.65 5
1.65 5.1
1.65 5.15
1.65 5.25
1.65 5.3
1.65 7.95
1.65 8.65
1.65 8.75
1.7 -0.2
1.7 1.6
1.7 4.45
1.7 7.75
1.7 8.25
1.7 8.3
1.7 8.35
1.7 8.45
1.7 8.6
1.7 8.65
1.75 -0.2
1.75 1.6
1.75 4.45
1.8 -0.2
1.8 1.6
1.8 4.45
1.85 -0.2
1.85 1.6
1.85 4.45
1.9 1.6
1.9 4.45
1.95 1.6
1.95 4.45
2 -0.25
2 4.45
2.05 4.45
2.1 1.65
2.1 4.3
2.15 4.25
2.15 4.3
2.15 4.35
2.15 4.55
2.2 -0.35
2.2 -0.3
2.2 -0.25
2.2 4.2
2.2 4.5
2.2 4.55
2.25 -0.3
2.25 -0.25
2.25 -0.2
2.25 -0.15
2.25 -0.1
2.25 -0.05
2.25 0
2.25 0.05
2.25 0.1
2.25 1.3
2.25 1.35
2.25 1.4
2.25 1.45
2.25 1.5
2.25 1.55
2.25 1.6
2.25 4.2
2.3 0.1
2.3 0.15
2.3 1.2
2.3 1.25
2.3 1.3
2.3 1.35
2.3 1.4
2.3 1.45
2.3 1.5
2.3 1.6
2.3 4.2
2.35 0.15
2.35 1.2
2.35 1.35
2.35 1.4
2.35 1.45
2.35 1.65
2.4 1.2
2.4 1.7
2.5 1.8
2.5 1.85
2.55 1.85
2.6 1.9
2.6 1.95
2.6 2
2.7 2
2.7 2.05
3 1.3
3 1.35
3.05 1.25
3.05 1.3
3.1 1.25
3.45 -0.15
3.45 -0.1
3.5 -0.15
3.6 -0.1
3.7 -0.1
4 1.4
4.1 1.45
4.15 1.4
4.15 1.45
4.2 1.4
4.25 1.35
4.3 1.35
4.45 1.35
4.5 -0.3
4.7 -0.2
4.7 -0.15
4.7 -0.1
4.75 -0.2
4.85 -0.1
4.9 -0.4
4.9 -0.35
4.95 -0.3
5 -0.4
5 -0.35
5.05 -0.1
5.1 -0.1
5.1 1.5
5.45 1.55
5.5 1.45
5.5 1.5
5.5 1.55
5.55 1.35
5.55 1.4
5.55 1.45
5.55 1.5
5.6 1.4
5.6 1.45
5.6 1.5
5.75 -0.2
5.8 1.35
6.3 -0.25
6.45 1.45
6.55 -0.25
6.65 -0.2
6.7 -0.2
6.95 1.5
7.05 1.45
7.1 1.35
7.1 1.4
7.15 1.35
7.15 1.4
7.15 1.45
7.2 1.45
7.25 1.35
7.45 1.3
7.5 1.1
7.65 1.15
7.65 1.2
7.65 1.25
7.65 1.35
7.7 1.15
7.7 1.2
7.7 1.3
8.2 -0.4
8.2 -0.35
8.2 -0.3
8.2 -0.25
8.2 -0.2
8.25 -0.25
8.25 -0.2
8.3 -0.2
8.35 1.15
8.4 1.1
8.4 1.15
8.45 0.9
8.45 0.95
8.45 1.05
8.5 0.85
8.5 0.9
8.5 0.95
8.5 1
8.5 1.1
8.5 1.3
8.5 1.35
8.5 1.45
8.55 -0.15
8.55 0.85
8.55 0.9
8.55 0.95
8.55 1
8.55 1.05
8.55 1.15
8.55 1.2
8.6 1.05
8.65 0.85
8.65 0.9
8.65 1
8.7 -0.15
8.75 -0.15
8.8 -0.1
8.8 0
8.8 0.05
8.8 0.1
8.8 0.2
8.8 0.8
8.85 0.05
8.85 0.1
8.85 0.15
8.85 0.2
8.85 0.25
8.85 0.3
8.85 0.35
8.85 0.4
8.85 0.45
8.85 0.5
8.85 0.55
8.85 0.6
8.85 0.65
8.85 0.7
8.85 0.75
8.85 0.8
