-13.05 21
-13 21
-13 21.05
-12.95 21
-12.95 21.05
-12.9 21.05
-12.9 21.1
-12.85 21.1
-12.8 21.1
-12.8 21.15
-12.75 21.15
-12.7 21.15
-12.7 21.2
-12.65 21.2
-12.65 21.25
-12.6 21.25
-12.6 21.3
-12.55 21.25
-12.55 21.3
-12.5 21.3
-12.5 21.35
-12.45 21.35
-12.4 21.35
-12.4 21.4
-12.35 21.4
-12.3 21.4
-12.3 21.45
-12.25 21.45
-12.25 21.5
-12.2 21.45
-12.2 21.5
-12.15 21.5
-12.1 21.5
-12.1 21.55
-12.05 21.45
-12.05 21.55
-12 21.55
-12 21.6
-11.95 21.55
-11.95 21.6
-11.9 21.65
-11.85 21.5
-11.85 21.65
-11.8 21.55
-11.8 21.65
-11.8 21.7
-11.75 21.55
-11.75 21.7
-11.7 21.55
-11.7 21.6
-11.7 21.7
-11.65 21.6
-11.65 21.7
-11.6 21.6
-11.6 21.65
-11.55 21.65
-11.5 21.65
-11.5 21.7
-11.45 21.7
-11.4 21.7
-11.4 21.75
-11.35 21.75
-11.3 21.75
-11.3 21.8
-11.25 21.8
-11.25 21.85
-11.2 21.8
-11.2 21.85
-11.1 21.85
-11.05 21.9
-11 21.9
-10.5 20.6
-10.35 19.95
-10.35 20.25
-10.2 20.45
-10 20.1
-9.4 19.05
-9.35 18.95
-9.05 18.3
-8.9 18.3
-7.15 11.1
-7.1 11.1
-7.1 11.15
-7.05 11.1
-7.05 11.15
-7 11.2
-6.95 11.2
-6.9 11.25
-6.85 11.25
-6.8 10.5
-6.8 11.3
-6.7 10.35
-6.55 10.05
-6.4 -6.4
-6.4 -6.3
-6.4 9.75
-6.3 -6.4
-6.3 -6
-6.3 9.5
-6.25 -6.05
-6.15 -6.4
-6.05 -6.25
-6 -6.3
-5.9 8.9
-5.9 8.95
-5.75 -6.15
-5.75 8.6
-5.7 7.85
-5.65 -6
-5.65 7.8
-5.65 7.85
-5.65 8.4
-5.65 8.45
-5.6 -6.05
-5.6 7.7
-5.6 7.85
-5.6 7.9
-5.6 8.25
-5.6 8.3
-5.55 7.9
-5.55 7.95
-5.5 7.5
-5.5 7.55
-5.5 7.9
-5.5 7.95
-5.5 8
-5.5 8.05
-5.45 7.45
-5.45 7.55
-5.45 7.95
-5.45 8
-5.4 8
-5.4 8.05
-5.35 -5.95
-5.35 8.05
-5.25 10.95
-5.2 -6.05
-5.15 -6.1
-4.65 -5.6
-4.6 -5.65
-4.4 9.35
-4.25 9
-4.1 3.6
-4.1 3.65
-4.1 3.7
-4.05 5.4
-4.05 5.45
-4 3.75
-4 5
-4 5.4
-4 5.45
-4 5.55
-4 5.6
-4 5.65
-3.95 5
-3.95 5.05
-3.95 5.1
-3.95 5.4
-3.95 5.45
-3.95 5.65
-3.95 8.5
-3.9 3.8
-3.9 5.05
-3.9 5.1
-3.9 5.15
-3.9 5.4
-3.85 5.1
-3.85 5.15
-3.85 5.45
-3.8 8.2
-3.7 2
-3.7 2.05
-3.65 -4.05
-3.6 1.95
-3.6 2.1
-3.55 1.9
-3.55 7.75
-3.5 2.15
-3.4 2.2
-3.35 -4.7
-3.35 1.75
-3.35 1.8
-3.35 2.25
-3.35 7.35
-3.35 7.4
-3.3 1.85
-3.3 4.3
-3.25 -4.45
-3.25 -4.25
-3.25 3.5
-3.25 4.15
-3.25 4.2
-3.25 4.25
-3.2 -4.25
-3.2 2.25
-3.2 2.3
-3.2 3
-3.2 3.05
-3.2 3.1
-3.2 3.15
-3.2 3.55
-3.2 3.9
-3.2 3.95
-3.2 4.15
-3.15 0.8
-3.15 0.85
-3.15 3.55
-3.15 3.9
-3.15 3.95
-3.15 4
-3.15 7
-3.1 0.7
-3.1 0.75
-3.1 3.55
-3.1 3.6
-3.05 0.6
-3.05 0.65
-3.05 3.6
-3.05 3.65
-3 0.55
-3 0.6
-3 3.65
-3 6.7
-2.95 -4.45
-2.95 0.5
-2.95 0.55
-2.9 -4.5
-2.9 0.6
-2.9 1.35
-2.85 -4.5
-2.85 1.25
-2.85 1.3
-2.85 6.45
-2.8 0.65
-2.8 1.15
-2.8 1.2
-2.8 1.4
-2.8 2.2
-2.75 -4.45
-2.75 0.65
-2.75 1.05
-2.75 1.1
-2.7 0.7
-2.65 -4.4
-2.65 6.05
-2.6 -4.35
-2.6 0.75
-2.55 0.8
-2.5 0.45
-2.5 0.85
-2.5 1.55
-2.5 1.6
-2.5 2.15
-2.5 5.8
-2.45 0.85
-2.45 1.65
-2.45 1.7
-2.45 1.75
-2.45 2.7
-2.45 2.75
-2.45 5.7
-2.4 1.8
-2.4 2.2
-2.35 -4.1
-2.35 1.85
-2.35 2.5
-2.3 -4.15
-2.3 0.95
-2.3 2.25
-2.3 2.4
-2.3 2.45
-2.3 2.5
-2.3 5.45
-2.25 -4.15
-2.25 0.45
-2.25 0.95
-2.25 2.3
-2.2 -4.1
-2.2 0
-2.2 0.05
-2.2 0.4
-2.2 5.2
-2.15 1
-2.1 -4.05
-2.1 -0.15
-2.1 -0.1
-2.1 -0.05
-2.1 5.05
-2.05 -4.05
-2.05 -0.25
-2.05 -0.2
-2 -0.35
-2 -0.3
-1.95 -4
-1.95 -0.4
-1.95 1.1
-1.9 4.7
-1.85 -3.9
-1.85 -0.45
-1.85 -0.4
-1.85 0.45
-1.85 1.15
-1.8 0.1
-1.75 -0.55
-1.75 0.15
-1.75 0.2
-1.75 0.45
-1.75 1.2
-1.7 -0.65
-1.7 0.25
-1.7 0.3
-1.7 0.35
-1.7 0.4
-1.7 4.3
-1.65 -0.65
-1.65 1.2
-1.65 1.25
-1.65 4.2
-1.6 -0.65
-1.6 0.75
-1.6 1.15
-1.6 4.1
-1.55 -0.75
-1.55 -0.7
-1.55 0.8
-1.55 4.05
-1.5 -0.8
-1.5 0.95
-1.5 1
-1.5 1.05
-1.5 3.9
-1.45 -0.9
-1.45 -0.85
-1.45 -0.8
-1.45 0.85
-1.45 3.8
-1.45 3.85
-1.4 -1
-1.4 -0.95
-1.4 -0.9
-1.4 3.65
-1.4 3.75
-1.35 -1.1
-1.35 -1.05
-1.35 -1
-1.35 3.65
-1.35 3.7
-1.3 3.7
-1.3 3.75
-1.25 3.7
-1.25 3.75
-1.2 3.75
-1.2 3.8
-1.15 3.75
-1.15 3.8
-1.15 3.85
-1.1 3.8
-1.1 3.85
-1.05 3.8
-1.05 3.85
-1 3.85
-0.95 3.85
-0.95 3.9
-0.9 3.9
-0.85 3.9
-0.85 3.95
-0.8 3.95
-0.75 3.95
-0.75 4
-0.7 4
-0.65 2.7
-0.65 2.75
-0.65 4
-0.65 4.05
-0.6 2.6
-0.6 2.65
-0.6 2.7
-0.6 4.05
-0.6 4.1
-0.55 2.5
-0.55 2.55
-0.55 2.6
-0.55 4.05
-0.55 4.1
-0.5 2.4
-0.5 2.45
-0.5 2.5
-0.5 4.1
-0.45 2.35
-0.45 2.4
-0.45 4.1
-0.45 4.15
-0.4 2.25
-0.4 2.3
-0.4 4.15
-0.35 2.15
-0.35 2.2
-0.35 2.25
-0.35 4.15
-0.35 4.2
-0.3 2.05
-0.3 2.1
-0.3 2.15
-0.3 4.2
-0.25 1.95
-0.25 2
-0.25 2.05
-0.25 4.2
-0.25 4.25
-0.2 1.85
-0.2 1.9
-0.2 1.95
-0.2 4.25
-0.15 1.8
-0.15 1.85
-0.15 4.25
-0.15 4.3
-0.1 1.7
-0.1 1.75
-0.1 4.3
0 1.6
0 1.65
0 1.7
0 4.35
0.05 1.5
0.05 1.55
0.05 1.6
0.05 4.35
0.1 1.4
0.1 1.45
0.1 1.5
0.1 4.4
0.15 1.35
0.15 1.4
0.15 4.4
0.2 1.25
0.2 1.3
0.2 4.45
0.25 1.15
0.25 1.2
0.25 1.25
0.25 4.45
0.3 1.05
0.3 1.1
0.3 1.15
0.3 4.5
0.35 0.95
0.35 1
0.35 1.05
0.35 4.5
0.4 0.9
0.4 0.95
0.4 4.55
0.45 0.8
0.45 0.85
0.45 0.9
0.45 4.55
0.5 0.7
0.5 0.75
0.5 0.8
0.5 4.6
0.55 0.6
0.55 0.65
0.55 0.7
0.55 4.6
0.6 0.55
0.6 0.6
0.6 4.65
0.65 0.45
0.65 0.5
0.65 0.55
0.65 4.7
0.7 0.4
0.7 0.45
0.7 4.7
0.75 0.35
0.75 4.65
0.75 4.7
0.8 0.25
0.8 0.3
0.8 0.35
0.8 4.55
0.8 4.6
0.8 4.65
0.85 0.2
0.85 0.25
0.85 4.45
0.85 4.5
0.85 4.55
0.9 0.1
0.9 0.15
0.9 4.35
0.9 4.4
0.9 4.45
0.95 0
0.95 0.05
0.95 0.1
0.95 4.25
0.95 4.3
0.95 4.35
1 -0.15
1 -0.1
1 -0.05
1 0
1 4.2
1 4.25
1.05 -0.25
1.05 -0.2
1.05 -0.15
1.05 4.05
1.05 4.1
1.05 4.15
1.05 4.2
1.1 -0.3
1.1 -0.25
1.1 4
1.1 4.05
1.15 -0.5
1.15 -0.45
1.15 -0.4
1.15 -0.35
1.15 3.95
1.2 -0.55
1.25 -0.65
1.25 -0.6
1.3 -0.75
1.3 -0.7
1.35 -0.85
1.35 -0.8
1.4 -0.95
1.4 -0.9
1.4 -0.85
1.45 -1
1.5 -1.1
1.5 -1.05
1.55 -1.2
1.55 -1.15
1.6 -1.25
1.65 -1.35
1.65 -1.3
1.7 -1.45
1.75 -1.6
1.75 -1.5
1.8 -1.6
1.85 -1.75
1.9 -1.8
1.95 -1.9
2 -2
2.05 -2.05
2.1 -2.2
