-2.7 -0.65
-2.7 -0.6
-2.6 -0.55
-2.55 1.05
-2.55 1.1
-2.55 1.15
-2.55 1.2
-2.55 1.25
-2.55 1.3
-2.5 -0.7
-2.5 1.35
-2.45 1
-2.4 2.45
-2.4 2.55
-2.4 2.6
-2.35 2.5
-2.25 -0.45
-2.2 -0.4
-2.2 -0.35
-2.2 -0.3
-2.2 -0.25
-2.2 -0.2
-2.2 0.45
-2.2 0.5
-2.2 0.55
-2.2 3.7
-2.2 3.75
-2.1 2.6
-2.05 2.6
-2 0.3
-2 0.35
-2 1.3
-2 1.35
-2 1.4
-2 1.45
-2 1.5
-2 2.6
-1.95 -0.75
-1.95 0.95
-1.95 2.6
-1.95 3.45
-1.9 2.55
-1.9 2.6
-1.85 2.2
-1.85 2.25
-1.85 2.6
-1.85 2.95
-1.85 3
-1.85 3.05
-1.85 3.1
-1.85 3.15
-1.8 2.1
-1.8 2.6
-1.8 2.9
-1.8 3.2
-1.8 3.25
-1.8 3.3
-1.8 7.45
-1.75 -0.8
-1.75 2.6
-1.75 2.65
-1.75 2.7
-1.75 2.75
-1.75 2.8
-1.75 2.85
-1.75 4.2
-1.75 7.5
-1.7 -0.8
-1.7 0.9
-1.7 4.2
-1.7 7.5
-1.65 -0.1
-1.65 0.9
-1.65 4
-1.65 4.2
-1.65 7.5
-1.6 0.2
-1.6 4
-1.6 4.05
-1.6 4.2
-1.55 -0.8
-1.55 1.55
-1.55 4.2
-1.5 -0.8
-1.5 0.15
-1.5 1.55
-1.5 1.8
-1.5 1.85
-1.5 3.25
-1.5 4.2
-1.5 6.9
-1.5 7.15
-1.45 -0.8
-1.45 0
-1.45 0.05
-1.45 0.1
-1.45 1.6
-1.45 3.3
-1.45 4.15
-1.45 4.2
-1.45 6.45
-1.45 6.9
-1.45 7.15
-1.4 -0.8
-1.4 1.65
-1.4 3.3
-1.4 4.15
-1.4 6.95
-1.35 -0.85
-1.35 -0.8
-1.35 3.3
-1.35 3.35
-1.35 3.7
-1.35 4.1
-1.35 6.95
-1.3 -0.85
-1.3 0.85
-1.3 3.35
-1.3 3.4
-1.25 -0.95
-1.25 -0.85
-1.25 0.85
-1.25 1.95
-1.25 3.4
-1.25 3.45
-1.25 3.5
-1.2 -1.2
-1.2 -1.15
-1.2 -1.1
-1.2 -1.05
-1.2 -1
-1.2 -0.95
-1.2 -0.85
-1.2 1.95
-1.2 3.45
-1.2 3.5
-1.2 3.55
-1.15 1.9
-1.15 1.95
-1.1 0.4
-1.1 1.9
-1.1 1.95
-1.1 3.65
-1.1 3.7
-1.1 6.2
-1.1 6.25
-1.05 0.5
-1.05 0.7
-1.05 0.75
-1.05 0.8
-1.05 1.9
-1.05 3.65
-1.05 6.2
-1 0.55
-1 0.6
-1 0.65
-1 1.9
-1 3.65
-1 6.2
-0.95 1.9
-0.95 3.65
-0.95 6.2
-0.9 1.9
-0.9 1.95
-0.9 2
-0.9 2.05
-0.9 2.1
-0.9 2.15
-0.9 2.5
-0.9 3.65
-0.9 6.2
-0.9 6.25
-0.9 6.3
-0.85 2.15
-0.85 2.2
-0.85 2.3
-0.85 2.5
-0.85 3.65
-0.85 6.45
-0.85 6.5
-0.85 6.55
-0.8 2.2
-0.8 2.25
-0.8 2.3
-0.8 2.5
-0.8 3.65
-0.8 6.45
-0.8 6.5
-0.8 6.55
-0.75 3.65
-0.75 3.7
-0.75 3.75
-0.75 6.45
-0.75 6.5
-0.75 6.55
-0.7 3.8
-0.7 3.85
-0.7 6.45
-0.7 6.5
-0.7 6.55
-0.7 6.65
-0.7 6.9
-0.65 3.8
-0.65 3.85
-0.65 3.9
-0.65 4.1
-0.65 6.9
-0.6 3.85
-0.6 4.1
-0.6 4.2
-0.6 4.25
-0.6 6.9
-0.55 6.9
-0.5 6.9
-0.45 6.9
-0.4 6.9
-0.35 6.9
-0.35 7
-0.3 7.1
-0.3 7.15
-0.25 7.1
-0.25 7.15
-0.25 7.25
-0.25 7.35
-0.2 7.45
-0.2 7.5
-0.2 7.6
-0.2 8.5
-0.15 8.5
-0.15 8.55
-0.1 8.65
-0.1 8.75
0 8.75
0 8.8
0 8.85
0.05 9.05
0.05 9.1
0.1 9.35
0.1 9.4
0.1 9.45
0.15 10.3
0.2 10.35
0.2 10.4
0.25 10.4
0.25 10.45
0.3 10.4
0.3 10.45
0.35 10.4
0.35 10.45
0.4 10.4
0.4 10.45
0.45 -0.55
0.45 -0.5
0.45 -0.45
0.45 -0.4
0.45 -0.35
0.45 -0.3
0.45 0.95
0.45 1
0.45 1.05
0.45 1.1
0.45 1.15
0.45 1.2
0.45 1.25
0.45 1.3
0.45 1.35
0.45 10.4
0.5 -0.35
0.5 -0.3
0.5 -0.25
0.5 -0.2
0.5 -0.15
0.5 0.95
0.5 1
0.5 1.35
0.5 1.4
0.5 1.45
0.5 1.5
0.5 1.55
0.5 1.6
0.5 1.65
0.5 1.7
0.5 1.75
0.55 0.95
0.55 1.75
0.55 1.8
0.55 1.85
0.55 1.9
0.55 1.95
0.55 2
0.55 2.05
0.55 2.1
0.55 2.15
0.55 2.2
0.6 -0.2
0.6 0.95
0.6 1
0.6 2.15
0.6 2.2
0.6 2.25
0.6 2.3
0.6 2.35
0.6 2.4
0.6 2.45
0.6 2.5
0.6 2.55
0.6 2.6
0.65 -0.2
0.65 0.95
0.65 2.6
0.65 2.65
0.65 2.7
0.65 2.75
0.65 2.8
0.65 2.85
0.65 2.9
0.65 2.95
0.7 -0.2
0.7 0.95
0.7 3.15
0.7 3.2
0.7 3.25
0.7 3.3
0.7 3.35
0.75 -0.25
0.75 0.95
0.75 3.6
0.75 3.65
0.8 -0.25
0.8 0.95
0.8 16.75
0.85 -0.25
0.85 0.95
0.9 -0.25
0.9 0.9
0.9 0.95
0.95 -0.25
0.95 0.95
0.95 5.25
0.95 5.35
0.95 21.85
0.95 21.9
1 -0.3
1 -0.25
1 0.9
1 21.85
1.05 -0.25
1.05 0.9
1.05 21.85
1.1 -0.3
1.1 0.9
1.1 21.85
1.1 21.9
1.15 -0.3
1.15 0.9
1.15 6.85
1.15 21.85
1.15 21.9
1.2 -0.3
1.2 0.9
1.2 21.85
1.25 -0.3
1.25 0.9
1.25 21.85
1.3 -0.3
1.3 0.9
1.3 21.85
1.35 -0.35
1.35 -0.3
1.35 0.9
1.35 21.85
1.4 -0.35
1.4 -0.3
1.4 21.85
1.45 9.4
1.45 21.85
1.5 0.85
1.5 21.85
1.55 -0.35
1.55 0.85
1.55 21.85
1.6 -0.35
1.6 0.85
1.6 21.85
1.65 -0.35
1.65 0.85
1.65 21.8
1.65 21.85
1.7 -0.35
1.7 21.8
1.7 21.85
1.75 -0.4
1.75 -0.35
1.75 0.85
1.75 21.8
1.8 -0.35
1.8 21.8
1.85 21.8
1.9 -0.4
1.9 21.8
1.95 -0.4
1.95 0.8
1.95 21.8
2 -0.4
2 21.8
2.05 -0.4
2.05 0.8
2.05 21.8
2.1 -0.4
2.1 21.75
2.1 21.8
2.15 -0.4
2.15 21.75
2.15 21.8
2.2 -0.4
2.2 13.95
2.2 21.75
2.25 14.45
2.25 14.65
2.25 21.75
2.3 0.75
2.3 21.7
2.3 21.75
2.35 -0.45
2.35 0.75
2.35 21.65
2.4 0.75
2.4 15.6
2.4 21.6
2.45 21.6
2.5 21.55
2.5 21.6
2.55 -0.45
2.55 17.3
2.55 21.55
2.6 -0.45
2.6 -0.4
2.6 -0.35
2.6 -0.3
2.6 -0.25
2.6 -0.2
2.6 -0.15
2.6 -0.1
2.6 -0.05
2.6 17.9
2.6 21.55
2.65 -0.2
2.65 -0.15
2.65 -0.1
2.65 -0.05
2.65 0
2.65 0.05
2.65 0.1
2.65 0.15
2.65 0.2
2.65 0.25
2.65 0.3
2.65 0.35
2.65 0.7
2.65 18.25
2.65 21.55
2.7 0.25
2.7 0.3
2.7 0.35
2.7 0.4
2.7 0.45
2.7 0.5
2.7 0.55
2.7 0.6
2.7 0.65
2.7 0.7
2.7 21.55
2.75 0.65
2.75 21.55
2.8 19.55
2.8 21.5
2.8 21.55
2.85 21.5
2.85 21.55
2.9 20.3
2.9 21.5
2.95 21.5
3 21.1
3 21.45
3 21.5
