-18 8.4
-18 8.5
-17.95 8.55
-17.9 8.7
-17.85 8.85
-17.75 9
-17.75 9.05
-17.7 9.15
-17.65 9.2
-17.6 9.3
-17.6 9.35
-17.55 9.45
-17.5 9.5
-17.45 9.6
-17.45 9.65
-17.4 9.75
-17.4 9.8
-17.35 9.8
-17.3 9.9
-17.3 9.95
-17.25 10.05
-17.2 10.1
-17.15 10.2
-17.15 10.25
-17.1 10.25
-17.05 10.35
-17.05 10.4
-17 10.5
-16.95 10.55
-14.9 9.45
-14.85 9.45
-14.8 9.45
-14.75 9.5
-14.7 9.55
-14.5 9.55
-14.4 9.55
-14.35 9.65
-14.1 9.45
-13.35 9.15
-13.3 9.15
-13.25 9.25
-13.25 9.3
-13.2 9.35
-13.15 9.35
-13.15 9.4
-7.75 5.7
-7.75 5.75
-7.7 5.8
-7.65 5.85
-7.65 5.9
-7.6 5.9
-7.6 5.95
-7.55 6
-7.5 6.05
-7.4 6.05
-7.35 6.05
-7.15 5.95
-7.1 5.95
-7 5.9
-6.9 5.85
-6.85 5.85
-6.8 5.85
-6.8 5.9
-6.75 5.9
-6.75 5.95
-6.45 5.75
-6.35 5.7
-6.35 5.75
-6.3 5.75
-6.3 5.8
-6.25 5.8
-6.25 5.85
-6.2 5.85
-6.2 5.9
-6.1 5.85
-6 5.8
-5.85 5.7
-5.85 5.75
-5.7 5.7
-5.65 2.55
-5.65 5.6
-5.65 5.65
-5.65 5.75
-5.6 2.6
-5.6 2.65
-5.6 5.65
-5.6 5.7
-5.6 5.8
-5.55 2.7
-5.55 2.75
-5.55 5.7
-5.55 5.75
-5.5 2.8
-5.5 5.75
-5.5 5.8
-5.45 5.8
-5.15 5.55
-5.1 5.5
-4.85 5.3
-4.75 5.2
-4.6 5.1
-4.55 5.05
-4.5 5.05
-4.45 5
-4.05 4.6
-4 4.6
-3.95 4.5
-3.95 4.65
-3.9 4.55
-3.9 4.7
-3.85 4.55
-3.8 4.45
-3.8 4.55
-3.8 4.6
-3.75 4.35
-3.75 4.5
-3.75 4.6
-3.7 4.35
-3.7 4.5
-3.7 4.55
-3.65 -6
-3.65 4.55
-3.6 4.55
-3.6 4.6
-3.55 4.6
-3.5 4.55
-3.45 4.55
-3.4 4.5
-3.35 4.5
-3.3 4.45
-3.25 4.4
-3.2 4.4
-3.05 4.3
-3 4.2
-3 4.25
-2.95 4.25
-2.9 4.25
-2.85 4.2
-2.85 4.25
-2.8 4.2
-2.75 4.15
-2.75 4.2
-2.7 4.15
-2.65 4.1
-2.6 4.1
-2.55 4.1
-2.5 4.05
-2.45 4.05
-2.4 4
-2.35 4
-2.3 -3
-2.3 3.95
-2.25 -3.05
-2.25 3.95
-2.2 -3.1
-2.2 -3.05
-2.2 3.9
-2.15 -3.1
-2.15 3.9
-2.1 0.6
-2.1 3.85
-2.05 3.85
-2 3.8
-1.95 0.5
-1.95 3.8
-1.9 3.75
-1.9 3.8
-1.85 0.45
-1.85 3.8
-1.85 3.85
-1.85 3.9
-1.8 0.4
-1.8 0.55
-1.8 3.9
-1.75 3.9
-1.75 3.95
-1.7 0.35
-1.7 3.95
-1.7 4
-1.7 4.05
-1.65 4
-1.65 4.05
-1.65 4.1
-1.6 0.3
-1.5 0.25
-1.45 -1.6
-1.4 -1.45
-1.4 -1.4
-1.4 -0.95
-1.4 -0.9
-1.4 0.2
-1.35 -1
-1.35 -0.95
-1.35 0.15
-1.3 -1.25
-1.3 -1.05
-1.3 -1
-1.25 -1.1
-1.25 -1.05
-1.2 0.1
-1.2 0.45
-1.2 0.65
-1.2 0.7
-1.2 0.75
-1.15 0.5
-1.15 0.55
-1.15 0.6
-1.15 0.8
-1.1 0.05
-1.05 0.8
-1.05 2.65
-1 0
-1 2.6
-1 2.65
-0.95 2.6
-0.9 -0.1
-0.9 2.55
-0.85 -0.3
-0.8 -0.2
-0.8 -0.15
-0.75 2.45
-0.75 2.5
-0.7 2.45
-0.65 2.45
-0.6 2.45
-0.55 2.35
-0.5 2.35
-0.45 2.45
-0.45 2.5
-0.4 2.45
-0.4 2.5
-0.35 2.5
-0.35 2.55
-0.3 2.5
-0.3 2.55
-0.25 2.45
-0.25 2.5
-0.2 2.4
-0.2 2.45
-0.15 2.4
-0.1 2.35
-0.1 2.4
0 2.35
0 2.4
0.05 2.4
0.05 2.45
0.1 2.5
0.1 2.55
0.15 2.6
0.15 2.65
0.15 2.7
0.2 2.7
0.25 2.7
0.3 2.65
0.3 2.7
0.35 2.65
0.4 2.6
0.4 2.65
0.45 2.6
0.5 2.6
0.55 2.65
0.65 2.85
0.7 2.95
0.75 3.05
0.8 3.15
0.9 3.3
0.9 3.35
1.05 3.6
1.05 3.65
1.15 3.8
1.25 4
1.35 4.2
1.4 -1.5
1.4 4.3
1.5 -1.55
1.5 4.5
1.65 -1.6
1.65 4.8
1.7 -1.65
1.75 -1.65
1.75 1.25
1.75 1.3
1.8 1.2
1.8 1.25
1.8 1.3
1.8 1.35
1.85 -1.7
1.85 1.2
1.9 1.15
1.9 1.2
1.9 1.4
1.9 1.45
1.95 -1.75
1.95 1.15
1.95 1.5
1.95 1.55
1.95 5.4
2 -1.8
2 1.1
2 1.15
2 1.6
2 1.65
2 5.5
2.05 1.1
2.05 1.7
2.05 1.75
2.05 5.55
2.1 -1.85
2.1 1.05
2.1 1.1
2.1 1.8
2.1 1.85
2.15 1.05
2.15 1.9
2.15 5.8
2.2 -1.9
2.2 1
2.2 2
2.25 -1.9
2.25 1
2.25 2.05
2.25 2.1
2.25 2.15
2.3 -1.95
2.3 0.95
2.3 2.2
2.3 2.25
2.3 2.4
2.3 6.1
2.35 0.95
2.35 2.3
2.35 2.35
2.35 2.4
2.4 -2
2.4 0.9
2.45 0.9
2.45 6.35
2.5 0.85
2.5 2.6
2.55 0.85
2.55 2.7
2.6 0.8
2.6 2.8
2.65 0.8
2.65 2.85
2.65 2.9
2.65 6.75
2.7 0.75
2.7 2.85
2.7 2.9
2.7 2.95
2.75 0.75
2.75 6.95
2.8 0.7
2.8 3.1
2.8 3.15
2.8 3.2
2.8 7
2.85 0.65
2.85 0.7
2.85 3.15
2.85 3.45
2.85 3.5
2.85 7.1
2.9 0.65
2.9 3.3
2.9 3.35
2.9 3.4
2.9 3.45
2.9 3.5
2.95 0.65
2.95 3.55
2.95 7.3
3 0.6
3.05 0.6
3.1 0.55
3.2 0.5
3.25 0.45
3.3 0.45
3.3 8.05
3.35 0.4
3.4 0.4
3.4 8.2
3.45 -2.85
3.45 0.35
3.45 4.55
3.5 0.35
3.5 4.5
3.5 4.6
3.55 -2.9
3.55 -2.85
3.55 0.3
3.6 -2.9
3.6 -2.85
3.6 -2.8
3.6 0.3
3.6 4.85
3.6 4.9
3.65 -2.8
3.65 -2.75
3.65 -2.7
3.65 0.25
3.65 4.85
3.65 4.9
3.7 -2.7
3.7 -2.65
3.7 0.25
3.7 4.8
3.7 5
3.75 0.2
3.8 0.2
3.85 -2.75
3.85 0.15
3.85 5.25
3.9 0.15
3.95 -2.8
3.95 0.1
3.95 5.55
3.95 5.6
3.95 5.65
4 0.1
4 5.4
4 5.45
4 5.5
4 5.55
4 5.6
4 5.7
4.05 0.05
4.1 -2.85
4.15 -2.9
4.15 0
4.15 5.9
4.2 -2.9
4.2 -0.05
4.25 -0.1
4.25 10.05
4.25 10.1
4.3 -0.1
4.3 10.05
4.35 -0.15
4.35 10
4.35 10.05
4.4 -0.15
4.4 6.5
4.4 10
4.45 -0.2
4.45 6.4
4.45 6.45
4.45 6.5
4.45 6.55
4.45 6.6
4.45 10
4.5 -0.2
4.5 6.65
4.5 9.95
4.55 -0.25
4.55 9.95
4.6 -3.15
4.6 9.9
4.65 -0.3
4.65 9.9
4.7 -0.3
4.7 9.85
4.75 -0.35
4.75 9.85
4.8 7.15
4.8 9.8
4.85 -3.3
4.85 -0.4
4.85 7.3
4.85 7.35
4.85 9.75
4.85 9.8
4.9 -0.45
4.9 9.75
4.95 -3.35
4.95 -0.45
4.95 9.7
4.95 9.75
5 -3.35
5 -0.5
5 9.7
5.05 -0.5
5.05 9.65
5.05 9.7
5.1 -3.4
5.1 -0.55
5.1 9.65
5.15 -0.55
5.15 9.5
5.15 9.55
5.15 9.6
5.15 9.65
5.2 -3.4
5.2 -0.6
5.2 7.9
5.2 9.45
5.2 9.5
5.25 -0.6
5.25 9.4
5.25 9.45
5.3 -3.5
5.3 -0.65
5.3 8.05
5.3 8.15
5.3 8.2
5.3 8.25
5.3 9.4
5.35 -3.5
5.35 -0.65
5.35 9.35
5.4 -3.5
5.4 -3.45
5.4 -0.7
5.4 8.45
5.4 9.3
5.4 9.35
5.45 -3.45
5.45 -3.4
5.45 -3.35
5.45 9.3
5.5 -3.35
5.5 -3.3
5.5 -3.25
5.5 -0.75
5.5 8.65
5.5 9.25
5.5 9.3
5.55 -3.25
5.55 -3.2
5.55 9.25
5.6 -3.2
5.6 -3.15
5.6 -3.1
5.6 -0.8
5.6 9.2
5.6 9.25
5.65 -3.1
5.65 -0.8
5.65 8.85
5.65 9.15
5.65 9.2
5.7 9.15
5.75 -0.85
5.75 9.05
5.75 9.1
5.75 9.15
5.8 -2.9
5.8 -2.85
5.8 -0.9
5.85 -2.8
5.85 -2.75
5.85 -2.7
5.9 -2.75
5.9 -2.7
5.9 -2.65
5.9 -0.95
5.95 -2.65
5.95 -2.6
5.95 -2.55
6 -2.55
6 -2.5
6 -2.45
6 -1
6.05 -2.4
6.05 -2.35
6.05 -2.3
6.05 -1
6.1 -2.3
6.1 -2.25
6.1 -2.2
6.2 -1.1
6.4 -1.2
6.45 -1.6
6.45 -1.55
6.45 -1.5
6.45 -1.45
6.45 -1.4
6.45 -1.25
6.5 -1.65
6.5 -1.4
6.5 -1.35
6.5 -1.3
6.85 8.75
6.9 8.7
6.95 8.65
6.95 8.7
7 8.6
7 8.65
7.05 8.6
7.1 8.6
7.15 8.55
7.15 8.6
7.2 8.55
7.25 8.5
7.25 8.55
7.3 8.45
7.35 8.4
7.4 8.4
7.45 8.35
8.05 -2.95
8.05 -2.85
8.1 -2.9
8.1 -2.8
8.1 -2.7
8.15 -2.75
8.15 -2.7
11.4 -6.4
11.45 -6.4
12.4 -4
12.4 -3.9
12.45 -3.75
15.25 -8.5
16.4 -6.5
16.45 -6.35
16.5 -6.6
16.5 -6.2
16.55 -6.45
16.55 -6.05
16.6 -6.3
17.25 -9.55
17.25 -9.5
17.25 -6.95
17.3 -9.5
17.3 -9.4
17.3 -7
17.3 -6.8
17.35 -9.45
17.35 -9.4
17.35 -9.35
17.35 -9.3
17.35 -6.85
17.35 -6.65
17.4 -9.25
17.4 -9.15
17.4 -6.7
17.45 -9.3
17.45 -9.25
17.45 -9.2
17.45 -6.5
17.5 -9.15
17.5 -9.1
17.5 -9
17.5 -6.55
17.5 -6.35
17.55 -9.05
17.55 -8.95
17.55 -6.2
17.6 -8.95
17.6 -6.05
17.65 -5.9
21.75 -10.2
21.85 -10.05
