-16.5 -17.3
-16.5 -17.25
-16.45 -17.35
-16.4 -17.45
-16.3 -17.5
-16.2 -17.6
-16.15 -17.65
-16.05 -17.75
-15.8 -17.75
-15.25 -17.45
-14.9 -15.15
-14.85 -15.2
-14.75 -15.3
-14.7 12.9
-14.55 13.05
-14.5 13.05
-14.5 13.1
-14.45 13.15
-14.45 13.2
-14.4 13.2
-14.35 13.25
-14.35 13.3
-14.3 13.3
-14.3 13.35
-14.25 13.35
-14.25 13.4
-14.2 13.4
-14.2 13.45
-14.15 13.45
-14.15 13.5
-14.1 13.5
-14.1 13.55
-14.05 13.55
-14.05 13.6
-14 13.6
-14 13.65
-13.95 13.65
-13.95 13.7
-13.9 13.7
-13.85 13.75
-13.85 13.8
-13.8 13.8
-13.8 13.85
-13.75 13.85
-13.75 13.9
-13.7 13.9
-13.7 13.95
-13.65 13.95
-13.65 14
-13.6 14
-13.6 14.05
-13.55 14.05
-13.55 14.1
-13.5 14.1
-13.5 14.15
-13.45 14.15
-13.45 14.2
-13.4 14.2
-13.4 14.25
-13.35 14.25
-13.35 14.3
-13.3 14.3
-13.25 14.35
-13.25 14.4
-13.2 14.4
-13.2 14.45
-13.15 14.45
-13.1 14.5
-13.05 14.5
-13.05 14.55
-13 14.6
-12.95 14.65
-12.9 14.65
-12.9 14.7
-12.85 14.7
-12.8 14.75
-12.7 10.9
-12.6 11.05
-12.55 11.15
-12.55 11.2
-11.25 12.95
-11.2 12.95
-11.2 13
-11.15 13
-11.1 13
-11.1 13.05
-11.05 13.1
-11 13.15
-10.95 12.95
-10.95 13.05
-10.95 13.15
-10.9 12.95
-10.9 13.05
-10.85 13.1
-10.85 13.25
-10.8 13.05
-10.65 12.8
-10.65 13
-10.65 13.1
-10.65 13.15
-10.6 12.9
-10.55 12.9
-10.55 13.05
-10.5 12.9
-10.5 13
-10.45 13
-10.4 12.95
-10.4 13
-7 5.8
-7 5.85
-6.95 5.85
-6.95 5.9
-6.9 5.95
-6.9 6
-6.85 6
-6.85 6.05
-5.7 7.2
-5.65 7.2
-5.65 7.25
-5.6 7.25
-5.6 7.3
-5.55 -5.55
-5.55 -5.45
-5.55 7.3
-5.55 7.35
-5.5 7.35
-5.45 7.35
-5.45 7.4
-5.4 -5.2
-5.4 7.4
-5.4 7.45
-5.35 7.45
-5.35 7.5
-5.3 7.45
-5.3 7.5
-5.25 7.5
-5.2 7.4
-5.15 7.4
-5.1 3.7
-5.1 3.75
-5.1 7.3
-5.05 3.75
-5.05 3.8
-5.05 3.85
-5 7.25
-5 7.3
-4.8 7.05
-4.8 7.15
-4.75 7.05
-4.7 3.3
-4.7 7.1
-4.65 3.65
-4.65 7.1
-4.6 3.65
-4.6 7.05
-4.6 7.1
-4.55 3.65
-4.55 3.7
-4.5 3.7
-4.5 3.75
-4.5 3.85
-4.45 3.05
-4.45 3.75
-4.4 6.8
-4.35 2.95
-4.35 6.8
-4.3 6.8
-4.3 6.85
-4.25 6.85
-4.2 6.85
-4.2 6.9
-4.15 6.9
-4.1 6.9
-4.05 2.1
-4.05 2.15
-4 2.2
-4 2.6
-4 6.75
-4 6.8
-3.95 2.25
-3.9 2.3
-3.9 2.35
-3.9 2.4
-3.9 6.75
-3.85 2.4
-3.85 6.6
-3.85 6.65
-3.75 6.55
-3.7 6.55
-3.7 6.6
-3.65 6.55
-3.65 6.6
-3.6 6.6
-3.6 6.65
-3.5 6.55
-3.45 6.55
-3.25 6.25
-3.1 -2.95
-3.1 -2.9
-3 1.6
-3 1.65
-2.95 1.55
-2.95 5.75
-2.9 1.5
-2.75 1.4
-2.7 1.35
-2.65 1.3
-2.6 1.25
-2.55 1.2
-2.5 1.1
-2.5 1.15
-2.5 5.15
-2.45 1.05
-2.45 5.15
-2.45 5.2
-2.4 4.75
-2.4 5.15
-2.4 5.2
-2.35 4.75
-2.35 5.1
-2.35 5.15
-2.3 0.9
-2.3 0.95
-2.3 4.6
-2.25 0.85
-2.25 4.4
-2.25 4.95
-2.2 0.8
-2.2 4.45
-2.2 4.5
-2.15 0.75
-2.15 4.85
-2.1 0.7
-2.1 4.85
-2.05 0.65
-2.05 4.85
-2 0.6
-2 4.75
-2 4.8
-1.95 0.55
-1.95 4.7
-1.95 4.75
-1.9 0.5
-1.9 4.65
-1.9 4.7
-1.85 4.6
-1.85 4.65
-1.8 0.4
-1.8 0.45
-1.8 4.55
-1.8 4.6
-1.75 0.35
-1.75 4.5
-1.75 4.55
-1.65 4.35
-1.65 4.4
-1.65 4.45
-1.6 -1.35
-1.6 4.3
-1.55 4.3
-1.55 4.35
-1.5 4.3
-1.45 4.25
-1.4 0
-1.4 0.05
-1.4 0.1
-1.4 4.15
-1.4 4.2
-1.35 -0.1
-1.35 4.1
-1.35 4.15
-1.3 -0.15
-1.3 4.05
-1.3 4.1
-1.25 -0.2
-1.25 4
-1.25 4.05
-1.2 -0.25
-1.2 4
-1.15 -0.3
-1.15 -0.25
-1.15 3.95
-1.15 4
-1.1 -0.35
-1.1 3.9
-1.05 -0.4
-1.05 -0.35
-1.05 0.15
-1.05 0.4
-1.05 3.85
-1 -0.45
-1 -0.4
-1 0.2
-1 0.25
-1 0.3
-1 0.35
-1 3.75
-1 3.8
-0.95 -0.5
-0.95 -0.45
-0.95 3.75
-0.9 -0.55
-0.9 -0.5
-0.9 3.7
-0.85 3.65
-0.8 3.6
-0.75 3.55
-0.7 3.5
-0.7 3.55
-0.65 3.6
-0.65 3.65
-0.6 3.6
-0.6 3.65
-0.55 3.65
-0.5 3.65
-0.5 3.7
-0.45 3.65
-0.45 3.7
-0.4 3.7
-0.25 2.2
-0.25 2.25
-0.2 2.1
-0.2 2.15
-0.15 2.05
-0.15 2.1
-0.1 2.05
0 1.95
0.05 1.9
0.05 1.95
0.1 1.85
0.1 1.9
0.15 1.8
0.15 1.85
0.2 1.75
0.25 1.75
0.25 1.8
0.3 1.8
0.35 1.85
0.4 1.9
0.45 1.8
0.45 1.9
0.45 1.95
0.5 1.7
0.5 1.75
0.5 1.8
0.5 1.9
0.5 1.95
0.55 1.65
0.55 1.7
0.6 1.65
0.65 1.6
0.65 1.65
0.7 1.65
0.85 1.8
0.9 1.9
0.95 1.85
0.95 1.9
1 1.8
1 1.85
1.05 1.75
1.05 1.8
1.1 1.7
1.1 1.75
1.15 1.7
1.2 1.7
1.95 0
1.95 0.05
2 -0.1
2 -0.05
2 0
2 0.05
2 0.1
2.05 -0.15
2.1 -0.2
2.1 0.1
2.15 -0.25
2.15 0.1
2.15 0.15
2.2 -0.3
2.2 0.15
2.2 0.2
2.25 -0.35
2.25 0.2
2.25 0.25
2.3 -0.4
2.3 0.25
2.3 0.3
2.35 -0.45
2.35 0.3
2.35 0.35
2.4 -0.5
2.4 0.35
2.4 0.4
2.4 2.85
2.45 -0.55
2.45 0.4
2.45 0.45
2.5 -0.6
2.5 0.45
2.5 0.5
2.5 2.95
2.55 -0.65
2.55 0.5
2.55 0.55
2.6 -0.7
2.6 0.55
2.6 0.6
2.65 -0.75
2.65 0.6
2.65 0.65
2.7 -0.8
2.7 0.65
2.7 0.7
2.75 -0.85
2.75 0.7
2.75 0.75
2.8 -0.9
2.8 0.75
2.8 0.8
2.8 3.25
2.85 -0.95
2.85 0.8
2.85 0.85
2.85 0.9
2.9 -1
2.9 0.85
2.9 0.9
2.95 -1.05
2.95 0.95
3 -1.1
3 0.95
3 1
3.05 -1.15
3.05 1
3.05 1.05
3.1 -1.2
3.1 1.05
3.1 1.1
3.15 -1.25
3.15 1.1
3.15 1.15
3.2 -1.3
3.2 1.15
3.2 1.2
3.25 -1.4
3.25 -1.35
3.25 1.2
3.25 1.25
3.3 1.25
3.3 1.3
3.35 -1.5
3.35 -1.45
3.35 1.3
3.35 3.8
3.4 -1.55
3.4 1.35
3.45 -1.55
3.45 1.4
3.5 -1.6
3.5 1.45
3.5 1.5
3.55 1.5
3.55 1.55
3.6 -1.7
3.6 1.55
3.65 1.55
3.65 1.6
3.7 -1.8
3.7 1.65
3.7 1.7
3.7 1.75
3.75 1.7
3.8 -1.9
3.85 1.8
3.9 -2.05
3.9 -2
3.9 1.85
3.95 -2.05
3.95 1.9
4 -2.15
4 -2.1
4 1.95
4.05 -2.15
4.05 2
4.1 -2.25
4.15 -2.25
4.15 2.05
4.15 2.1
4.2 -2.35
4.2 2.15
4.25 -2.35
4.25 2.2
4.3 2.2
4.3 2.25
4.3 4.7
4.35 -2.5
4.35 -2.45
4.35 2.35
4.4 2.3
4.5 -2.65
4.5 -2.6
4.5 2.4
4.5 2.45
4.55 2.45
4.55 2.5
4.55 2.55
4.55 2.6
4.6 -2.75
4.6 2.45
4.6 2.55
4.65 -2.8
4.65 -2.75
4.65 2.65
4.65 5.05
4.75 -2.9
4.75 2.7
4.8 -4.9
4.8 -4.8
4.8 -2.95
4.8 2.75
4.8 2.8
4.85 -4.8
4.9 -4.75
4.9 -4.7
4.9 -3.05
4.9 2.8
4.95 -4.75
4.95 -4.65
4.95 -3.1
5 -4.7
5 -4.65
5 5.4
5.05 -3.2
5.25 -3.4
5.35 -3.5
5.4 -3.6
5.4 3.35
5.4 3.4
5.4 3.45
5.45 -3.6
5.45 3.15
5.45 3.2
5.45 3.25
5.45 3.3
5.45 3.35
5.45 3.4
5.45 3.45
5.45 3.5
5.5 3.1
5.55 -4.2
5.55 -4.15
5.55 -4.1
5.55 -4.05
5.55 -3.7
5.6 -4.05
5.6 -4
5.6 -3.75
5.65 -4
5.65 -3.95
5.7 -3.95
5.7 -3.9
5.7 -3.85
5.7 3.6
5.75 3.7
5.9 3.85
5.95 3.9
6.05 3.9
6.05 3.95
6.15 4.05
6.15 4.1
6.15 4.15
6.5 4.4
6.6 4.45
6.6 4.5
6.7 4.75
6.75 4.65
6.75 4.7
6.75 4.75
6.8 4.75
6.8 4.8
6.95 7.3
7 5
7 7.25
7 7.4
7.05 7.4
7.1 7.4
7.25 5.15
7.25 7.45
7.3 7.4
7.3 7.45
7.35 7.35
7.35 7.4
7.4 7.25
7.4 7.3
7.4 7.35
7.45 7.25
7.5 5.45
7.5 7.2
7.5 7.25
7.55 5.4
7.55 5.45
7.55 5.5
7.55 7.1
7.55 7.15
7.55 7.2
7.6 5.35
7.6 5.55
7.6 5.6
7.6 5.65
7.6 7.1
7.6 7.15
7.65 5.45
7.65 5.65
7.65 6.9
7.65 7.05
7.65 7.1
7.7 5.7
7.7 7
7.7 7.05
7.75 6.9
7.75 6.95
7.75 7
7.8 6.65
7.8 6.7
7.8 6.75
7.8 6.8
7.8 6.85
7.8 6.9
7.85 6.6
7.85 6.65
7.85 6.7
7.85 6.8
7.9 6.55
7.9 6.6
7.95 6.5
7.95 6.55
8 6.45
8 6.5
8.05 6.4
8.05 6.45
8.1 6.05
8.1 6.35
8.1 6.4
8.15 6.3
8.15 6.35
8.2 6.1
8.2 6.2
8.2 6.25
8.2 6.3
8.25 6.1
8.25 6.2
9.6 5
13.6 -11.75
13.65 -11.65
13.75 -11.55
14.9 -13.55
14.9 -13.5
14.95 -13.5
15 -13.35
15.05 -13.4
15.1 -13.25
15.15 -13.25
15.25 -13.1
15.3 -13.1
15.35 -12.95
15.4 -13
