-17.6 0.95
-17.6 1.1
-17.6 1.3
-14.85 0.85
-14.85 0.95
-14.85 1.05
-14.85 1.1
-14.8 0.75
-14.8 1.15
-14.8 1.25
-14.75 0.35
-14.75 0.5
-14.75 0.6
-14.75 0.7
-14.75 0.8
-14.7 0.3
-14.7 0.4
-14.7 0.45
-14.7 0.55
-14.7 0.65
-13.8 0.3
-13.65 0.25
-12 0.25
-11.65 0.25
-11.45 0.2
-10.15 0.25
-10.1 1.05
-10.1 1.1
-10.1 1.15
-10.1 1.2
-10.05 1.25
-9.95 0.2
-8.6 1.2
-8.5 0.25
-8.45 0.2
-8.35 1.2
-8.3 0.15
-8.3 1.25
-8.3 1.3
-8.3 1.35
-6.95 0.25
-6.8 0.15
-6.8 0.2
-6.75 0.1
-6.75 1.25
-6.75 1.3
-6.75 1.35
-6.7 1.4
-6.7 1.45
-5.6 0.25
-5.5 1.25
-5.35 0.25
-5.2 0
-5.2 0.05
-5.2 0.1
-5.2 0.15
-5.2 0.2
-5.2 1.25
-5.2 1.3
-5.2 1.35
-5.2 1.4
-5.2 1.45
-5.15 1.5
-5.15 1.55
-4.35 0.15
-4.15 1.3
-3.85 0.25
-3.75 0.25
-3.6 0.25
-3.55 -0.2
-3.55 -0.15
-3.55 -0.1
-3.55 0
-3.55 0.05
-3.55 0.1
-3.55 0.15
-3.55 0.2
-3.55 1.25
-3.55 1.3
-3.55 1.35
-3.55 1.4
-3.55 1.45
-3.55 1.5
-3.55 1.55
-3.55 1.6
-3.3 -0.15
-2.3 5.35
-2.25 5.3
-2.25 5.35
-2.2 5.35
-2.15 5.35
-2.1 0.2
-2.1 1.25
-2.1 5.35
-2.05 5.35
-2.05 5.4
-2 5.4
-2 9.45
-1.95 -1.9
-1.95 -1.85
-1.95 -1.8
-1.95 -1.75
-1.95 -1.7
-1.95 -1.65
-1.95 -1.6
-1.95 -1.55
-1.95 -1.5
-1.95 -1.45
-1.95 -1.4
-1.95 -1.35
-1.95 -1.3
-1.95 -1.25
-1.95 -1.2
-1.95 -1.15
-1.95 -1.1
-1.95 -1.05
-1.95 -1
-1.95 -0.95
-1.95 -0.9
-1.95 -0.85
-1.95 -0.8
-1.95 -0.75
-1.95 -0.7
-1.95 -0.65
-1.95 -0.6
-1.95 -0.55
-1.95 -0.5
-1.95 -0.45
-1.95 -0.4
-1.95 -0.35
-1.95 -0.3
-1.95 -0.25
-1.95 -0.2
-1.95 -0.15
-1.95 -0.1
-1.95 0.05
-1.95 0.1
-1.95 0.15
-1.95 0.2
-1.95 1.25
-1.95 1.3
-1.95 1.35
-1.95 1.4
-1.95 1.45
-1.95 1.5
-1.95 1.55
-1.95 1.6
-1.95 1.65
-1.95 1.7
-1.95 1.75
-1.95 1.8
-1.95 1.85
-1.95 1.9
-1.95 2.05
-1.95 4.6
-1.95 5.4
-1.95 5.45
-1.95 8.8
-1.95 8.95
-1.95 9.35
-1.95 9.5
-1.95 9.55
-1.9 -1.9
-1.9 0
-1.9 1.35
-1.9 1.8
-1.9 1.9
-1.9 1.95
-1.9 2
-1.9 2.05
-1.9 2.1
-1.9 2.15
-1.9 2.2
-1.9 2.25
-1.9 2.3
-1.9 2.35
-1.9 2.4
-1.9 2.45
-1.9 2.5
-1.9 2.55
-1.9 2.6
-1.9 2.65
-1.9 2.7
-1.9 2.75
-1.9 2.8
-1.9 2.85
-1.9 2.9
-1.9 2.95
-1.9 4
-1.9 4.35
-1.9 4.45
-1.9 5.45
-1.9 8.7
-1.9 9.5
-1.9 9.55
-1.9 12.8
-1.9 12.9
-1.9 13.45
-1.9 13.55
-1.9 16.4
-1.85 2.9
-1.85 2.95
-1.85 3.7
-1.85 3.85
-1.85 3.9
-1.85 4
-1.85 4.1
-1.85 4.15
-1.85 4.2
-1.85 4.25
-1.85 4.3
-1.85 5.45
-1.85 5.5
-1.85 5.6
-1.85 5.65
-1.85 5.7
-1.85 5.75
-1.85 5.85
-1.85 5.9
-1.85 6
-1.85 6.1
-1.85 6.15
-1.85 6.2
-1.85 8.25
-1.85 9.55
-1.85 10.45
-1.85 10.7
-1.85 10.9
-1.85 11.05
-1.85 13.6
-1.85 16.4
-1.85 16.45
-1.8 3.55
-1.8 3.6
-1.8 3.65
-1.8 3.95
-1.8 6.15
-1.8 6.2
-1.8 9.55
-1.8 9.65
-1.8 9.75
-1.8 9.8
-1.8 9.9
-1.8 10.25
-1.8 11.1
-1.8 11.15
-1.8 11.35
-1.8 11.75
-1.8 11.95
-1.8 12.05
-1.8 13.6
-1.8 16.4
-1.8 16.45
-1.75 2.85
-1.75 6.15
-1.75 6.2
-1.75 13.6
-1.75 13.7
-1.75 13.8
-1.75 13.9
-1.75 14
-1.75 14.9
-1.75 16.4
-1.75 16.45
-1.7 16.4
-1.7 16.45
-1.65 6
-1.65 16.4
-1.65 16.45
-1.6 3.25
-1.6 5.95
-1.6 16.45
-1.55 3.5
-1.55 5.95
-1.55 16.45
-1.5 2.5
-1.5 5.95
-1.5 6
-1.5 16.45
-1.45 2.5
-1.45 2.55
-1.45 2.6
-1.45 2.65
-1.45 2.7
-1.45 3
-1.45 6
-1.45 16.45
-1.4 2.55
-1.4 2.7
-1.4 2.75
-1.4 2.8
-1.4 3.2
-1.4 6
-1.4 6.05
-1.4 6.1
-1.4 16.45
-1.35 2.8
-1.35 2.85
-1.35 3.2
-1.35 16.45
-1.3 3.1
-1.3 3.15
-1.3 16.4
-1.3 16.45
-1.25 16.45
-1.2 16.4
-1.2 16.45
-1.15 16.4
-1.15 16.45
-1.1 16.45
-1.05 16.4
-1.05 16.45
-1 16.4
-1 16.45
-0.95 16.4
-0.9 16.4
-0.9 16.45
-0.85 16.4
-0.8 16.4
-0.8 16.45
-0.75 16.4
-0.75 16.45
-0.7 16.4
-0.7 16.45
-0.65 16.4
-0.65 16.45
-0.6 16.4
-0.6 16.45
-0.55 16.45
-0.5 16.4
-0.5 16.45
-0.45 16.4
-0.45 16.45
-0.4 16.4
-0.4 16.45
-0.35 16.4
-0.35 16.45
-0.3 16.4
-0.3 16.45
-0.25 16.4
-0.2 16.4
-0.2 16.45
-0.15 16.4
-0.1 16.4
0 16.4
0.05 16.4
0.1 16.4
0.15 16.35
0.15 16.4
0.2 16.35
0.2 16.4
0.25 16.35
0.25 16.4
0.3 6.4
0.3 6.45
0.3 16.35
0.3 16.4
0.35 6.4
0.35 6.45
0.35 16.35
0.35 16.4
0.4 6.35
0.4 6.45
0.4 16.35
0.45 6.35
0.45 6.4
0.45 16.35
0.5 5.95
0.5 6.35
0.5 6.4
0.5 16.35
0.55 5.95
0.55 16.35
0.55 16.4
0.6 1.4
0.6 5.95
0.6 16.35
0.6 16.4
0.65 5.9
0.65 5.95
0.65 16.35
0.65 16.4
0.7 5.55
0.7 5.9
0.7 16.35
0.75 5.55
0.75 5.6
0.75 16.4
0.8 5.5
0.8 5.55
0.8 16.35
0.8 16.4
0.85 4.7
0.85 4.75
0.85 4.8
0.85 5.2
0.85 5.5
0.85 16.35
0.85 16.4
0.9 4.7
0.9 5.25
0.9 5.5
0.9 16.4
0.95 4.7
0.95 16.4
1 1
1 1.05
1 1.75
1 1.8
1 4.7
1.05 -0.25
1.05 -0.2
1.05 -0.15
1.05 -0.1
1.05 -0.05
1.05 0
1.05 0.05
1.05 0.1
1.05 0.15
1.05 0.2
1.05 0.25
1.05 0.3
1.05 0.35
1.05 0.4
1.05 0.45
1.05 0.5
1.05 0.55
1.05 0.6
1.05 0.65
1.05 0.7
1.05 0.75
1.05 0.8
1.05 0.85
1.05 0.9
1.05 0.95
1.05 1
1.05 1.05
1.05 1.1
1.05 1.15
1.05 1.2
1.05 1.25
1.05 1.3
1.05 1.35
1.05 1.4
1.05 1.45
1.05 1.5
1.05 1.55
1.05 1.6
1.05 1.65
1.05 1.7
1.05 1.75
1.05 1.85
1.05 1.9
1.05 1.95
1.05 2
1.05 2.05
1.05 2.1
1.05 2.2
1.05 2.25
1.05 4.7
1.1 1.25
1.1 1.35
1.1 1.4
1.1 1.5
1.1 1.55
1.1 1.6
1.1 1.65
1.1 1.7
1.1 1.75
1.1 1.85
1.1 1.9
1.1 1.95
1.1 2
1.1 2.05
1.1 2.1
1.1 2.15
1.1 2.2
1.1 2.25
1.1 2.3
1.1 2.35
1.1 2.4
1.1 2.45
1.1 2.5
1.1 2.55
1.1 2.6
1.1 2.65
1.1 2.7
1.1 2.75
1.1 2.8
1.1 2.85
1.1 2.9
1.1 2.95
1.1 3
1.1 4.15
1.1 4.25
1.1 4.4
1.1 4.5
1.1 4.65
1.1 4.7
1.15 3.1
1.15 4.1
1.15 4.15
1.2 -1.3
1.2 -1.25
1.2 4.1
1.2 4.15
1.25 -1.25
1.25 4
1.25 4.1
1.25 4.15
1.25 4.25
1.3 -1.25
1.3 3.95
1.3 4
1.3 4.25
1.3 4.35
1.35 -1.25
1.35 3.95
1.35 4.3
1.4 3.95
1.45 -1.3
1.45 3.95
1.45 4
1.5 -1.3
1.5 4.05
1.55 -1.3
1.6 -1.35
1.6 4.2
1.75 4.35
1.75 4.4
1.8 4.15
1.8 4.2
1.8 4.25
1.8 4.3
1.8 4.35
1.8 4.4
1.8 4.45
1.85 4.4
2.15 -1.8
2.15 -1.75
2.2 -1.8
2.2 -1.75
2.25 -1.75
2.4 -1.85
2.55 -1.95
2.6 -1.95
2.65 -2
2.65 -1.95
2.65 -1.9
2.65 -1.85
2.65 -1.8
2.65 -1.75
2.65 -1.7
2.65 -1.65
2.65 -1.6
2.65 -1.55
2.65 -1.5
2.65 -1.45
2.65 -1.4
2.65 -1.35
2.65 -1.3
2.7 -1.7
2.7 -1.3
2.7 -1.25
2.8 -1.25
2.85 -1.25
2.9 -1.25
3.05 -1.3
3.25 -1.35
3.55 -1.45
3.6 -1.45
3.65 -1.4
3.7 -1.4
3.75 -1.35
3.8 -1.3
3.85 -1.25
3.9 -1.25
3.95 -1.2
4 -1.2
4 -1.15
4.15 -1.25
4.15 -1.2
4.85 -1.35
5.9 -1.55
5.9 -1.5
5.9 -1.45
5.9 -1.4
5.9 -1.35
