-17.25 1.7
-17.25 1.85
-17.25 2
-17.15 1.75
-17.15 1.9
-17.15 2.05
-17.05 2.15
-17.05 2.2
-17 2.3
-13 1.4
-12.4 1.85
-12.4 1.9
-12.4 1.95
-12.4 2
-12.35 2.05
-12.35 2.1
-11.6 2.05
-11.2 1.2
-11.2 1.25
-11.15 1.15
-10.95 2
-10.95 2.05
-9.8 1.9
-9.6 1.05
-9.55 1.9
-9.5 1.95
-9.5 2
-8.55 0.95
-8.15 0.9
-8 0.85
-8 1.85
-8 1.9
-7.95 1.95
-7.8 1.95
-7.6 1.95
-6.9 1.9
-6.8 1.85
-6.75 1.9
-6.7 1.95
-6.65 0.8
-6.55 1.95
-6.5 0.75
-6.4 0.65
-6.4 0.7
-5.35 0.65
-4.85 0.45
-4.85 0.5
-4.85 0.55
-4.85 0.6
-4.75 1.5
-4.75 1.55
-4.7 1.6
-4.7 1.65
-4.65 1.7
-4.65 1.75
-4.6 1.8
-4.6 1.85
-4.55 1.75
-4.15 0.45
-3.25 0
-3.25 0.1
-3.25 0.15
-3.25 0.45
-3.2 -0.1
-3.2 0.05
-3.2 0.2
-3.2 0.25
-3.2 0.3
-3.2 0.35
-3.2 0.4
-3.15 1.4
-3.1 1.45
-3.1 1.5
-3.05 1.55
-2.25 1.35
-2.15 1.4
-1.95 1.35
-1.8 1.3
-1.75 0.3
-1.7 -1.3
-1.7 -1.25
-1.7 -1.2
-1.7 -1.15
-1.7 -1.1
-1.7 -1.05
-1.7 -1
-1.7 -0.95
-1.7 -0.9
-1.7 -0.85
-1.7 -0.8
-1.65 -0.7
-1.65 -0.65
-1.65 -0.6
-1.65 -0.55
-1.65 -0.5
-1.65 -0.45
-1.65 -0.4
-1.65 -0.35
-1.65 -0.3
-1.65 1.3
-1.6 -0.25
-1.6 -0.2
-1.6 -0.15
-1.6 -0.1
-1.6 -0.05
-1.6 0
-1.6 0.05
-1.6 0.1
-1.6 0.15
-1.6 0.2
-1.6 1.3
-1.55 0.25
-1.55 0.3
-1.5 1.3
-1.5 1.35
-1.5 1.45
-1.45 1.45
-1.45 1.5
-1.45 1.55
-1.45 1.6
-1.45 1.65
-1.45 1.7
-1.45 1.75
-1.45 1.8
-1.45 1.85
-1.45 1.9
-1.4 -1.1
-1.4 1.8
-1.4 1.85
-1.4 1.9
-1.4 1.95
-1.4 2
-1.4 5.35
-1.35 -1.15
-1.35 -1.1
-1.35 2
-1.35 2.65
-1.35 2.7
-1.35 2.75
-1.35 2.8
-1.35 2.85
-1.35 2.9
-1.35 5.35
-1.3 -1.15
-1.3 2.6
-1.3 2.85
-1.3 2.9
-1.3 2.95
-1.3 3
-1.3 3.05
-1.3 3.1
-1.3 3.15
-1.3 3.2
-1.3 3.25
-1.3 3.3
-1.3 4.9
-1.3 5.35
-1.3 5.4
-1.25 1.9
-1.25 3.35
-1.25 3.4
-1.25 3.45
-1.25 3.55
-1.25 3.65
-1.25 3.7
-1.25 3.75
-1.25 3.8
-1.25 5.4
-1.2 -1.15
-1.2 -1.1
-1.2 1.85
-1.2 3.85
-1.2 3.95
-1.2 4
-1.2 4.05
-1.2 4.15
-1.2 4.25
-1.2 4.3
-1.2 4.4
-1.2 4.45
-1.2 4.5
-1.2 4.6
-1.2 5.4
-1.15 -1.15
-1.15 1.8
-1.15 5.4
-1.15 5.45
-1.1 1.8
-1.1 5.4
-1.1 5.45
-1.05 1.8
-1.05 2.25
-1.05 5.55
-1.05 5.6
-1.05 5.65
-1 1.8
-1 1.85
-1 5.7
-1 6.05
-1 6.15
-0.95 1.85
-0.95 1.9
-0.95 6.55
-0.95 6.65
-0.95 6.7
-0.9 1.9
-0.9 1.95
-0.9 2
-0.9 7
-0.9 7.15
-0.9 7.2
-0.85 7.6
-0.8 8.1
-0.8 8.6
-0.8 8.65
-0.8 8.8
-0.75 9
-0.75 9.05
-0.75 9.45
-0.75 9.5
-0.7 9.45
-0.7 9.5
-0.65 9.45
-0.65 9.5
-0.6 9.9
-0.55 10.3
-0.55 10.45
-0.55 10.5
-0.5 10.75
-0.5 11.3
-0.5 11.5
-0.5 12.25
-0.45 12.25
-0.45 12.3
-0.4 12.25
-0.4 12.3
-0.35 12.25
-0.35 12.3
-0.3 12.25
-0.3 12.3
-0.25 12.25
-0.25 12.3
-0.2 12.25
-0.2 12.3
-0.15 12.25
-0.1 12.25
0 12.25
0.05 12.25
0.1 12.25
0.15 12.25
0.2 12.25
0.25 12.25
0.3 12.2
0.3 12.25
0.35 12.2
0.35 12.25
0.4 12.2
0.45 12.2
0.5 12.2
0.55 12.15
0.55 12.2
0.6 12.15
0.6 12.2
0.65 12.15
0.7 12.15
0.75 12.15
0.8 12.15
0.85 12.15
0.9 12.15
0.95 1.6
0.95 1.65
0.95 1.7
0.95 1.75
0.95 1.8
0.95 1.85
0.95 1.9
0.95 1.95
0.95 2
0.95 2.05
0.95 12.15
1 1.6
1 2.1
1 2.15
1 2.2
1 2.25
1 2.3
1 2.35
1 12.15
1.05 1.6
1.05 12.1
1.05 12.15
1.1 1.25
1.1 1.3
1.1 1.35
1.1 1.6
1.1 12.1
1.15 0.35
1.15 0.4
1.15 0.45
1.15 0.5
1.15 0.55
1.15 0.6
1.15 1.2
1.15 1.25
1.15 1.3
1.15 1.4
1.15 1.45
1.15 1.6
1.15 2.55
1.15 2.65
1.15 12.1
1.2 0.55
1.2 0.6
1.2 0.65
1.2 1.2
1.2 1.5
1.2 1.55
1.2 1.6
1.2 2.6
1.2 12.1
1.25 1.2
1.25 1.55
1.25 1.6
1.25 12.1
1.3 1.2
1.3 12.1
1.35 -0.45
1.35 -0.4
1.35 -0.35
1.35 -0.3
1.35 -0.25
1.35 -0.2
1.35 1.2
1.35 12.1
1.4 -1.5
1.4 -1.45
1.4 -0.25
1.4 -0.2
1.4 -0.15
1.4 -0.1
1.4 -0.05
1.4 0
1.4 0.05
1.4 0.1
1.4 0.15
1.4 0.2
1.4 0.25
1.4 0.3
1.4 1.2
1.4 5.15
1.4 5.2
1.4 5.25
1.4 5.4
1.4 12.1
1.45 -1.45
1.45 0.65
1.45 0.7
1.45 0.75
1.45 0.8
1.45 0.85
1.45 1.2
1.45 5.15
1.45 12.05
1.5 -1.45
1.5 0.9
1.5 0.95
1.5 1
1.5 1.05
1.5 1.1
1.5 1.15
1.5 1.2
1.5 5.15
1.5 12.05
1.55 -1.45
1.55 5.15
1.55 12.05
1.6 -1.5
1.6 5.15
1.6 12.05
1.65 -1.5
1.65 5.15
1.65 12
1.65 12.05
1.7 -1.55
1.7 5.1
1.7 5.15
1.7 9.65
1.7 9.7
1.7 9.85
1.7 9.9
1.7 12.05
1.75 3.7
1.75 5.1
1.75 5.15
1.75 9.55
1.75 12
1.8 -1.6
1.8 3.85
1.8 3.95
1.8 4
1.8 4.05
1.8 4.1
1.8 4.15
1.8 4.2
1.8 5.1
1.8 5.15
1.8 9.55
1.8 12
1.85 3.9
1.85 4.05
1.85 4.15
1.85 4.35
1.85 4.45
1.85 5.1
1.85 9.15
1.85 9.3
1.85 9.55
1.9 -1.65
1.9 4.55
1.9 4.75
1.9 4.85
1.9 4.95
1.9 5.1
1.9 9
1.9 12
1.95 4.9
1.95 5.1
1.95 8.1
1.95 8.95
1.95 9.45
2 4.9
2 8.1
2 8.85
2 9
2 9.45
2 12
2.05 8.05
2.05 8.1
2.05 8.45
2.05 8.75
2.05 8.95
2.1 8.05
2.1 8.4
2.1 8.85
2.2 8.4
2.25 8.35
2.35 -2.05
2.4 -2.15
2.45 -2.15
2.7 -2.35
2.75 -2.35
2.75 -2.3
2.8 -2.3
2.8 -2.25
2.8 -2.2
2.8 -2.15
2.8 -2.1
2.8 -2.05
2.8 -2
2.8 -1.95
2.8 -1.9
2.85 -2
2.85 -1.95
2.85 -1.9
2.85 -1.85
2.85 -1.8
2.85 -1.75
2.85 -1.7
2.85 -1.65
2.85 -1.6
2.9 -1.6
3 -1.65
3 -1.6
3.05 -1.6
3.15 -1.65
3.3 -1.7
3.45 -1.75
3.6 -1.8
4.15 -2.05
4.4 -2.2
4.4 -2.15
4.4 -2.1
4.45 -2.1
4.45 -2.05
4.45 -2
4.45 -1.95
4.45 -1.9
4.45 -1.85
4.5 -1.9
4.5 -1.85
4.5 -1.8
4.5 -1.75
4.55 -1.7
4.6 -1.75
5.2 -1.95
6.05 -2.15
6.05 -2.1
6.1 -2.05
6.1 -2
