-6.1 2.9
-6.1 3
-6.1 3.05
-6.05 3.1
-4.6 2.75
-4.6 2.8
-4.6 2.85
-4.55 2.9
-4.55 2.95
-4.35 3.1
-4.3 3.05
-4.3 3.15
-4.3 3.2
-4.15 2.95
-4.05 2.85
-2.95 2.7
-2.95 2.75
-2.95 2.8
-2.95 2.85
-2.95 2.9
-2.95 2.95
-2.95 3
-2.95 3.05
-2.95 3.1
-2.95 3.15
-2.9 3.15
-2.9 3.2
-2.9 3.25
-2.9 3.3
-2.9 3.35
-2.9 3.4
-2.9 3.45
-2.9 3.5
-2.9 3.55
-2.9 3.6
-2.9 3.65
-2.85 3.6
-2.85 3.65
-2.85 3.7
-2.8 3.65
-2.8 3.7
-2.75 3.7
-2.7 3.7
-2.65 3.7
-2.6 3.7
-2.55 3.7
-1.85 2.75
-1.8 2.7
-1.75 2.7
-1.7 2.7
-1.65 2.65
-1.6 2.6
-1.6 2.65
-1.55 -1.55
-1.55 -1.5
-1.55 -1.45
-1.55 2.6
-1.55 2.65
-1.5 -0.85
-1.5 -0.8
-1.5 -0.75
-1.5 -0.7
-1.5 -0.65
-1.5 -0.6
-1.5 -0.55
-1.5 -0.5
-1.5 -0.45
-1.5 -0.4
-1.5 -0.35
-1.5 -0.3
-1.5 -0.25
-1.5 -0.2
-1.5 -0.15
-1.5 -0.1
-1.5 0
-1.5 0.05
-1.5 0.1
-1.5 2.6
-1.5 2.65
-1.45 0.2
-1.45 0.25
-1.45 0.3
-1.45 0.35
-1.45 0.4
-1.45 0.45
-1.45 0.5
-1.45 0.55
-1.45 0.6
-1.45 0.65
-1.45 0.7
-1.45 0.75
-1.45 0.8
-1.45 0.85
-1.45 0.9
-1.45 0.95
-1.45 1
-1.45 1.05
-1.45 2.65
-1.4 1.1
-1.4 1.15
-1.4 1.2
-1.4 1.25
-1.4 1.3
-1.4 1.35
-1.4 1.4
-1.4 1.45
-1.4 1.5
-1.4 1.55
-1.4 1.6
-1.4 1.65
-1.4 2.65
-1.4 2.7
-1.35 2.65
-1.3 2.6
-1.3 2.65
-1.3 2.7
-1.3 2.75
-1.3 2.8
-1.3 2.85
-1.3 2.9
-1.3 2.95
-1.3 3
-1.25 2.85
-1.25 2.9
-1.25 2.95
-1.25 3
-1.25 3.05
-1.25 3.1
-1.25 3.15
-1.25 3.2
-1.25 3.25
-1.25 3.3
-1.25 3.35
-1.25 3.4
-1.25 3.45
-1.25 3.5
-1.25 3.55
-1.25 3.6
-1.25 3.65
-1.25 6.7
-1.2 -0.65
-1.2 3.65
-1.2 3.7
-1.2 3.8
-1.2 3.9
-1.2 4
-1.2 4.1
-1.2 4.2
-1.2 4.25
-1.2 4.35
-1.2 6.55
-1.2 6.7
-1.15 -0.65
-1.15 4.3
-1.15 4.4
-1.15 4.5
-1.15 4.6
-1.15 4.8
-1.15 4.95
-1.15 5.05
-1.15 5.1
-1.15 6.7
-1.15 6.75
-1.1 -0.7
-1.1 -0.65
-1.1 5.65
-1.1 5.7
-1.1 6.75
-1.05 -0.9
-1.05 -0.75
-1.05 -0.7
-1.05 6.75
-1 -0.8
-1 -0.75
-1 6.75
-1 6.8
-1 9.45
-1 9.5
-0.95 7
-0.95 7.65
-0.95 7.7
-0.95 8.35
-0.95 8.4
-0.95 8.5
-0.95 8.55
-0.95 8.9
-0.95 9.55
-0.9 9.55
-0.85 9.55
-0.8 9.55
-0.75 9.55
-0.7 9.55
-0.65 9.55
-0.6 9.55
-0.55 9.55
-0.5 9.55
-0.45 9.55
-0.4 9.55
-0.35 9.5
-0.35 9.55
-0.3 9.55
-0.25 9.5
-0.25 9.55
-0.2 9.5
-0.2 9.55
-0.15 9.5
-0.15 9.55
-0.1 9.5
0 9.5
0.05 9.5
0.1 9.5
0.15 9.5
0.2 9.5
0.25 9.5
0.3 9.5
0.35 9.5
0.4 9.45
0.4 9.5
0.45 9.45
0.45 9.5
0.5 9.45
0.55 9.45
0.6 9.45
0.65 9.45
0.7 -0.8
0.7 9.45
0.75 9.45
0.8 -0.85
0.8 -0.8
0.8 -0.75
0.8 -0.7
0.8 9.45
0.85 -0.8
0.85 -0.75
0.85 -0.7
0.85 -0.65
0.85 -0.6
0.85 -0.55
0.85 -0.5
0.85 -0.45
0.85 9.45
0.9 -0.5
0.9 9.45
0.95 -0.5
0.95 -0.45
0.95 9.45
1 -0.5
1 -0.45
1 -0.4
1 -0.35
1 -0.3
1 -0.25
1 -0.2
1 -0.15
1 -0.1
1 -0.05
1 0
1 9.4
1 9.45
1.05 -0.45
1.05 0
1.05 9.4
1.1 0
1.1 9.4
1.15 0
1.15 2.5
1.15 9.4
1.2 0
1.2 2.5
1.2 2.55
1.2 2.6
1.2 2.65
1.2 2.7
1.2 2.75
1.2 2.8
1.2 2.85
1.2 9.4
1.25 0
1.25 2.5
1.25 2.95
1.25 9.35
1.25 9.4
1.3 2.5
1.3 3
1.3 9.35
1.3 9.4
1.35 -0.1
1.35 0
1.35 2.45
1.35 2.5
1.35 6.9
1.35 6.95
1.35 7.05
1.35 7.2
1.35 7.4
1.35 9.35
1.4 -0.1
1.4 0
1.4 2.45
1.4 2.5
1.4 6.9
1.4 9.35
1.45 -0.1
1.45 2.45
1.45 2.5
1.45 6.9
1.45 9.35
1.45 9.4
1.5 -0.1
1.5 0
1.5 0.05
1.5 0.1
1.5 0.15
1.5 2.45
1.5 2.5
1.5 6.55
1.5 6.85
1.5 6.9
1.5 9.4
1.55 0.1
1.55 2.45
1.55 2.5
1.55 6.25
1.55 6.3
1.55 6.45
1.55 6.85
1.55 9.4
1.6 0.05
1.6 1.05
1.6 1.1
1.6 1.15
1.6 1.2
1.6 1.25
1.6 1.3
1.6 1.35
1.6 1.4
1.6 1.45
1.6 1.5
1.6 1.55
1.6 1.6
1.6 1.65
1.6 1.7
1.6 1.75
1.6 2.45
1.6 2.5
1.6 5.8
1.6 5.85
1.6 6.25
1.6 6.35
1.6 9.35
1.6 9.4
1.65 0.05
1.65 0.1
1.65 1.6
1.65 1.65
1.65 1.7
1.65 1.75
1.65 1.8
1.65 1.85
1.65 1.9
1.65 1.95
1.65 2
1.65 2.05
1.65 2.1
1.65 2.15
1.65 2.2
1.65 2.25
1.65 2.3
1.65 2.35
1.65 2.4
1.65 2.45
1.65 5.75
1.65 5.8
1.65 5.85
1.65 6.25
1.65 6.35
1.65 9.35
1.7 0.1
1.7 1.1
1.7 2.25
1.7 2.3
1.7 2.35
1.7 2.4
1.7 2.45
1.7 5.75
1.7 5.8
1.7 6.35
1.7 9.35
1.75 0.1
1.75 1.05
1.75 1.1
1.75 3.65
1.75 3.7
1.75 3.75
1.75 3.8
1.75 3.85
1.75 3.9
1.75 5.75
1.75 5.8
1.8 1.05
1.8 3.95
1.8 4
1.8 4.05
1.8 4.1
1.8 4.15
1.8 4.2
1.8 5.7
1.8 5.75
1.8 5.8
1.85 0.05
1.85 1.05
1.85 5.3
1.85 5.35
1.85 5.7
1.85 5.75
1.85 5.8
1.9 4.45
1.9 5.3
1.9 5.5
1.9 5.65
1.9 5.7
1.9 5.75
1.95 5.25
1.95 5.3
2 1.1
2 5.25
2.05 1.1
2.05 5.2
2.05 5.25
2.1 -0.1
2.1 5.2
2.15 5.2
2.2 5.15
2.2 5.2
2.25 1.15
2.25 5.15
2.25 5.2
2.3 5.15
2.7 1.25
2.75 1.3
2.75 1.35
2.8 1.25
2.85 1.25
2.95 1.15
2.95 1.2
2.95 1.25
3 1.1
3 1.15
3.05 -0.7
3.05 -0.65
3.05 -0.6
3.05 -0.55
3.1 -0.6
3.1 -0.55
3.1 -0.5
3.1 -0.45
3.1 -0.4
3.1 -0.35
3.1 -0.3
3.1 -0.25
3.15 -0.3
3.15 -0.25
3.15 -0.2
3.15 -0.15
3.15 -0.1
3.15 0
3.2 1.1
3.2 1.15
3.25 0.95
3.25 1
3.25 1.05
3.25 1.1
3.25 1.15
3.3 -0.1
3.3 0.95
3.4 -0.1
3.65 0.95
3.7 -0.2
3.75 -0.2
3.85 -0.2
3.95 -0.2
4.15 -0.2
4.25 -0.25
4.4 1.1
4.65 -0.35
4.7 -0.35
4.75 -0.3
4.75 -0.25
4.75 -0.2
4.8 -0.2
4.85 -0.2
4.85 0.85
4.85 0.9
4.85 0.95
4.85 1
4.85 1.05
4.85 1.1
4.85 1.15
4.85 1.2
4.9 0.85
5 -0.2
5.2 -0.25
5.35 0.85
5.4 -0.3
5.45 0.85
6.3 -0.55
6.3 -0.5
6.35 -0.5
6.35 -0.45
6.35 -0.4
6.35 -0.35
6.45 -0.3
6.45 0.7
6.45 0.75
6.45 0.8
6.45 0.85
6.45 0.9
6.45 0.95
6.5 -0.3
6.55 0.7
6.6 0.7
6.8 0.7
7 0.7
7.95 -0.6
8 -0.55
8 -0.5
8 -0.45
8 -0.4
8 -0.35
8.1 0.6
8.1 0.65
8.1 0.7
8.15 -0.45
8.2 0.6
8.3 0.55
8.35 0.55
9.3 0.05
9.3 0.1
9.3 0.15
9.3 0.2
9.35 0.05
9.35 0.1
9.35 0.15
9.35 0.2
9.35 0.25
9.4 0
9.4 0.05
9.4 0.3
9.45 -0.1
9.45 0.3
9.45 0.4
9.45 0.45
9.5 -0.1
9.6 0.4
9.6 0.5
9.65 -0.15
9.7 0.35
9.7 0.45
9.7 0.55
9.75 0.35
9.75 0.45
9.8 -0.7
9.8 -0.65
9.85 -0.65
9.85 -0.6
9.85 -0.55
9.85 -0.5
9.85 -0.45
9.85 -0.35
9.85 -0.2
9.9 -0.5
9.9 -0.4
9.9 -0.35
9.9 -0.3
9.9 -0.25
9.9 -0.2
