-17.55 -0.3
-17.55 -0.15
-17.55 0.05
-17.55 0.2
-12.7 0.45
-12.7 0.55
-12.1 0.65
-11.6 0.5
-11.6 0.6
-11.6 0.7
-11.4 0.75
-11.15 0.8
-9.95 0.85
-9.55 0.9
-9.35 0.95
-8.35 0.95
-8.15 1
-7.8 1.05
-7.65 1.1
-6.6 1.1
-6.2 1.15
-6 1.1
-6 1.2
-6 1.25
-6 1.3
-4.6 1.25
-4.5 1.3
-4.3 1.3
-4.15 1.3
-4.1 1.35
-3.85 1.35
-3.85 1.4
-3.85 1.45
-3.3 2.15
-3.3 2.2
-3.3 2.25
-3.25 1.35
-3 1.35
-2.95 1.4
-2.95 1.9
-2.85 1.8
-2.8 1.45
-2.8 1.5
-2.8 1.55
-2.8 1.6
-2.8 1.65
-2.8 1.7
-2.6 1.8
-2.4 1.75
-2.4 1.8
-2.35 1.8
-2.3 1.8
-2.05 1.7
-2 7.1
-2 7.15
-2 7.25
-2 7.3
-2 7.35
-2 7.45
-1.95 6.75
-1.95 7.45
-1.9 7.35
-1.9 9.8
-1.9 9.85
-1.9 14.45
-1.85 1.6
-1.85 7.3
-1.85 7.4
-1.85 7.45
-1.85 7.5
-1.85 9.85
-1.8 7.4
-1.8 9.85
-1.8 10.85
-1.8 11.05
-1.8 11.1
-1.8 11.15
-1.8 11.35
-1.75 2.9
-1.75 2.95
-1.75 3
-1.75 3.05
-1.75 3.1
-1.75 3.15
-1.75 9.85
-1.75 9.9
-1.75 10.15
-1.75 11.35
-1.75 11.4
-1.75 14.45
-1.7 2.05
-1.7 2.1
-1.7 2.15
-1.7 2.2
-1.7 2.25
-1.7 2.3
-1.7 2.35
-1.7 2.4
-1.7 2.45
-1.7 2.5
-1.7 2.55
-1.7 2.6
-1.7 2.65
-1.7 2.7
-1.7 2.75
-1.7 2.8
-1.7 2.85
-1.7 3.1
-1.7 3.15
-1.7 3.2
-1.7 7.05
-1.7 11.4
-1.7 14.45
-1.65 1.5
-1.65 1.55
-1.65 1.6
-1.65 1.65
-1.65 1.7
-1.65 1.75
-1.65 1.8
-1.65 1.85
-1.65 1.9
-1.65 1.95
-1.65 2
-1.65 2.05
-1.65 2.1
-1.65 2.15
-1.65 7
-1.65 11.4
-1.65 14.5
-1.6 0.4
-1.6 0.45
-1.6 0.5
-1.6 7
-1.6 7.05
-1.6 11.4
-1.6 14.5
-1.55 -0.4
-1.55 -0.35
-1.55 -0.3
-1.55 -0.25
-1.55 -0.2
-1.55 -0.15
-1.55 -0.1
-1.55 0
-1.55 0.05
-1.55 0.1
-1.55 0.15
-1.55 0.2
-1.55 0.25
-1.55 0.3
-1.55 0.35
-1.55 3
-1.55 7.05
-1.55 11.65
-1.55 14.5
-1.5 -0.7
-1.5 -0.65
-1.5 -0.6
-1.5 -0.55
-1.5 -0.5
-1.5 -0.45
-1.5 7.05
-1.5 14.5
-1.45 -1.45
-1.45 -1.4
-1.45 7.05
-1.45 7.1
-1.45 11.65
-1.45 14.5
-1.4 2.75
-1.4 7.1
-1.4 14.5
-1.35 2.7
-1.35 14.5
-1.3 2.7
-1.3 14.5
-1.25 -0.65
-1.25 2.7
-1.25 3.4
-1.25 14.5
-1.2 -0.9
-1.2 -0.85
-1.2 -0.65
-1.2 2.7
-1.2 2.75
-1.2 3.4
-1.2 14.5
-1.15 -1.05
-1.15 -1
-1.15 -0.95
-1.15 -0.9
-1.15 -0.75
-1.15 -0.7
-1.15 -0.65
-1.15 2.75
-1.15 2.8
-1.15 2.85
-1.15 3
-1.15 3.45
-1.15 3.55
-1.15 3.7
-1.15 3.8
-1.15 3.85
-1.15 4
-1.15 4.1
-1.15 14.5
-1.1 2.85
-1.1 2.9
-1.1 14.5
-1.05 14.5
-1 14.5
-0.95 14.5
-0.9 14.5
-0.85 14.5
-0.8 14.5
-0.75 14.5
-0.7 14.5
-0.65 14.5
-0.65 14.55
-0.6 14.5
-0.55 14.5
-0.55 14.55
-0.5 14.55
-0.45 14.5
-0.45 14.55
-0.4 14.55
-0.35 14.55
-0.3 14.55
-0.25 14.55
-0.2 14.55
-0.15 14.55
-0.1 14.55
0 14.55
0.05 14.55
0.1 11.95
0.1 12
0.15 11.9
0.2 8.7
0.2 11.9
0.25 8.65
0.25 8.7
0.3 8.65
0.35 8.65
0.35 8.7
0.4 5.2
0.4 8.65
0.4 8.7
0.45 5.15
0.45 8.65
0.45 8.7
0.5 5.1
0.5 5.15
0.5 8.65
0.5 8.7
0.55 5.1
0.55 8.65
0.55 8.7
0.6 2
0.6 5.1
0.6 8.65
0.6 8.7
0.65 1.9
0.65 1.95
0.65 5.1
0.65 8.65
0.65 8.7
0.7 1.85
0.7 1.9
0.7 5.1
0.7 5.15
0.7 8.7
0.75 -0.85
0.75 -0.8
0.75 -0.75
0.75 1.85
0.8 -0.8
0.8 -0.75
0.8 -0.7
0.8 1.85
0.85 -0.7
0.85 -0.65
0.85 1.85
0.85 5.6
0.85 5.7
0.9 -0.65
0.9 1.85
0.9 5.7
0.95 -0.65
0.95 5.6
0.95 5.65
0.95 5.7
1 -0.65
1 2
1 4.85
1 5
1 5.2
1 5.45
1 5.5
1 5.6
1.05 -0.65
1.05 2.05
1.05 4.2
1.05 4.3
1.05 4.4
1.05 4.55
1.05 4.7
1.05 4.75
1.05 4.8
1.1 4.2
1.1 4.25
1.15 2.1
1.15 2.15
1.15 4.25
1.2 1.4
1.2 1.45
1.2 1.5
1.2 1.55
1.2 1.6
1.2 1.65
1.2 1.7
1.2 1.75
1.2 1.8
1.2 1.85
1.2 1.9
1.2 1.95
1.2 2
1.2 2.05
1.2 2.1
1.2 2.15
1.2 4.25
1.25 1.3
1.25 1.35
1.25 1.4
1.25 1.45
1.25 1.5
1.25 1.55
1.25 1.6
1.25 1.65
1.25 4.25
1.3 -0.85
1.3 -0.8
1.3 -0.4
1.3 4.25
1.35 -0.9
1.35 -0.85
1.35 -0.8
1.35 -0.75
1.35 -0.7
1.35 -0.65
1.35 -0.6
1.35 -0.55
1.35 -0.5
1.35 -0.45
1.35 -0.4
1.35 -0.35
1.35 4.25
1.4 1.4
1.4 4.2
1.4 4.25
1.45 -0.4
1.45 1.45
1.45 4.25
1.5 -0.4
1.5 1.45
1.5 4.2
1.55 -0.4
1.55 1.45
1.6 -0.4
1.6 1.45
1.65 -0.4
1.65 1.45
1.7 -0.4
1.7 1.45
1.75 1.3
1.75 1.35
1.75 1.4
1.75 1.45
1.8 -0.4
1.8 1.25
1.8 1.3
1.85 1.25
1.9 1.25
1.95 1.2
1.95 1.25
2 -0.5
2 -0.45
2 -0.4
2 -0.35
2 -0.3
2 -0.25
2 -0.2
2 -0.15
2 -0.1
2 -0.05
2 0
2 1.2
2.05 -0.45
2.05 -0.35
2.05 -0.3
2.05 -0.25
2.05 -0.2
2.05 0
2.1 0.05
2.15 0.05
2.25 1.3
2.65 1.5
2.7 1.5
2.75 1.5
2.8 1.5
2.85 1.5
3 -0.1
3.05 -0.1
3.1 0
3.15 0
3.2 0.05
3.2 1.15
3.2 1.2
3.2 1.25
3.2 1.65
3.25 0.05
3.25 1.05
3.25 1.1
3.25 1.15
3.3 1
3.3 1.05
3.3 1.3
3.35 1
3.35 1.35
3.4 0.95
3.4 1.35
3.4 1.4
3.45 0.95
3.45 1.4
3.45 1.45
3.55 1.5
3.6 0.95
3.6 1.8
3.65 1.55
3.65 1.6
3.65 1.7
3.65 1.75
3.7 1.6
3.7 1.65
3.7 1.7
4.25 1
4.25 1.05
4.3 0.95
4.3 1
4.35 0.9
4.35 0.95
4.4 0.9
4.7 0.95
4.8 0.2
4.8 0.25
4.8 0.3
4.8 0.35
4.85 0.15
4.85 0.35
4.85 0.4
4.85 0.45
4.9 0.15
4.9 0.45
4.9 0.5
4.9 0.55
4.95 0.55
5 0.1
5.05 0
5.05 0.05
5.05 0.1
5.2 0
5.25 -0.25
5.25 -0.15
5.25 0
5.35 -0.2
5.35 -0.15
5.35 -0.1
5.4 -0.2
5.45 -0.15
5.45 -0.1
6.15 1.05
6.15 1.15
6.15 1.2
6.2 0.95
6.2 1
6.2 1.05
6.2 1.1
6.2 1.15
6.25 0.9
6.25 0.95
6.25 1
6.3 0.9
6.35 0.8
6.35 0.85
6.4 0.7
6.4 0.8
6.75 0.8
6.9 0.65
6.9 0.75
7.8 0.7
7.8 0.75
7.8 0.8
