-18.35 -16.55
-18.2 -16.7
-18.1 -16.85
-17.45 -17.65
-17.3 -17.8
-17.15 -17.95
-17.05 -18.05
-17 -18.1
-16.95 -18.2
-16.75 -18.35
-16.6 -18.5
-15.15 -17.15
-14.45 13.5
-14.4 13.55
-14.35 13.6
-14.3 13.65
-14.3 13.7
-14.25 13.7
-14.25 13.75
-14.2 13.75
-14.2 13.8
-14.15 13.8
-14.1 13.85
-14.05 13.9
-14.05 13.95
-14 13.95
-14 14
-13.95 14
-13.95 14.05
-13.9 14.05
-13.9 14.1
-13.85 14.1
-13.8 14.15
-13.8 14.2
-13.75 14.2
-13.75 14.25
-13.7 14.25
-13.7 14.3
-13.65 14.3
-13.65 14.35
-13.6 14.35
-13.6 14.4
-13.55 14.4
-13.55 14.45
-13.5 14.45
-13.45 14.5
-13.45 14.55
-13.4 14.55
-13.4 14.6
-13.35 14.6
-12.55 -14.45
-12.45 11.1
-12.45 11.15
-12.45 11.2
-12.4 11
-12.4 11.2
-12.4 11.25
-12.35 11.25
-12.35 11.3
-12.3 11.35
-12.25 11.35
-12.25 11.4
-12.2 11.45
-11.95 10.55
-11.7 12.8
-11.65 10.2
-11.65 12.8
-11.65 12.85
-11.6 12.85
-11.55 12.85
-10.95 -12.8
-10.3 -11.7
-10.2 -11.8
-10.1 -11.85
-9.9 -11.8
-9.4 8.1
-9.4 8.15
-9.4 8.2
-9.35 10.45
-9.35 10.5
-9.3 10.45
-9.3 10.5
-9.25 10.5
-9.2 -11
-9.2 10.5
-9.15 10.5
-9.15 10.55
-9.15 10.6
-9.1 10.55
-9.1 10.6
-9.05 10.6
-8.7 -10.5
-8.4 -10.2
-7.55 -9.3
-7.55 -9.05
-7.4 -9.2
-7.05 5.15
-7.05 5.2
-7 5.2
-7 5.25
-6.95 5.25
-6.95 5.3
-6.95 6
-6.9 5.3
-6.85 -8.6
-6.85 5.3
-6.8 4.9
-6.75 4.8
-6.75 8
-6.7 4.8
-6.7 8
-6.65 5.6
-6.65 5.65
-6.65 5.7
-6.65 8
-6.6 -8.35
-6.6 8
-6.6 8.05
-6.55 -8.35
-6.55 5.45
-6.55 8.05
-6.55 8.1
-6.5 -8.35
-6.5 8.1
-6.5 8.15
-6.45 4.5
-6.45 5.05
-6.45 5.3
-6.45 8.15
-6.4 -8.3
-6.4 4.5
-6.4 5.05
-6.4 8.2
-6.4 8.25
-6.35 5.05
-6.35 5.15
-6.35 8.15
-6.3 5.05
-6.3 5.15
-5.9 3.8
-5.9 3.85
-5.9 4.05
-5.85 3.85
-5.85 3.9
-5.85 3.95
-5.65 -7.35
-5.45 -7.15
-5.35 -7.1
-5.2 7.75
-5 -6.75
-5 -6.7
-4.7 -6.4
-4.6 0.55
-4.6 0.6
-4.6 0.65
-4.4 -6.15
-4.4 -6.1
-4.4 5.7
-4.4 5.75
-4.35 -5.95
-4.35 5.75
-4.3 5.75
-4.3 6.45
-4.25 5.75
-4.25 5.8
-4.25 6.2
-4.2 5.8
-4.2 5.85
-4.2 6.2
-4.2 6.25
-4.15 -5.85
-4.15 5.85
-4.15 5.9
-4.15 5.95
-4.15 6.1
-4.15 6.25
-4.1 5.95
-4.05 -5.75
-4.05 6.15
-4.05 6.25
-3.95 -5.65
-3.95 6.1
-3.8 5.95
-3.7 -5.4
-3.7 5.9
-3.6 0.7
-3.6 2.35
-3.55 1.75
-3.55 1.8
-3.55 1.85
-3.5 -5.2
-3.5 -5.15
-3.5 1.7
-3.5 1.85
-3.35 1.6
-3.3 -5
-3.3 1.55
-3.25 1.5
-3.2 1.45
-3.2 1.75
-3.2 2.1
-3.15 -4.85
-3.15 0.75
-3.15 1.4
-3.1 1.35
-3.05 0.8
-3.05 1.3
-3.05 1.8
-3.05 1.85
-3.05 1.95
-3 -4.7
-3 0.85
-3 0.9
-3 1.25
-2.95 0.95
-2.95 1.2
-2.9 1
-2.9 1.15
-2.85 -2.7
-2.85 1.1
-2.8 1.05
-2.75 -4.45
-2.75 -4.4
-2.4 3.8
-2.35 -4
-2.35 3.8
-2.3 -3.95
-2.3 3.75
-2.3 3.8
-2.25 -3.9
-2.25 3.75
-2.25 3.8
-2.25 4.3
-2.25 4.45
-2.2 -3.85
-2.2 3.8
-2.2 4.15
-2.2 4.3
-2.2 4.35
-2.15 -3.8
-2.15 3.8
-2.15 3.85
-2.15 4.05
-2.15 4.3
-2.15 4.35
-2.15 4.4
-2.1 -3.75
-2.1 3.85
-2.1 3.9
-2.1 3.95
-2.05 -3.7
-2.05 4.25
-2 -3.65
-2 4.2
-1.95 -3.6
-1.95 4.15
-1.95 4.2
-1.9 4.1
-1.9 4.15
-1.85 -3.5
-1.85 4.05
-1.8 4
-1.75 -3.35
-1.75 3.95
-1.75 4
-1.7 3.9
-1.65 -3.3
-1.65 3.85
-1.6 3.8
-1.6 3.85
-1.55 3.8
-1.5 3.85
-1.5 3.9
-1.45 3.9
-1.45 3.95
-1.4 -0.35
-1.4 3.95
-1.4 4
-1.4 4.65
-1.4 4.7
-1.35 -0.35
-1.35 0.5
-1.35 4
-1.35 4.05
-1.35 4.7
-1.3 0.45
-1.3 4.05
-1.3 4.1
-1.3 4.15
-1.3 4.7
-1.3 4.75
-1.25 0.4
-1.25 4.7
-1.25 4.75
-1.2 -0.1
-1.2 0.35
-1.2 4.65
-1.2 4.75
-1.15 0
-1.15 0.3
-1.15 4.65
-1.15 4.7
-1.15 4.8
-1.1 -0.65
-1.1 -0.6
-1.1 -0.55
-1.1 0.05
-1.1 4.7
-1.1 4.75
-1.1 4.85
-1.05 -0.7
-1.05 -0.65
-1.05 -0.15
-1.05 0.25
-1.05 4.75
-1 -0.75
-1 -0.7
-1 0.15
-1 0.2
-0.95 4.35
-0.9 4.15
-0.85 4.1
-0.8 -0.15
-0.8 4
-0.8 4.05
-0.75 -0.25
-0.75 -0.2
-0.75 4.05
-0.7 4.05
-0.7 4.1
-0.65 4.1
-0.6 4.1
-0.6 4.15
-0.55 4.1
-0.55 4.15
-0.55 4.2
-0.5 4.15
-0.5 4.2
-0.45 4.2
-0.3 2.55
-0.3 2.6
-0.25 2.5
-0.25 2.55
-0.2 2.45
-0.2 2.5
-0.15 2.4
-0.15 2.45
-0.1 1.6
-0.1 1.65
-0.1 2.4
0 1.55
0.05 1.55
0.1 1.55
0.15 1.55
0.2 1.55
0.2 1.6
0.3 1.9
0.35 1.95
0.4 1.9
0.4 1.95
0.45 1.85
0.45 1.9
0.5 1.8
0.5 1.85
0.55 1.75
0.55 1.8
0.6 1.75
0.6 1.8
0.65 1.85
0.7 1.8
0.7 1.85
0.75 1.75
0.75 1.8
0.8 1.7
0.8 1.75
0.8 1.8
0.85 1.7
0.85 1.75
0.9 1.7
0.95 1.7
1 1.75
1.55 2.45
1.6 2.4
1.6 2.45
1.65 2.4
1.7 2.4
1.75 0.55
1.75 0.6
1.75 2.4
1.75 2.45
1.8 0.5
1.8 0.55
1.8 2.4
1.85 0.5
1.85 0.6
1.85 2.4
1.85 2.45
1.9 0.4
1.9 0.45
1.9 0.6
1.95 0.35
1.95 0.4
1.95 0.45
1.95 0.65
1.95 2.5
2 0.3
2 0.35
2 0.7
2 0.75
2.05 0.25
2.05 0.3
2.05 0.75
2.05 1.2
2.05 1.25
2.05 1.3
2.05 2.6
2.1 0.2
2.1 0.25
2.1 0.8
2.1 1.2
2.1 1.25
2.1 2.65
2.15 0.15
2.15 0.2
2.15 1.2
2.15 1.25
2.15 1.35
2.2 0.1
2.2 0.15
2.2 1.05
2.2 1.1
2.2 1.15
2.25 0.05
2.25 0.1
2.25 0.95
2.25 1.1
2.25 1.15
2.25 1.25
2.3 0
2.3 0.05
2.3 0.85
2.3 0.95
2.3 1.2
2.35 -0.1
2.35 -0.05
2.35 0
2.35 1
2.4 -0.15
2.4 -0.1
2.4 0.9
2.4 0.95
2.4 1
2.45 -0.2
2.45 -0.15
2.45 1.15
2.5 -0.25
2.5 -0.2
2.5 1.05
2.5 1.1
2.55 -0.3
2.55 -0.25
2.6 -0.25
2.65 -0.3
2.65 1.95
2.65 2
2.65 2.05
2.65 2.1
2.65 2.15
2.65 2.2
2.65 2.25
2.65 2.4
2.7 1.95
2.7 2
2.7 2.1
2.7 2.15
2.7 2.2
2.7 2.25
2.7 2.3
2.7 2.35
2.7 2.4
2.7 3.25
2.7 3.3
2.75 1.9
2.75 1.95
2.75 2.05
2.75 2.1
2.75 2.15
2.75 2.2
2.75 2.25
2.75 2.3
2.75 3.25
2.75 3.3
2.8 1.95
2.8 2
2.8 3.25
2.85 1.95
2.9 1.65
2.9 1.95
2.9 3.35
2.9 3.4
2.95 1.95
3 2
3.1 1.75
3.1 2
3.2 2
3.4 -0.85
3.45 -0.85
3.45 -0.8
3.5 -0.95
3.5 -0.9
3.5 -0.85
3.5 -0.75
3.55 -0.9
3.55 -0.75
3.55 -0.7
3.6 -1
3.6 -0.95
3.6 -0.7
3.6 -0.65
3.65 -1.05
3.65 -1
3.65 -0.6
3.65 2.1
3.65 2.15
3.7 -1.1
3.7 -0.6
3.7 -0.55
3.7 -0.5
3.7 1.95
3.7 2
3.7 2.05
3.7 2.1
3.75 -1.2
3.75 -1.15
3.8 -1.25
3.85 -1.3
3.85 -1.25
3.85 -1.2
3.9 -1.25
3.95 -1.35
4 -1.4
4 4.6
4.05 -1.45
4.05 -1.4
4.1 -1.55
4.1 -1.5
4.1 4.55
4.1 4.6
4.15 -1.6
4.15 -1.55
4.2 -1.55
4.2 4.55
4.2 4.6
4.25 -1.65
4.3 -1.75
4.35 -1.75
4.35 -1.7
4.4 -1.8
4.4 4.1
4.45 3.75
4.45 3.8
4.45 3.9
4.45 4
4.45 4.1
4.5 -1.85
4.5 3.65
4.5 3.7
4.5 3.9
4.5 3.95
4.5 4
4.5 4.05
4.5 4.1
4.5 4.15
4.55 -1.9
4.55 3.95
4.55 4.1
4.55 4.15
4.6 -1.95
4.6 -1.85
4.65 -2
4.65 -1.95
4.7 -2.05
4.8 -2.15
4.8 -2.05
4.85 -2.2
4.9 -2.25
4.9 -2.15
4.95 -2.4
4.95 -2.35
4.95 -2.3
5 -5.1
5 -2.45
5 -2.35
5 -2.25
5.05 -5.05
5.05 -2.5
5.05 -2.4
5.1 -5
5.15 -5
5.15 -2.6
5.2 -4.95
5.2 -2.55
5.25 -4.9
5.25 -4.85
5.25 -2.7
5.25 4.8
5.3 -4.8
5.3 -2.7
5.35 -4.75
5.35 -2.7
5.4 -4.7
5.4 -4.65
5.4 -4.6
5.4 -2.85
5.45 -4.55
5.5 -4.6
5.5 -4.5
5.5 -2.85
5.55 -4.6
5.55 -4.5
5.55 -4.45
5.55 -3
5.6 -4.45
5.65 -4.45
5.65 -3
5.7 -4.45
5.7 -4.4
5.7 -3.15
5.7 -3.1
5.7 6.05
5.75 -4.4
5.75 -4.35
5.75 6.15
5.8 -4.35
5.8 -4.3
5.8 6.1
5.85 -4.25
5.85 -4.2
5.85 -3.3
5.85 -3.2
5.85 5.8
5.85 5.85
5.85 5.9
5.9 -4.2
5.9 -4.15
5.9 5.8
5.9 5.85
5.9 5.9
5.9 5.95
5.9 6
5.9 6.25
5.95 -4.15
5.95 -3.4
5.95 5.75
5.95 5.8
5.95 5.85
5.95 6.1
5.95 6.15
5.95 6.2
6 -4.1
6 5.8
6 5.85
6.05 -4.1
6.05 -4.05
6.05 -3.45
6.05 5.8
6.1 -4.05
6.1 -4
6.1 -3.95
6.1 -3.9
6.1 -3.55
6.1 5.8
6.1 5.85
6.15 -3.85
6.15 -3.55
6.15 5.8
6.2 -3.8
6.2 -3.75
6.2 5.8
6.25 -3.75
6.25 -3.7
6.25 -3.65
6.25 5.75
6.25 5.8
6.3 5.7
6.35 5.85
6.4 5.85
6.5 5.9
6.6 5.95
6.65 5.95
