-7.1 17.8
-7.05 17.8
-7.05 17.85
-7 17.85
-6.95 17.85
-6.95 17.9
-6.9 17.9
-6.85 17.9
-6.8 17.9
-6.75 17.95
-6.7 17.95
-6.65 17.95
-6.6 17.95
-6.6 18
-6.55 17.95
-6.55 18
-6.5 18
-6.45 18
-6.4 18
-6.4 18.05
-6.35 14.8
-6.35 18.05
-6.3 14.6
-6.3 14.8
-6.3 14.85
-6.3 18.05
-6.25 14.35
-6.25 14.4
-6.25 14.85
-6.25 18.05
-6.25 18.1
-6.2 14.85
-6.2 14.9
-6.2 18.1
-6.15 14.9
-6.15 14.95
-6.15 18.1
-6.1 14.9
-6.1 14.95
-6.1 18.15
-6.05 13.8
-6.05 13.85
-6.05 14.95
-6.05 15
-6.05 18.15
-6 13.3
-6 18.15
-6 18.2
-5.95 13.3
-5.95 18.15
-5.95 18.2
-5.9 13.35
-5.85 18.2
-5.85 18.25
-5.8 18.25
-5.7 18.25
-5.65 18.25
-5.65 18.3
-5.6 18.3
-5.05 10.65
-5 10.65
-4.95 0.3
-4.95 0.35
-4.95 0.4
-4.95 0.45
-4.95 10.7
-4.9 10.7
-4.9 10.75
-4.85 0.5
-4.85 0.6
-4.85 10.75
-4.85 15.95
-4.8 0.55
-4.8 0.65
-4.8 15.95
-4.2 0.7
-4.15 6.9
-4.15 7
-4.1 0.75
-4.1 6.8
-4.1 6.95
-4.1 7
-4.1 7.05
-4.05 1.8
-4.05 6.65
-4.05 6.7
-4.05 6.8
-4.05 6.95
-4.05 7
-4.05 7.05
-4.05 7.1
-4 0.8
-4 1.85
-4 6.5
-4 6.55
-4 7
-4 7.05
-4 7.1
-3.95 1.7
-3.95 5.4
-3.95 5.45
-3.95 6.35
-3.95 6.4
-3.95 7.05
-3.9 -3.15
-3.9 5.45
-3.9 5.5
-3.9 6.25
-3.85 -3.25
-3.85 -3.2
-3.85 5.45
-3.85 5.5
-3.85 6.1
-3.85 6.15
-3.85 6.9
-3.8 5.45
-3.8 6
-3.8 6.85
-3.8 12.75
-3.75 -3.2
-3.75 5.45
-3.75 5.85
-3.75 5.9
-3.75 6.8
-3.75 12.75
-3.7 0.85
-3.7 0.9
-3.7 5.4
-3.7 5.45
-3.7 5.7
-3.7 7.75
-3.7 12.75
-3.65 5.4
-3.65 5.45
-3.65 5.55
-3.65 5.6
-3.65 5.65
-3.65 6.6
-3.65 7.25
-3.65 12.75
-3.6 -3.15
-3.6 -3.1
-3.6 5.4
-3.6 5.45
-3.6 6.6
-3.6 7.15
-3.6 7.3
-3.6 7.35
-3.6 7.4
-3.6 12.75
-3.55 -3.15
-3.55 6.6
-3.55 6.65
-3.55 6.9
-3.5 6.65
-3.45 -3.1
-3.45 0.95
-3.45 1.45
-3.45 6.65
-3.45 6.7
-3.45 6.75
-3.4 -3.1
-3.4 1
-3.4 1.4
-3.35 1.05
-3.35 1.3
-3.35 1.35
-3.35 4.55
-3.3 -3.05
-3.3 1.1
-3.3 1.15
-3.3 1.2
-3.3 1.25
-3.2 -3
-3.2 4.3
-3.2 4.35
-3.15 -3
-3.05 -2.95
-3 -2.95
-2.9 -2.9
-2.8 -2.85
-2.8 3.8
-2.75 -2.85
-2.75 3.75
-2.7 -2.85
-2.65 3.55
-2.65 3.6
-2.6 -2.8
-2.6 9.4
-2.55 1.35
-2.55 3.45
-2.55 9.35
-2.55 9.4
-2.5 -2.75
-2.5 1.4
-2.5 2.25
-2.5 2.3
-2.5 2.35
-2.5 2.4
-2.5 3.05
-2.5 3.25
-2.5 3.3
-2.5 3.35
-2.5 9.4
-2.45 -2.75
-2.45 2.1
-2.45 2.15
-2.45 2.4
-2.45 3
-2.45 3.05
-2.45 3.15
-2.45 3.2
-2.45 9.4
-2.4 1.45
-2.4 1.95
-2.4 2
-2.4 3.05
-2.4 3.1
-2.4 9.4
-2.35 -2.7
-2.35 1.45
-2.35 1.8
-2.35 1.85
-2.35 9.4
-2.3 -2.7
-2.3 1.65
-2.3 1.7
-2.3 9.4
-2.25 1.5
-2.25 1.55
-2.25 2.25
-2.25 2.75
-2.2 -2.65
-2.2 1.4
-2.15 2.2
-2.15 2.25
-2.15 2.6
-2.1 2.2
-2.1 2.25
-2.05 2.25
-2.05 2.3
-2 2.3
-2 2.35
-2 2.4
-2 2.45
-1.85 0.45
-1.85 0.5
-1.8 0.3
-1.8 0.35
-1.8 0.4
-1.75 0.25
-1.55 -0.45
-1.55 6.35
-1.5 -0.55
-1.5 -0.5
-1.5 6.35
-1.45 -0.55
-1.45 6.3
-1.45 6.35
-1.4 -0.55
-1.4 6.3
-1.4 6.35
-1.35 6.3
-1.35 6.35
-1.3 6.35
-1.25 6.35
-1.25 6.4
-1.2 6.4
-1.2 6.45
-1.15 0.3
-1.15 0.35
-1.15 6.4
-1.15 6.45
-1.1 0.15
-1.1 0.2
-1.1 0.25
-1.1 6.45
-1.1 6.5
-1.05 0.05
-1.05 0.1
-1 -0.45
-1 -0.15
-1 -0.1
-1 -0.05
-1 0
-0.95 -0.5
-0.95 -0.45
-0.9 -0.55
-0.9 -0.5
-0.6 3.7
-0.55 3.65
-0.5 3.65
-0.45 3.65
-0.4 3.65
-0.35 3.65
-0.35 3.7
-0.3 3.7
-0.3 3.75
-0.25 4.1
-0.2 4.1
-0.15 4.05
-0.15 4.1
-0.1 3.95
-0.1 4
0 3.85
0.05 3.65
0.05 3.7
0.05 3.75
0.1 3.5
0.1 3.55
0.15 3.35
0.15 3.4
0.15 3.45
0.2 3.3
0.2 3.35
0.25 3.35
0.25 3.4
0.3 3.4
0.35 3.4
0.4 3.4
0.4 3.45
0.45 3.45
0.5 0.7
0.5 0.75
0.5 0.8
0.5 0.85
0.5 3.45
0.5 3.5
0.55 0.65
0.55 0.7
0.55 0.9
0.55 3.5
0.6 0.6
0.6 0.65
0.6 3.6
0.65 0.6
0.7 4
0.7 4.05
0.75 1.6
0.75 1.65
0.75 1.7
0.75 1.75
0.75 4.05
0.75 4.1
0.8 1.45
0.8 1.5
0.8 1.55
0.8 1.6
0.8 1.65
0.8 1.85
0.8 3.55
0.8 3.6
0.8 4.1
0.85 1.3
0.85 1.35
0.85 1.4
0.85 1.45
0.85 1.5
0.85 3.4
0.85 3.5
0.85 3.55
0.85 3.65
0.85 4.05
0.85 4.1
0.9 1.2
0.9 1.25
0.9 1.3
0.9 3.3
0.9 3.35
0.9 3.4
0.9 3.5
0.9 3.55
0.9 3.65
0.9 4.05
0.9 4.1
0.95 1.1
0.95 1.15
0.95 1.2
0.95 3.25
0.95 3.3
1 0.8
1 3.2
1 3.25
1.05 0.75
1.05 0.8
1.05 3.2
1.05 3.25
1.1 0.65
1.1 0.7
1.1 0.75
1.1 3.2
1.1 3.25
1.15 0.55
1.15 0.6
1.15 3.2
1.15 3.25
1.2 3.25
1.25 3.25
1.25 3.3
1.3 0.55
1.3 0.6
1.3 3.3
1.3 3.35
1.35 0.4
1.35 0.5
1.35 0.55
1.35 3.35
1.4 0.4
1.4 0.45
1.4 0.5
1.4 0.55
1.4 3.45
1.45 0.4
1.45 0.45
1.45 0.5
1.45 3.55
1.55 3.6
1.6 3.55
1.6 3.6
1.65 3.5
1.65 3.55
1.7 -1.2
1.7 -1.15
1.7 -1.1
1.7 -1.05
1.7 3.5
1.7 3.55
1.75 -1.3
1.75 -1.25
1.75 -1.2
1.75 -1.15
1.75 -1.05
1.75 3.5
1.75 3.55
1.8 -1.5
1.8 -1.45
1.8 -1.4
1.8 -1.05
1.8 3.5
1.8 3.55
1.85 -1.7
1.85 -1.65
1.85 -1.6
1.85 -1.55
1.85 -1.05
1.85 -1
1.85 3.5
1.85 3.55
1.9 -1.8
1.9 -1.75
1.9 -1.7
1.9 -1.05
1.9 -1
1.9 3.55
1.95 -1.95
1.95 -1.9
1.95 -1.85
1.95 -1
1.95 3.55
1.95 3.6
2 -2.1
2 -2.05
2 -2
2 -1
2 -0.95
2.05 -1
2.05 -0.95
2.05 3.65
2.05 3.7
2.1 -1
2.1 -0.95
2.1 3.65
2.15 -0.7
2.25 -0.5
2.3 -0.75
2.3 -0.55
2.3 -0.5
2.4 -0.6
2.4 4.1
2.45 -0.55
2.5 -0.55
2.55 4.2
2.6 -0.9
2.6 -0.85
2.6 4.15
2.6 4.2
2.65 -1.25
2.65 -0.9
2.65 4.15
2.7 -1.3
2.7 -1.25
2.75 -1.25
2.75 -0.75
2.8 -1.25
2.8 -1.2
2.8 -1
2.85 -1.2
2.85 -0.9
2.85 -0.85
2.85 -0.8
2.85 -0.7
2.9 -1.2
2.9 -1.15
2.9 -1.1
2.9 -1.05
2.9 -0.95
2.9 -0.9
2.9 -0.85
2.9 -0.7
2.9 -0.65
2.95 -0.65
3 -0.65
3.05 -0.65
3.1 -0.6
3.15 -0.6
3.2 -0.6
3.35 -0.6
3.35 0.2
3.35 0.25
3.4 0.2
3.4 0.25
3.45 0.15
3.5 0
3.5 0.15
3.55 0.05
3.55 0.1
3.55 0.15
3.6 0
3.6 0.05
3.6 0.1
3.65 0
3.85 -0.3
3.85 -0.25
3.9 -0.35
3.95 -0.4
4 -0.4
4 -0.25
4.05 -0.8
4.05 -0.65
4.05 -0.6
4.05 -0.55
4.05 -0.5
4.05 -0.45
4.05 -0.25
4.1 -0.75
4.1 -0.7
4.1 -0.65
4.1 -0.6
4.15 -0.2
4.15 -0.15
5.5 0.6
5.5 0.65
5.5 0.7
5.5 0.75
5.55 0.6
5.55 0.65
5.55 0.7
5.55 0.75
5.55 0.8
5.55 0.85
5.55 0.9
5.55 1
5.6 0.95
5.65 0.9
5.65 1
5.7 0.55
5.7 1
5.75 1.1
5.75 1.15
5.75 1.2
5.85 0.5
5.95 0.4
5.95 0.45
5.95 0.5
5.95 1.1
6.1 0.3
6.2 0.35
6.2 0.4
6.2 0.45
8 1.75
8.1 1.7
8.35 1.7
8.45 1.65
