-17.65 -1.05
-17.65 -0.85
-17.65 -0.75
-17.65 -0.7
-17.65 -0.6
-17.65 -0.55
-17.6 -1.2
-17.6 -0.9
-17.45 -1
-14.85 -0.3
-13.5 -0.15
-12.4 0
-11.95 0.05
-11.55 0.1
-11.4 -0.65
-11.35 -0.75
-11.3 -0.6
-11.25 -0.7
-10.65 0.15
-10.5 0.2
-10.2 0.25
-9.9 0.3
-8.5 0.4
-8.25 -0.45
-8.25 0.45
-8.2 0.5
-7.9 0.55
-6.95 0.55
-6.8 -0.3
-6.7 0.6
-6.45 0.65
-6.25 0.7
-6.25 0.75
-5.65 -0.2
-5.3 -0.2
-5.15 0.75
-4.9 -0.2
-4.9 0.8
-4.7 -0.2
-4.65 0.85
-4.65 0.9
-4.6 0.95
-3.25 0.95
-3.15 1
-3.1 0
-3 1.05
-3 1.1
-3 1.15
-3 1.2
-3 1.25
-3 1.3
-2.95 1.35
-2.9 -0.1
-2.9 0
-2.9 5.85
-2.9 5.9
-2.85 5.9
-2.8 5.55
-2.8 5.9
-2.8 5.95
-2.65 13.55
-2.65 14.65
-2.65 14.75
-2.65 14.85
-2.65 15
-2.65 18.15
-2.6 13.55
-2.6 15.1
-2.6 18.2
-2.55 5.5
-2.55 13.55
-2.55 13.6
-2.55 13.8
-2.55 14
-2.55 15.1
-2.55 18.2
-2.5 5.4
-2.5 5.45
-2.5 15.1
-2.5 18.15
-2.5 18.2
-2.45 5.4
-2.45 10.75
-2.45 10.8
-2.45 15.1
-2.45 15.15
-2.45 18.2
-2.4 5.35
-2.4 5.4
-2.4 6.85
-2.4 6.95
-2.4 7
-2.4 10.75
-2.4 10.8
-2.4 15.15
-2.4 18.2
-2.35 5.35
-2.35 6.4
-2.35 6.45
-2.35 6.55
-2.35 6.6
-2.35 6.7
-2.35 6.75
-2.35 7
-2.35 10.75
-2.35 10.8
-2.35 15.15
-2.35 15.2
-2.35 18.2
-2.35 18.25
-2.3 5.3
-2.3 5.35
-2.3 5.9
-2.3 6
-2.3 6.1
-2.3 6.15
-2.3 6.95
-2.3 7
-2.3 10.8
-2.3 15.15
-2.3 18.2
-2.3 18.25
-2.25 5.3
-2.25 5.35
-2.25 5.45
-2.25 5.5
-2.25 5.6
-2.25 5.7
-2.25 7
-2.25 7.05
-2.25 10.8
-2.25 15.15
-2.25 15.2
-2.25 18.2
-2.25 18.25
-2.2 1.1
-2.2 10.8
-2.2 10.85
-2.2 15.15
-2.2 18.2
-2.2 18.25
-2.15 4.1
-2.15 4.15
-2.15 4.2
-2.15 4.25
-2.15 4.3
-2.15 10.85
-2.15 15.15
-2.15 18.25
-2.1 3.85
-2.1 3.9
-2.1 3.95
-2.1 4
-2.1 4.05
-2.1 4.1
-2.1 6.75
-2.1 18.2
-2.05 18.2
-2 18.2
-2 18.25
-1.95 1.65
-1.95 1.7
-1.95 1.75
-1.95 1.8
-1.95 1.85
-1.95 1.9
-1.95 1.95
-1.95 2
-1.95 2.05
-1.95 6.45
-1.95 6.5
-1.95 18.2
-1.9 1.1
-1.9 1.15
-1.9 1.2
-1.9 1.25
-1.9 1.3
-1.9 1.35
-1.9 1.4
-1.9 1.45
-1.9 1.5
-1.9 1.55
-1.9 2
-1.9 2.05
-1.9 2.7
-1.9 6.45
-1.9 18.2
-1.85 2.7
-1.85 2.75
-1.85 6.5
-1.85 6.95
-1.85 7.05
-1.85 7.1
-1.85 18.2
-1.85 18.25
-1.8 2.7
-1.8 2.75
-1.8 3.35
-1.8 6.5
-1.8 6.6
-1.8 6.7
-1.8 6.9
-1.8 7.15
-1.8 7.55
-1.8 7.65
-1.8 7.7
-1.8 18.25
-1.75 -0.25
-1.75 -0.2
-1.75 -0.15
-1.75 -0.1
-1.75 -0.05
-1.75 0
-1.75 0.05
-1.75 0.1
-1.75 2.7
-1.75 2.75
-1.75 6.55
-1.75 7.2
-1.75 18.2
-1.7 -0.3
-1.7 2.7
-1.7 2.75
-1.7 2.9
-1.7 2.95
-1.7 3
-1.7 3.1
-1.7 18.25
-1.65 1.85
-1.65 2.75
-1.65 2.8
-1.65 18.25
-1.6 1.85
-1.6 18.25
-1.55 1.85
-1.55 1.9
-1.55 18.25
-1.5 1.85
-1.5 1.9
-1.5 2.15
-1.5 18.25
-1.45 1.9
-1.45 1.95
-1.45 2
-1.45 2.05
-1.45 18.25
-1.4 2
-1.4 2.05
-1.4 18.25
-1.4 18.3
-1.35 18.25
-1.3 18.25
-1.25 18.25
-1.2 18.25
-1.2 18.3
-1.15 -1
-1.15 -0.95
-1.15 -0.9
-1.15 18.25
-1.1 -1.1
-1.1 -1.05
-1.1 -1
-1.1 -0.6
-1.1 -0.55
-1.1 -0.5
-1.1 -0.45
-1.1 -0.4
-1.1 -0.35
-1.1 -0.3
-1.1 -0.25
-1.1 18.25
-1.1 18.3
-1.05 -0.75
-1.05 -0.7
-1.05 -0.65
-1.05 -0.6
-1.05 18.3
-0.9 15.85
-0.85 15.8
-0.85 15.85
-0.8 15.85
-0.6 12.45
-0.55 12.45
-0.55 12.5
-0.5 12.45
-0.45 12.45
-0.4 12.45
-0.3 8.95
-0.25 8.9
-0.25 8.95
-0.2 8.9
-0.15 8.9
-0.1 8.9
0 5.75
0 8.9
0.05 5.7
0.05 5.75
0.1 5.65
0.1 5.7
0.15 5.65
0.2 5.65
0.25 5.65
0.3 2.9
0.3 5.65
0.35 2.85
0.35 5.7
0.4 2.8
0.4 2.85
0.4 5.75
0.45 2.8
0.45 5.75
0.5 2.8
0.5 5.7
0.5 5.75
0.5 6
0.5 6.1
0.55 -0.25
0.55 2.8
0.55 2.85
0.55 6
0.55 6.1
0.6 -0.35
0.6 -0.3
0.6 -0.25
0.6 -0.2
0.6 -0.15
0.6 2.85
0.6 2.9
0.6 6
0.6 6.1
0.65 -0.15
0.65 -0.1
0.65 2.95
0.7 -0.1
0.7 3.1
0.75 -0.1
0.75 3.15
0.75 3.2
0.8 3.05
0.8 3.15
0.8 3.2
0.85 2.6
0.85 2.65
0.85 2.7
0.85 2.75
0.85 2.8
0.85 2.85
0.85 2.95
0.85 3
0.85 3.05
0.85 3.1
0.9 2.35
0.9 2.4
0.9 2.45
0.9 2.5
0.9 2.55
0.9 2.6
0.95 2.4
1 2.4
1.05 -0.25
1.05 0.3
1.05 0.35
1.05 0.4
1.05 0.45
1.05 0.5
1.05 0.55
1.05 0.6
1.05 0.65
1.05 0.7
1.05 2.4
1.1 -0.65
1.1 -0.25
1.1 -0.2
1.1 -0.15
1.1 -0.1
1.1 0
1.1 0.05
1.1 0.1
1.1 0.15
1.1 0.2
1.1 0.25
1.1 0.3
1.1 0.35
1.1 0.7
1.1 2.4
1.1 2.45
1.15 -0.1
1.15 2.4
1.15 2.45
1.2 2.4
1.2 2.45
1.25 2.4
1.25 2.45
1.3 -0.8
1.3 2.4
1.3 2.45
1.55 2.35
1.55 2.4
1.55 2.45
1.6 2.1
1.6 2.15
1.6 2.2
1.6 2.25
1.6 2.3
1.6 2.35
1.6 2.4
1.6 2.55
1.65 2.05
1.65 2.1
1.65 2.15
1.65 2.95
1.7 0.8
1.7 2.05
1.7 2.95
1.75 0.85
1.75 0.9
1.75 0.95
1.75 1
1.75 2.05
1.75 2.95
1.8 1.05
1.8 2.05
1.8 2.8
1.8 2.95
1.8 3
1.85 2.05
1.85 2.95
1.9 2.05
1.95 -1.85
1.95 2.05
2 -1.95
2 -1.85
2 -1.8
2.05 -2
2.05 -1.85
2.05 2.15
2.1 -1.9
2.2 -1.95
2.3 -2.4
2.3 2.25
2.3 2.3
2.35 2.2
2.35 2.25
2.35 2.3
2.4 2.2
2.45 -2.45
2.45 2.15
2.45 2.2
2.5 -2.5
2.5 -2.4
2.5 -2.2
2.5 2.15
2.5 2.2
2.55 -2.2
2.55 -2.15
2.55 2.15
2.6 -2.15
2.6 2.15
2.65 -2.15
2.7 -2.15
2.7 2.2
2.75 -2.15
2.8 -2.15
2.8 -2.1
2.8 2.25
2.85 -2.15
2.9 -2.15
2.95 -2.15
2.95 2.35
3 -2.15
3.05 -2.2
3.3 2.6
3.35 2.6
3.4 2.6
3.45 2.55
3.45 2.6
3.45 2.65
3.5 2.4
3.5 2.45
3.5 2.5
3.5 2.55
3.55 2.4
3.55 2.45
3.6 2.4
3.65 -2.55
3.65 2.4
3.7 -2.6
3.7 -2.55
3.7 -2.35
3.7 2.4
3.75 -2.55
3.75 -2.5
3.75 -2.45
3.75 -2.35
3.75 -2.3
3.75 2.4
3.8 -2.5
4.25 2.65
4.3 2.65
4.35 2.65
4.6 2.75
4.7 2.75
4.75 2.65
4.75 2.7
4.75 2.75
4.75 2.8
4.8 2.6
4.8 2.65
4.85 2.55
4.9 2.55
4.95 2.55
5.15 2.5
5.2 2.6
5.25 2.6
5.75 2.8
5.85 2.75
5.9 2.8
6.05 2.8
6.15 2.8
6.25 2.7
6.25 2.75
6.25 2.8
6.3 2.6
6.3 2.65
6.3 2.75
6.35 2.4
6.35 2.45
6.35 2.5
6.35 2.55
6.35 2.6
6.4 2.35
6.4 2.45
6.8 2.5
7.6 2.6
7.6 2.65
7.65 2.5
