-17.6 0.25
-17.55 -0.55
-17.55 -0.5
-17.55 -0.45
-17.55 -0.4
-17.55 -0.35
-17.55 -0.3
-17.55 -0.25
-17.55 -0.2
-17.55 -0.15
-17.55 -0.1
-17.55 0
-17.55 0.05
-17.55 0.1
-17.55 0.15
-17.55 0.2
-17.55 0.3
-17.45 -0.6
-14.6 -0.5
-12.9 -0.45
-12.8 0.45
-12.8 0.55
-12.7 0.3
-12.7 0.4
-12.15 -0.45
-11.7 0.5
-11.2 -0.45
-10.4 -0.35
-10 -0.4
-9.6 0.6
-8.8 0.6
-8.35 -0.35
-8.3 0.6
-8.3 0.65
-8.3 0.75
-8.1 0.7
-7.9 -0.4
-7.65 -0.4
-6.55 -0.3
-6.5 -0.35
-6.25 -0.35
-6.2 0.7
-5.95 0.75
-5.3 -0.3
-5.05 0.7
-4.85 -0.3
-4.7 0.7
-4.65 -0.3
-4.45 0.7
-4.35 -0.4
-4.35 -0.35
-4.15 0.7
-4.05 0.75
-3.35 -0.25
-3.25 0.75
-2.9 -0.3
-2.9 0.8
-2.75 0.85
-2.75 0.9
-2.75 0.95
-2.75 1
-2.75 1.05
-2.75 1.1
-2.75 1.15
-2.7 -0.6
-2.7 -0.55
-2.7 -0.5
-2.7 -0.45
-2.7 -0.4
-2.7 -0.35
-1.95 -0.35
-1.7 6.45
-1.7 6.6
-1.7 6.65
-1.65 1.9
-1.65 2
-1.65 2.05
-1.65 2.1
-1.65 2.15
-1.65 2.25
-1.65 2.3
-1.65 5.5
-1.65 5.65
-1.65 5.8
-1.65 5.95
-1.65 6
-1.65 6.2
-1.65 6.4
-1.65 6.6
-1.65 6.7
-1.65 6.75
-1.65 6.85
-1.6 -0.9
-1.6 -0.65
-1.6 -0.55
-1.6 -0.45
-1.6 -0.4
-1.6 -0.3
-1.6 -0.25
-1.6 0.8
-1.6 0.85
-1.6 0.9
-1.6 0.95
-1.6 1
-1.6 1.05
-1.6 1.1
-1.6 1.15
-1.6 1.2
-1.6 1.25
-1.6 1.3
-1.6 1.35
-1.6 1.4
-1.6 1.45
-1.6 1.5
-1.6 1.55
-1.6 1.6
-1.6 1.65
-1.6 1.7
-1.6 1.75
-1.6 1.8
-1.6 1.85
-1.6 1.9
-1.6 1.95
-1.6 2
-1.6 2.05
-1.6 2.1
-1.6 2.15
-1.6 2.2
-1.6 2.25
-1.6 2.3
-1.6 2.35
-1.6 2.4
-1.6 2.45
-1.6 6.85
-1.55 -1.35
-1.55 -1.3
-1.55 -1.25
-1.55 -1.2
-1.55 -1.15
-1.55 -1.1
-1.55 -1.05
-1.55 -1
-1.55 -0.95
-1.55 -0.9
-1.55 -0.8
-1.55 -0.75
-1.55 -0.7
-1.55 -0.6
-1.55 -0.5
-1.55 -0.35
-1.55 2.4
-1.55 6.75
-1.55 6.85
-1.55 9.15
-1.5 -1.35
-1.5 6.75
-1.5 9.15
-1.45 -1.35
-1.45 9.15
-1.4 2.25
-1.4 6.45
-1.4 9.15
-1.4 9.2
-1.35 -1.3
-1.35 6.35
-1.35 9.15
-1.35 9.2
-1.35 9.85
-1.35 9.95
-1.3 -1.3
-1.3 6.35
-1.3 9.2
-1.3 9.7
-1.3 10.05
-1.3 10.25
-1.3 10.35
-1.3 10.65
-1.3 10.7
-1.3 13.8
-1.25 2.05
-1.25 6.35
-1.25 10.7
-1.2 2
-1.2 2.05
-1.2 2.65
-1.2 2.7
-1.2 6.35
-1.2 6.4
-1.2 10.7
-1.2 13.8
-1.15 2
-1.15 2.05
-1.15 2.7
-1.15 2.75
-1.15 6.4
-1.15 6.45
-1.15 10.7
-1.15 10.75
-1.15 13.8
-1.1 2.05
-1.1 2.7
-1.1 2.75
-1.1 10.7
-1.1 10.75
-1.1 13.8
-1.05 2.05
-1.05 2.1
-1.05 2.15
-1.05 2.75
-1.05 10.95
-1.05 13.8
-1 2.15
-1 2.2
-1 2.8
-1 2.85
-1 2.95
-1 3.05
-1 3.1
-1 3.2
-1 3.4
-1 13.8
-0.95 10.95
-0.95 13.8
-0.9 10.85
-0.9 13.8
-0.85 13.8
-0.85 13.85
-0.8 13.8
-0.75 13.8
-0.7 13.8
-0.7 13.85
-0.65 13.8
-0.65 13.85
-0.6 13.8
-0.55 13.8
-0.5 13.8
-0.45 13.8
-0.4 13.8
-0.35 13.8
-0.3 13.8
-0.25 13.8
-0.2 13.8
-0.15 13.8
-0.1 13.8
0 13.8
0.05 13.8
0.1 13.8
0.15 13.8
0.2 13.8
0.25 13.8
0.3 13.8
0.35 13.8
0.4 13.8
0.45 13.8
0.5 13.8
0.55 13.8
0.6 4.45
0.6 7.95
0.6 11.25
0.6 11.3
0.6 13.8
0.65 1.2
0.65 1.25
0.65 1.3
0.65 4.4
0.65 7.9
0.65 7.95
0.65 11.2
0.65 11.25
0.65 13.8
0.7 1.15
0.7 1.2
0.7 4.35
0.7 7.9
0.7 11.15
0.7 11.2
0.7 13.8
0.75 1.1
0.75 1.15
0.75 4.35
0.75 7.9
0.75 11.15
0.75 11.2
0.8 1.05
0.8 1.1
0.8 4.3
0.8 4.35
0.8 7.9
0.85 1.05
0.85 1.1
0.85 1.55
0.85 4.35
0.85 7.95
0.9 1.05
0.9 4.35
0.9 7.95
0.95 1.1
0.95 4.45
1.05 4.8
1.05 8.45
1.05 8.6
1.05 8.85
1.05 8.95
1.1 4.9
1.15 4.9
1.15 8.25
1.15 8.8
1.15 8.95
1.2 1.3
1.2 3.4
1.2 3.5
1.2 3.55
1.2 3.65
1.2 3.7
1.2 3.8
1.2 3.85
1.2 4
1.2 4.05
1.2 4.1
1.2 4.2
1.2 4.3
1.2 4.4
1.2 4.55
1.2 4.6
1.2 4.65
1.2 4.75
1.2 4.8
1.2 4.9
1.2 8.8
1.2 8.95
1.25 -1.3
1.25 -1.2
1.25 -1.15
1.25 0.55
1.25 0.6
1.25 0.65
1.25 0.7
1.25 0.75
1.25 0.8
1.25 0.85
1.25 0.9
1.25 0.95
1.25 1
1.25 1.05
1.25 1.1
1.25 1.15
1.25 1.2
1.25 1.25
1.25 1.3
1.25 3.4
1.25 3.45
1.3 -1.4
1.3 -1.3
1.3 -1.25
1.3 -1.2
1.3 -1.15
1.3 0.55
1.3 1.15
1.3 3.45
1.35 3.45
1.4 -1.2
1.4 3.45
1.45 -1.2
1.45 3.45
1.5 -1.2
1.5 2.85
1.5 3.45
1.55 -1.2
1.55 2.75
1.55 2.8
1.55 2.85
1.55 2.9
1.55 2.95
1.55 3.45
1.6 -1.2
1.6 2.7
1.6 2.75
1.6 3.45
1.65 -1.2
1.65 0.6
1.65 2.7
1.65 3.45
1.65 3.5
1.7 -1.2
1.7 2.65
1.7 2.7
1.7 3.5
1.7 3.55
1.75 0.5
1.75 0.55
1.75 0.6
1.75 0.65
1.8 -1.25
1.8 0.5
1.8 0.55
1.8 0.6
1.85 -1.3
1.85 0.45
1.9 0.45
1.95 -0.9
1.95 3.95
2 -1.15
2 -1.1
2 -0.95
2 -0.9
2 -0.85
2 3.95
2.05 -1.3
2.05 -1.15
2.05 -1.1
2.05 -1.05
2.05 -1
2.05 -0.85
2.05 3.9
2.05 3.95
2.1 -1.35
2.1 -1.3
2.1 -1.25
2.1 -1.1
2.1 -0.85
2.1 -0.8
2.1 3.9
2.15 -1.4
2.15 -1.35
2.15 -1.3
2.15 -1.25
2.15 -0.8
2.2 -0.8
2.25 -1.65
2.25 -1.5
2.3 -1.65
2.35 -1.7
2.35 -1.65
2.95 -1.15
3 -1.15
3 -1.1
3 -1
3.05 -1.1
3.05 -1.05
3.05 -0.95
3.1 -0.95
3.1 -0.9
3.15 -0.9
3.2 -0.9
3.2 0.3
3.2 0.35
3.25 -0.85
3.25 0.2
3.25 0.25
3.3 0.15
3.3 0.2
3.35 0.1
3.35 0.4
3.35 0.5
3.35 0.55
3.4 -0.9
3.4 0.05
3.4 0.4
3.4 0.45
3.4 0.5
3.45 0.05
3.45 0.55
3.45 0.6
3.5 0
3.55 -0.95
3.55 0.45
3.55 0.5
3.6 0
3.8 -1
4.3 -0.05
4.75 -0.8
4.75 -0.75
4.8 -0.85
4.8 -0.8
4.8 -0.75
4.8 -0.7
4.8 -0.65
4.85 -0.85
4.85 -0.6
4.85 -0.55
4.9 -1.4
4.9 -1.35
4.9 -0.9
4.9 -0.55
4.9 -0.5
4.9 -0.45
4.95 -1.35
4.95 -1.3
4.95 -1.25
4.95 -0.5
4.95 -0.45
5 -1.25
5 -1.2
5 -1
5 -0.95
5.05 -1.2
5.1 -1
5.15 -1.2
5.25 -1.2
5.25 -1.15
5.25 -1.1
5.35 -1.2
5.35 -1.15
5.35 -1.1
5.4 -1.25
5.45 -1.2
5.45 -1.15
6.25 -0.2
6.25 -0.15
6.3 -0.2
6.35 -0.25
6.65 -0.3
6.7 -0.3
6.8 -0.3
7.75 -0.55
7.75 -0.5
7.75 -0.4
7.8 -0.65
7.8 -0.5
7.8 -0.45
7.8 -0.4
7.85 -0.8
7.85 -0.55
7.9 -0.9
7.9 -0.8
7.9 -0.75
7.9 -0.7
7.9 -0.65
7.9 -0.6
7.95 -0.6
