-17.7 0.25
-17.7 0.4
-17.7 0.55
-17.65 -0.15
-17.65 -0.1
-17.65 0.05
-17.65 0.1
-17.65 0.2
-17.65 0.35
-17.65 0.5
-17.6 0.3
-17.6 0.45
-17.55 0
-17.55 0.15
-17.5 -0.25
-17.5 -0.2
-14.35 -0.25
-13.85 -0.25
-13.25 -0.3
-11.85 -0.25
-11.75 -0.3
-11.5 0.55
-11.45 -0.35
-11.2 -0.4
-11.1 -0.55
-11.1 -0.5
-11.1 -0.45
-10.15 0.55
-8.55 0.55
-8.3 -0.35
-8.15 -0.4
-6.9 0.55
-6.85 -0.35
-6.5 -0.4
-6.4 -0.45
-6.4 0.6
-6.1 -0.5
-5.25 0.55
-5.15 -0.4
-4.75 -0.45
-4.75 0.6
-4.6 -0.5
-4.55 -0.65
-4.55 -0.6
-4.55 -0.55
-4.5 -0.7
-3.45 0.55
-3.4 -0.45
-3.15 -0.5
-3.15 -0.45
-3.1 0.6
-2.95 -0.7
-2.95 -0.65
-2.95 -0.6
-2.95 -0.55
-2.95 -0.5
-2.9 -0.8
-2.9 -0.75
-2.9 0.65
-2.9 0.7
-2.55 5.35
-2.5 5.4
-2.45 5.35
-2.45 5.4
-2.4 5.05
-2.4 5.1
-2.4 5.4
-2.4 5.45
-2.35 5.45
-2.35 5.5
-2.3 5.45
-2.3 5.55
-2.3 5.6
-2.25 5.55
-2.25 5.6
-2.2 5.5
-2.2 5.6
-2.1 5.45
-2.05 -0.55
-2 5.2
-1.95 5.15
-1.9 5.05
-1.8 -0.8
-1.8 -0.75
-1.8 -0.7
-1.8 -0.65
-1.8 -0.6
-1.8 -0.55
-1.8 -0.5
-1.8 -0.45
-1.8 0.55
-1.8 0.6
-1.8 0.65
-1.8 0.7
-1.8 0.75
-1.8 0.8
-1.8 0.85
-1.8 0.9
-1.8 0.95
-1.8 1
-1.8 1.05
-1.8 1.1
-1.8 1.15
-1.8 1.2
-1.8 1.25
-1.8 1.3
-1.8 1.35
-1.8 1.4
-1.8 1.45
-1.8 2.05
-1.8 2.1
-1.8 2.15
-1.8 2.2
-1.8 4.8
-1.8 4.85
-1.75 1.45
-1.75 1.95
-1.75 2.15
-1.75 2.2
-1.75 2.25
-1.75 3.15
-1.75 3.2
-1.75 3.25
-1.75 3.3
-1.75 3.35
-1.75 3.4
-1.75 3.45
-1.75 3.5
-1.75 3.55
-1.75 3.6
-1.75 3.65
-1.75 3.7
-1.75 3.75
-1.75 4.8
-1.75 4.85
-1.7 2.2
-1.7 4.8
-1.7 4.9
-1.7 5
-1.7 5.15
-1.7 5.25
-1.7 5.35
-1.7 5.45
-1.7 5.55
-1.7 5.65
-1.7 5.7
-1.7 5.75
-1.7 5.85
-1.7 5.95
-1.7 6.05
-1.7 6.1
-1.7 6.2
-1.7 6.3
-1.7 6.35
-1.7 6.4
-1.7 6.5
-1.65 2.2
-1.65 6.5
-1.6 2.2
-1.6 6.45
-1.6 6.5
-1.6 6.55
-1.55 -0.8
-1.55 2.2
-1.55 2.8
-1.55 6.5
-1.5 -0.8
-1.5 2.2
-1.45 -0.8
-1.45 2.2
-1.45 2.25
-1.45 2.3
-1.45 2.4
-1.45 2.45
-1.45 2.6
-1.45 6.25
-1.4 -0.8
-1.4 2.2
-1.4 2.25
-1.4 2.3
-1.4 2.45
-1.4 2.5
-1.4 2.55
-1.4 6
-1.4 10.2
-1.4 10.25
-1.35 -0.8
-1.35 1.35
-1.35 5.95
-1.35 10.25
-1.35 13.05
-1.3 -0.8
-1.3 1.4
-1.3 5.9
-1.3 5.95
-1.3 10.25
-1.3 13.05
-1.25 -0.8
-1.25 1.45
-1.25 1.5
-1.25 5.9
-1.25 5.95
-1.25 10.25
-1.25 13.05
-1.2 -1.05
-1.2 -1
-1.2 -0.95
-1.2 -0.9
-1.2 -0.85
-1.2 -0.8
-1.2 5.95
-1.2 10.25
-1.2 13.05
-1.2 13.1
-1.15 -1.15
-1.15 -1.1
-1.15 -1.05
-1.15 5.95
-1.15 6
-1.15 6.35
-1.15 6.6
-1.15 10.25
-1.15 10.3
-1.15 13.15
-1.15 13.65
-1.15 14
-1.1 6
-1.1 6.6
-1.1 10.25
-1.1 14.55
-1.1 14.6
-1.05 6.6
-1.05 6.75
-1.05 6.8
-1.05 7.1
-1.05 7.15
-1.05 14.55
-1.05 14.6
-1 14.6
-0.95 14.6
-0.9 14.6
-0.85 14.65
-0.85 14.7
-0.8 14.6
-0.75 14.6
-0.75 14.65
-0.75 17.65
-0.7 14.7
-0.7 17.65
-0.7 17.7
-0.65 17.65
-0.65 17.7
-0.6 17.65
-0.6 17.7
-0.55 17.65
-0.55 17.7
-0.5 17.65
-0.5 17.7
-0.45 17.7
-0.4 17.65
-0.4 17.7
-0.35 17.65
-0.35 17.7
-0.3 17.65
-0.3 17.7
-0.25 17.65
-0.2 17.6
-0.2 17.65
-0.15 17.65
-0.1 17.65
0 17.6
0 17.65
0.05 17.65
0.1 17.6
0.1 17.65
0.15 17.6
0.15 17.65
0.2 17.65
0.25 17.6
0.25 17.65
0.3 17.6
0.3 17.65
0.35 17.65
0.4 17.6
0.45 17.6
0.5 2.2
0.5 2.25
0.5 17.65
0.55 2.1
0.55 2.15
0.55 2.2
0.55 5.05
0.55 17.6
0.6 2.1
0.6 4.95
0.6 5
0.6 5.05
0.6 8.2
0.6 17.6
0.6 17.65
0.65 2.05
0.65 2.1
0.65 4.95
0.65 8.2
0.65 8.25
0.65 11.75
0.65 11.8
0.65 17.6
0.7 2.05
0.7 4.9
0.7 8.15
0.7 8.2
0.7 11.75
0.7 11.8
0.7 17.6
0.75 2.05
0.75 4.9
0.75 8.15
0.75 8.2
0.75 11.7
0.75 11.75
0.75 15.15
0.75 17.6
0.8 -0.9
0.8 2.05
0.8 2.1
0.8 4.9
0.8 8.15
0.8 11.7
0.8 15.1
0.8 15.15
0.8 17.6
0.85 2.1
0.85 4.9
0.85 8.15
0.85 11.7
0.85 17.6
0.9 4.95
0.9 8.15
0.9 11.7
0.9 17.6
0.95 2.25
0.95 5
0.95 8.15
1.05 -1.1
1.05 -1.05
1.05 -1
1.05 -0.95
1.05 -0.9
1.05 -0.85
1.05 -0.8
1.05 -0.75
1.05 -0.7
1.05 -0.65
1.05 -0.6
1.05 -0.55
1.05 -0.5
1.05 -0.45
1.05 -0.4
1.05 -0.35
1.05 -0.3
1.05 -0.25
1.05 -0.2
1.05 -0.15
1.05 2.3
1.05 2.35
1.05 2.4
1.05 5.25
1.05 5.3
1.05 5.4
1.1 1.5
1.1 1.55
1.1 1.6
1.1 1.65
1.1 1.7
1.1 1.75
1.1 1.8
1.1 1.85
1.1 1.9
1.1 1.95
1.1 2
1.1 2.05
1.1 2.1
1.1 2.15
1.1 2.2
1.1 2.25
1.1 2.3
1.1 2.35
1.1 4.4
1.1 5.25
1.1 5.3
1.1 5.4
1.15 -0.2
1.15 4.35
1.15 4.4
1.15 4.45
1.15 4.7
1.15 4.8
1.15 5
1.15 5.05
1.15 5.25
1.15 5.4
1.2 -0.2
1.2 1.6
1.2 4.4
1.25 1.6
1.25 4.4
1.3 1.6
1.35 -0.25
1.35 1.6
1.4 -0.25
1.4 1.6
1.45 1.6
1.5 1.6
1.7 -0.35
1.75 -0.35
1.75 -0.3
1.75 -0.25
1.75 -0.2
1.75 -0.15
1.75 -0.1
1.75 -0.05
1.75 0
1.75 0.05
1.75 1.3
1.75 1.35
1.75 1.4
1.75 1.45
1.75 1.5
1.75 1.55
1.75 1.6
1.8 -0.2
1.8 0
1.8 0.05
1.8 0.1
1.8 1.2
1.8 1.25
1.8 1.3
1.8 1.35
1.8 1.45
1.85 0.15
1.85 1.15
1.85 1.2
1.9 0.15
1.9 1.15
1.9 1.7
1.95 0.15
1.95 1.15
1.95 1.75
1.95 2
2 1.15
2 2.05
2.05 1.85
2.05 2.05
2.1 2.05
2.15 2.05
2.2 2.05
2.25 2.05
2.3 2
2.3 2.05
2.5 1.3
2.55 1.25
2.6 1.2
2.65 1.2
2.7 1.2
2.8 1.2
2.95 -0.15
3.25 -0.15
3.35 -0.15
3.55 1.45
3.65 1.45
3.7 1.35
3.7 1.4
3.7 1.45
3.75 1.35
4.2 -0.3
4.2 -0.25
4.2 -0.2
4.2 -0.15
4.2 -0.1
4.25 -0.1
4.4 -0.1
4.45 -0.1
4.45 1.45
4.6 -0.1
4.9 1.55
4.95 1.35
4.95 1.4
4.95 1.45
4.95 1.5
4.95 1.55
5 1.35
5 1.4
5.05 1.35
5.1 1.3
5.45 1.35
5.5 -0.2
5.5 1.35
5.55 -0.25
5.6 -0.25
6.05 -0.25
6.1 -0.25
6.1 1.45
6.15 -0.2
6.15 1.45
6.45 1.45
6.5 1.3
6.5 1.35
6.5 1.4
6.5 1.45
6.55 1.3
6.55 1.35
6.55 1.4
6.7 1.25
6.7 1.3
6.75 1.1
6.75 1.15
6.75 1.2
6.75 1.25
6.8 1.25
6.85 1.15
6.85 1.2
6.85 1.25
6.9 1.1
7.35 1.15
7.7 -0.35
7.7 -0.3
7.7 -0.25
7.7 -0.2
7.75 -0.25
7.75 1.15
7.8 1.1
7.8 1.15
7.85 -0.2
7.85 1.05
7.85 1.1
7.9 0.85
7.9 0.9
7.9 0.95
7.9 1
7.9 1.05
7.95 0.85
8 0.8
8.15 0.8
8.3 -0.15
8.3 -0.1
8.35 -0.15
8.35 -0.1
8.35 0
8.35 0.05
8.35 0.1
8.35 0.15
8.35 0.2
8.35 0.25
8.35 0.3
8.35 0.35
8.35 0.4
8.35 0.45
8.35 0.5
8.35 0.55
8.35 0.6
8.35 0.65
8.35 0.7
8.35 0.75
