-5.8 2.35
-5.8 2.4
-5.75 2.45
-5.55 2.45
-5.15 2.4
-4.8 2.35
-4.65 2.35
-4.3 2.35
-4.1 2.35
-3.9 2.35
-3.8 2.35
-3.7 2.35
-3.6 2.35
-3.6 2.4
-3.55 2.45
-3.2 2.3
-2.95 2.2
-2.95 2.25
-2.9 2.25
-2.85 3
-2.85 3.05
-2.85 3.1
-2.85 3.15
-2.85 3.2
-2.85 3.25
-2.8 3.25
-2.8 3.3
-2.8 3.7
-2.75 3.7
-2.7 3.75
-2.65 2.2
-2.6 2.2
-2.55 2.2
-2.5 2.2
-2.5 2.25
-2.45 2.25
-2.45 2.3
-2.45 2.35
-2.45 2.4
-2.45 2.45
-2.45 2.5
-2.45 2.55
-2.4 2.5
-2.4 2.55
-2.25 2.7
-2.25 2.9
-2.2 2.7
-2.2 2.75
-2.15 2.65
-2.15 2.7
-2.15 2.75
-1.95 2.55
-1.85 2.5
-1.75 2.45
-1.7 2.4
-1.7 2.45
-1.7 2.5
-1.65 2.45
-1.65 2.5
-1.6 -1.2
-1.6 -1.15
-1.6 -1.1
-1.6 -1.05
-1.6 -1
-1.6 -0.95
-1.6 -0.9
-1.6 -0.85
-1.6 2.45
-1.55 -0.75
-1.55 -0.7
-1.55 -0.65
-1.5 -1.15
-1.5 0
-1.5 0.05
-1.5 0.1
-1.5 0.15
-1.5 0.2
-1.5 0.25
-1.5 0.3
-1.5 0.35
-1.45 0.4
-1.45 0.45
-1.45 0.5
-1.45 0.55
-1.45 0.6
-1.45 0.65
-1.45 0.7
-1.45 0.75
-1.45 0.8
-1.45 0.85
-1.45 0.9
-1.45 0.95
-1.45 1
-1.4 1.05
-1.4 1.1
-1.3 -0.3
-1.3 2.05
-1.3 2.1
-1.3 2.15
-1.3 2.2
-1.3 2.25
-1.3 2.3
-1.3 2.35
-1.3 2.4
-1.3 2.45
-1.3 2.5
-1.3 2.55
-1.3 2.6
-1.25 -1
-1.25 2.45
-1.25 2.5
-1.25 2.55
-1.25 2.6
-1.25 2.65
-1.25 2.7
-1.25 2.75
-1.25 2.8
-1.25 2.85
-1.25 2.9
-1.25 2.95
-1.25 3
-1.25 3.1
-1.2 -1
-1.2 -0.45
-1.2 -0.4
-1.2 -0.35
-1.2 3
-1.2 3.1
-1.2 3.15
-1.2 3.25
-1.2 3.35
-1.2 3.4
-1.2 3.45
-1.2 3.5
-1.2 3.55
-1.2 3.6
-1.15 -1.05
-1.15 -0.15
-1.15 -0.1
-1.15 3.55
-1.15 3.65
-1.15 3.75
-1.15 3.8
-1.15 3.85
-1.1 -1.1
-1.1 -1.05
-1.1 3.8
-1.1 3.85
-1.05 3.85
-0.85 3.3
-0.8 3.25
-0.8 3.3
-0.75 3.25
-0.75 3.3
-0.75 8
-0.7 3.25
-0.7 3.3
-0.7 8
-0.7 8.05
-0.65 3.3
-0.65 8
-0.65 8.05
-0.6 3.35
-0.6 3.4
-0.6 3.6
-0.6 3.7
-0.6 3.95
-0.6 8
-0.6 8.05
-0.55 3.95
-0.55 7.9
-0.55 7.95
-0.5 4
-0.5 4.15
-0.5 4.25
-0.5 7.6
-0.45 4.55
-0.45 4.6
-0.45 7.55
-0.45 7.6
-0.4 7.6
-0.35 7.6
-0.3 7.6
-0.25 7.6
-0.25 7.65
-0.25 10.4
-0.2 10.4
-0.15 10.4
-0.1 10.5
0 11.15
0.05 11.45
0.05 11.5
0.1 11.85
0.1 11.9
0.15 11.9
0.2 11.9
0.25 11.9
0.3 11.9
0.35 12
0.35 12.05
0.35 12.1
0.4 12.1
0.45 12
0.45 12.05
0.5 12.1
0.5 14.95
0.55 14.95
0.65 -0.6
0.65 14.95
0.7 -0.7
0.7 -0.65
0.7 -0.6
0.7 -0.55
0.7 -0.5
0.7 14.95
0.75 -0.75
0.75 -0.65
0.75 -0.55
0.75 -0.5
0.75 -0.45
0.75 14.95
0.8 -0.45
0.8 -0.4
0.8 14.95
0.85 -0.4
0.85 14.95
0.9 -0.4
0.9 -0.35
0.9 14.95
0.95 -0.4
0.95 14.95
1 -0.4
1 2.2
1 2.25
1 2.3
1 2.35
1 14.95
1.05 2.15
1.05 2.2
1.05 14.95
1.1 -0.45
1.1 2.1
1.1 2.15
1.1 2.6
1.1 14.9
1.15 -0.55
1.15 2.1
1.15 14.9
1.2 2.1
1.2 14.9
1.25 -1.35
1.25 -1.3
1.25 -1.25
1.25 -0.6
1.25 2.1
1.25 14.9
1.3 -0.6
1.3 -0.55
1.3 -0.5
1.3 -0.45
1.3 -0.4
1.3 2.1
1.3 5.45
1.3 5.5
1.3 14.9
1.35 -0.45
1.35 -0.4
1.35 -0.35
1.35 -0.3
1.35 -0.25
1.35 -0.2
1.35 -0.15
1.35 5.4
1.35 14.85
1.4 -0.15
1.4 5.35
1.4 14.85
1.4 14.9
1.45 -0.2
1.45 5.35
1.45 14.85
1.45 14.9
1.5 -0.2
1.5 1.55
1.5 1.6
1.5 1.65
1.5 5.35
1.5 14.85
1.55 -0.2
1.55 1.55
1.55 1.6
1.55 1.65
1.55 1.7
1.55 1.75
1.55 1.8
1.55 1.85
1.55 1.9
1.55 1.95
1.55 2
1.55 2.05
1.55 2.1
1.55 2.15
1.55 2.3
1.55 2.35
1.55 2.4
1.55 5.35
1.55 14.85
1.6 -0.2
1.6 2.1
1.6 2.15
1.6 2.2
1.6 2.25
1.6 2.3
1.6 2.35
1.6 5.4
1.6 8.95
1.6 9
1.6 14.85
1.65 1.6
1.65 8.95
1.65 14.85
1.7 -0.25
1.7 1.6
1.7 8.9
1.7 8.95
1.7 14.85
1.75 -0.25
1.75 1.6
1.75 8.9
1.75 8.95
1.75 14.85
1.8 1.6
1.8 4.4
1.8 4.55
1.8 4.65
1.8 5.8
1.8 5.85
1.8 5.9
1.8 8.9
1.8 14.85
1.85 1.6
1.85 4.4
1.85 4.9
1.85 4.95
1.85 5.05
1.85 5.1
1.85 5.15
1.85 5.2
1.85 5.8
1.85 5.85
1.85 8.9
1.85 14.85
1.9 -0.3
1.9 1.6
1.9 4.4
1.9 5.5
1.9 5.55
1.9 5.6
1.9 5.65
1.9 5.75
1.9 5.8
1.9 5.85
1.9 8.9
1.9 14.8
1.9 14.85
1.95 1.55
1.95 4.4
1.95 8.9
1.95 8.95
1.95 14.8
1.95 14.85
2 -0.2
2 1.45
2 1.55
2 1.6
2 4.35
2 4.4
2 8.9
2 12.2
2 14.8
2.05 -0.35
2.05 -0.3
2.05 -0.25
2.05 -0.2
2.05 -0.15
2.05 -0.1
2.05 -0.05
2.05 0
2.05 0.05
2.05 1.4
2.05 1.45
2.05 1.5
2.05 1.55
2.05 1.6
2.05 4.35
2.05 8.9
2.05 12.15
2.05 14.8
2.1 -0.35
2.1 -0.3
2.1 -0.2
2.1 -0.15
2.1 -0.1
2.1 0
2.1 0.05
2.1 0.1
2.1 1.35
2.1 1.4
2.1 1.5
2.1 1.55
2.1 1.6
2.1 4.4
2.1 8.9
2.1 9.25
2.1 9.3
2.1 12.15
2.1 14.8
2.15 0.1
2.15 1.35
2.15 4.35
2.15 9.25
2.15 9.3
2.15 12.05
2.15 12.1
2.15 14.8
2.2 0.1
2.2 1.3
2.2 1.35
2.2 14.8
2.25 1.3
2.25 9.2
2.25 9.3
2.25 14.8
2.3 1.3
2.3 14.8
2.35 1.3
2.35 14.75
2.4 14.75
2.95 1.45
3.1 -0.1
3.1 1.45
3.15 -0.15
3.25 -0.1
3.3 -0.1
3.35 -0.1
3.45 0.95
3.45 1
3.45 1.05
3.45 1.1
3.45 1.15
3.5 -0.1
3.5 0.9
3.5 0.95
3.5 1.15
3.55 0.85
3.55 0.9
3.6 0.8
3.6 0.85
3.65 0.8
3.65 1.2
3.7 1.2
3.75 0.8
3.75 1.3
3.8 1.25
3.8 1.3
3.85 1.25
3.9 1.35
3.9 1.7
3.95 1.4
3.95 1.5
3.95 1.55
3.95 1.6
3.95 1.65
3.95 1.7
4 1.4
4 1.45
4 1.5
4 1.55
4.45 0.8
4.45 0.85
4.5 0.7
4.5 0.75
4.55 0.65
4.55 0.7
4.55 0.75
4.85 -0.25
4.85 -0.2
4.85 -0.15
4.9 -0.15
4.9 -0.1
4.9 0
4.95 -0.3
4.95 0.05
5 0.1
5.05 -0.45
5.05 -0.4
5.05 -0.35
5.05 0.15
5.05 0.2
5.1 0.15
6.35 0.4
6.35 0.45
6.35 0.5
6.35 0.55
6.35 0.6
6.4 0.35
6.4 0.4
6.4 0.45
6.4 0.5
6.4 0.55
6.4 0.75
6.45 0.3
6.45 0.65
6.5 0.15
6.5 0.75
6.55 0.05
6.55 0.1
6.55 0.15
6.55 0.2
6.55 0.25
6.55 0.6
6.55 0.7
6.6 0.2
7.85 -0.15
7.85 -0.1
7.85 0.05
8.1 0.7
8.1 0.8
8.1 0.85
