-17.4 1.1
-17.4 1.15
-17.4 1.2
-17.4 1.25
-17.4 1.3
-17.4 1.35
-17.4 1.4
-17.4 1.45
-17.35 1.5
-17.35 1.55
-17.35 1.6
-17.35 1.65
-17.35 1.7
-17.35 1.75
-17.35 1.8
-17.35 1.85
-17.35 1.9
-14.45 0.9
-13 0.8
-12.85 0.85
-12.5 1.5
-12.5 1.6
-12.5 1.65
-12.5 1.7
-11.65 0.75
-11.1 0.7
-11.1 1.65
-9.95 0.65
-9.75 1.55
-9.65 0.6
-9.4 1.55
-8.35 0.55
-7.9 1.45
-7.85 0.5
-7.55 0.45
-7.4 1.5
-6.75 1.4
-6.5 0.45
-6.25 1.4
-6.15 0.4
-5.95 0.35
-5.85 1.4
-5.75 1.45
-5.2 1.35
-4.8 0.35
-4.6 1.25
-4.4 0.3
-4.35 1.25
-4.35 1.3
-4.25 1.3
-4.2 0.15
-4.2 0.2
-4.2 0.25
-4.1 1.3
-3.8 1.3
-3.55 1.25
-3.3 0.25
-3 1.2
-2.8 0.2
-2.7 1.2
-2.6 -0.2
-2.6 -0.15
-2.6 -0.1
-2.6 -0.05
-2.6 0
-2.6 0.05
-2.6 0.1
-2.6 0.15
-2.55 -0.25
-2.55 1.25
-2.55 1.3
-2.5 1.35
-2.5 1.4
-2.5 1.45
-2.5 1.5
-2.5 1.55
-2.5 1.6
-2.45 1.6
-2.05 1.4
-1.95 1.4
-1.9 1.4
-1.9 1.45
-1.5 -1.05
-1.5 -1
-1.5 -0.95
-1.5 -0.9
-1.5 -0.85
-1.5 -0.8
-1.5 -0.75
-1.5 -0.7
-1.5 -0.65
-1.5 -0.6
-1.5 -0.55
-1.5 -0.5
-1.5 -0.45
-1.5 -0.4
-1.5 -0.35
-1.5 -0.3
-1.5 -0.25
-1.5 -0.2
-1.45 -1.05
-1.45 -0.15
-1.45 -0.1
-1.45 0
-1.45 0.05
-1.45 0.1
-1.4 -1.05
-1.4 1.15
-1.4 1.2
-1.4 1.25
-1.4 1.3
-1.4 1.35
-1.4 1.4
-1.4 1.45
-1.35 -1.05
-1.35 1.4
-1.35 1.45
-1.35 1.5
-1.35 1.55
-1.35 1.6
-1.35 1.65
-1.35 1.7
-1.35 1.75
-1.35 1.8
-1.35 1.85
-1.35 1.9
-1.35 1.95
-1.35 2
-1.35 2.05
-1.35 2.1
-1.35 2.15
-1.35 2.2
-1.3 -1.05
-1.3 2.1
-1.3 2.15
-1.3 2.2
-1.3 2.25
-1.3 2.3
-1.3 2.35
-1.3 2.4
-1.3 2.45
-1.3 2.5
-1.3 2.55
-1.3 2.6
-1.3 2.65
-1.3 2.7
-1.3 2.75
-1.25 -1.05
-1.25 2.75
-1.25 2.8
-1.2 -1.05
-1.2 2.8
-1.15 -1.15
-1.15 -1.1
-1.15 -1.05
-1.05 6.25
-1.05 6.45
-1 7.15
-0.95 2.3
-0.95 2.35
-0.95 7.15
-0.95 7.2
-0.9 2.3
-0.9 7.15
-0.9 7.2
-0.85 2.3
-0.85 7.15
-0.85 7.2
-0.8 2.3
-0.8 2.35
-0.8 2.9
-0.8 3
-0.8 7
-0.75 2.35
-0.75 3
-0.75 6.65
-0.7 2.4
-0.7 2.45
-0.7 2.5
-0.7 2.55
-0.7 3
-0.7 6.65
-0.65 3
-0.65 3.05
-0.65 6.6
-0.65 6.65
-0.6 3.6
-0.6 3.65
-0.6 6.6
-0.6 6.65
-0.6 9.45
-0.55 6.65
-0.55 9.45
-0.5 6.65
-0.5 6.7
-0.5 9.45
-0.45 6.7
-0.45 9.45
-0.4 9.45
-0.4 9.55
-0.4 9.65
-0.35 10.4
-0.35 10.45
-0.35 10.55
-0.3 10.95
-0.25 10.95
-0.25 11
-0.2 10.95
-0.2 11
-0.15 10.95
-0.1 10.95
-0.1 11
0 11.15
0 11.2
0.05 14.05
0.1 14.05
0.15 14.05
0.2 14.05
0.25 14.05
0.3 14.05
0.35 14.05
0.4 14.05
0.45 14
0.5 14.05
0.55 14
0.55 14.05
0.6 14
0.65 14
0.7 14
0.75 14
0.8 14
0.85 14
0.9 1.3
0.9 1.35
0.9 1.4
0.9 1.45
0.9 13.95
0.9 14
0.95 1.25
0.95 1.3
0.95 1.35
0.95 1.4
0.95 13.95
1 1.2
1 1.25
1 13.95
1.05 1.2
1.05 13.95
1.1 1.2
1.1 4.6
1.1 13.95
1.15 1.2
1.15 4.5
1.15 4.55
1.15 13.95
1.2 1.2
1.2 4.45
1.2 4.5
1.2 13.95
1.25 4.45
1.25 13.95
1.3 -1.4
1.3 -1.35
1.3 -1.3
1.3 -1.25
1.3 -1.2
1.3 -1.15
1.3 -1.1
1.3 -1.05
1.3 4.45
1.3 13.95
1.35 -1.25
1.35 -1.2
1.35 -1.15
1.35 -1.1
1.35 -1.05
1.35 4.45
1.35 8.05
1.35 8.1
1.35 13.95
1.4 1.35
1.4 4.45
1.4 4.5
1.4 8.05
1.4 13.95
1.45 -1.1
1.45 0.6
1.45 0.65
1.45 0.7
1.45 0.75
1.45 0.8
1.45 0.85
1.45 0.9
1.45 0.95
1.45 1
1.45 1.05
1.45 1.4
1.45 4.6
1.45 8
1.45 8.05
1.45 13.95
1.5 -1.1
1.5 0.8
1.5 0.9
1.5 0.95
1.5 1
1.5 1.05
1.5 1.1
1.5 1.15
1.5 1.2
1.5 1.25
1.5 1.3
1.5 1.35
1.5 1.4
1.5 4.65
1.5 8
1.5 8.05
1.5 13.95
1.55 -1.1
1.55 8
1.55 13.9
1.55 13.95
1.6 -1.1
1.6 4.9
1.6 8
1.6 13.9
1.6 13.95
1.65 -1.15
1.65 -1.1
1.65 3.5
1.65 3.55
1.65 3.6
1.65 3.65
1.65 3.7
1.65 3.75
1.65 3.8
1.65 3.85
1.65 4.9
1.65 4.95
1.65 5
1.65 8.05
1.65 11.35
1.65 11.4
1.65 13.9
1.7 -1.1
1.7 3.5
1.7 4.1
1.7 4.25
1.7 4.35
1.7 4.45
1.7 4.5
1.7 4.55
1.7 4.65
1.7 4.9
1.7 4.95
1.7 11.25
1.7 11.3
1.7 13.9
1.75 -1.15
1.75 0.7
1.75 3.5
1.75 4.9
1.75 4.95
1.75 11.3
1.75 13.9
1.8 0.7
1.8 3.5
1.8 8.3
1.8 8.35
1.8 8.4
1.8 8.5
1.8 8.6
1.8 8.65
1.8 11.25
1.8 13.9
1.85 -1.2
1.85 3.5
1.85 8.3
1.85 11.25
1.85 11.3
1.85 13.9
1.9 2.85
1.9 2.9
1.9 2.95
1.9 3.5
1.9 7.55
1.9 8.5
1.9 8.55
1.9 8.65
1.9 13.9
1.95 0.55
1.95 0.6
1.95 0.65
1.95 0.7
1.95 2.8
1.95 2.85
1.95 3
1.95 3.5
1.95 7.85
1.95 7.95
1.95 8
1.95 8.05
1.95 8.25
1.95 8.3
1.95 8.4
1.95 8.45
1.95 8.55
1.95 8.6
1.95 13.9
2 -1.3
2 0.5
2 0.55
2 0.6
2 2.75
2 2.8
2 3.5
2.05 -1.35
2.05 -1.2
2.05 -1.15
2.05 -1.1
2.05 -1.05
2.05 -1
2.05 -0.95
2.05 -0.9
2.05 -0.85
2.05 0.5
2.05 0.6
2.05 0.65
2.05 0.7
2.05 2.7
2.05 2.75
2.05 3.5
2.1 -1.4
2.1 -1.25
2.1 -1.15
2.1 -1.1
2.1 -1
2.1 -0.95
2.1 -0.85
2.1 -0.8
2.1 0.45
2.1 2.7
2.1 2.75
2.1 3.55
2.15 -1.4
2.15 -1.35
2.15 -1.3
2.15 -1.25
2.15 -1.15
2.15 -1.1
2.15 -1.05
2.15 -1
2.15 -0.8
2.15 0.45
2.15 2.65
2.15 2.7
2.2 -1.4
2.2 -1.3
2.2 -0.8
2.2 2.65
2.25 -1.6
2.25 -1.55
2.25 -0.8
2.25 2.7
2.3 -1.55
2.3 -0.8
2.3 0.45
2.3 2.65
2.3 2.7
2.4 3.95
2.45 3.95
2.5 3.9
2.5 3.95
2.55 3.9
2.55 3.95
2.6 -0.95
2.6 3.9
2.6 3.95
3 -1.1
3.05 -1.1
3.05 -1.05
3.1 -1.2
3.1 -1.15
3.1 -1.05
3.1 -1
3.15 -1.2
3.15 -1.15
3.15 -1
3.2 -0.95
3.25 -0.95
3.3 -0.95
3.35 -0.95
3.4 0.1
3.4 0.15
3.4 0.2
3.4 0.25
3.4 0.3
3.45 0.05
3.45 0.1
3.5 0
3.5 0.05
3.5 0.3
3.5 0.35
3.55 -0.05
3.55 0
3.55 0.35
3.55 0.4
3.6 -0.1
3.6 0.4
3.65 -0.1
3.7 -1.05
3.7 0.35
3.7 0.4
3.75 -1.05
3.75 0.45
3.75 0.5
3.75 0.55
3.85 0.5
3.85 0.55
3.9 0.6
3.9 0.65
3.95 0.55
3.95 0.6
3.95 0.65
4.45 -0.2
4.5 -0.2
4.7 -0.25
4.85 -1.05
4.85 -1
4.85 -0.95
4.85 -0.9
4.85 -0.85
4.9 -1.6
4.9 -1.05
4.9 -0.85
4.9 -0.8
4.95 -1.55
4.95 -1.5
4.95 -0.8
4.95 -0.75
5 -1.45
5 -0.7
5 -0.65
5.05 -1.45
5.05 -1.4
5.05 -1.15
5.05 -0.7
5.05 -0.65
5.1 -1.2
5.2 -1.25
5.3 -1.45
5.3 -1.4
5.35 -1.35
5.4 -1.45
5.4 -1.4
5.4 -1.35
5.45 -1.45
5.45 -1.4
5.45 -1.35
6.3 -0.4
6.35 -0.45
6.4 -0.5
6.45 -0.55
6.7 -0.6
7.2 -0.7
7.8 -1.05
7.85 -1.1
7.85 -1
7.85 -0.95
7.85 -0.9
7.85 -0.85
7.85 -0.8
7.9 -1.1
7.9 -1
7.9 -0.95
7.9 -0.75
7.95 -1
8 -1.05
8.1 -1.3
8.15 -1.4
8.15 -1.35
8.15 -1.25
8.15 -1.2
8.15 -1.15
8.4 -1.45
8.4 -1.4
8.4 -1.3
