-17.45 -0.25
-17.45 -0.1
-17.4 0
-17.4 0.15
-17.4 0.3
-17.25 -0.35
-17.15 -0.4
-13.45 -0.45
-12.65 -0.45
-11.7 -0.5
-11.55 -0.3
-11.05 -0.55
-9.75 -0.6
-9.7 -0.55
-9.45 -0.65
-8.4 -0.6
-8.15 -0.65
-7.55 -0.7
-6.15 -0.7
-6 -0.75
-5.85 -0.85
-5.85 -0.8
-5.85 -0.75
-4.7 -0.75
-4.45 -0.8
-4.25 -0.85
-4.25 -0.8
-4.2 -1.05
-4.2 -1
-4.2 -0.95
-4.2 -0.9
-4.15 -1.1
-3.25 -0.8
-3.15 0.15
-3.1 -1.75
-3.1 -1.7
-3.1 -1.65
-3.1 -1.55
-3.1 -0.8
-3.05 0.2
-2.8 -0.8
-2.75 -0.85
-2.75 0.25
-2.6 -1.15
-2.6 -1.1
-2.6 -1.05
-2.6 -1
-2.6 -0.95
-2.6 -0.9
-2.55 -1.45
-2.05 -1.1
-1.85 -1.05
-1.85 -1
-1.8 -1.05
-1.75 -1.05
-1.5 -1.5
-1.5 -1.4
-1.5 -1.35
-1.5 -1.3
-1.5 -1.25
-1.45 -1.4
-1.45 -1.15
-1.45 -1.1
-1.45 -1.05
-1.45 -1
-1.45 -0.95
-1.45 -0.9
-1.45 -0.85
-1.45 0.2
-1.45 0.25
-1.45 0.3
-1.45 0.35
-1.45 0.6
-1.45 0.65
-1.4 0.4
-1.4 0.45
-1.4 0.5
-1.4 0.55
-1.4 0.7
-1.4 0.75
-1.4 0.8
-1.4 0.85
-1.4 0.9
-1.4 0.95
-1.4 1
-1.4 1.05
-1.4 1.1
-1.4 1.15
-1.4 1.2
-1.4 1.25
-1.4 1.3
-1.4 1.35
-1.4 1.4
-1.4 1.45
-1.4 1.5
-1.4 1.55
-1.4 1.6
-1.4 1.65
-1.4 1.7
-1.4 1.75
-1.35 1.7
-1.35 1.75
-1.35 1.8
-1.25 4.65
-1.25 4.8
-1.25 4.9
-1.25 4.95
-1.25 5.05
-1.25 5.35
-1.25 5.4
-1.25 5.55
-1.2 5.9
-1.2 6.2
-1.15 6.15
-1.15 6.2
-1.1 6.15
-1.1 6.2
-1.1 6.25
-1.05 6.15
-1 1.4
-1 2.05
-1 2.1
-1 6
-0.95 1.4
-0.95 2.1
-0.95 5.75
-0.95 5.8
-0.9 1.4
-0.9 1.45
-0.9 2.1
-0.9 5.75
-0.9 8.55
-0.85 1.4
-0.85 1.45
-0.85 2.1
-0.85 5.7
-0.85 5.75
-0.85 8.55
-0.8 1.45
-0.8 1.5
-0.8 1.55
-0.8 2.1
-0.8 5.75
-0.8 8.55
-0.8 8.6
-0.75 1.5
-0.75 1.55
-0.75 1.6
-0.75 2.1
-0.75 2.15
-0.75 2.2
-0.75 2.25
-0.75 2.3
-0.75 2.8
-0.75 5.75
-0.75 8.55
-0.75 8.6
-0.7 2.25
-0.7 2.3
-0.7 2.4
-0.7 2.45
-0.7 2.55
-0.7 2.6
-0.7 2.7
-0.7 2.75
-0.7 2.8
-0.7 5.75
-0.7 5.8
-0.7 8.7
-0.7 8.75
-0.7 9.2
-0.7 9.4
-0.7 9.5
-0.65 5.8
-0.65 5.85
-0.65 9.6
-0.65 10
-0.65 10.05
-0.6 10.1
-0.55 10.05
-0.55 10.1
-0.5 10.1
-0.45 10.1
-0.45 13.15
-0.4 10.15
-0.4 10.35
-0.4 10.4
-0.4 13.15
-0.35 13.15
-0.3 10.4
-0.3 13.15
-0.2 10.35
-0.2 10.4
-0.2 13.15
-0.15 13.15
-0.1 13.15
0 13.15
0.05 13.15
0.1 13.15
0.15 13.15
0.2 13.15
0.25 13.15
0.3 13.15
0.35 13.1
0.4 13.1
0.4 13.15
0.45 13.1
0.5 13.1
0.55 13.1
0.6 13.1
0.65 13.1
0.7 13.1
0.75 13.1
0.8 13.1
0.85 0.5
0.85 0.55
0.85 0.6
0.85 0.65
0.85 13.1
0.9 0.4
0.9 0.45
0.9 0.5
0.9 0.6
0.9 0.65
0.9 0.7
0.9 13.1
0.95 0.4
0.95 0.7
0.95 3.75
0.95 13.1
1 0.35
1 3.65
1 3.7
1 13.1
1.05 3.65
1.05 13.1
1.1 3.6
1.1 7.25
1.1 13.1
1.15 3.6
1.15 7.2
1.15 7.25
1.15 13.1
1.2 3.6
1.2 7.15
1.2 7.2
1.2 13.1
1.25 3.65
1.25 7.15
1.25 7.2
1.25 13.1
1.3 0.4
1.3 7.15
1.3 10.45
1.3 10.5
1.3 13.1
1.35 7.15
1.35 10.45
1.35 13.1
1.4 -0.2
1.4 -0.15
1.4 0
1.4 3.95
1.4 7.2
1.4 10.4
1.4 10.45
1.4 13.05
1.4 13.1
1.45 -0.25
1.45 -0.2
1.45 -0.15
1.45 -0.1
1.45 -0.05
1.45 0
1.45 0.05
1.45 0.1
1.45 0.15
1.45 0.2
1.45 0.25
1.45 0.3
1.45 0.35
1.45 0.4
1.45 0.85
1.45 0.9
1.45 0.95
1.45 1
1.45 10.4
1.45 10.45
1.45 13.1
1.5 0.9
1.5 0.95
1.5 1
1.5 2.65
1.5 2.7
1.5 2.75
1.5 4.1
1.5 10.4
1.5 13.05
1.55 2.6
1.55 2.65
1.55 2.7
1.55 2.75
1.55 2.8
1.55 2.85
1.55 2.9
1.55 2.95
1.55 3
1.55 3.05
1.55 3.1
1.55 3.15
1.55 3.2
1.55 3.25
1.55 3.3
1.55 3.35
1.55 3.4
1.55 3.45
1.55 3.55
1.55 3.6
1.55 3.7
1.55 3.8
1.55 3.85
1.55 3.95
1.55 4.05
1.55 4.1
1.55 7.65
1.55 7.7
1.55 13.05
1.6 4.05
1.6 4.1
1.6 7.6
1.6 7.7
1.6 13.05
1.65 2.7
1.65 7.65
1.65 7.7
1.7 2.7
1.7 6.55
1.7 6.75
1.7 6.8
1.7 6.95
1.7 7.1
1.7 7.2
1.7 7.4
1.7 7.45
1.7 7.65
1.7 7.7
1.75 2.7
1.8 2.05
1.8 2.1
1.8 2.15
1.8 2.7
1.85 2
1.85 2.05
1.85 2.2
1.85 2.7
1.9 1.95
1.9 2
1.9 2.3
1.9 2.7
1.95 1.9
1.95 1.95
1.95 2.7
2 1.9
2.05 -1.9
2.05 -1.85
2.05 -1.8
2.05 -1.75
2.05 -1.7
2.05 -1.65
2.05 1.85
2.05 1.9
2.1 -2.1
2.1 -2.05
2.1 -1.9
2.1 -1.85
2.1 -1.8
2.1 -1.75
2.1 -1.65
2.1 1.85
2.1 2.5
2.15 -2.1
2.15 -2.05
2.15 -1.65
2.15 -1.6
2.15 1.85
2.2 -1.6
2.2 1.9
2.2 2.6
2.25 -1.6
2.3 -1.6
2.3 3.1
2.35 -1.6
2.35 3.15
2.4 -2.45
2.4 -1.65
2.4 3.15
2.45 -2.55
2.45 3.15
2.5 -1.7
2.5 3.1
2.5 3.15
2.55 2.15
2.55 3.15
2.6 -1.75
2.6 3.1
2.6 3.15
2.65 3.1
2.65 3.15
2.7 3.1
2.95 -2
3 -2.05
3.05 -2.05
3.05 -2
3.05 -1.95
3.05 -1.9
3.05 -1.85
3.1 -2.1
3.1 -2.05
3.1 -1.95
3.1 -1.9
3.1 -1.85
3.1 -1.8
3.1 -1.75
3.15 -2.05
3.15 -2
3.15 -1.8
3.15 -1.75
3.15 2.55
3.15 2.6
3.2 -1.75
3.2 2.6
3.25 -1.75
3.25 -1.7
3.25 2.6
3.3 -1.75
3.3 -1.7
3.3 2.15
3.3 2.2
3.3 2.25
3.3 2.3
3.3 2.35
3.3 2.4
3.35 -1.7
3.35 2.1
3.35 2.15
3.4 -0.75
3.4 -0.7
3.4 2
3.4 2.05
3.4 2.1
3.4 2.45
3.4 2.7
3.45 -1.75
3.45 1.95
3.45 2
3.45 2.7
3.5 -0.8
3.5 2.7
3.55 -0.85
3.55 2
3.55 2.65
3.55 2.7
3.6 -1.8
3.6 -0.9
3.6 2
3.6 2.65
3.6 2.7
3.65 1.95
3.65 2.65
3.7 -1.85
3.85 2.05
4.25 -2.15
4.35 -2.2
4.55 -2.3
4.65 2.3
4.7 2.3
4.75 2.25
4.8 -1.7
4.8 2.25
4.85 -1.7
4.85 -1.65
4.85 -1.6
4.85 -1.55
4.9 -2.45
4.9 -2.4
4.9 -1.75
4.9 -1.55
4.9 -1.5
4.95 -2.4
4.95 -2.35
4.95 -2.3
4.95 -1.8
4.95 -1.45
4.95 -1.4
5 -2.3
5 -2.25
5 -2.2
5 -1.85
5 -1.35
5 -1.3
5 2.2
5 2.25
5.05 -2.2
5.05 -2.15
5.05 -1.9
5.05 -1.85
5.15 -2.15
5.2 -2.05
5.2 -2
5.25 -2.15
5.25 -2.1
5.25 -2.05
5.3 -2.05
