-4.25 -1.65
-4.2 -1.7
-3.65 -1.55
-3.6 -1.5
-3.55 -1.55
-3.15 -2.5
-3.15 -2.45
-3.15 -2.4
-3.15 -2.35
-3.15 -2.3
-3.15 -1.4
-3.1 -2.55
-3.1 -2.5
-3.1 -1.45
-3.05 -2.2
-2.8 -1.45
-2.75 -1.45
-2.7 -2.25
-2.7 -1.45
-2.65 -1.85
-2.65 -1.8
-2.65 -1.75
-2.65 -1.7
-2.65 -1.65
-2.65 -1.6
-2.65 -1.55
-2.65 -1.5
-2.65 -1.45
-2.45 3.75
-2.4 3.75
-2.4 3.8
-2.4 3.85
-2.4 3.9
-2.4 3.95
-2.4 4.05
-2.4 4.2
-2.4 4.25
-2.4 4.3
-2.4 4.35
-2.4 4.4
-2.4 4.45
-2.35 3.95
-2.35 4
-2.35 4.05
-2.35 4.1
-2.35 4.45
-2.35 4.5
-2.3 -1.9
-2.3 4.5
-2.25 4.5
-2.2 -1.85
-2.2 4.4
-2.1 4.4
-2.05 4.3
-2 -1.7
-2 4.3
-1.9 -1.65
-1.9 4.15
-1.85 -1.7
-1.85 -1.65
-1.85 4.1
-1.8 -1.7
-1.8 4.05
-1.75 4.05
-1.75 4.1
-1.7 4.1
-1.7 4.15
-1.65 4.1
-1.65 4.15
-1.6 4.15
-1.6 4.2
-1.55 3
-1.55 4.2
-1.5 -1.45
-1.45 -1.45
-1.45 -0.5
-1.45 -0.45
-1.45 -0.4
-1.45 -0.35
-1.45 -0.3
-1.45 -0.25
-1.45 -0.2
-1.45 -0.15
-1.45 -0.1
-1.45 0
-1.45 0.05
-1.45 0.1
-1.45 0.15
-1.45 0.2
-1.45 0.25
-1.45 0.4
-1.45 0.5
-1.4 0.3
-1.4 0.35
-1.4 0.45
-1.4 0.55
-1.4 0.6
-1.4 0.65
-1.4 0.7
-1.4 0.75
-1.4 0.8
-1.4 0.85
-1.4 0.9
-1.4 0.95
-1.4 1
-1.4 1.05
-1.4 1.1
-1.4 1.15
-1.4 1.2
-1.4 1.25
-1.4 1.3
-1.4 1.35
-1.4 1.4
-1.4 1.45
-1.4 2.85
-1.35 2.55
-1.3 2.55
-1.3 2.6
-1.3 2.65
-1.3 2.7
-1.3 3.75
-1.25 3.75
-1.25 3.8
-1.25 3.85
-1.25 3.9
-1.25 3.95
-1.25 4
-1.25 4.05
-1.25 4.1
-1.25 4.15
-1.25 4.25
-1.25 4.35
-1.25 4.4
-1.25 4.45
-1.25 4.5
-1.25 4.55
-1.25 4.6
-1.25 4.7
-1.25 4.75
-1.25 4.85
-1.25 4.9
-1.25 4.95
-1.2 4.85
-1.2 4.95
-1.2 5.05
-1.2 5.2
-1.2 5.35
-1.2 5.55
-1.2 5.6
-1.15 1.5
-1.15 5.55
-1.15 5.6
-1.1 5.55
-1.1 5.6
-1.05 1.5
-1.05 7.9
-1 1.5
-1 5.35
-1 7.9
-1 7.95
-0.95 5.15
-0.95 7.9
-0.95 7.95
-0.9 1.45
-0.9 5.1
-0.9 7.9
-0.9 7.95
-0.85 1.45
-0.85 5.1
-0.85 7.9
-0.85 7.95
-0.8 0.85
-0.8 0.9
-0.8 0.95
-0.8 1
-0.8 1.45
-0.8 1.5
-0.8 5.1
-0.8 7.9
-0.8 7.95
-0.75 1.5
-0.75 1.55
-0.75 1.6
-0.75 1.65
-0.75 1.7
-0.75 1.75
-0.75 1.8
-0.75 1.85
-0.75 1.9
-0.75 1.95
-0.75 2
-0.75 2.05
-0.75 2.1
-0.75 5.1
-0.75 7.95
-0.7 5.1
-0.7 5.15
-0.7 7.95
-0.7 8.55
-0.65 5.2
-0.65 5.25
-0.65 9.35
-0.65 9.4
-0.6 9.45
-0.55 9.45
-0.5 9.45
-0.45 9.45
-0.45 12.5
-0.4 9.45
-0.4 9.5
-0.4 12.5
-0.4 12.55
-0.35 9.8
-0.35 9.85
-0.35 12.5
-0.3 12.5
-0.3 12.55
-0.25 12.5
-0.25 12.55
-0.2 12.5
-0.2 12.55
-0.15 12.5
-0.15 12.55
-0.1 12.5
-0.1 12.55
0 12.5
0 12.55
0.05 12.5
0.05 12.55
0.1 12.5
0.1 12.55
0.15 12.5
0.15 12.55
0.2 12.5
0.2 12.55
0.25 12.5
0.25 12.55
0.3 12.5
0.35 12.5
0.4 12.45
0.4 12.5
0.45 12.45
0.45 12.5
0.5 12.45
0.5 12.5
0.55 12.45
0.55 12.5
0.6 12.45
0.6 12.5
0.65 12.45
0.65 12.5
0.7 12.45
0.7 12.5
0.75 12.45
0.8 12.45
0.85 -0.25
0.85 -0.2
0.85 -0.15
0.85 -0.1
0.85 -0.05
0.85 0
0.85 12.45
0.9 0
0.9 0.05
0.9 12.45
0.95 0.05
0.95 0.1
0.95 3.05
0.95 3.1
0.95 3.15
0.95 12.45
1 0.1
1 3
1 3.05
1 12.45
1.05 2.95
1.05 3
1.05 12.45
1.1 2.95
1.1 6.6
1.1 6.65
1.1 12.45
1.15 2.95
1.15 6.55
1.15 6.6
1.15 12.45
1.2 2.95
1.2 6.55
1.2 12.45
1.25 -0.45
1.25 3
1.25 6.5
1.25 6.55
1.25 12.45
1.3 6.5
1.3 9.85
1.3 12.45
1.35 6.5
1.35 6.55
1.35 9.8
1.35 9.85
1.35 12.45
1.4 -0.9
1.4 -0.85
1.4 -0.8
1.4 -0.75
1.4 -0.7
1.4 -0.65
1.4 -0.6
1.4 -0.55
1.4 -0.15
1.4 -0.1
1.4 0
1.4 0.05
1.4 0.1
1.4 6.55
1.4 9.8
1.4 12.45
1.45 0
1.45 0.05
1.45 0.1
1.45 0.15
1.45 0.2
1.45 0.25
1.45 0.3
1.45 0.35
1.45 9.75
1.45 9.8
1.45 12.4
1.45 12.45
1.5 1.95
1.5 2
1.5 2.05
1.5 2.1
1.5 2.15
1.5 2.2
1.5 2.25
1.5 2.3
1.5 2.35
1.5 3.35
1.5 3.4
1.5 9.75
1.5 9.8
1.5 12.4
1.5 12.45
1.55 1.95
1.55 2.05
1.55 2.15
1.55 2.2
1.55 2.25
1.55 2.3
1.55 2.35
1.55 2.4
1.55 2.45
1.55 2.5
1.55 2.55
1.55 2.6
1.55 2.65
1.55 2.7
1.55 2.75
1.55 2.8
1.55 2.85
1.55 2.9
1.55 2.95
1.55 3
1.55 3.05
1.55 3.1
1.55 3.15
1.55 3.2
1.55 3.25
1.55 3.3
1.55 3.35
1.55 3.4
1.55 7
1.55 9.75
1.55 12.4
1.55 12.45
1.6 3.05
1.6 3.1
1.6 3.15
1.6 3.2
1.6 7.05
1.6 9.75
1.6 12.4
1.6 12.45
1.65 2
1.65 2.05
1.65 5.25
1.65 5.35
1.65 5.45
1.65 5.6
1.65 7
1.65 7.05
1.65 9.75
1.65 12.4
1.65 12.45
1.7 2
1.7 2.05
1.7 5.25
1.7 5.6
1.7 5.65
1.7 5.75
1.7 5.85
1.7 6
1.7 6.1
1.7 6.2
1.7 6.25
1.7 6.4
1.7 6.45
1.7 6.6
1.7 6.65
1.7 6.8
1.7 6.85
1.7 7
1.7 7.05
1.7 9.75
1.75 2
1.75 2.05
1.75 5.2
1.75 5.25
1.8 1.45
1.8 1.5
1.8 2
1.8 5.2
1.85 1.35
1.85 1.4
1.85 1.45
1.85 1.5
1.85 1.55
1.85 2
1.85 5.2
1.9 1.3
1.9 1.35
1.9 1.55
1.9 1.6
1.9 1.65
1.9 2
1.9 5.15
1.9 5.2
1.95 1.25
1.95 1.3
1.95 1.7
1.95 2.05
1.95 5.15
2 1.25
2 1.7
2 1.75
2 2.05
2 5.15
2.05 1.25
2.05 1.7
2.05 1.75
2.05 5.15
2.05 5.2
2.1 -0.3
2.1 1.2
2.1 1.75
2.1 5.15
2.15 1.8
2.2 -2.3
2.2 -0.35
2.2 1.8
2.25 -2.3
2.25 -0.35
2.3 -2.3
2.3 -0.35
2.35 -2.3
2.35 -0.35
2.35 2.4
2.4 -0.35
2.45 -2.35
2.45 -0.35
2.45 2.45
2.5 -2.4
2.5 -0.35
2.5 2.45
2.5 2.5
2.55 -0.35
2.55 2.45
2.55 2.5
2.6 -0.35
2.6 -0.15
2.6 -0.1
2.6 2.45
2.6 2.5
2.65 -0.35
2.65 -0.2
2.65 -0.15
2.65 -0.1
2.65 0
2.65 2.45
2.65 2.5
2.7 -0.35
2.7 -0.3
2.7 2.45
2.75 2.15
2.75 2.2
2.75 2.25
2.75 2.3
2.75 2.35
2.75 2.45
2.8 1.95
2.8 2
2.8 2.05
2.8 2.1
2.8 2.15
2.8 2.35
2.8 2.4
2.8 2.45
2.8 2.5
2.85 -2.7
2.85 2
2.85 2.4
2.9 -2.7
2.9 1.95
2.95 -2.75
3 -2.75
3 0.25
3 0.3
3 0.35
3 0.4
3 0.45
3.05 -2.5
3.05 -2.45
3.05 0.25
3.05 0.3
3.05 0.35
3.05 0.4
3.05 0.45
3.05 0.5
3.05 0.55
3.05 0.6
3.1 -2.8
3.1 -2.6
3.1 -2.45
3.1 0.2
3.1 0.45
3.1 0.5
3.1 0.55
3.1 0.6
3.15 -2.85
3.15 -2.8
3.15 -2.75
3.15 -2.7
3.15 -2.65
3.15 -2.45
3.15 -2.4
3.15 0.45
3.15 0.5
3.15 0.55
3.15 1.9
3.15 1.95
3.2 -2.8
3.2 -2.75
3.2 -2.4
3.2 0.65
3.25 -2.4
3.25 0.65
3.25 1.7
3.25 1.75
3.3 -2.4
3.3 -0.4
3.3 0.05
3.3 1.5
3.3 1.55
3.3 1.6
3.3 1.65
3.3 1.7
3.35 -2.4
3.35 -2.35
3.35 -2.3
3.35 -0.4
3.35 1.4
3.35 1.45
3.4 -0.4
3.4 1.35
3.45 -2.4
3.45 -0.4
3.45 0.05
3.45 1.3
3.5 -0.4
3.5 1.3
3.55 -0.4
3.55 0
3.55 1.3
3.6 -0.4
3.65 -0.4
3.7 -0.4
3.7 0
3.75 -0.4
3.8 -2.6
3.8 -0.25
3.85 -2.6
3.85 -2.55
3.85 -0.4
3.85 -0.35
3.85 -0.3
3.85 -0.25
3.85 -0.2
3.85 -0.15
3.85 -0.1
3.9 -0.4
3.9 -0.35
3.95 -0.35
4.25 1.5
4.65 1.65
4.7 1.6
4.75 1.6
4.85 1.55
5 0.3
5 1.6
5.05 0.4
5.1 0.3
5.1 0.35
5.1 0.4
5.15 0.3
5.15 0.45
5.15 1.6
5.2 0.15
5.2 0.2
5.2 0.4
5.2 0.45
5.2 0.5
5.2 0.55
5.25 0.05
5.25 0.1
5.25 0.15
5.25 0.45
5.25 0.5
5.25 0.55
5.25 0.6
5.3 0.6
5.3 0.65
5.3 0.7
5.5 0.65
5.7 1.65
5.7 1.7
5.75 1.6
6 1.05
6 1.1
6 1.15
6 1.2
6 1.25
6 1.3
6 1.35
6 1.4
6 1.45
6.05 1
6.05 1.05
6.05 1.1
6.05 1.45
6.05 1.65
6.1 1
6.1 1.5
6.1 1.55
6.1 1.6
6.15 1.5
6.15 1.55
6.15 1.6
6.2 1.55
6.2 1.6
6.2 1.65
7.1 0.5
7.1 0.55
8.45 0.5
8.75 0.5
8.75 0.55
8.75 0.6
8.75 0.65
8.75 0.7
8.75 0.75
8.75 0.8
8.75 0.85
8.75 0.9
8.75 0.95
8.75 1
8.75 1.05
8.75 1.1
