-17.3 1.2
-17.3 1.35
-17.3 1.5
-17.3 1.65
-17.3 1.8
-14.45 1.5
-14.45 1.75
-12.7 1.8
-11.3 1.8
-9.9 1.75
-9.65 1.8
-9.15 1.85
-8.45 1.8
-8.15 1.8
-7.65 1.85
-7.5 1.8
-7.45 1.9
-6.5 1.8
-6.1 1.85
-6.1 1.9
-5.85 1.95
-5.3 1
-5.05 1.85
-4.65 1.85
-4.4 1.85
-4.25 1.9
-4.25 1.95
-4.25 2.05
-4.25 2.1
-4.2 2
-4.2 2.15
-4.2 2.2
-4.2 2.25
-3.1 0.95
-3.1 1.85
-2.8 1.85
-2.6 2.3
-2.6 2.35
-2.6 2.4
-2.6 2.45
-2.6 2.5
-2.55 1.9
-2.55 1.95
-2.55 2
-2.55 2.05
-2.55 2.1
-2.55 2.15
-2.55 2.2
-2.55 2.5
-2.55 2.55
-2.5 2.55
-2.45 2.55
-2.4 2.5
-1.95 2.2
-1.9 2.2
-1.9 2.25
-1.85 2.25
-1.85 6.75
-1.85 6.95
-1.85 7
-1.8 2.25
-1.8 7
-1.75 7
-1.65 6.75
-1.5 6.1
-1.45 -1
-1.45 -0.95
-1.45 -0.9
-1.45 -0.85
-1.45 -0.8
-1.45 0.25
-1.45 0.3
-1.45 0.35
-1.45 0.4
-1.45 0.45
-1.45 0.5
-1.45 0.55
-1.45 0.6
-1.45 0.65
-1.45 0.7
-1.45 0.75
-1.45 0.8
-1.45 0.85
-1.45 1.85
-1.45 1.9
-1.45 1.95
-1.45 2
-1.45 2.05
-1.45 2.1
-1.45 2.15
-1.45 2.2
-1.45 2.25
-1.45 2.3
-1.45 2.35
-1.45 2.4
-1.45 2.45
-1.45 2.5
-1.45 2.55
-1.45 2.65
-1.45 2.7
-1.45 2.75
-1.45 2.8
-1.45 2.85
-1.45 2.9
-1.45 2.95
-1.45 3
-1.45 3.05
-1.45 3.1
-1.45 3.15
-1.45 3.2
-1.45 3.25
-1.45 3.3
-1.45 3.35
-1.45 3.4
-1.45 3.45
-1.45 3.5
-1.45 3.55
-1.45 6.1
-1.45 6.15
-1.4 1.85
-1.4 1.9
-1.4 1.95
-1.4 2
-1.4 2.05
-1.4 2.1
-1.4 2.15
-1.4 2.2
-1.4 2.25
-1.4 2.3
-1.4 2.35
-1.4 2.4
-1.4 2.45
-1.4 2.5
-1.4 2.55
-1.4 2.6
-1.4 2.65
-1.4 2.7
-1.4 2.75
-1.4 2.8
-1.4 2.85
-1.4 2.9
-1.4 2.95
-1.4 3.05
-1.4 3.1
-1.4 3.5
-1.4 3.55
-1.4 3.65
-1.4 3.7
-1.4 6.1
-1.35 -0.95
-1.35 3.65
-1.35 3.7
-1.35 6.1
-1.3 -0.95
-1.3 3.65
-1.3 6.1
-1.25 3.5
-1.25 6.1
-1.2 6.1
-1.15 3.3
-1.15 6.1
-1.1 3.25
-1.1 3.3
-1.1 6.1
-1.1 6.15
-1.05 3.25
-1.05 6.1
-1.05 6.15
-1 -0.75
-1 3.25
-1 6.1
-1 6.15
-1 6.35
-1 6.8
-1 6.85
-1 7.25
-1 7.6
-0.95 -0.8
-0.95 -0.75
-0.95 3.25
-0.95 3.3
-0.95 7.6
-0.95 7.65
-0.95 10.7
-0.9 -0.85
-0.9 -0.8
-0.9 3.3
-0.9 3.35
-0.9 7.65
-0.9 10.7
-0.85 -0.85
-0.85 -0.4
-0.85 -0.35
-0.85 -0.3
-0.85 -0.25
-0.85 -0.2
-0.85 -0.15
-0.85 -0.1
-0.85 -0.05
-0.85 0
-0.85 0.05
-0.85 0.1
-0.85 0.15
-0.85 0.2
-0.85 0.25
-0.85 3.4
-0.85 3.45
-0.85 7.65
-0.85 10.7
-0.8 7.65
-0.8 10.7
-0.75 7.65
-0.75 7.8
-0.75 7.9
-0.75 10.7
-0.75 10.75
-0.7 7.95
-0.7 8
-0.7 10.7
-0.65 10.7
-0.65 10.75
-0.6 10.7
-0.6 10.75
-0.55 10.7
-0.55 10.75
-0.5 10.7
-0.5 10.75
-0.45 10.7
-0.45 10.75
-0.4 10.75
-0.35 10.7
-0.35 10.75
-0.3 10.7
-0.3 10.75
-0.25 10.7
-0.25 10.75
-0.2 10.7
-0.2 10.75
-0.15 10.7
-0.1 10.7
0 10.7
0.05 10.7
0.1 10.7
0.15 10.7
0.2 10.7
0.25 10.7
0.3 10.7
0.35 10.7
0.4 10.7
0.45 10.7
0.5 10.7
0.55 10.65
0.55 10.7
0.6 10.7
0.65 10.7
0.7 10.65
0.7 10.7
0.75 10.7
0.8 1.3
0.8 1.35
0.8 1.4
0.8 10.7
0.85 1.25
0.85 1.3
0.85 1.45
0.85 4.85
0.85 4.9
0.85 10.65
0.85 10.7
0.9 1.2
0.9 1.25
0.9 4.8
0.9 4.85
0.9 10.7
0.95 1.2
0.95 4.75
0.95 4.8
0.95 8.1
0.95 10.65
0.95 10.7
1 1.2
1 4.75
1 8.05
1 8.1
1 10.7
1.05 1.2
1.05 1.6
1.05 4.75
1.05 8.05
1.05 10.65
1.05 10.7
1.1 4.75
1.1 4.8
1.1 8
1.1 8.05
1.1 10.65
1.1 10.7
1.15 4.8
1.15 8
1.15 8.05
1.15 10.65
1.15 10.7
1.2 8
1.2 8.05
1.2 10.65
1.2 10.7
1.25 8
1.25 8.05
1.25 10.65
1.25 10.7
1.3 1.4
1.3 8.35
1.35 1.45
1.35 5.3
1.35 8.35
1.35 8.4
1.4 -1.5
1.4 0.15
1.4 0.2
1.4 0.25
1.4 0.3
1.4 0.35
1.4 0.4
1.4 0.45
1.4 0.5
1.4 0.55
1.4 0.6
1.4 0.65
1.4 0.7
1.4 0.75
1.4 0.85
1.4 0.9
1.4 0.95
1.4 1
1.4 1.05
1.4 1.1
1.4 1.15
1.4 1.2
1.4 1.25
1.4 1.3
1.4 1.35
1.4 1.4
1.4 1.45
1.4 1.85
1.4 5.3
1.45 0.65
1.45 0.7
1.45 0.75
1.45 0.8
1.45 0.85
1.45 0.9
1.45 0.95
1.45 1
1.45 1.05
1.45 1.1
1.45 1.15
1.45 1.2
1.45 1.25
1.45 1.3
1.45 1.35
1.45 1.4
1.45 1.45
1.45 1.95
1.45 2
1.45 2.05
1.45 2.1
1.45 2.15
1.45 2.2
1.45 2.25
1.45 2.3
1.45 2.35
1.45 2.4
1.45 2.45
1.45 2.5
1.45 3.5
1.45 3.6
1.45 3.65
1.45 3.7
1.45 3.75
1.45 3.85
1.45 4
1.45 4.1
1.45 4.2
1.45 4.3
1.45 4.35
1.45 4.4
1.45 4.5
1.45 4.6
1.45 4.7
1.45 4.75
1.45 4.8
1.45 4.85
1.45 4.95
1.45 5.05
1.45 5.1
1.45 5.2
1.45 5.25
1.45 5.3
1.45 5.35
1.45 5.4
1.45 5.5
1.45 8.25
1.45 8.75
1.5 0.8
1.5 3.45
1.5 3.5
1.5 8.15
1.5 8.25
1.5 8.35
1.5 8.55
1.5 8.7
1.5 8.75
1.55 3.45
1.55 3.5
1.6 -1.65
1.6 3.45
1.65 3.4
1.65 3.45
1.7 -0.35
1.7 3.4
1.7 3.45
1.75 -0.45
1.75 -0.4
1.75 -0.35
1.75 -0.3
1.75 -0.25
1.75 3.4
1.75 3.45
1.8 -0.45
1.8 -0.35
1.8 -0.3
1.8 -0.25
1.8 -0.2
1.8 -0.15
1.8 3.45
1.85 -0.15
1.85 -0.1
1.85 3.45
1.85 3.5
1.9 -0.15
1.9 -0.1
1.9 0
1.9 3.45
1.9 3.5
1.95 -0.15
1.95 -0.1
1.95 0
1.95 3.45
1.95 3.5
2 0
2 3.55
2.05 -2.05
2.05 3.6
2.1 -2.1
2.15 -2.1
2.2 -2.1
2.2 -2.05
2.2 0.05
2.25 -2.1
2.25 -2.05
2.25 0.05
2.3 -2.1
2.3 -2.05
2.35 -2.1
2.4 -2.1
2.45 -2.1
2.45 -2.05
2.5 -2.1
2.5 -2.05
2.55 -2.1
2.55 -2.05
2.6 -2.1
2.6 -1.95
2.6 -1.9
2.6 -1.85
2.6 -1.8
2.6 -1.75
2.65 -2.1
2.65 -2.05
2.65 -2
2.65 -1.8
2.65 4.45
2.7 -2.1
2.7 -2.05
2.7 0.25
2.7 4.45
2.7 4.5
2.75 4.45
2.8 4.4
2.8 4.45
2.85 4.4
2.9 4.35
2.9 4.4
2.95 4.4
3 -1.55
3 -1.5
3 -1.45
3 -1.4
3 -1.25
3 -1.2
3 -1.15
3 4.4
3.05 -2.1
3.05 -1.6
3.05 -1.55
3.05 -1.5
3.05 -1.45
3.05 -1.4
3.05 -1.35
3.05 -1.3
3.05 -1.15
3.05 -1.1
3.05 4.35
3.05 4.4
3.1 -2.1
3.1 -1.35
3.1 -1.3
3.1 4.35
3.1 4.4
3.15 -2.1
3.15 -1.1
3.2 -2.1
3.2 0
3.2 0.05
3.25 -2.1
3.3 -2.1
3.35 -2.1
3.35 -1.15
3.4 -2.1
3.4 -1.15
3.45 -2.1
3.45 0.05
3.45 0.1
3.45 0.15
3.45 0.2
3.5 -2.1
3.5 0.15
3.5 0.2
3.55 -2.1
3.6 -2.15
3.6 -2.1
3.6 -1.2
3.65 -2.1
3.65 -2.05
3.7 -2.1
3.7 -2.05
3.7 -2
3.75 -2.05
4.25 -1.4
5 -1.4
5.1 -1.6
5.15 -1.55
5.15 -1.5
5.2 -1.65
5.2 -1.6
5.2 -1.55
