-17.35 0.9
-17.35 1.05
-17.3 0.95
-17.3 1.1
-17.3 1.2
-17.3 1.25
-17.3 1.4
-17.3 1.55
-17.25 0.85
-17.25 1
-17.25 1.15
-17.25 1.7
-17.2 0.75
-17.2 0.8
-17.2 1.3
-17.2 1.35
-17.2 1.45
-17.2 1.5
-17.2 1.6
-17.2 1.65
-14.5 0.7
-14.45 0.65
-14.4 1.55
-13.05 1.5
-11.35 0.5
-11.3 0.55
-11.3 1.4
-11.15 0.45
-10.95 0.4
-10.75 0.25
-10.75 0.3
-10.75 0.35
-10.1 1.3
-9.6 1.3
-9.2 1.3
-7.95 0.3
-7.95 0.35
-7.8 0.25
-6.85 1.15
-6.5 0.25
-6.35 0.2
-6.3 1.15
-6.1 1.15
-6.1 1.2
-5.9 0.15
-5.8 1.2
-4.95 0.15
-4.8 1.05
-4.75 0.05
-4.75 0.1
-4.7 -0.15
-4.7 -0.1
-4.7 -0.05
-4.7 0
-4.35 1.05
-4.3 -0.15
-4.2 -0.2
-4.15 1.1
-4.15 1.15
-4.15 1.2
-3.15 -0.85
-3.1 -0.9
-3.1 -0.85
-3.1 -0.75
-3.1 -0.7
-3.1 0
-3.05 -0.9
-2.8 -0.1
-2.7 -0.5
-2.7 1
-2.65 -0.45
-2.6 -0.35
-2.6 -0.3
-2.6 -0.25
-2.6 -0.2
-2.6 -0.15
-2.5 1.05
-2.5 1.1
-2.5 1.15
-2.5 1.2
-2.5 1.25
-2.5 1.35
-2.5 1.4
-2.5 1.45
-2.45 1.45
-2.45 1.5
-2.3 -0.5
-1.95 -0.35
-1.6 5.5
-1.6 5.55
-1.6 6.1
-1.55 5.55
-1.55 5.6
-1.55 5.95
-1.55 6.05
-1.55 6.1
-1.5 -0.7
-1.5 -0.65
-1.5 -0.6
-1.5 -0.55
-1.5 5.6
-1.5 5.7
-1.5 5.75
-1.5 6.05
-1.5 6.1
-1.5 6.15
-1.45 -0.75
-1.45 -0.45
-1.45 -0.4
-1.45 -0.35
-1.45 -0.3
-1.45 -0.25
-1.45 -0.2
-1.45 -0.15
-1.45 6.1
-1.4 -0.75
-1.4 0.9
-1.4 0.95
-1.4 1
-1.4 1.05
-1.4 1.1
-1.4 1.2
-1.35 -0.75
-1.35 1.15
-1.35 1.25
-1.35 1.3
-1.35 1.35
-1.35 1.4
-1.35 1.45
-1.35 1.5
-1.35 1.55
-1.35 1.6
-1.35 1.65
-1.35 1.7
-1.35 1.75
-1.35 1.8
-1.35 1.85
-1.35 1.9
-1.35 1.95
-1.35 2
-1.35 2.05
-1.35 2.1
-1.35 2.15
-1.35 2.2
-1.35 2.25
-1.35 2.3
-1.35 2.35
-1.3 -0.75
-1.3 1.95
-1.3 2
-1.3 2.05
-1.3 2.1
-1.3 2.15
-1.3 2.2
-1.3 2.25
-1.3 2.3
-1.3 2.35
-1.3 2.4
-1.3 2.45
-1.3 2.5
-1.3 2.55
-1.3 2.6
-1.3 2.65
-1.3 2.7
-1.3 4.55
-1.25 -0.75
-1.25 2.65
-1.25 2.7
-1.25 4.4
-1.2 -0.75
-1.2 3.85
-1.2 3.9
-1.2 3.95
-1.2 4.1
-1.2 4.2
-1.2 5.3
-1.15 -0.75
-1.15 2.55
-1.15 5.15
-1.1 -0.75
-1.1 2.5
-1.1 5.15
-1.1 5.2
-1.05 -0.75
-1.05 5.15
-1.05 5.2
-1 -0.75
-1 2.35
-1 5.15
-1 5.2
-0.95 -0.75
-0.95 2.3
-0.95 3.1
-0.95 5.15
-0.95 5.2
-0.9 -0.75
-0.9 2.25
-0.9 2.3
-0.9 5.15
-0.9 5.2
-0.85 -0.85
-0.85 -0.8
-0.85 -0.75
-0.85 2.3
-0.85 2.35
-0.85 2.85
-0.85 5.15
-0.85 5.2
-0.8 2.3
-0.8 2.35
-0.8 2.7
-0.8 5.15
-0.8 5.2
-0.75 2.35
-0.75 2.4
-0.75 2.45
-0.75 5.15
-0.75 5.2
-0.7 2.45
-0.7 5.2
-0.7 5.65
-0.7 5.7
-0.7 5.85
-0.65 5.95
-0.65 6
-0.65 6.15
-0.65 6.5
-0.65 6.65
-0.65 6.7
-0.6 6.65
-0.6 6.7
-0.55 6.65
-0.55 6.7
-0.5 6.65
-0.5 6.7
-0.45 6.7
-0.45 9.75
-0.4 6.7
-0.4 6.85
-0.4 6.9
-0.4 9.7
-0.4 9.75
-0.35 7
-0.35 7.05
-0.35 9.75
-0.3 9.7
-0.3 9.75
-0.25 9.75
-0.2 9.7
-0.2 9.75
-0.15 9.7
-0.15 9.75
-0.1 9.7
-0.1 9.75
0 9.7
0 9.75
0.05 9.7
0.05 9.75
0.1 9.7
0.1 9.75
0.15 9.7
0.15 9.75
0.2 9.7
0.2 9.75
0.25 9.7
0.25 9.75
0.3 9.7
0.3 9.75
0.35 9.7
0.35 9.75
0.4 9.7
0.45 9.65
0.45 9.7
0.5 9.65
0.5 9.7
0.55 9.65
0.55 9.7
0.6 9.65
0.6 9.7
0.65 9.65
0.65 9.7
0.7 9.65
0.75 9.6
0.75 9.65
0.8 9.65
0.85 0.15
0.85 0.2
0.85 0.25
0.85 0.3
0.85 0.35
0.85 0.4
0.85 9.6
0.85 9.65
0.9 0.4
0.9 9.6
0.9 9.65
0.95 9.6
0.95 9.65
1 9.6
1 9.65
1.05 3.8
1.05 3.85
1.05 9.6
1.05 9.7
1.1 3.75
1.1 9.6
1.1 9.65
1.15 3.7
1.15 3.75
1.15 9.6
1.15 9.65
1.2 3.65
1.2 3.7
1.2 9.6
1.2 9.65
1.25 3.65
1.25 3.7
1.25 9.6
1.25 9.65
1.3 3.7
1.3 9.6
1.3 9.65
1.35 -1
1.35 -0.95
1.35 -0.9
1.35 -0.85
1.35 -0.8
1.35 -0.75
1.35 -0.7
1.35 -0.65
1.35 -0.6
1.35 -0.55
1.35 0.1
1.35 3.75
1.35 7
1.35 7.05
1.35 9.6
1.35 9.65
1.4 -0.7
1.4 -0.65
1.4 -0.6
1.4 -0.55
1.4 -0.5
1.4 -0.45
1.4 -0.4
1.4 -0.35
1.4 -0.3
1.4 -0.25
1.4 -0.2
1.4 -0.15
1.4 -0.1
1.4 0
1.4 0.05
1.4 0.1
1.4 0.5
1.4 6.95
1.4 7
1.4 9.6
1.4 9.65
1.45 -0.4
1.45 -0.35
1.45 -0.3
1.45 -0.1
1.45 -0.05
1.45 0
1.45 0.05
1.45 0.4
1.45 0.45
1.45 0.5
1.45 0.55
1.45 0.6
1.45 0.65
1.45 0.7
1.45 0.75
1.45 0.8
1.45 0.85
1.45 0.9
1.45 0.95
1.45 3.9
1.45 6.95
1.45 7
1.45 9.65
1.5 0.7
1.5 0.75
1.5 0.8
1.5 0.85
1.5 0.9
1.5 0.95
1.5 1
1.5 1.05
1.5 1.1
1.5 1.15
1.5 1.2
1.5 1.25
1.5 1.3
1.5 1.35
1.5 6.95
1.5 7
1.5 9.6
1.5 9.65
1.55 1.3
1.55 1.35
1.55 4.1
1.55 6.9
1.55 6.95
1.55 7
1.55 9.55
1.55 9.6
1.55 9.65
1.6 -1.45
1.6 1.4
1.6 2.35
1.6 2.4
1.6 2.45
1.6 2.5
1.6 2.55
1.6 2.6
1.6 2.65
1.6 2.7
1.6 2.75
1.6 2.8
1.6 2.85
1.6 2.9
1.6 2.95
1.6 3
1.6 3.05
1.6 3.1
1.6 3.15
1.6 3.2
1.6 4.15
1.6 6.95
1.6 7
1.6 9.55
1.6 9.65
1.65 -1.55
1.65 -1.5
1.65 -1.45
1.65 -1.4
1.65 2.4
1.65 3.1
1.65 3.15
1.65 3.2
1.65 3.25
1.65 3.3
1.65 3.35
1.65 3.4
1.65 3.45
1.65 3.5
1.65 3.55
1.65 3.6
1.65 3.65
1.65 3.7
1.65 3.75
1.65 3.8
1.65 3.9
1.65 4.15
1.65 4.25
1.65 4.3
1.65 9.55
1.65 9.65
1.7 -1.5
1.7 -1.45
1.7 -1.4
1.7 -1.35
1.7 -1.3
1.7 2.35
1.7 2.4
1.7 4
1.7 4.05
1.7 4.15
1.7 4.25
1.7 7.2
1.7 9.55
1.7 9.6
1.75 2.3
1.75 2.35
1.75 2.4
1.75 7.3
1.75 7.4
1.75 9.55
1.75 9.6
1.8 2.3
1.8 2.35
1.8 7.3
1.8 9.55
1.8 9.6
1.85 2.3
1.85 2.35
1.85 6.55
1.85 6.6
1.85 6.65
1.85 6.9
1.85 7.5
1.85 7.6
1.85 9.55
1.9 2.35
1.9 6.5
1.9 6.55
1.9 6.9
1.9 7
1.9 7.1
1.9 7.25
1.9 7.45
1.9 7.6
1.9 7.65
1.95 2.4
2 2.35
2 2.4
2.05 2.4
2.1 2.4
2.15 2.4
2.45 2.65
2.85 -2.75
2.85 -2.7
2.95 -2.85
2.95 3.15
3 3.15
3 3.2
3.05 3.15
3.05 3.2
3.1 3.15
3.1 3.2
3.15 3.15
3.2 -3.15
3.2 2.35
3.2 3.15
3.2 3.2
3.25 -3.35
3.25 2.25
3.25 2.3
3.25 2.35
3.25 2.4
3.25 2.45
3.25 2.5
3.25 2.55
3.25 2.6
3.25 2.65
3.25 2.7
3.25 2.75
3.25 2.8
3.25 2.85
3.25 2.9
3.25 2.95
3.25 3
3.25 3.05
3.25 3.1
3.25 3.15
3.25 3.2
3.3 -3.35
3.3 -3.3
3.3 2.95
3.3 3
3.3 3.05
3.3 3.1
3.3 3.15
3.35 2.25
3.4 2.2
3.45 2.25
3.5 2.2
3.55 2.15
3.55 2.2
3.55 2.25
3.9 2.3
4.7 2.5
4.7 2.55
4.75 2.45
