-17.6 -0.85
-17.6 -0.7
-17.6 -0.55
-17.6 -0.4
-17.6 -0.25
-14.65 -0.85
-14.6 -0.8
-13.6 -0.85
-12.3 -0.85
-11.8 -0.85
-11.3 -0.9
-10.15 -0.85
-9.8 -0.9
-9.65 -0.95
-8.45 -0.85
-8 -0.85
-7.95 -0.9
-7.6 -0.95
-6.7 -0.85
-6.2 -0.9
-6 -1
-6 -0.95
-4.95 -0.85
-4.65 -0.9
-4.45 -0.9
-4.4 -0.95
-4.35 -1.1
-4.35 -1.05
-4.35 -1
-4.3 -1.15
-3.95 -1.05
-3.4 0.1
-3.25 -0.85
-3.15 -1.7
-3.15 -1.65
-3.15 -1.6
-2.95 -0.9
-2.95 -0.85
-2.95 0.15
-2.85 -1.35
-2.75 -1.2
-2.75 -1.15
-2.75 -1.1
-2.75 -1.05
-2.75 -1
-2.75 -0.95
-2.75 -0.9
-2.75 0.2
-2.5 -1.3
-2 -1.05
-1.75 -0.9
-1.65 -0.85
-1.65 0.15
-1.6 -1.6
-1.6 -1.55
-1.6 -1.5
-1.6 -1.45
-1.6 -1.4
-1.6 -1.35
-1.6 -1.3
-1.6 -1.25
-1.6 -1.2
-1.6 -1.15
-1.6 -1.1
-1.6 -1.05
-1.6 -1
-1.6 -0.95
-1.6 -0.9
-1.6 -0.85
-1.6 0.2
-1.6 0.25
-1.6 0.3
-1.6 0.35
-1.6 0.4
-1.6 0.45
-1.6 0.5
-1.6 0.55
-1.6 0.6
-1.6 0.65
-1.6 0.7
-1.6 0.75
-1.6 0.8
-1.6 0.85
-1.6 0.9
-1.6 0.95
-1.6 1
-1.6 1.05
-1.6 1.1
-1.6 1.15
-1.6 1.2
-1.6 1.25
-1.6 1.3
-1.6 1.35
-1.6 1.4
-1.6 1.45
-1.6 1.5
-1.6 1.55
-1.6 1.6
-1.6 1.65
-1.6 1.7
-1.6 4.6
-1.6 4.65
-1.6 4.75
-1.6 4.9
-1.6 4.95
-1.6 5.05
-1.6 5.1
-1.6 5.25
-1.6 5.4
-1.6 5.45
-1.6 5.6
-1.6 5.7
-1.6 5.8
-1.6 5.9
-1.6 6
-1.6 6.05
-1.6 6.1
-1.6 6.15
-1.6 6.2
-1.55 1.7
-1.55 4.3
-1.55 4.4
-1.55 4.6
-1.55 4.7
-1.55 4.95
-1.55 6.1
-1.55 6.15
-1.55 6.2
-1.55 6.25
-1.55 6.4
-1.5 6.1
-1.5 6.2
-1.45 6.15
-1.45 6.2
-1.45 8.55
-1.4 8.55
-1.35 8.55
-1.3 2.05
-1.3 2.1
-1.3 5.75
-1.3 8.55
-1.25 2.1
-1.25 5.7
-1.25 5.75
-1.25 8.55
-1.2 1.4
-1.2 1.9
-1.2 2.1
-1.2 2.15
-1.2 5.7
-1.2 8.55
-1.2 9.3
-1.15 1.4
-1.15 2.1
-1.15 5.75
-1.15 8.6
-1.15 8.7
-1.15 8.95
-1.15 9.5
-1.15 9.6
-1.15 10.05
-1.15 10.1
-1.1 1.4
-1.1 1.45
-1.1 2.1
-1.1 5.75
-1.1 10.1
-1.1 13.15
-1.05 1.4
-1.05 1.45
-1.05 1.5
-1.05 1.7
-1.05 2.1
-1.05 5.8
-1.05 5.85
-1.05 10.1
-1.05 13.15
-1 1.45
-1 1.5
-1 1.55
-1 1.6
-1 1.65
-1 2.1
-1 2.15
-1 2.2
-1 2.25
-1 2.3
-1 2.4
-1 2.45
-1 2.5
-1 2.55
-1 2.65
-1 2.75
-1 2.85
-1 2.9
-1 5.8
-1 10.1
-0.95 10.1
-0.95 13.15
-0.9 10.4
-0.9 10.45
-0.9 13.15
-0.85 13.15
-0.8 10.45
-0.8 13.15
-0.75 13.15
-0.75 13.2
-0.7 13.15
-0.7 13.2
-0.65 13.2
-0.6 13.2
-0.55 13.2
-0.5 13.2
-0.45 13.2
-0.4 13.15
-0.4 13.2
-0.35 13.15
-0.35 13.2
-0.3 13.15
-0.25 13.15
-0.2 13.15
-0.15 13.15
-0.1 13.15
0 13.15
0.05 13.15
0.1 13.15
0.15 13.15
0.2 13.15
0.25 13.15
0.3 13.15
0.35 13.15
0.4 13.15
0.45 13.15
0.5 13.15
0.55 13.15
0.6 13.15
0.65 0.55
0.65 0.6
0.65 0.65
0.65 0.7
0.65 3.8
0.65 7.3
0.65 13.15
0.7 0.45
0.7 0.5
0.7 0.55
0.7 0.7
0.7 0.75
0.7 3.7
0.7 3.75
0.7 7.3
0.7 13.15
0.75 0.45
0.75 0.75
0.75 3.7
0.75 7.25
0.75 10.55
0.75 13.15
0.8 3.65
0.8 7.25
0.8 10.55
0.8 13.15
0.85 3.65
0.85 7.2
0.85 7.25
0.85 10.5
0.85 13.15
0.9 3.65
0.9 7.25
0.9 10.5
0.9 13.15
0.95 3.7
0.95 7.25
0.95 10.45
0.95 10.5
1 3.75
1 7.25
1 7.3
1 10.4
1.1 4.1
1.1 7.65
1.1 7.9
1.15 0.5
1.15 7.8
1.15 7.85
1.2 4.2
1.2 4.25
1.2 7.8
1.2 7.9
1.25 -0.2
1.25 -0.15
1.25 -0.1
1.25 -0.05
1.25 0
1.25 0.05
1.25 0.1
1.25 0.15
1.25 0.2
1.25 0.25
1.25 0.3
1.25 0.35
1.25 0.4
1.25 0.45
1.25 0.5
1.25 0.95
1.25 1
1.25 1.05
1.25 2.7
1.25 2.75
1.25 2.8
1.25 2.85
1.25 2.9
1.25 2.95
1.25 3.05
1.25 3.1
1.25 3.2
1.25 3.35
1.25 3.4
1.25 3.5
1.25 3.6
1.25 3.7
1.25 3.8
1.25 3.9
1.25 4
1.25 4.05
1.25 4.15
1.25 4.2
1.25 4.25
1.25 4.3
1.25 7.85
1.3 2.7
1.3 3.3
1.3 7.15
1.3 7.2
1.3 7.4
1.3 7.45
1.3 7.7
1.3 7.8
1.3 8.1
1.3 8.45
1.35 1.1
1.35 2.75
1.4 2.75
1.4 2.8
1.45 2.75
1.5 2.75
1.55 2.15
1.55 2.2
1.55 2.75
1.55 2.8
1.6 2.05
1.6 2.1
1.6 2.15
1.6 2.3
1.6 2.75
1.65 2.05
1.65 2.1
1.65 2.75
1.7 2
1.7 2.05
1.7 2.8
1.75 1.95
1.75 2
1.8 1.95
1.8 2
1.85 1.95
1.85 2
1.85 2.6
1.9 -1.6
1.9 -1.55
1.9 1.95
1.95 -1.85
1.95 -1.8
1.95 -1.75
1.95 -1.7
1.95 -1.65
1.95 -1.6
1.95 -1.55
2 -1.55
2 -1.5
2 2
2 2.8
2.05 -2.05
2.05 -2
2.05 -1.95
2.05 -1.55
2.05 -1.5
2.05 3.25
2.1 -1.55
2.1 -1.5
2.1 3.25
2.15 -2.2
2.15 -1.55
2.15 -1.5
2.15 3.25
2.2 -1.55
2.2 -1.5
2.2 3.25
2.25 -1.55
2.25 3.2
2.25 3.25
2.3 -2.4
2.3 -1.6
2.3 3.2
2.3 3.25
2.35 -1.6
2.6 -1.8
2.7 -1.85
2.8 -1.95
2.85 -1.95
2.85 2.7
2.9 -1.95
2.9 2.7
2.95 -2
2.95 -1.95
2.95 -1.9
2.95 -1.85
2.95 -1.8
2.95 -1.75
2.95 -1.7
2.95 -1.65
2.95 2.75
3 -2
3 -1.7
3 -1.65
3 2.45
3 2.75
3.05 -2
3.05 -1.95
3.05 -1.9
3.05 -1.65
3.05 -1.6
3.05 2.25
3.05 2.3
3.05 2.35
3.05 2.4
3.05 2.45
3.05 2.5
3.1 -2.05
3.1 -2
3.1 -1.95
3.1 -1.65
3.1 -1.6
3.1 2.2
3.1 2.25
3.1 2.3
3.1 2.5
3.1 2.8
3.15 -1.6
3.15 2.15
3.15 2.2
3.15 2.25
3.2 -1.6
3.2 -1.55
3.2 -0.55
3.2 2.1
3.2 2.15
3.2 2.8
3.2 2.85
3.25 -1.6
3.25 -1.55
3.25 -0.6
3.25 2.1
3.25 2.85
3.3 -0.65
3.3 2.1
3.3 2.8
3.3 2.85
3.35 -0.7
3.35 2.85
3.4 -1.65
3.4 -0.7
3.4 2.8
3.4 2.85
3.45 2.15
3.45 2.8
3.5 -1.7
3.75 2.25
4 -1.95
4.15 -2.05
4.15 -2
4.2 -2.05
4.25 2.45
4.4 2.45
4.4 2.5
4.45 2.4
4.7 -1.55
4.7 -1.5
4.7 -1.45
4.75 -2.25
4.75 -1.55
4.75 -1.45
4.75 -1.4
4.75 -1.35
4.8 -2.35
4.8 -2.3
4.8 -2.25
4.8 -2.2
4.8 -1.6
4.8 -1.3
4.8 -1.25
4.85 -2.15
4.85 -2.1
4.85 -2.05
4.85 -1.25
4.85 -1.2
4.85 -1.15
4.85 -1.1
4.9 -2.15
4.9 -2.05
4.9 -2
4.9 -1.65
4.9 -1.1
4.9 -1.05
4.95 -1.95
5.05 -1.75
5.1 -1.95
5.1 -1.9
5.1 -1.8
5.15 -1.9
5.15 -1.85
