-5.1 -3.4
-5.05 -3.45
-5.05 -3.4
-5 -3.5
-5 -3.45
-5 -2.85
-4.95 -3.5
-4.95 -2.95
-4.95 -2.9
-4.9 -3.5
-4.9 -3.2
-4.9 -2.95
-4.85 -3.5
-4.85 -3.1
-4.85 -3.05
-4.85 -3
-4.85 -2.95
-4.8 -3.5
-4.75 -3.5
-4.7 -3.5
-4.65 -3.5
-4.6 -3.5
-4.5 -3.45
-4.45 -3.45
-4.4 -3.45
-4.35 -3.45
-4.3 -3.45
-4.25 -3.45
-4.2 -3.45
-4.15 -3.45
-4.05 -3.4
-4 -3.4
-3.95 -3.4
-3.9 -3.4
-3.85 -3.4
-3.8 -3.4
-3.75 -3.4
-3.7 -3.4
-3.6 -3.4
-3.6 -3.35
-3.55 24
-3.5 -3.35
-3.5 23.95
-3.5 24
-3.45 -3.35
-3.45 23.95
-3.45 24
-3.4 -3.35
-3.4 24
-3.35 -3.35
-3.35 24
-3.3 -3.35
-3.3 24
-3.25 -3.35
-3.25 24
-3.25 24.05
-3.2 24
-3.2 24.05
-3.15 24
-3.15 24.05
-3.1 24
-3.1 24.05
-3.05 24.05
-3 24.05
-2.95 24.05
-2.9 24.05
-2.85 24.05
-2.8 2.8
-2.8 2.85
-2.8 24.05
-2.75 1.25
-2.75 1.3
-2.75 1.35
-2.75 1.4
-2.75 1.45
-2.75 1.5
-2.75 24.05
-2.7 1.1
-2.7 1.15
-2.7 1.2
-2.7 2.65
-2.7 2.7
-2.7 24.05
-2.7 24.1
-2.65 2.5
-2.65 2.55
-2.65 2.85
-2.65 24.05
-2.65 24.1
-2.6 1.55
-2.6 24.05
-2.6 24.1
-2.55 2.45
-2.55 2.85
-2.55 24.05
-2.55 24.1
-2.5 2.4
-2.5 2.85
-2.5 4.45
-2.5 4.5
-2.5 24.05
-2.5 24.1
-2.45 2.85
-2.45 4.5
-2.45 4.55
-2.45 24.1
-2.4 2.35
-2.4 2.85
-2.4 4.5
-2.4 4.55
-2.4 24.1
-2.35 2.85
-2.35 2.9
-2.35 4.5
-2.35 4.55
-2.35 24.05
-2.35 24.1
-2.3 0.9
-2.3 1.2
-2.3 1.6
-2.3 1.65
-2.3 1.7
-2.3 1.75
-2.3 1.8
-2.3 1.85
-2.3 1.9
-2.3 2.9
-2.3 4.55
-2.3 24.05
-2.3 24.1
-2.25 2.9
-2.25 4.5
-2.25 4.55
-2.25 23.95
-2.25 24.05
-2.25 24.1
-2.2 2.9
-2.2 8.95
-2.2 12.55
-2.2 24.05
-2.15 0.05
-2.15 0.1
-2.15 0.15
-2.15 0.2
-2.15 0.25
-2.15 0.3
-2.15 0.8
-2.15 1.25
-2.15 1.9
-2.15 2.3
-2.15 4.05
-2.15 8.55
-2.15 8.65
-2.15 8.95
-2.15 9
-2.15 12.55
-2.15 23.95
-2.15 24
-2.1 -0.15
-2.1 -0.1
-2.1 -0.05
-2.1 0
-2.1 8.95
-2.1 9
-2.1 10.95
-2.1 11.9
-2.1 12.55
-2.1 23.95
-2.05 -0.2
-2.05 0.75
-2.05 1.25
-2.05 9
-2.05 11.25
-2.05 11.3
-2.05 12.55
-2.05 23.95
-2 -0.4
-2 -0.35
-2 -0.3
-2 -0.25
-2 -0.2
-2 3.45
-2 3.5
-2 9
-2 10.75
-2 11.25
-2 12.55
-2 12.6
-2 23.95
-2 24
-1.95 1.9
-1.95 3.5
-1.95 3.55
-1.95 9
-1.95 9.05
-1.95 9.1
-1.95 9.5
-1.95 12.6
-1.95 23.95
-1.95 24
-1.9 1.25
-1.9 2.25
-1.9 3.55
-1.9 3.6
-1.9 3.65
-1.9 3.75
-1.9 4.1
-1.9 9
-1.9 9.05
-1.9 9.1
-1.9 9.2
-1.9 9.35
-1.9 9.5
-1.9 9.55
-1.9 9.95
-1.9 12.6
-1.9 23.95
-1.9 24
-1.85 -0.95
-1.85 -0.9
-1.85 -0.85
-1.85 -0.8
-1.85 -0.75
-1.85 -0.7
-1.85 -0.65
-1.85 -0.6
-1.85 0.3
-1.85 0.7
-1.85 1.25
-1.85 1.95
-1.85 3.65
-1.85 3.7
-1.85 4.05
-1.85 5.7
-1.85 9.1
-1.85 9.4
-1.85 12.6
-1.85 23.95
-1.85 24
-1.8 2
-1.8 4
-1.8 5.7
-1.8 23.95
-1.8 24
-1.75 0.35
-1.75 2.05
-1.75 2.5
-1.75 4
-1.75 5.7
-1.75 5.75
-1.75 23.95
-1.75 24
-1.7 0.4
-1.7 0.65
-1.7 2.05
-1.7 2.1
-1.7 4
-1.7 5.7
-1.7 5.75
-1.7 24
-1.65 0.45
-1.65 0.5
-1.65 2.1
-1.65 2.15
-1.65 2.45
-1.65 4
-1.65 5.75
-1.65 5.8
-1.65 5.85
-1.65 6
-1.65 6.05
-1.65 24
-1.6 0.55
-1.6 0.6
-1.6 2.1
-1.6 2.45
-1.6 4
-1.6 4.05
-1.6 5.75
-1.6 6.05
-1.6 6.1
-1.6 6.25
-1.6 24
-1.55 2.1
-1.55 2.45
-1.55 4
-1.55 4.05
-1.55 6.05
-1.55 6.15
-1.55 6.25
-1.5 2.45
-1.5 4
-1.5 4.05
-1.5 4.25
-1.5 4.35
-1.5 4.4
-1.5 23.55
-1.5 23.65
-1.45 -0.4
-1.45 2.45
-1.45 2.5
-1.45 4.05
-1.45 4.15
-1.45 4.2
-1.45 4.25
-1.45 4.35
-1.45 4.4
-1.45 4.6
-1.45 4.7
-1.45 23.45
-1.4 2.45
-1.4 2.5
-1.4 4.35
-1.35 2.45
-1.35 2.5
-1.35 2.9
-1.35 2.95
-1.35 3
-1.35 21.85
-1.3 0.85
-1.3 1.3
-1.3 2.5
-1.3 2.55
-1.3 2.6
-1.3 2.65
-1.3 2.7
-1.3 2.8
-1.3 2.95
-1.3 3
-1.3 21.6
-1.25 0.85
-1.25 1.3
-1.25 2.7
-1.25 2.75
-1.25 20.85
-1.2 0.85
-1.2 0.9
-1.2 0.95
-1.2 1
-1.2 1.2
-1.2 1.25
-1.2 1.3
-1.2 20.3
-1.15 1
-1.15 1.05
-1.15 1.1
-1.15 1.15
-1.1 19.4
-1.1 19.5
-1.05 19.25
-1 18.2
-0.95 18.05
-0.9 18.05
-0.65 11.5
-0.65 11.6
-0.6 11.05
-0.6 11.2
-0.5 9.8
-0.5 9.9
-0.5 10
-0.45 9.15
-0.45 9.35
-0.4 8.55
-0.4 8.6
-0.35 8
-0.35 8.1
-0.3 7.3
-0.3 7.35
-0.3 7.45
-0.25 6.75
-0.25 6.8
-0.25 6.85
-0.2 6.15
-0.2 6.2
-0.15 5.45
-0.15 5.55
-0.15 5.6
-0.1 4.95
-0.1 5
-0.1 5.05
0 4.3
0 4.35
0 4.4
0.05 3.4
0.05 3.65
0.05 3.7
0.05 3.75
0.05 3.8
0.05 3.85
0.1 3.4
0.15 3.4
0.15 3.45
0.2 3.4
0.2 3.45
0.25 3.4
0.25 3.45
0.3 3.4
0.3 3.45
0.35 1.9
0.35 1.95
0.35 2
0.35 2.05
0.35 2.1
0.35 2.15
0.35 2.2
0.35 2.25
0.35 2.3
0.35 3.4
0.35 3.45
0.4 1.35
0.4 1.4
0.4 1.45
0.4 1.5
0.4 1.55
0.4 1.6
0.4 1.65
0.4 1.7
0.4 1.75
0.4 1.8
0.4 1.85
0.4 1.9
0.4 1.95
0.4 2
0.4 2.05
0.4 2.15
0.4 3.4
0.4 3.45
0.45 0.75
0.45 0.8
0.45 0.85
0.45 0.9
0.45 0.95
0.45 1
0.45 1.05
0.45 1.1
0.45 1.15
0.45 1.2
0.45 1.25
0.45 1.3
0.45 1.35
0.45 1.4
0.45 3.4
0.45 3.45
0.5 0.25
0.5 0.3
0.5 0.35
0.5 0.4
0.5 0.45
0.5 0.5
0.5 0.55
0.5 0.6
0.5 0.65
0.5 0.7
0.5 0.75
0.5 0.8
0.5 0.85
0.5 2.3
0.5 3.4
0.5 3.45
0.55 -0.3
0.55 -0.25
0.55 -0.2
0.55 -0.15
0.55 -0.1
0.55 -0.05
0.55 0
0.55 0.05
0.55 0.1
0.55 0.15
0.55 0.2
0.55 0.25
0.55 0.3
0.55 3.4
0.55 3.45
0.6 -0.45
0.6 -0.4
0.6 -0.35
0.6 -0.3
0.6 -0.25
0.6 -0.2
0.6 3.4
0.6 3.45
0.65 -0.75
0.65 -0.7
0.65 -0.65
0.65 -0.6
0.65 -0.55
0.65 -0.5
0.65 3.4
0.65 3.45
0.7 2.3
0.7 3.4
0.7 3.45
0.75 3.45
0.8 3.45
0.85 3.45
0.9 3.45
0.95 3.45
1 3.45
1.05 3.45
1.1 3.45
1.15 3.45
1.2 3.45
1.25 3.45
1.25 3.5
1.3 3.45
1.3 3.5
1.35 3.45
1.4 3.45
1.4 3.5
1.45 3.45
1.45 3.5
1.5 3.45
1.5 3.5
1.55 3.5
1.6 2.35
1.6 3.5
1.65 3.5
1.7 3.5
1.75 2.35
1.75 3.5
1.8 3.5
1.85 2.4
1.85 3.5
1.9 3.5
1.95 3.5
2 3.5
2.05 3.5
2.1 3.5
2.1 3.55
2.15 3.5
2.15 3.55
2.2 2.4
2.2 3.55
2.25 3.55
2.3 3.55
2.35 3.45
2.35 3.5
2.35 3.55
2.4 2.75
2.4 2.8
2.4 2.85
2.4 2.9
2.4 2.95
2.4 3
2.4 3.05
2.4 3.1
2.4 3.15
2.4 3.2
2.4 3.25
2.4 3.3
2.4 3.35
2.4 3.4
2.4 3.45
2.4 3.5
2.45 2.45
2.45 2.5
2.45 2.55
2.45 2.6
2.45 2.65
2.45 2.7
2.45 2.75
2.45 2.8
2.45 2.85
2.45 2.9
