-2.55 -0.8
-2.55 -0.75
-2.4 0.9
-2.4 0.95
-2.35 1
-2.35 1.05
-2.35 1.1
-2.35 1.15
-2.35 1.2
-2.3 -0.85
-2.25 0.85
-2.15 2.3
-2.1 -0.55
-2.1 -0.5
-2.1 -0.45
-2.1 -0.4
-2.1 2.35
-1.95 3.6
-1.9 3.6
-1.9 3.65
-1.85 -0.9
-1.85 1.15
-1.85 2.45
-1.8 -0.95
-1.8 0.2
-1.8 0.8
-1.8 1.2
-1.8 1.25
-1.8 1.3
-1.8 1.35
-1.8 2.4
-1.8 2.45
-1.75 -0.95
-1.75 1.4
-1.75 2.4
-1.75 2.45
-1.7 -0.95
-1.7 2.45
-1.65 -0.95
-1.65 2.4
-1.65 2.45
-1.65 3.25
-1.6 -0.95
-1.6 0.75
-1.6 2.45
-1.55 -1
-1.55 -0.95
-1.55 0.1
-1.55 2.05
-1.55 2.1
-1.55 2.4
-1.55 2.45
-1.55 2.75
-1.55 2.8
-1.55 2.85
-1.55 2.9
-1.55 2.95
-1.55 3
-1.5 -1
-1.5 0.05
-1.5 1.9
-1.5 1.95
-1.5 2.4
-1.5 2.45
-1.5 2.5
-1.5 2.55
-1.5 2.6
-1.5 2.65
-1.5 2.7
-1.5 3.05
-1.5 3.1
-1.45 -1
-1.45 4
-1.45 4.05
-1.4 -1
-1.4 0
-1.4 0.7
-1.4 1.35
-1.4 3.95
-1.35 -1
-1.35 -0.2
-1.35 -0.15
-1.35 -0.1
-1.35 0.7
-1.35 1.75
-1.35 4
-1.35 4.05
-1.3 -1
-1.3 1.4
-1.3 2.35
-1.3 4
-1.25 -1.05
-1.25 -1
-1.25 1.45
-1.25 1.6
-1.25 3.75
-1.25 4
-1.25 4.05
-1.2 -1.05
-1.2 1.45
-1.2 1.5
-1.2 3.1
-1.2 4
-1.2 4.05
-1.15 -1.15
-1.15 -1.05
-1.15 2.2
-1.15 3.05
-1.15 3.1
-1.15 4
-1.1 -1.05
-1.1 0.65
-1.1 3.1
-1.1 4
-1.05 0.65
-1.05 1.75
-1.05 2.3
-1.05 3.1
-1.05 3.15
-1.05 3.55
-1.05 3.95
-1.05 4
-1.05 6.9
-1 1.75
-1 3.15
-1 3.2
-1 3.95
-1 6.95
-0.95 0.2
-0.95 0.25
-0.95 0.3
-0.95 1.75
-0.95 3.2
-0.95 3.25
-0.95 3.3
-0.95 6.95
-0.9 0.45
-0.9 0.5
-0.9 0.55
-0.9 0.6
-0.9 1.7
-0.9 3.3
-0.9 3.35
-0.9 6.95
-0.85 0.4
-0.85 0.45
-0.85 1.7
-0.8 1.7
-0.8 3.45
-0.8 3.5
-0.75 1.7
-0.75 2.15
-0.75 3.45
-0.7 1.7
-0.7 1.75
-0.7 1.8
-0.7 1.85
-0.7 3.45
-0.7 6.15
-0.65 1.85
-0.65 1.9
-0.65 1.95
-0.65 2.1
-0.65 2.25
-0.65 3.4
-0.65 3.45
-0.6 1.95
-0.6 2
-0.6 2.05
-0.6 2.25
-0.6 3.4
-0.6 3.45
-0.6 5.95
-0.55 2.05
-0.55 2.25
-0.55 3.4
-0.55 5.95
-0.5 3.4
-0.5 6
-0.45 3.4
-0.45 3.45
-0.45 6
-0.4 3.5
-0.4 3.55
-0.4 3.6
-0.4 6
-0.35 3.6
-0.35 3.65
-0.35 3.7
-0.35 6
-0.35 6.05
-0.35 6.1
-0.3 3.6
-0.3 3.65
-0.3 3.85
-0.3 3.9
-0.3 6.05
-0.3 6.15
-0.3 6.2
-0.25 3.9
-0.25 3.95
-0.25 4
-0.25 6.2
-0.25 6.25
-0.25 6.3
-0.2 6.2
-0.2 6.25
-0.2 6.3
-0.2 6.65
-0.15 6.65
-0.1 6.65
0 6.65
0.05 6.65
0.1 6.65
0.15 6.65
0.2 6.65
0.25 6.85
0.25 6.9
0.3 6.85
0.3 6.9
0.35 7.05
0.35 7.1
0.4 7.2
0.4 7.25
0.45 8.2
0.5 8.2
0.55 -0.65
0.55 -0.6
0.55 -0.55
0.55 -0.5
0.55 8.35
0.55 8.4
0.6 -0.6
0.6 -0.55
0.6 -0.5
0.6 -0.45
0.6 0.7
0.6 0.75
0.6 0.8
0.6 0.85
0.6 0.9
0.6 8.5
0.6 8.55
0.6 8.6
0.65 -0.45
0.65 0.7
0.65 0.9
0.65 0.95
0.65 1
0.65 1.05
0.65 1.1
0.65 1.15
0.65 1.2
0.65 8.65
0.65 8.7
0.65 8.8
0.7 -0.5
0.7 0.65
0.7 1.2
0.7 1.25
0.7 1.3
0.7 1.35
0.7 1.4
0.7 1.45
0.7 8.85
0.7 8.9
0.75 -0.5
0.75 0.65
0.75 1.45
0.75 1.5
0.75 1.55
0.75 1.6
0.75 1.65
0.75 1.7
0.75 1.75
0.75 9.2
0.8 0.65
0.8 1.75
0.8 1.8
0.8 1.85
0.8 1.9
0.8 1.95
0.8 2
0.8 9.4
0.85 -0.55
0.85 0.65
0.85 2
0.85 2.05
0.85 2.1
0.85 2.15
0.85 2.2
0.85 2.25
0.85 2.3
0.85 9.85
0.9 -0.55
0.9 0.65
0.9 2.3
0.9 2.35
0.9 2.4
0.9 2.45
0.9 2.5
0.9 2.55
0.9 10.1
0.95 -0.55
0.95 2.55
0.95 2.6
0.95 2.65
0.95 2.7
0.95 2.75
0.95 2.8
0.95 10.1
0.95 10.15
1 0.6
1 2.85
1 2.9
1 2.95
1 3
1 3.05
1 10.1
1 10.15
1.05 -0.6
1.05 3.2
1.05 3.25
1.05 3.3
1.05 3.35
1.05 10.1
1.05 10.15
1.1 -0.6
1.1 0.6
1.1 3.45
1.1 3.5
1.1 3.55
1.1 3.6
1.1 10.1
1.1 10.15
1.15 -0.6
1.15 0.6
1.15 3.8
1.15 3.85
1.2 -0.6
1.2 0.6
1.2 4.1
1.25 -0.6
1.25 4.4
1.3 4.65
1.35 -0.65
1.35 0.55
1.4 -0.65
1.4 0.55
1.4 5.2
1.45 -0.65
1.45 0.55
1.5 -0.65
1.5 0.55
1.5 5.75
1.6 -0.7
1.6 6.3
1.6 6.4
1.65 -0.7
1.65 0.5
1.7 -0.7
1.7 0.5
1.7 6.9
1.75 -0.7
1.75 0.5
1.75 7.2
1.8 -0.7
1.85 -0.7
1.9 -0.75
1.9 0.45
1.9 7.95
1.9 8
1.95 -0.75
1.95 0.45
1.95 8.3
2 -0.75
2 8.5
2.05 -0.75
2.1 -0.75
2.1 9.15
2.1 9.25
2.2 -0.8
2.2 0.4
2.25 -0.8
2.25 0.4
2.3 -0.8
2.35 -0.8
2.4 0.35
2.45 -0.85
2.5 -0.85
2.5 0.35
2.55 -0.85
2.55 21.5
2.6 21.5
2.65 -0.85
2.65 -0.8
2.65 -0.75
2.65 0.3
2.65 21.5
2.7 -0.8
2.7 -0.75
2.7 -0.7
2.7 -0.65
2.7 -0.6
2.7 -0.55
2.7 -0.5
2.7 0.3
2.7 21.45
2.7 21.5
2.75 -0.5
2.75 -0.45
2.75 -0.4
2.75 -0.35
2.75 -0.3
2.75 -0.25
2.75 0.3
2.75 21.45
2.75 21.5
2.8 -0.25
2.8 -0.2
2.8 -0.15
2.8 -0.1
2.8 -0.05
2.8 0
2.8 0.05
2.8 0.1
2.8 21.45
2.8 21.5
2.85 0.05
2.85 0.1
2.85 0.15
2.85 0.2
2.85 0.25
2.85 21.45
2.9 12.6
2.9 21.45
2.95 21.45
3 21.45
3.05 21.4
3.1 21.4
3.1 21.45
3.15 14
3.15 21.4
3.2 14.25
3.2 21.4
3.25 21.4
3.3 21.4
3.35 21.35
3.4 15.25
3.4 21.35
3.45 21.35
3.5 21.35
3.55 16.45
3.55 16.5
3.55 21.3
3.6 16.25
3.6 16.3
3.6 21.3
3.6 21.35
3.65 21.3
3.7 21.25
3.7 21.3
3.75 21.15
3.8 17.7
3.8 21.15
3.8 21.2
3.85 21.1
3.85 21.15
3.9 21.1
3.9 21.15
3.95 21.1
4 21.1
4.05 21.05
4.05 21.1
4.1 21.05
4.1 21.1
4.15 21.05
4.15 21.1
4.2 21.05
4.25 21.05
4.3 20.45
4.3 20.65
4.3 20.7
4.3 20.85
4.3 21.05
4.35 20.7
4.35 21
4.45 20.6
4.45 20.7
4.45 21
4.5 20.4
4.5 21
