-4.45 -1.55
-4.4 -1.7
-4.4 -1.65
-4.4 -1.6
-4.3 -1.7
-3.8 -1.55
-3.35 -2.55
-3.35 -2.5
-3.35 -2.45
-3.35 -2.4
-3.35 -2.3
-3.35 -1.4
-3.3 -2.55
-3.3 -2.3
-3.3 -1.45
-3 -1.45
-2.9 -1.9
-2.85 -1.5
-2.85 -1.45
-2.8 -1.75
-2.8 -1.7
-2.8 -1.65
-2.8 -1.6
-2.8 -1.55
-2.8 -1.5
-2.65 -2
-2.55 3.85
-2.55 3.9
-2.55 3.95
-2.55 4
-2.55 4.05
-2.55 4.1
-2.55 4.15
-2.55 4.2
-2.55 4.25
-2.55 4.3
-2.55 4.35
-2.55 4.4
-2.55 4.45
-2.5 -1.9
-2.5 4.45
-2.5 4.5
-2.4 -1.85
-2.4 4.4
-2.4 4.45
-2.3 4.4
-2.25 -1.75
-2.15 4.2
-2.1 -1.65
-2.1 4.2
-2.05 -1.7
-2.05 -1.65
-2 -1.75
-2 -1.7
-2 4.05
-1.95 4.05
-1.9 4.05
-1.85 4.05
-1.85 4.1
-1.8 4.1
-1.8 4.15
-1.75 4.15
-1.7 3
-1.65 -1.65
-1.65 -1.6
-1.65 -1.55
-1.65 -1.5
-1.65 -1.45
-1.65 -0.5
-1.65 -0.45
-1.65 -0.4
-1.6 -0.3
-1.6 -0.25
-1.6 -0.2
-1.6 -0.15
-1.6 -0.1
-1.6 0
-1.6 0.05
-1.6 0.1
-1.6 0.15
-1.6 0.2
-1.6 0.25
-1.6 0.3
-1.6 0.35
-1.6 0.4
-1.6 0.45
-1.6 0.5
-1.6 0.55
-1.6 0.6
-1.6 0.65
-1.6 0.7
-1.6 0.75
-1.6 0.8
-1.6 0.85
-1.6 0.9
-1.6 2.85
-1.6 3.95
-1.55 0.9
-1.55 0.95
-1.55 1.05
-1.55 1.1
-1.55 1.15
-1.55 1.2
-1.55 1.25
-1.55 1.3
-1.55 1.35
-1.55 1.4
-1.55 1.45
-1.55 3.85
-1.5 0.95
-1.5 2.7
-1.5 3.75
-1.45 3.7
-1.45 3.75
-1.4 3.7
-1.4 3.75
-1.4 3.8
-1.4 3.85
-1.4 3.9
-1.4 3.95
-1.4 4
-1.4 4.1
-1.4 4.2
-1.4 4.25
-1.4 4.4
-1.4 4.45
-1.4 4.5
-1.4 4.6
-1.4 4.65
-1.4 4.7
-1.4 4.75
-1.4 4.8
-1.4 4.9
-1.4 5
-1.4 5.05
-1.4 5.15
-1.4 5.2
-1.4 5.25
-1.35 5.25
-1.35 5.35
-1.35 5.4
-1.35 5.5
-1.35 5.55
-1.3 5.5
-1.3 5.55
-1.25 5.55
-1.25 7.85
-1.25 7.9
-1.2 7.9
-1.15 1.45
-1.15 7.9
-1.1 1.45
-1.1 5.1
-1.1 7.9
-1.05 1.45
-1.05 5.05
-1.05 5.1
-1.05 7.9
-1 1.45
-1 2.2
-1 5.05
-1 7.9
-0.95 0.95
-0.95 1.45
-0.95 1.5
-0.95 1.55
-0.95 1.6
-0.95 1.65
-0.95 1.7
-0.95 1.75
-0.95 5.05
-0.95 5.1
-0.95 7.9
-0.9 1.55
-0.9 1.6
-0.9 1.65
-0.9 1.7
-0.9 1.75
-0.9 1.8
-0.9 1.85
-0.9 1.9
-0.9 1.95
-0.9 2
-0.9 2.05
-0.9 2.1
-0.9 2.15
-0.9 5.1
-0.9 7.9
-0.85 5.1
-0.85 5.15
-0.85 7.9
-0.85 7.95
-0.85 8.55
-0.85 8.6
-0.8 5.15
-0.8 5.2
-0.8 9.35
-0.8 9.4
-0.75 9.4
-0.75 9.45
-0.7 9.4
-0.7 9.45
-0.65 9.45
-0.6 9.45
-0.6 12.5
-0.55 9.45
-0.55 12.5
-0.5 9.75
-0.5 12.5
-0.45 9.65
-0.45 12.5
-0.4 9.75
-0.4 12.5
-0.35 12.5
-0.3 12.5
-0.25 12.5
-0.2 12.5
-0.15 12.5
-0.1 12.5
0 12.5
0.05 12.5
0.1 12.5
0.15 12.5
0.2 12.45
0.2 12.5
0.25 12.45
0.3 12.45
0.35 12.45
0.4 12.45
0.45 12.45
0.5 12.45
0.55 12.45
0.6 12.45
0.65 -0.25
0.65 -0.2
0.65 -0.15
0.65 -0.1
0.65 12.45
0.7 -0.1
0.7 0
0.7 0.05
0.7 12.45
0.75 0
0.75 0.05
0.75 12.45
0.8 0.05
0.8 3
0.8 3.05
0.8 3.1
0.8 12.45
0.85 2.95
0.85 3
0.85 12.4
0.85 12.45
0.9 2.95
0.9 12.45
0.95 2.9
0.95 2.95
0.95 6.55
0.95 6.6
0.95 12.4
0.95 12.45
1 2.9
1 2.95
1 6.5
1 6.55
1 12.4
1 12.45
1.05 2.95
1.05 6.5
1.05 12.4
1.05 12.45
1.1 -0.5
1.1 -0.1
1.1 3
1.1 6.5
1.1 12.4
1.15 6.5
1.15 9.8
1.15 12.4
1.2 -0.95
1.2 -0.9
1.2 -0.85
1.2 -0.8
1.2 -0.75
1.2 -0.7
1.2 -0.65
1.2 -0.6
1.2 -0.55
1.2 -0.15
1.2 -0.1
1.2 6.5
1.2 9.8
1.2 12.4
1.25 -0.15
1.25 -0.1
1.25 0
1.25 0.05
1.25 0.1
1.25 0.15
1.25 0.2
1.25 0.25
1.25 0.3
1.25 3.3
1.25 6.5
1.25 6.55
1.25 9.75
1.25 12.4
1.3 6.65
1.3 9.75
1.3 12.4
1.35 1.9
1.35 1.95
1.35 2
1.35 2.05
1.35 2.1
1.35 2.15
1.35 2.2
1.35 2.25
1.35 2.3
1.35 2.35
1.35 2.4
1.35 2.45
1.35 2.6
1.35 2.65
1.35 2.7
1.35 2.75
1.35 3.35
1.35 3.4
1.35 3.45
1.35 9.7
1.35 9.75
1.35 12.4
1.4 2.55
1.4 2.6
1.4 2.65
1.4 2.7
1.4 2.75
1.4 2.8
1.4 2.85
1.4 2.9
1.4 2.95
1.4 3
1.4 3.05
1.4 3.1
1.4 3.15
1.4 3.2
1.4 3.25
1.4 3.3
1.4 3.35
1.4 3.4
1.4 7
1.4 7.05
1.4 9.7
1.4 9.75
1.4 12.4
1.45 2
1.45 7.1
1.45 9.7
1.45 12.4
1.5 2
1.5 5.2
1.5 5.25
1.5 5.35
1.5 5.45
1.5 5.5
1.5 5.6
1.5 5.65
1.5 5.75
1.5 5.8
1.5 7.05
1.5 7.1
1.5 12.4
1.55 2
1.55 5.1
1.55 5.2
1.55 6.05
1.55 6.2
1.55 6.35
1.55 6.75
1.55 6.8
1.55 7
1.55 7.05
1.55 7.1
1.6 1.4
1.6 1.45
1.6 2
1.6 5.15
1.6 5.2
1.65 1.35
1.65 1.4
1.65 1.45
1.65 1.5
1.65 2
1.65 5.15
1.7 1.3
1.7 1.35
1.7 1.5
1.7 1.55
1.7 1.6
1.7 2
1.75 1.25
1.75 1.3
1.75 1.6
1.75 1.65
1.75 2
1.8 1.2
1.8 1.25
1.8 1.65
1.8 1.7
1.85 1.2
1.85 1.25
1.9 1.2
1.9 1.75
1.95 1.8
2.05 1.2
2.1 -0.35
2.15 -0.35
2.2 -0.35
2.25 2.45
2.3 -2.4
2.3 -0.4
2.3 2.45
2.35 -0.4
2.35 2.45
2.4 -0.4
2.4 -0.2
2.4 -0.15
2.4 2.45
2.45 -0.4
2.45 -0.2
2.45 -0.15
2.45 -0.1
2.45 2.45
2.5 -0.4
2.5 -0.35
2.5 -0.3
2.5 2.45
2.55 2.15
2.55 2.2
2.55 2.25
2.55 2.3
2.55 2.45
2.6 1.95
2.6 2
2.6 2.1
2.6 2.3
2.6 2.4
2.6 2.45
2.65 2
2.65 2.05
2.65 2.1
2.65 2.35
2.65 2.4
2.65 2.45
2.7 -2.75
2.75 -2.75
2.8 -2.8
2.8 0.2
2.8 0.25
2.8 0.3
2.8 0.35
2.8 0.4
2.85 -2.55
2.85 -2.5
2.85 0.2
2.85 0.25
2.85 0.3
2.85 0.4
2.85 0.45
2.85 0.5
2.85 0.55
2.9 -2.5
2.9 -2.45
2.9 0.15
2.9 0.2
2.9 0.45
2.9 0.5
2.9 0.55
2.9 0.6
2.95 -2.65
2.95 -2.5
2.95 -2.45
2.95 0.6
3 -2.9
3 -2.85
3 -2.8
3 -2.75
3 -2.4
3.05 -3
3.05 -2.8
3.05 -2.4
3.05 -2.35
3.1 0.1
3.1 1.5
3.1 1.55
3.1 1.6
3.1 1.65
3.1 1.7
3.15 -0.4
3.15 0.05
3.15 1.4
3.15 1.45
3.15 1.5
3.15 1.65
3.15 1.8
3.2 -0.4
3.2 1.3
3.2 1.35
3.2 1.4
3.2 1.75
3.2 1.8
3.25 1.25
3.25 1.3
3.3 -0.45
3.35 0
3.35 1.3
3.4 -0.45
3.4 1.3
3.45 -0.45
3.5 -0.45
3.5 1.9
3.5 1.95
3.55 -0.45
3.6 -0.1
3.65 -0.45
3.65 -0.35
3.65 -0.3
3.65 -0.25
3.65 -0.2
3.65 -0.15
3.7 -0.4
3.7 -0.35
4.5 1.6
4.55 1.55
4.6 1.55
4.65 1.55
4.75 1.55
4.8 0.25
4.8 0.3
4.85 0.3
4.85 0.35
4.9 0.4
4.9 1.6
4.95 0.35
4.95 0.4
4.95 0.45
4.95 1.6
5 0.45
5 0.5
5.05 0.5
5.05 0.55
5.1 0.55
5.1 0.6
5.1 0.65
5.25 0.6
5.45 1.7
5.5 1.6
5.5 1.65
5.5 1.7
5.55 1.6
5.55 1.65
5.6 1.6
5.75 1.6
5.8 1.05
5.8 1.1
5.8 1.15
5.8 1.2
5.8 1.25
5.8 1.3
5.8 1.35
5.85 1
5.85 1.05
5.85 1.25
5.85 1.35
5.85 1.4
5.85 1.6
5.9 0.95
6 1.45
6 1.55
6 1.6
6.05 0.95
6.15 0.95
6.15 1.5
6.2 1.6
6.35 1.65
6.55 1.6
6.55 1.65
6.6 1.65
6.85 0.45
7.25 0.45
7.25 0.5
7.25 0.6
7.45 0.45
8.1 0.45
8.55 0.45
8.55 0.5
8.55 0.55
8.55 0.6
8.55 0.65
8.55 0.7
8.55 0.75
8.55 0.8
8.55 0.85
8.55 0.9
8.55 0.95
8.55 1
8.6 0.85
8.6 0.9
8.6 0.95
8.6 1
8.6 1.05
