-17.45 9.35
-17.45 9.4
-17.35 9.5
-17.35 9.55
-17.3 9.65
-17.3 9.7
-17.25 9.7
-17.25 9.75
-17.2 9.8
-17.2 9.85
-17.15 9.9
-17.15 9.95
-17.1 10
-17.1 10.05
-17.05 10.1
-17 10.15
-17 10.2
-16.95 10.25
-16.95 10.3
-16.9 10.3
-16.85 10.4
-16.85 10.45
-16.85 10.5
-16.8 10.55
-16.75 10.6
-16.75 10.65
-16.7 10.7
-16.7 10.75
-16.65 10.75
-16.6 10.85
-16.6 10.9
-16.55 10.9
-16.55 11
-16.5 11
-16.5 11.05
-16.45 11.15
-16.4 11.15
-16.4 11.2
-16.35 11.25
-16.3 11.3
-16.3 11.35
-16.25 11.4
-16.25 11.45
-16.2 11.45
-14.25 10.15
-14.15 10.2
-14.1 10.25
-14 10.25
-13.95 10.25
-13.9 10.25
-13.65 10.2
-13.6 10.2
-13.6 10.3
-13.5 10.3
-13.5 10.45
-13.45 10.15
-13.35 10.4
-12.6 9.95
-11.7 -20.4
-11.55 -20.5
-11.35 -20.6
-11.15 -20.7
-10.95 -20.75
-10.6 -17.95
-10.45 -18.05
-10.2 8.2
-8.2 4.5
-8.2 4.55
-8.15 4.6
-7.35 6
-7.35 6.05
-7.35 6.1
-7.3 6.1
-7.3 6.15
-7.25 6.15
-7.25 6.2
-7.2 6.2
-7.2 6.25
-7.15 6.25
-7.15 6.3
-7.15 6.35
-7.1 6.35
-7.05 6.35
-7 6.35
-6.85 6.25
-6.75 6.2
-6.7 6.2
-6.55 6.1
-6.5 6.1
-6.45 6.1
-6.4 6.1
-6.4 6.15
-6.35 6.15
-6.3 6.15
-6 2.85
-6 2.9
-6 5.9
-6 5.95
-5.95 2.8
-5.95 2.95
-5.95 5.95
-5.95 6
-5.9 2.9
-5.9 6
-5.9 6.05
-5.85 6.05
-5.85 6.1
-5.8 6.1
-5.75 6.05
-5.7 2.65
-5.7 6.05
-5.6 2.85
-5.6 6
-5.55 5.95
-5.5 2.55
-5.5 5.95
-5.4 2.85
-5.35 2.8
-5.35 2.9
-5.35 2.95
-5.35 3
-5.35 3.05
-5.3 5.8
-5.3 5.85
-5.25 2.4
-5.25 5.8
-5.25 5.85
-5.25 5.9
-5.2 5.85
-5.2 5.9
-5.15 5.9
-5.15 5.95
-5.1 5.9
-5.1 5.95
-5.05 2.3
-5.05 5.95
-5.05 6
-5 2.25
-4.8 2.15
-4.65 2.05
-4.6 5.5
-4.55 5.45
-4.5 5.4
-4.45 1.65
-4.45 1.7
-4.45 1.75
-4.45 1.95
-4.45 5.4
-4.4 1.8
-4.4 1.85
-4.4 1.9
-4.4 5.35
-4.3 5.25
-4.25 5.2
-4.1 5.1
-4.05 5.05
-3.95 -6.1
-3.75 4.7
-3.7 4.7
-3.65 4.6
-3.65 4.75
-3.65 4.8
-3.6 4.6
-3.6 4.7
-3.6 4.8
-3.55 4.5
-3.55 4.65
-3.55 4.7
-3.55 4.75
-3.5 4.5
-3.5 4.7
-3.4 4.6
-3.4 4.65
-3.35 1.3
-3.35 4.35
-3.35 4.6
-3.35 4.65
-3.3 4.6
-3.3 4.65
-3.25 1.25
-3.25 4.65
-3.2 4.6
-3.1 4.55
-3 4.45
-3 4.5
-2.95 4.45
-2.9 4.4
-2.85 4.4
-2.8 4.3
-2.8 4.35
-2.75 4.3
-2.7 4.25
-2.65 4.25
-2.65 4.3
-2.6 4.25
-2.55 4.25
-2.5 4.2
-2.4 4.15
-2.35 -3.1
-2.35 4.1
-2.3 -3.15
-2.3 -3.1
-2.3 4.1
-2.25 4.05
-2.2 4.05
-2.15 4
-2.1 3.95
-2.05 3.95
-2 3.9
-1.95 3.9
-1.9 3.85
-1.85 3.8
-1.8 0.45
-1.8 3.8
-1.75 0.4
-1.75 3.75
-1.7 0.35
-1.7 3.75
-1.65 3.7
-1.65 3.75
-1.6 0.3
-1.6 3.75
-1.6 3.8
-1.6 3.85
-1.55 0.25
-1.55 3.85
-1.5 3.85
-1.5 3.9
-1.45 -1.55
-1.45 0.2
-1.45 3.9
-1.45 3.95
-1.4 -1
-1.4 0.15
-1.4 3.95
-1.35 -1.35
-1.35 -1.1
-1.35 -1.05
-1.35 3.95
-1.3 -1.25
-1.3 -1.2
-1.3 -1.15
-1.3 -1.1
-1.3 0.1
-1.25 0.05
-1.2 0.05
-1.15 0
-1.15 0.35
-1.1 0.4
-1.1 0.45
-1.1 0.5
-1.1 0.55
-1.1 0.6
-1.1 0.65
-1.1 0.7
-1.1 0.75
-1.05 -0.1
-1.05 -0.05
-0.95 -0.15
-0.95 2.8
-0.85 -0.2
-0.85 2.55
-0.85 2.6
-0.8 -0.4
-0.8 -0.35
-0.8 -0.25
-0.8 2.5
-0.75 -0.25
-0.75 2.45
-0.75 2.5
-0.7 2.45
-0.7 2.5
-0.6 2.35
-0.6 2.4
-0.55 2.35
-0.5 2.3
-0.5 2.35
-0.45 2.3
-0.45 2.35
-0.4 2.25
-0.4 2.3
-0.35 2.2
-0.35 2.25
-0.3 2.25
-0.25 2.3
-0.25 2.35
-0.2 2.35
-0.2 2.4
-0.15 2.4
-0.1 2.3
-0.1 2.35
0 2.3
0.05 2.25
0.05 2.3
0.1 2.2
0.1 2.25
0.15 2.2
0.15 2.25
0.2 2.25
0.25 2.3
0.25 2.35
0.3 2.4
0.3 2.45
0.35 2.5
0.35 2.55
0.4 2.55
0.45 2.5
0.45 2.55
0.5 2.5
0.55 2.45
0.6 2.4
0.6 2.45
0.65 2.4
0.7 2.4
0.75 2.5
0.8 2.6
0.95 2.85
1 2.95
1.05 3
1.15 3.2
1.25 3.35
1.45 3.7
1.5 3.75
1.55 3.85
1.75 4.2
1.85 1
1.85 1.05
1.9 0.95
1.9 1.05
1.9 1.1
1.9 4.45
1.95 0.9
1.95 0.95
1.95 1.1
1.95 1.15
2 -2.1
2 0.9
2 1.15
2 1.2
2.05 0.85
2.05 0.9
2.05 1.25
2.05 1.3
2.1 0.85
2.1 1.3
2.1 1.35
2.1 1.4
2.15 -2.2
2.15 0.8
2.15 1.4
2.15 1.45
2.15 4.85
2.2 0.75
2.2 0.8
2.2 1.5
2.2 1.55
2.2 4.95
2.25 0.75
2.25 1.55
2.25 1.6
2.25 5.05
2.3 0.7
2.3 0.75
2.3 1.65
2.3 1.7
2.35 -2.35
2.35 0.7
2.35 1.75
2.4 0.65
2.4 1.8
2.4 1.85
2.4 5.25
2.45 0.6
2.45 0.65
2.45 1.9
2.45 1.95
2.45 5.35
2.5 0.6
2.5 2
2.5 2.05
2.5 2.1
2.55 0.55
2.55 0.6
2.6 0.55
2.6 2.2
2.65 0.5
2.65 2.25
2.7 0.5
2.7 2.3
2.7 2.35
2.75 0.45
2.75 2.4
2.8 0.45
2.8 2.45
2.8 2.5
2.85 0.4
2.85 2.55
2.85 2.6
2.9 0.35
2.9 2.65
2.95 0.35
2.95 6.2
2.95 6.25
3 0.3
3 2.85
3.05 0.25
3.05 2.8
3.05 2.85
3.05 2.9
3.1 0.25
3.1 2.95
3.1 3
3.1 3.05
3.1 3.1
3.1 3.15
3.15 0.2
3.15 3
3.15 3.05
3.15 3.1
3.15 3.2
3.15 6.55
3.2 0.15
3.2 0.2
3.2 6.65
3.25 0.15
3.25 3.3
3.25 6.7
3.3 0.1
3.3 0.15
3.35 -3.2
3.35 0.1
3.4 -3.2
3.4 0.05
3.45 -3.2
3.45 -3.15
3.45 0.05
3.45 3.55
3.5 -3.15
3.5 -3.1
3.5 -3.05
3.5 0
3.55 -3.05
3.55 -3
3.55 -0.1
3.55 -0.05
3.6 -0.1
3.65 -0.15
3.7 -3.1
3.7 -0.15
3.7 4
3.7 4.15
3.7 7.5
3.75 -3.15
3.75 -0.2
3.75 4.1
3.75 4.15
3.75 4.2
3.75 4.25
3.8 -0.2
3.8 4.2
3.8 4.25
3.8 4.3
3.8 7.65
3.85 -0.25
3.85 4.2
3.85 4.35
3.85 4.4
3.9 -0.3
3.9 4.45
3.9 4.5
3.95 -3.25
3.95 -0.3
3.95 4.5
4 -3.3
4 -0.35
4 4.6
4.05 -0.4
4.1 -0.4
4.1 4.75
4.15 -0.45
4.2 -3.4
4.2 -0.45
4.25 -0.5
4.3 -0.5
4.3 5.15
4.3 5.2
4.3 5.25
4.35 -0.55
4.35 5
4.35 5.05
4.35 5.1
4.35 5.15
4.4 -3.55
4.4 -0.6
4.4 -0.55
4.45 -0.6
4.5 -0.65
4.55 -0.65
4.6 -3.65
4.6 -0.7
4.65 -0.75
4.7 -0.75
4.75 -0.8
4.8 -0.8
4.8 5.85
4.8 6.05
4.85 -3.8
4.85 -0.85
4.85 5.95
4.85 6
4.85 6.05
4.85 6.15
4.85 9.4
4.85 9.45
4.9 9.6
4.9 9.65
4.95 -0.9
4.95 9.6
5 9.55
5 9.6
5.05 -3.9
5.05 -0.95
5.05 9.55
5.1 -1
5.1 9.5
5.1 9.55
5.15 -3.95
5.15 -1
5.15 6.55
5.15 9.5
5.2 -3.95
5.2 -1.05
5.2 9.45
5.2 9.5
5.25 -3.9
5.25 -3.85
5.25 6.7
5.25 6.75
5.25 9.45
5.3 -3.85
5.3 -3.8
5.3 -3.75
5.3 -1.1
5.3 6.75
5.3 6.85
5.3 6.9
5.3 9.4
5.35 -3.75
5.35 -3.7
5.35 6.85
5.35 9.4
5.4 -3.65
5.4 -3.6
5.4 -1.15
5.4 9.35
5.45 -3.6
5.45 -3.55
5.45 -1.2
5.45 7.1
5.45 7.15
5.45 9.3
5.45 9.35
5.5 9.3
5.55 9.25
5.6 9.25
5.65 -1.3
5.65 9.2
5.7 -3.25
5.7 -1.35
5.7 7.45
5.7 9.15
5.75 -3.2
5.75 -3.15
5.75 9
5.75 9.05
5.75 9.15
5.8 -3.15
5.8 -3.1
5.8 -3.05
5.8 -1.4
5.8 7.65
5.8 7.7
5.8 7.75
5.8 8.95
5.85 -3.05
5.85 -3
5.85 -2.95
5.85 -2.9
5.85 7.65
5.85 7.85
5.85 8.9
5.85 8.95
5.9 -2.95
5.9 -2.9
5.9 -2.85
5.9 -2.8
5.9 -2.75
5.9 -1.45
5.9 7.95
5.9 8.85
5.9 8.9
5.95 -2.8
5.95 -2.75
5.95 -2.7
5.95 -1.5
5.95 8.85
6 -2.7
6 8.8
6 8.85
6.05 8.8
6.1 -1.6
6.1 8.75
6.15 -1.6
6.15 8.7
6.15 8.75
6.2 -1.65
6.2 8.7
6.25 8.45
6.25 8.65
6.3 -1.7
6.3 8.55
6.3 8.6
6.35 -2.1
6.35 -2.05
6.35 -1.75
6.4 -2.15
6.4 -2.1
6.4 -2
6.4 -1.95
6.4 -1.9
6.45 -1.85
6.45 -1.8
7.55 8.05
7.55 8.1
7.6 8
7.6 8.05
7.65 8
7.7 7.95
7.7 8
7.75 7.9
7.75 7.95
7.8 7.9
7.85 7.85
7.85 7.9
7.9 -3.5
7.9 7.8
7.9 7.85
7.95 -3.4
7.95 7.8
8 7.7
10.5 -7
11 -7.25
11 -7.2
11.05 -7.2
11.1 -7.2
11.1 -7.15
14.7 -9.5
14.75 -9.55
14.8 -9.4
16 -7.4
16.15 -7.7
16.15 -7.1
16.2 -7.6
16.3 -7.45
16.35 -7.3
16.45 -7.95
16.5 -7.8
16.6 -10.8
16.6 -7.65
16.65 -10.7
16.65 -7.5
16.7 -10.65
16.7 -10.6
16.75 -10.6
16.75 -10.55
16.8 -10.5
16.85 -10.5
16.85 -10.45
16.85 -10.4
16.9 -10.5
16.9 -10.4
16.9 -10.35
16.95 -10.35
16.95 -10.3
16.95 -10.25
17 -10.35
17 -10.25
17 -10.2
17.05 -10.2
17.05 -10.15
17.1 -10.15
17.8 -8.85
17.85 -8.7
17.9 -8.55
17.9 -8.35
17.95 -8.55
18 -8.35
18 -8.2
18.05 -8.05
18.1 -8.2
