-17.05 -15.9
-16.9 -16.05
-16.75 -16.2
-13.25 14.1
-13.2 14.15
-13.2 14.2
-13.15 14.2
-13.15 14.25
-13.1 14.25
-13.1 14.3
-13.05 14.3
-13.05 14.35
-13.05 14.4
-13 14.3
-13 14.35
-13 14.4
-12.95 14.4
-12.95 14.45
-12.9 14.45
-12.9 14.5
-12.85 14.5
-12.8 14.5
-12.8 14.55
-12.8 14.6
-12.75 14.55
-12.75 14.6
-12.7 14.6
-12.7 14.65
-12.65 -12.45
-12.65 14.65
-12.65 14.7
-12.6 14.7
-12.55 14.7
-12.55 14.75
-12.55 14.8
-12.5 14.75
-12.5 14.8
-12.45 14.8
-12.45 14.85
-12.4 14.85
-12.4 14.9
-12.35 14.85
-12.35 14.9
-12.3 14.9
-12.3 14.95
-12.3 15
-12.25 14.95
-12.25 15
-12.2 14.95
-12.2 15
-12.2 15.05
-12.15 15.05
-12.15 15.1
-12.1 15.1
-12.05 15.1
-12.05 15.15
-12.05 15.2
-12 15.15
-12 15.2
-11.95 15.2
-11.95 15.25
-11.9 15.25
-11.9 15.3
-11.85 15.25
-11.85 15.3
-11.8 15.3
-11.8 15.35
-11.75 15.35
-11.75 15.4
-11.7 15.4
-11.7 15.45
-11.65 15.45
-11.65 15.5
-11.6 15.5
-11.55 15.5
-11.55 15.55
-11.5 11.95
-11.5 15.55
-11.5 15.6
-11.45 11.95
-11.45 12
-11.45 15.6
-11.45 15.65
-11.4 12
-11.4 12.05
-11.4 15.6
-11.4 15.65
-11.35 12.05
-11.35 12.1
-11.35 12.15
-11.35 12.2
-11.35 15.65
-11.35 15.7
-11.3 15.75
-11 -11
-10.5 10.85
-9.9 10.35
-9.9 13.75
-9.85 13.75
-9.85 13.8
-9.85 13.85
-9.8 13.8
-9.75 13.8
-9.75 13.85
-9.7 13.85
-9.7 13.9
-9.65 13.9
-9.65 13.95
-9.6 13.95
-9.6 14
-9.55 13.75
-9.55 13.8
-9.55 13.95
-9.55 14
-9.55 14.05
-9.5 14.05
-9.45 9.75
-9.45 13.85
-9.45 13.95
-9.45 14
-9.35 13.75
-9.25 13.8
-9.2 13.85
-9.1 13.6
-8.9 -9.05
-8.8 -9.15
-8.75 -9.2
-7.05 -7.55
-6.5 6.2
-6.45 6.2
-6.45 6.25
-6.4 6.25
-6.4 6.3
-6.35 6.3
-6.35 6.35
-6.3 6.35
-6.3 6.4
-6.25 6.4
-6.25 6.45
-6.25 6.5
-6.2 6.45
-6.2 6.5
-5.6 -6.2
-5.55 -6.25
-5.5 -6.3
-4.95 7.55
-4.9 7.5
-4.9 7.55
-4.9 7.6
-4.85 7.55
-4.85 7.6
-4.8 7.55
-4.8 7.6
-4.75 7.6
-4.75 7.65
-4.7 3.95
-4.7 4
-4.7 7.65
-4.65 3.85
-4.65 4
-4.65 4.05
-4.65 7.65
-4.65 7.7
-4.6 4.05
-4.6 7.7
-4.6 7.75
-4.55 7.7
-4.55 7.75
-4.5 -5.35
-4.45 -5.4
-4.45 7.65
-4.45 7.7
-4.4 2.25
-4.4 2.3
-4.4 2.35
-4.35 3.5
-4.3 7.5
-4.3 7.55
-4.25 3.85
-4.25 7.45
-4.25 7.5
-4.2 3.85
-4.2 3.9
-4.15 3.25
-4.15 3.9
-4.15 7.35
-4.15 7.4
-4.1 3.9
-4.1 3.95
-4.1 4
-4.1 4.05
-4.05 7.25
-4.05 7.3
-4 7.25
-4 7.3
-3.95 2.3
-3.95 7.3
-3.9 7.3
-3.85 2.35
-3.85 2.9
-3.75 2.4
-3.75 2.75
-3.7 2.45
-3.7 7
-3.65 2.5
-3.65 2.55
-3.65 2.65
-3.65 6.95
-3.65 7
-3.6 6.95
-3.6 7
-3.55 7
-3.55 7.05
-3.5 7
-3.5 7.05
-3.45 7.05
-3.4 7.05
-3.35 6.95
-3.25 -4.35
-3.25 6.85
-3.2 -4.4
-3.2 6.75
-3.15 6.7
-3.1 6.65
-3.1 6.7
-3.05 6.55
-3.05 6.65
-3 6.55
-3 6.7
-2.95 6.6
-2.95 6.7
-2.9 6.6
-2.9 6.7
-2.85 -4
-2.85 6.65
-2.8 -4.05
-2.8 1.6
-2.8 6.65
-2.65 1.4
-2.5 -3.7
-2.45 -3.75
-2.45 1.2
-2.45 5.9
-2.4 1.1
-2.4 1.15
-2.35 1.05
-2.3 0.95
-2.3 1
-2.25 -3.45
-2.25 0.9
-2.2 -3.5
-2.2 0.85
-2.15 -3.5
-2.15 0.8
-2.1 0.75
-2.05 -3.4
-2.05 0.65
-2.05 0.7
-2.05 5.2
-2 0.6
-2 5.15
-2 5.2
-1.95 -3.35
-1.95 0.55
-1.95 5.15
-1.95 5.2
-1.95 5.25
-1.9 -3.3
-1.9 0.5
-1.9 4.7
-1.9 5.15
-1.9 5.2
-1.85 -3.25
-1.85 0.45
-1.85 4.55
-1.85 5.15
-1.8 -3.2
-1.8 0.35
-1.8 0.4
-1.8 5.05
-1.75 -3.15
-1.75 0.3
-1.75 4.4
-1.75 4.9
-1.75 4.95
-1.7 -3.1
-1.7 0.25
-1.65 -3.1
-1.65 0.2
-1.65 4.75
-1.65 4.8
-1.6 -3.05
-1.6 0.15
-1.6 0.2
-1.6 4.8
-1.55 -3
-1.55 0.15
-1.55 4.75
-1.55 4.8
-1.5 4.7
-1.45 -2.9
-1.45 4.65
-1.4 -2.9
-1.4 0.2
-1.4 4.6
-1.35 -0.2
-1.35 -0.15
-1.35 4.5
-1.3 -2.75
-1.3 -0.3
-1.3 -0.25
-1.3 0.25
-1.3 4.45
-1.25 -2.75
-1.25 -0.35
-1.25 4.35
-1.2 -2.7
-1.2 -0.4
-1.2 4.2
-1.15 -0.45
-1.15 4.2
-1.15 4.25
-1.1 -0.55
-1.1 -0.5
-1.1 0.2
-1.1 0.25
-1.1 4.2
-1.05 -0.6
-1.05 -0.55
-1.05 0
-1.05 0.2
-1.05 4.1
-1.05 4.15
-1 -0.65
-1 -0.6
-1 0.05
-1 0.15
-1 0.2
-1 4.05
-1 4.1
-0.95 -0.7
-0.95 4
-0.95 4.05
-0.9 -0.75
-0.9 3.95
-0.85 3.9
-0.8 3.8
-0.8 3.85
-0.75 3.75
-0.75 3.8
-0.7 3.7
-0.7 3.75
-0.65 3.65
-0.65 3.7
-0.6 3.6
-0.55 3.5
-0.55 3.55
-0.5 3.45
-0.5 3.5
-0.45 3.4
-0.45 3.45
-0.4 3.35
-0.4 3.4
-0.35 3.3
-0.35 3.35
-0.3 3.4
-0.3 3.45
-0.25 3.4
-0.25 3.45
-0.2 3.4
-0.2 3.45
-0.15 3.45
-0.15 3.5
-0.1 3.5
-0.1 3.55
-0.05 3.5
0 1.95
0 2
0 2.05
0 3.6
0.05 1.85
0.05 1.9
0.05 3.65
0.05 3.7
0.1 1.8
0.1 1.85
0.15 1.7
0.15 1.75
0.15 1.8
0.15 4.1
0.15 4.15
0.2 1.65
0.2 1.7
0.2 4.15
0.25 1.6
0.25 1.65
0.25 4.1
0.25 4.15
0.3 1.55
0.3 1.6
0.3 4.1
0.35 1.45
0.35 1.5
0.35 1.55
0.35 4.1
0.35 4.15
0.4 1.45
0.4 1.5
0.45 1.55
0.5 1.55
0.55 4.75
0.6 1.5
0.6 1.6
0.6 4.7
0.6 4.75
0.65 1.4
0.65 1.45
0.65 1.5
0.65 1.55
0.65 1.6
0.65 1.65
0.65 1.7
0.65 4.7
0.65 4.75
0.7 1.35
0.7 1.4
0.7 1.6
0.7 1.65
0.7 4.65
0.7 4.7
0.75 1.3
0.75 1.35
0.75 4.6
0.8 1.3
0.8 4.5
0.8 4.55
0.85 1.8
0.85 4.5
0.9 1.8
0.9 4.4
0.95 1.45
1.05 1.5
1.1 1.5
1.1 1.55
1.15 1.45
1.15 1.5
1.2 1.4
1.2 1.45
1.25 1.35
1.25 1.4
1.3 1.3
1.3 1.35
1.35 1.3
1.95 -0.55
1.95 -0.5
1.95 -0.45
2 -0.6
2 -0.55
2 -0.45
2 -0.4
2.05 -0.65
2.1 -0.7
2.1 -0.4
2.15 -0.8
2.15 -0.75
2.15 -0.4
2.15 -0.35
2.2 -0.85
2.2 -0.8
2.2 -0.35
2.2 -0.3
2.25 -0.9
2.25 -0.85
2.25 -0.3
2.25 -0.25
2.3 -0.95
2.3 -0.25
2.35 -1
2.35 -0.2
2.35 2.1
2.4 -1.05
2.4 -0.2
2.4 -0.15
2.45 -1.15
2.45 -1.1
2.45 -0.1
2.5 -1.2
2.5 -0.1
2.5 -0.05
2.5 0
2.55 -1.25
2.55 0
2.55 0.05
2.6 -1.3
2.6 0.05
2.65 -1.35
2.65 0.1
2.7 -1.45
2.7 0.1
2.7 0.15
2.7 2.35
2.75 0.15
2.75 0.2
2.8 -1.55
2.8 0.2
2.8 0.25
2.85 -1.65
2.85 -1.6
2.85 0.25
2.85 0.3
2.9 -1.65
2.9 0.3
2.9 0.35
2.95 -1.75
2.95 0.35
2.95 0.4
3 -1.8
3 0.4
3.05 -1.9
3.05 0.45
3.1 -1.95
3.1 0.45
3.15 -2
3.15 0.5
3.2 -2.05
3.2 0.55
3.25 -2.1
3.25 0.6
3.3 -2.15
3.3 0.6
3.3 0.65
3.35 -2.25
3.35 0.65
3.4 -2.35
3.4 -2.3
3.4 0.7
3.45 -2.35
3.45 0.75
3.5 -2.45
3.5 -2.4
3.5 0.75
3.5 0.8
3.55 0.8
3.55 0.85
3.6 -2.55
3.6 0.85
3.6 0.9
3.65 0.9
3.7 -2.7
3.7 -2.65
3.7 0.95
3.75 1
3.8 -2.8
3.8 1
3.8 1.05
3.8 3.25
3.85 1.05
3.85 1.1
3.85 1.15
3.9 -2.95
3.9 -2.9
3.9 1.15
3.95 -2.95
3.95 1.2
4 -3.05
4 1.2
4.05 -3.1
4.05 1.25
4.1 -3.2
4.1 1.25
4.1 1.3
4.15 -3.25
4.15 -3.2
4.15 1.3
4.2 1.35
4.25 -3.35
4.25 1.4
4.3 1.4
4.3 1.45
4.35 -3.5
4.35 1.45
4.35 1.5
4.4 -3.55
4.4 1.5
4.45 -3.65
4.45 1.55
4.5 -3.65
4.5 1.6
4.55 1.65
4.6 1.65
4.6 1.7
4.65 -3.85
4.65 1.7
4.7 1.75
4.75 1.75
4.75 1.8
4.75 1.85
4.8 -4.05
4.8 1.8
4.8 1.85
4.8 1.9
4.85 1.95
4.9 -4.15
4.9 1.95
4.95 2
5 -4.25
5 2.05
5.1 -4.95
5.1 -4.85
5.1 -4.4
5.1 2.1
5.15 -4.8
5.15 4.35
5.2 -4.8
5.2 -4.75
5.2 -4.5
5.25 -4.75
5.25 -4.7
5.3 -4.65
5.7 2.5
5.7 2.55
5.7 2.6
5.7 2.65
5.75 2.35
5.75 2.4
5.75 2.45
5.75 2.5
5.85 2.75
6 2.85
6.1 2.9
6.15 2.95
6.2 3
6.25 3
6.3 3.05
6.4 3.1
6.45 3.15
6.5 3.2
6.5 3.25
6.5 3.3
6.55 3.35
6.7 3.4
6.95 3.55
7 3.6
7.1 3.65
7.1 3.7
7.15 3.75
7.15 3.8
7.15 3.85
7.65 4.1
7.65 6.35
7.75 6.4
7.85 6.4
7.95 6.45
8 4.45
8 4.5
8 6.35
8 6.4
8.05 4.35
8.05 4.4
8.05 4.45
8.05 4.5
8.05 6.3
8.05 6.35
8.1 4.6
8.1 6.25
8.1 6.3
8.15 6.15
8.15 6.2
8.15 6.25
8.2 6.1
8.2 6.15
8.25 4.7
8.25 6.05
8.25 6.1
8.3 6
8.3 6.05
8.35 5.9
8.35 5.95
8.35 6
8.4 5.65
8.4 5.7
8.4 5.75
8.4 5.8
8.4 5.85
8.4 5.9
8.45 4.8
8.45 5.6
8.45 5.65
8.45 5.8
8.45 5.85
8.5 5.5
8.5 5.55
8.55 5.45
8.55 5.5
8.6 5.35
8.6 5.4
8.65 5.3
8.65 5.35
8.7 5.2
8.7 5.25
8.7 5.3
8.75 5
8.75 5.05
8.75 5.1
8.75 5.15
8.75 5.2
8.8 5.05
8.8 5.1
8.8 5.15
