-17.55 0.95
-17.55 1.05
-17.55 1.1
-17.5 0.75
-17.5 0.8
-17.5 0.9
-17.5 1.15
-17.5 1.2
-17.5 1.25
-17.5 1.3
-17.5 1.35
-17.5 1.4
-17.5 1.45
-17.5 1.5
-17.5 1.55
-17.5 1.6
-17.45 1.65
-17.35 1.7
-14.75 0.75
-14.7 0.65
-14.55 1.6
-14.55 1.65
-14.55 1.7
-13.4 0.65
-11.45 0.65
-11.4 0.6
-11.2 0.55
-10.1 0.55
-9.85 1.35
-9.85 1.4
-9.8 1.45
-9.8 1.5
-9.7 1.55
-9.55 1.6
-8.35 0.5
-8.2 0.4
-8.2 0.45
-8.05 1.45
-8 1.5
-8 1.55
-7.95 1.6
-6.75 1.45
-6.7 0.45
-6.6 0.35
-6.6 0.4
-6.55 0.3
-6.4 1.45
-6.4 1.5
-6.4 1.55
-6.4 1.6
-6.35 1.65
-5.15 1.4
-5.05 0.4
-5 0.35
-4.95 0.2
-4.95 0.25
-4.95 0.3
-4.95 1.4
-4.9 1.45
-4.9 1.5
-4.9 1.55
-4.9 1.6
-4.9 1.65
-4.9 1.7
-4.85 1.75
-3.7 0.35
-3.35 0.05
-3.35 0.1
-3.35 0.15
-3.35 0.2
-3.35 0.25
-3.35 0.3
-3.35 0.35
-3.3 1.4
-3.3 1.45
-3.3 1.5
-3.3 1.55
-3.25 0
-3.25 1.6
-3.25 1.65
-3 1.6
-3 1.65
-2.95 1.7
-2.95 1.75
-2.9 1.75
-2.85 1.75
-2.2 1.4
-2.05 1.35
-2 0.3
-1.8 1.35
-1.8 5.4
-1.75 -1.75
-1.75 -1.7
-1.75 -1.65
-1.75 -1.6
-1.75 -1.55
-1.75 -1.5
-1.75 -1.45
-1.75 -1.4
-1.75 -1.35
-1.75 -1.3
-1.75 -1.25
-1.75 -1.2
-1.75 -1.15
-1.75 -1.1
-1.75 -1.05
-1.75 -1
-1.75 -0.95
-1.75 -0.9
-1.75 -0.85
-1.75 -0.8
-1.75 -0.75
-1.75 -0.7
-1.75 5.4
-1.75 5.45
-1.7 -0.6
-1.7 -0.55
-1.7 -0.5
-1.7 -0.45
-1.7 -0.4
-1.7 -0.35
-1.7 -0.3
-1.7 -0.25
-1.7 -0.2
-1.7 -0.15
-1.7 -0.1
-1.7 0
-1.7 0.05
-1.7 0.1
-1.7 0.15
-1.7 0.2
-1.7 0.25
-1.7 0.3
-1.7 5.45
-1.65 1.3
-1.65 1.35
-1.65 1.4
-1.65 1.45
-1.65 1.5
-1.65 1.55
-1.65 1.6
-1.65 1.65
-1.65 1.7
-1.65 1.75
-1.65 1.8
-1.65 1.85
-1.65 1.9
-1.65 1.95
-1.65 2
-1.65 2.05
-1.65 2.1
-1.65 2.15
-1.65 2.2
-1.65 2.35
-1.65 2.4
-1.65 4.85
-1.65 5.45
-1.65 5.5
-1.6 2.05
-1.6 2.1
-1.6 2.15
-1.6 2.2
-1.6 2.25
-1.6 2.3
-1.6 2.35
-1.6 2.4
-1.6 2.45
-1.6 2.5
-1.6 2.55
-1.6 2.6
-1.6 2.65
-1.6 2.7
-1.6 2.75
-1.6 2.8
-1.6 2.85
-1.6 2.9
-1.6 2.95
-1.6 3
-1.6 3.05
-1.6 5.5
-1.55 3
-1.55 3.05
-1.55 4.3
-1.55 5.5
-1.55 9.6
-1.5 3.05
-1.5 5.5
-1.5 5.6
-1.5 5.7
-1.5 5.8
-1.5 9.6
-1.45 2.95
-1.45 4.2
-1.45 5.8
-1.45 6
-1.45 6.2
-1.45 6.25
-1.45 6.3
-1.45 6.45
-1.45 9.6
-1.4 6.25
-1.4 6.3
-1.4 9.6
-1.35 2.8
-1.35 3.55
-1.35 6.25
-1.35 6.3
-1.35 9.6
-1.3 2.75
-1.3 3.55
-1.3 3.6
-1.3 6.2
-1.3 10
-1.3 10.25
-1.3 10.9
-1.3 11.05
-1.3 12.75
-1.3 13.4
-1.3 13.65
-1.25 2.65
-1.25 3.4
-1.25 6.05
-1.25 11.65
-1.25 12
-1.25 12.15
-1.25 12.4
-1.25 13.65
-1.25 16.45
-1.25 16.5
-1.2 2.55
-1.2 3.4
-1.2 3.45
-1.2 6
-1.2 6.05
-1.2 13.65
-1.2 13.7
-1.2 16.45
-1.2 16.5
-1.15 2.55
-1.15 2.6
-1.15 2.65
-1.15 2.7
-1.15 2.75
-1.15 3.4
-1.15 3.45
-1.15 3.5
-1.15 6
-1.15 6.05
-1.15 13.65
-1.15 13.7
-1.15 14.15
-1.15 14.7
-1.15 16.45
-1.15 16.5
-1.1 2.6
-1.1 2.65
-1.1 2.75
-1.1 2.8
-1.1 2.85
-1.1 6
-1.1 6.05
-1.1 16.45
-1.1 16.5
-1.05 2.85
-1.05 2.9
-1.05 3.25
-1.05 6.05
-1.05 16.5
-1 3.1
-1 3.15
-1 6.1
-1 16.45
-1 16.5
-0.95 3.1
-0.95 3.15
-0.95 6.1
-0.95 16.5
-0.9 16.5
-0.85 16.45
-0.85 16.5
-0.8 16.5
-0.75 16.45
-0.75 16.5
-0.7 16.45
-0.7 16.5
-0.65 16.5
-0.6 16.45
-0.6 16.5
-0.55 16.45
-0.5 16.45
-0.5 16.5
-0.45 16.45
-0.45 16.5
-0.4 16.45
-0.4 16.5
-0.35 16.45
-0.3 16.45
-0.25 16.45
-0.2 16.45
-0.15 16.45
-0.1 16.45
0 16.45
0.05 16.45
0.1 16.45
0.15 16.45
0.2 16.45
0.25 16.45
0.3 16.45
0.35 16.4
0.35 16.45
0.4 16.4
0.45 16.4
0.5 16.4
0.55 16.4
0.6 16.4
0.65 16.4
0.7 5.95
0.7 6.3
0.7 16.4
0.75 6.3
0.75 16.4
0.8 6.2
0.8 6.3
0.8 16.4
0.85 5.95
0.85 6.3
0.85 16.35
0.85 16.4
0.9 1.4
0.9 5.95
0.9 16.4
0.95 5.9
0.95 5.95
0.95 16.35
1 5.9
1 5.95
1 16.35
1 16.4
1.05 5.9
1.05 16.35
1.05 16.4
1.1 5.55
1.1 5.6
1.1 5.7
1.1 5.9
1.1 14
1.1 16.35
1.15 5.5
1.15 5.55
1.15 13.9
1.15 13.95
1.15 16.35
1.2 4.7
1.2 4.8
1.2 5.25
1.2 5.35
1.2 5.45
1.2 5.5
1.2 13.9
1.2 13.95
1.2 16.35
1.2 16.4
1.25 -1.35
1.25 -1.3
1.25 -1.25
1.25 1
1.25 4.7
1.25 5.1
1.25 5.25
1.25 5.3
1.25 5.35
1.25 5.4
1.25 5.5
1.25 13.9
1.25 16.35
1.3 -0.3
1.3 -0.25
1.3 -0.2
1.3 -0.15
1.3 -0.1
1.3 -0.05
1.3 0
1.3 0.05
1.3 0.1
1.3 0.15
1.3 0.2
1.3 0.25
1.3 0.3
1.3 0.35
1.3 0.4
1.3 0.45
1.3 0.5
1.3 0.55
1.3 0.6
1.3 0.65
1.3 0.7
1.3 0.75
1.3 0.8
1.3 0.85
1.3 0.9
1.3 0.95
1.3 1
1.3 1.05
1.3 1.1
1.3 1.15
1.3 1.75
1.3 4.7
1.3 5.4
1.3 13.9
1.35 -1.3
1.35 0.65
1.35 0.7
1.35 0.75
1.35 0.8
1.35 0.85
1.35 0.9
1.35 0.95
1.35 1.05
1.35 1.1
1.35 1.15
1.35 1.2
1.35 1.25
1.35 1.3
1.35 1.35
1.35 1.4
1.35 1.45
1.35 1.5
1.35 1.55
1.35 1.6
1.35 1.65
1.35 1.7
1.35 1.75
1.35 1.85
1.35 1.9
1.35 1.95
1.35 2
1.35 2.05
1.35 2.1
1.35 2.15
1.35 2.2
1.35 2.25
1.35 2.3
1.35 2.35
1.35 2.4
1.35 4.65
1.35 4.7
1.35 13.9
1.4 -1.3
1.4 -1.25
1.4 2.05
1.4 2.15
1.4 2.25
1.4 2.3
1.4 2.35
1.4 2.4
1.4 2.45
1.4 2.5
1.4 2.55
1.4 2.6
1.4 2.65
1.4 2.7
1.4 2.75
1.4 2.8
1.4 2.85
1.4 2.9
1.4 2.95
1.4 4.65
1.4 4.7
1.4 13.9
1.45 -1.3
1.45 -1.25
1.45 3.7
1.45 3.95
1.45 4.05
1.45 4.1
1.45 4.2
1.45 4.35
1.45 4.45
1.45 4.5
1.45 4.6
1.45 4.65
1.45 4.7
1.45 13.9
1.5 -1.3
1.5 4
1.5 4.05
1.5 13.85
1.5 13.9
1.55 -1.3
1.55 4
1.55 4.05
1.55 13.9
1.6 -1.35
1.6 3.95
1.6 4
1.6 13.85
1.65 -1.35
1.65 3.9
1.65 3.95
1.7 -1.35
1.7 3.9
1.7 3.95
1.75 -1.4
1.75 3.9
1.75 3.95
1.8 3.95
1.8 4
1.85 -1.45
1.95 4.2
2.1 4.4
2.15 -1.7
2.15 4.5
2.2 4.25
2.2 4.3
2.2 4.4
2.2 4.45
2.2 4.5
2.2 4.6
2.35 -1.85
2.4 -1.9
2.4 -1.85
2.4 -1.8
2.45 -1.9
2.45 -1.85
2.5 -1.85
2.65 -2
2.75 5
2.8 -2.1
2.8 -2.05
2.8 -2
2.8 -1.95
2.85 -2.05
2.85 -2
2.85 -1.95
2.85 -1.9
2.85 -1.85
2.85 -1.8
2.85 -1.75
2.85 -1.7
2.85 -1.65
2.85 -1.6
2.85 -1.55
2.85 -1.5
2.85 -1.45
2.85 -1.4
2.85 -1.35
2.9 -1.35
2.95 -1.35
3 -1.35
3.05 -1.35
3.15 -1.35
3.35 -1.45
3.55 -1.5
3.65 -1.5
3.85 -1.6
3.9 -1.55
3.95 -1.55
3.95 -1.5
4 -1.55
4 -1.5
4 -1.45
4 -1.4
4.05 -1.4
4.05 -1.35
4.1 -1.35
4.15 -1.35
4.15 -1.3
4.25 -1.35
4.3 -1.35
4.3 -1.3
4.35 -1.3
4.45 -1.3
4.75 -1.4
6.05 -1.7
6.1 -1.65
6.1 -1.6
6.1 -1.55
6.1 -1.5
6.15 -1.45
6.65 -1.5
6.65 -1.45
6.65 -1.4
