-11.05 2.05
-11.05 2.15
-11.05 2.25
-9.8 2.2
-9.3 2.25
-8.3 2.1
-8.25 2.2
-7.9 2.2
-7.65 2.25
-7.4 2.25
-6.75 2.2
-6.55 2.2
-6.2 2.25
-6.1 2.3
-5.9 2.35
-4.8 2.2
-4.5 2.2
-4.3 2.25
-4.3 2.3
-4.3 2.35
-4.3 2.4
-4.3 2.45
-4.3 2.5
-4.3 2.55
-3.15 2.2
-2.85 2.2
-2.65 2.25
-2.65 2.3
-2.65 2.35
-2.65 2.4
-2.65 2.45
-2.65 2.5
-2.65 2.55
-2.65 2.6
-2.65 2.65
-2.65 2.7
-2.65 2.75
-2.65 2.8
-2.65 2.85
-2.6 2.85
-2.6 2.9
-2.5 2.85
-2.45 2.85
-2.3 2.75
-2.05 2.5
-2 2.5
-2 2.55
-1.95 2.55
-1.9 2.55
-1.9 2.6
-1.9 6.8
-1.9 6.85
-1.9 7.3
-1.85 6.85
-1.85 6.95
-1.85 7
-1.85 7.3
-1.8 7.05
-1.8 7.3
-1.8 7.35
-1.75 2.45
-1.75 7.05
-1.75 7.3
-1.6 -1.6
-1.6 -1.55
-1.6 -1.5
-1.6 -1.45
-1.6 -1.4
-1.6 -1.35
-1.6 -1.3
-1.6 -1.25
-1.6 -0.65
-1.6 -0.6
-1.6 -0.55
-1.6 -0.5
-1.6 -0.45
-1.6 -0.4
-1.6 -0.35
-1.6 -0.25
-1.6 1.25
-1.6 6.85
-1.55 -0.65
-1.55 -0.3
-1.55 -0.2
-1.55 0.6
-1.55 0.65
-1.55 0.7
-1.55 0.75
-1.55 0.8
-1.55 0.85
-1.55 0.9
-1.55 0.95
-1.55 1
-1.55 1.05
-1.55 1.1
-1.55 1.15
-1.55 2.2
-1.5 -0.65
-1.5 2.15
-1.5 2.2
-1.5 2.25
-1.5 2.3
-1.5 2.35
-1.5 2.4
-1.5 2.45
-1.5 2.5
-1.5 2.55
-1.5 2.6
-1.5 2.65
-1.5 2.7
-1.5 2.75
-1.5 2.8
-1.5 2.85
-1.5 2.9
-1.5 2.95
-1.5 3
-1.5 3.05
-1.5 3.1
-1.5 3.15
-1.5 3.2
-1.5 3.25
-1.5 3.3
-1.5 3.35
-1.5 3.4
-1.5 3.45
-1.5 3.5
-1.5 3.55
-1.5 3.65
-1.5 3.7
-1.5 3.75
-1.5 3.8
-1.5 3.85
-1.5 3.9
-1.5 3.95
-1.5 6.55
-1.45 -1.1
-1.45 3.95
-1.45 4
-1.45 6.4
-1.4 3.95
-1.4 4
-1.4 6.4
-1.35 3.9
-1.35 6.4
-1.3 3.8
-1.3 6.4
-1.25 6.4
-1.2 3.6
-1.2 6.4
-1.15 3.55
-1.15 6.4
-1.1 3.55
-1.1 6.4
-1.1 6.45
-1.05 -0.5
-1.05 3.55
-1.05 6.4
-1.05 6.45
-1.05 7.05
-1 -0.7
-1 -0.65
-1 -0.6
-1 -0.55
-1 3.6
-1 6.45
-1 6.55
-1 7.2
-1 7.45
-1 7.6
-1 7.9
-1 7.95
-0.95 0
-0.95 0.05
-0.95 0.1
-0.95 0.15
-0.95 0.2
-0.95 0.25
-0.95 0.3
-0.95 0.35
-0.95 0.4
-0.95 0.45
-0.95 0.5
-0.95 0.55
-0.95 3.65
-0.95 3.7
-0.95 7.9
-0.95 7.95
-0.95 11
-0.9 3.7
-0.9 7.95
-0.9 11
-0.85 7.95
-0.85 11
-0.8 7.95
-0.8 11
-0.75 7.95
-0.75 8.2
-0.75 8.25
-0.75 11
-0.7 11
-0.65 11
-0.65 11.05
-0.6 11
-0.55 11
-0.55 11.05
-0.5 11
-0.45 11
-0.45 11.05
-0.4 11
-0.4 11.05
-0.35 11
-0.35 11.05
-0.3 11
-0.3 11.05
-0.25 11
-0.25 11.05
-0.2 11
-0.2 11.05
-0.15 11
-0.1 11
0 10.95
0 11
0.05 10.95
0.05 11
0.1 10.95
0.1 11
0.15 10.95
0.15 11
0.2 10.95
0.2 11
0.25 10.95
0.25 11
0.3 10.95
0.3 11
0.35 10.95
0.35 11
0.4 10.95
0.4 11
0.45 10.95
0.45 11
0.5 10.95
0.5 11
0.55 10.95
0.55 11
0.6 10.95
0.6 11
0.65 10.95
0.65 11
0.7 1.6
0.7 1.65
0.7 10.95
0.7 11
0.75 1.5
0.75 1.55
0.75 1.6
0.75 1.7
0.75 10.95
0.75 11
0.8 1.5
0.8 5.15
0.8 5.2
0.8 10.95
0.85 1.45
0.85 1.5
0.85 5.1
0.85 10.95
0.9 1.45
0.9 1.9
0.9 5.05
0.9 10.95
0.9 11
0.95 5.05
0.95 8.35
0.95 10.95
1 1.5
1 5
1 5.05
1 8.3
1 8.35
1 10.95
1.05 2.05
1.05 5.05
1.05 8.3
1.05 8.35
1.05 10.95
1.1 5.05
1.1 5.1
1.1 8.3
1.1 10.95
1.15 5.15
1.15 5.2
1.15 8.3
1.15 10.95
1.2 8.25
1.2 8.3
1.2 10.95
1.25 -1.35
1.25 -1.3
1.25 -1.25
1.25 -1.2
1.25 1.8
1.25 8.25
1.25 8.3
1.25 10.95
1.3 0.45
1.3 0.5
1.3 0.55
1.3 0.6
1.3 0.65
1.3 0.7
1.3 0.75
1.3 0.8
1.3 0.85
1.3 0.9
1.3 0.95
1.3 1
1.3 1.05
1.3 1.1
1.3 1.15
1.3 1.2
1.3 1.25
1.3 1.3
1.3 1.35
1.3 1.4
1.3 1.45
1.3 1.5
1.3 1.55
1.3 1.6
1.3 1.65
1.3 1.7
1.3 1.75
1.3 1.8
1.3 5.55
1.3 5.6
1.3 5.65
1.3 8.3
1.35 1.05
1.35 1.1
1.35 1.2
1.35 1.25
1.35 1.3
1.35 1.35
1.35 1.4
1.35 1.45
1.35 1.5
1.35 1.55
1.35 1.6
1.35 1.65
1.35 1.7
1.35 1.75
1.35 1.8
1.35 2.3
1.35 2.35
1.35 2.4
1.35 2.45
1.35 2.5
1.35 2.55
1.35 2.6
1.35 2.65
1.35 2.7
1.35 2.75
1.35 5.6
1.4 3.75
1.4 3.85
1.4 3.95
1.4 4.05
1.4 4.15
1.4 4.3
1.4 4.35
1.4 4.45
1.4 4.6
1.4 4.65
1.4 4.7
1.4 4.8
1.4 4.85
1.4 4.9
1.4 5
1.4 5.15
1.4 5.2
1.4 5.3
1.4 5.35
1.4 5.45
1.4 5.5
1.4 5.6
1.45 -1.35
1.45 3.75
1.5 0.5
1.5 3.7
1.5 3.75
1.55 3.7
1.55 3.75
1.6 -0.1
1.6 -0.05
1.6 0
1.6 3.7
1.65 -0.15
1.65 -0.1
1.65 0
1.65 0.05
1.65 0.1
1.65 3.7
1.7 -0.2
1.7 0.1
1.7 0.15
1.7 3.7
1.75 0.2
1.75 0.25
1.75 3.75
1.8 0.2
1.8 0.25
1.8 3.75
1.85 0.25
1.85 0.3
1.85 3.75
1.9 -1.8
1.9 0.3
1.9 0.6
1.9 3.8
1.95 -1.8
1.95 3.8
2 -1.8
2 0.3
2.05 -1.8
2.1 -1.8
2.15 -1.8
2.2 -1.8
2.2 4.15
2.25 -1.8
2.3 -1.8
2.35 -1.8
2.4 -1.8
2.45 -1.8
2.45 -1.65
2.45 -1.6
2.45 -1.55
2.45 -1.5
2.5 -1.8
2.5 -1.75
2.5 -1.5
2.5 0.7
2.5 0.75
2.55 -1.75
2.55 0.65
2.6 0.5
2.6 0.55
2.6 0.6
2.6 0.65
2.65 4.7
2.65 4.75
2.7 4.7
2.75 4.65
2.75 4.7
2.8 -1.1
2.8 4.6
2.8 4.65
2.85 -1.25
2.85 -1.2
2.85 -1.15
2.85 -1.1
2.85 -1.05
2.85 -1
2.85 -0.95
2.85 -0.9
2.9 -1.85
2.9 -1.3
2.9 -1.2
2.9 -1.15
2.9 -1.1
2.9 -0.95
2.9 -0.9
2.9 -0.85
2.9 0.5
2.95 -1.85
2.95 -1.1
2.95 -1.05
2.95 -0.85
3 -1.85
3 -1.4
3 -0.85
3 0.5
3.05 -1.85
3.05 -0.85
3.05 0.25
3.05 0.3
3.1 -1.85
3.15 -1.85
3.2 -1.85
3.2 -0.9
3.25 -1.85
3.3 -1.85
3.35 -1.85
3.35 0.35
3.4 -1.85
3.45 -1.85
3.45 0.4
3.5 -1.85
3.55 -1.85
3.55 -1.65
3.6 -1.85
3.65 -1.85
3.65 0.4
3.65 0.45
3.7 -1.85
3.7 -1.8
3.75 -1.8
3.95 -1.15
4 -1.15
4.9 -1.1
4.95 -1.1
4.95 -1.05
4.95 -1
4.95 -0.95
5 -1.25
5 -1.2
5 -1.15
5 -0.95
5 -0.9
5.05 -1.3
5.05 -0.9
5.05 -0.85
5.05 -0.8
5.1 -1.45
5.1 -1.35
5.1 -1.25
5.15 -1.5
5.15 -1.45
5.15 -1.4
5.15 -1.35
