-17.35 2.2
-17.35 2.35
-17.3 2.5
-17.25 1.6
-17.25 1.75
-17.25 1.9
-17.2 2.05
-17.15 1.85
-17.15 2
-17.1 2.15
-14.65 2.3
-14.6 2.35
-11.1 2.05
-10.2 1.9
-9.95 1.95
-9.7 1.95
-9.65 2
-9.55 2.05
-8.35 1.9
-8.15 1.95
-8.1 2
-8.1 2.05
-7.9 2.05
-7.55 2.05
-7.25 2.05
-6.85 2.05
-6.85 2.1
-5.4 1.8
-5.15 0.85
-4.85 1.75
-4.85 1.8
-4.85 1.85
-4.8 1.9
-4.8 1.95
-4.8 2
-4.75 2.05
-4.75 2.1
-3.95 1.8
-3.45 0.7
-3.3 0.65
-3.25 1.65
-3.25 1.7
-3.2 1.75
-3.2 1.8
-2.7 1.6
-2.6 1.6
-2.55 1.6
-2.5 1.6
-2.35 1.6
-2.3 1.65
-2.25 1.65
-2.05 1.6
-1.85 1.55
-1.8 0.6
-1.8 1.55
-1.75 -1.05
-1.75 -1
-1.75 -0.95
-1.75 -0.9
-1.75 -0.85
-1.75 -0.8
-1.75 -0.75
-1.75 -0.7
-1.75 -0.65
-1.75 -0.6
-1.75 -0.55
-1.75 -0.5
-1.75 -0.45
-1.75 -0.4
-1.75 1.55
-1.7 -0.3
-1.7 -0.25
-1.7 -0.2
-1.7 -0.15
-1.7 -0.1
-1.7 -0.05
-1.7 0
-1.7 0.05
-1.7 0.1
-1.7 0.15
-1.7 0.2
-1.7 0.25
-1.7 0.3
-1.7 0.35
-1.7 1.55
-1.65 0.4
-1.65 0.45
-1.65 0.5
-1.65 0.55
-1.6 1.55
-1.6 1.6
-1.6 1.65
-1.6 1.7
-1.6 1.75
-1.6 1.8
-1.6 1.85
-1.6 1.9
-1.6 1.95
-1.6 2
-1.6 5.6
-1.55 -0.95
-1.55 -0.9
-1.55 1.85
-1.55 1.9
-1.55 1.95
-1.55 2
-1.55 2.05
-1.55 2.1
-1.55 2.15
-1.55 2.2
-1.55 2.25
-1.55 2.3
-1.55 5.65
-1.5 2.25
-1.5 2.3
-1.5 3.15
-1.5 3.25
-1.5 5.65
-1.45 3.25
-1.45 3.3
-1.45 3.4
-1.45 3.45
-1.45 3.5
-1.45 3.55
-1.45 3.7
-1.45 3.8
-1.45 3.85
-1.45 3.9
-1.45 4.95
-1.45 5.05
-1.45 5.65
-1.45 5.7
-1.4 -1.35
-1.4 -1.3
-1.4 -0.9
-1.4 2.2
-1.4 4
-1.4 4.1
-1.4 4.2
-1.4 4.3
-1.4 4.4
-1.4 4.45
-1.4 4.55
-1.4 4.65
-1.4 4.75
-1.4 5.7
-1.35 -1.35
-1.35 -0.9
-1.35 5.7
-1.3 2.1
-1.3 5.7
-1.25 2.1
-1.25 6.35
-1.2 -0.9
-1.2 -0.85
-1.2 2.1
-1.2 6.55
-1.2 6.6
-1.2 7.1
-1.2 7.15
-1.15 -0.95
-1.15 -0.9
-1.15 2.1
-1.15 7.65
-1.15 7.75
-1.15 7.8
-1.15 7.95
-1.1 -0.95
-1.1 2.1
-1.1 2.15
-1.1 2.2
-1.1 8.15
-1.1 8.35
-1.1 8.55
-1.1 8.75
-1.1 9.05
-1.1 9.3
-1.1 9.75
-1.05 2.15
-1.05 2.2
-1.05 2.25
-1.05 2.3
-1.05 9.75
-1 9.75
-0.95 9.8
-0.95 9.85
-0.95 10.1
-0.95 10.25
-0.95 10.45
-0.9 10.85
-0.9 10.95
-0.9 11.7
-0.9 12.55
-0.85 12.55
-0.85 12.6
-0.8 12.55
-0.8 12.6
-0.75 12.6
-0.7 12.55
-0.7 12.6
-0.65 12.6
-0.6 12.6
-0.55 12.55
-0.5 12.55
-0.45 12.55
-0.4 12.55
-0.35 12.55
-0.3 12.55
-0.25 12.55
-0.2 12.55
-0.15 12.55
-0.1 12.55
0 12.5
0 12.55
0.05 12.5
0.05 12.55
0.1 12.5
0.15 12.5
0.2 12.5
0.25 12.5
0.3 12.5
0.35 12.5
0.4 12.5
0.45 12.5
0.5 12.5
0.55 12.5
0.6 12.45
0.65 12.45
0.65 12.5
0.7 12.45
0.75 12.45
0.8 1.95
0.8 2
0.8 2.05
0.8 2.1
0.8 2.25
0.8 2.3
0.8 2.4
0.8 2.45
0.8 2.5
0.8 2.55
0.8 12.45
0.85 1.95
0.85 2.35
0.85 12.45
0.9 1.95
0.9 12.45
0.95 1.95
0.95 12.45
1 1.55
1 1.6
1 1.65
1 1.7
1 1.75
1 1.95
1 12.4
1 12.45
1.05 0.7
1.05 0.75
1.05 0.8
1.05 0.85
1.05 0.9
1.05 0.95
1.05 1.55
1.05 1.6
1.05 1.8
1.05 1.85
1.05 1.9
1.05 1.95
1.05 12.4
1.1 0.7
1.1 0.8
1.1 0.85
1.1 0.9
1.1 0.95
1.1 1
1.1 1.55
1.1 1.9
1.1 12.4
1.15 1.55
1.15 5.5
1.15 12.4
1.2 -1.3
1.2 -1.25
1.2 -1.2
1.2 -1.15
1.2 -1.1
1.2 -1.05
1.2 1.05
1.2 1.55
1.2 5.5
1.2 5.55
1.2 12.4
1.25 -1.1
1.25 1.55
1.25 5.5
1.25 12.4
1.3 -1.15
1.3 -1.1
1.3 -0.1
1.3 -0.05
1.3 0
1.3 0.05
1.3 0.1
1.3 0.15
1.3 0.2
1.3 0.25
1.3 0.3
1.3 0.35
1.3 0.4
1.3 0.45
1.3 0.5
1.3 0.55
1.3 0.6
1.3 0.65
1.3 0.7
1.3 1.55
1.3 5.5
1.3 12.35
1.3 12.4
1.35 -1.15
1.35 -1.1
1.35 0.45
1.35 0.5
1.35 0.55
1.35 0.6
1.35 0.65
1.35 1.15
1.35 1.2
1.35 1.6
1.35 5.5
1.35 9.95
1.35 10
1.35 10.15
1.35 10.2
1.35 12.4
1.4 -1.1
1.4 1.2
1.4 1.25
1.4 1.3
1.4 1.35
1.4 1.4
1.4 1.45
1.4 1.5
1.4 1.55
1.4 1.6
1.4 5.5
1.4 9.9
1.4 12.35
1.4 12.4
1.45 -1.1
1.45 5.5
1.45 9.9
1.45 12.35
1.5 -1.1
1.5 5.5
1.5 9.9
1.5 12.35
1.5 12.4
1.55 -1.15
1.55 5.45
1.55 5.5
1.55 9.1
1.55 9.4
1.55 9.55
1.55 9.6
1.55 9.75
1.55 9.8
1.55 9.9
1.55 12.35
1.6 -1.2
1.6 5.5
1.6 9.3
1.6 12.35
1.65 -1.2
1.65 -1.15
1.65 5.5
1.65 8.45
1.65 9.35
1.65 9.4
1.65 9.9
1.7 -1.2
1.7 8.45
1.7 9.35
1.75 -1.25
1.75 8.45
1.75 9.3
1.75 9.35
2.25 -1.65
2.3 -1.75
2.35 -1.75
2.65 -2
2.7 -2
2.7 -1.95
2.75 -2
2.75 -1.95
2.75 -1.9
2.75 -1.85
2.75 -1.8
2.75 -1.75
2.8 -1.8
2.8 -1.75
2.8 -1.7
2.8 -1.65
2.8 -1.6
2.8 -1.55
2.8 -1.5
2.8 -1.45
2.8 -1.4
2.8 -1.35
2.8 -1.3
2.8 -1.25
2.85 -1.35
2.85 -1.25
2.85 -1.2
2.95 -1.25
3 -1.25
3.05 -1.25
3.15 -1.25
3.4 -1.35
3.5 -1.35
3.75 -1.45
4.35 -1.75
4.4 -1.75
4.4 -1.7
4.4 -1.65
4.4 -1.6
4.45 -1.6
4.45 -1.55
4.45 -1.5
4.45 -1.45
4.45 -1.4
4.45 -1.35
4.5 -1.3
4.85 -1.4
6 -1.7
6.05 -1.65
6.05 -1.6
6.05 -1.55
6.05 -1.5
6.1 -1.5
6.1 -1.45
6.1 -1.4
7.1 -1.6
7.4 -1.7
7.5 -1.65
7.55 -1.6
7.7 -1.6
7.85 -1.6
7.95 -1.6
8 -1.6
9 -1.75
9 -1.7
9.05 -1.65
9.05 -1.6
9.05 -1.55
9.05 -1.5
9.05 -1.45
9.05 -1.4
9.05 -1.35
9.05 -1.3
9.1 -1.25
9.1 -1.2
9.1 -1.15
9.1 -1.1
9.1 -1.05
9.1 -0.95
9.1 -0.85
9.1 -0.8
