-5.55 2.75
-5.55 2.8
-5.5 2.85
-5 2.8
-4.9 2.85
-4.9 2.9
-4.9 2.95
-4.7 3.1
-4.7 3.15
-4.65 3.05
-4.65 3.2
-4.6 3.15
-4.55 2.9
-4.5 2.95
-3.7 2.85
-3.45 -2.95
-3.4 -3.2
-3.4 -3.15
-3.4 -3.1
-3.4 -3.05
-3.4 -3
-3.4 -2.95
-3.4 -2.85
-3.35 -3.25
-3.35 -3.2
-3.3 2.85
-3.3 2.9
-3.3 2.95
-3.3 3
-3.3 3.05
-3.3 3.1
-3.3 3.15
-3.3 3.2
-3.3 3.25
-3.3 3.3
-3.3 3.35
-3.3 3.4
-3.3 3.45
-3.3 3.5
-3.3 3.55
-3.3 3.6
-3.3 3.65
-3.25 3.6
-3.25 3.65
-3.25 3.7
-3.25 3.75
-3.2 3.75
-3.2 3.8
-3.15 3.8
-3.1 3.8
-3.05 3.8
-3 3.8
-2.95 3.8
-2.85 -2.8
-2.65 -2.65
-2.25 2.95
-2.15 2.85
-2.1 2.85
-2.05 2.85
-2 2.8
-1.95 2.75
-1.95 2.8
-1.9 2.75
-1.9 2.8
-1.85 2.75
-1.85 2.8
-1.8 2.8
-1.8 6.85
-1.75 -1.4
-1.75 -1.35
-1.75 -1.3
-1.75 -1.25
-1.75 -1.2
-1.75 -1.15
-1.75 -0.6
-1.75 -0.55
-1.75 -0.5
-1.75 -0.45
-1.75 -0.4
-1.75 -0.35
-1.75 -0.3
-1.75 -0.25
-1.75 -0.2
-1.75 -0.15
-1.75 -0.1
-1.75 0
-1.75 0.05
-1.75 0.1
-1.75 0.15
-1.75 0.2
-1.75 0.25
-1.75 0.35
-1.75 0.45
-1.75 0.5
-1.75 2.8
-1.75 2.85
-1.75 6.85
-1.7 -0.65
-1.7 -0.6
-1.7 0.2
-1.7 0.35
-1.7 0.55
-1.7 0.6
-1.7 0.65
-1.7 0.7
-1.7 0.75
-1.7 0.8
-1.7 0.85
-1.7 0.9
-1.7 0.95
-1.7 1
-1.7 1.05
-1.7 1.1
-1.7 1.15
-1.7 1.2
-1.7 1.25
-1.7 1.3
-1.7 1.35
-1.7 1.4
-1.7 1.45
-1.7 1.5
-1.7 1.55
-1.7 1.6
-1.7 1.65
-1.7 1.7
-1.7 1.75
-1.7 1.8
-1.7 2.8
-1.7 6.85
-1.7 6.9
-1.65 2.8
-1.65 2.85
-1.65 2.9
-1.65 2.95
-1.65 3
-1.65 3.05
-1.65 3.1
-1.65 3.15
-1.65 3.2
-1.65 3.25
-1.65 3.3
-1.65 3.35
-1.65 3.4
-1.65 3.45
-1.65 3.5
-1.65 3.55
-1.65 3.6
-1.65 3.65
-1.65 3.7
-1.65 6.9
-1.65 9.65
-1.65 9.7
-1.6 -0.6
-1.6 3.45
-1.6 3.5
-1.6 3.55
-1.6 3.6
-1.6 3.65
-1.6 3.7
-1.6 3.75
-1.6 3.8
-1.6 3.85
-1.6 3.9
-1.6 3.95
-1.6 4
-1.6 4.05
-1.6 4.1
-1.6 4.15
-1.6 4.2
-1.6 4.25
-1.6 4.3
-1.6 4.35
-1.6 4.45
-1.6 4.5
-1.6 4.55
-1.6 4.65
-1.6 4.7
-1.6 4.75
-1.6 4.85
-1.6 4.9
-1.6 4.95
-1.6 5
-1.6 5.05
-1.6 5.15
-1.6 5.25
-1.6 5.3
-1.6 5.35
-1.6 5.5
-1.6 5.55
-1.6 6
-1.6 6.05
-1.6 6.9
-1.6 6.95
-1.6 9.7
-1.55 -0.95
-1.55 5.55
-1.55 5.65
-1.55 5.7
-1.55 6.9
-1.55 6.95
-1.55 8.45
-1.55 8.8
-1.55 8.9
-1.55 8.95
-1.55 9.1
-1.55 9.7
-1.55 9.75
-1.5 6.95
-1.5 7.3
-1.5 7.4
-1.5 7.6
-1.5 7.75
-1.5 7.95
-1.5 8
-1.5 8.3
-1.5 9.75
-1.45 9.75
-1.4 -0.5
-1.4 9.75
-1.35 -0.55
-1.35 -0.5
-1.35 9.75
-1.3 -0.6
-1.3 -0.55
-1.3 9.75
-1.25 -0.7
-1.25 -0.65
-1.25 -0.6
-1.25 9.75
-1.2 9.75
-1.15 9.75
-1.1 9.75
-1.05 9.75
-1 9.75
-0.95 9.7
-0.95 9.75
-0.9 9.7
-0.9 9.75
-0.85 9.75
-0.8 9.7
-0.8 9.75
-0.75 9.7
-0.75 9.75
-0.7 9.7
-0.7 9.75
-0.65 9.7
-0.6 9.7
-0.55 9.7
-0.5 9.7
-0.45 9.7
-0.4 9.7
-0.35 9.7
-0.3 9.7
-0.25 9.7
-0.2 9.7
-0.15 9.7
-0.1 9.7
0 9.7
0.05 9.7
0.1 9.7
0.15 9.7
0.2 9.7
0.25 9.65
0.25 9.7
0.3 9.65
0.3 9.7
0.35 9.65
0.4 9.65
0.4 9.7
0.45 9.65
0.5 9.65
0.55 9.65
0.6 -0.7
0.6 -0.65
0.6 -0.6
0.6 -0.55
0.6 -0.5
0.6 -0.45
0.6 -0.4
0.6 -0.35
0.6 -0.3
0.6 9.65
0.65 -0.4
0.65 -0.35
0.65 -0.3
0.65 -0.25
0.65 -0.2
0.65 9.65
0.7 -0.3
0.7 -0.25
0.7 -0.2
0.7 9.65
0.75 -0.25
0.75 -0.2
0.75 -0.15
0.75 -0.1
0.75 -0.05
0.75 0
0.75 0.05
0.75 0.1
0.75 0.15
0.75 0.2
0.75 0.25
0.75 9.65
0.8 -0.25
0.8 -0.2
0.8 2.8
0.8 7.2
0.8 7.6
0.8 9.6
0.8 9.65
0.85 -0.2
0.85 2.75
0.85 2.8
0.85 2.85
0.85 2.9
0.85 2.95
0.85 3
0.85 3.05
0.85 3.1
0.85 3.15
0.85 7.15
0.85 7.2
0.85 9.65
0.9 0.25
0.9 2.75
0.9 7.15
0.9 9.65
0.95 -0.2
0.95 2.75
0.95 7.15
0.95 9.6
0.95 9.65
1 2.75
1 6.75
1 6.8
1 7.15
1 9.6
1 9.65
1.05 0.25
1.05 2.75
1.05 6.65
1.05 6.7
1.05 9.6
1.05 9.65
1.1 0.25
1.1 2.75
1.1 6.15
1.1 6.5
1.1 6.6
1.1 6.65
1.15 0.25
1.15 2.75
1.15 6.15
1.15 6.5
1.2 0.25
1.2 2.75
1.2 6.1
1.2 6.15
1.25 0.25
1.25 0.3
1.25 0.35
1.25 0.4
1.25 2.75
1.25 6.1
1.25 6.15
1.3 1.35
1.3 1.4
1.3 1.45
1.3 1.5
1.3 1.55
1.3 1.6
1.3 1.65
1.3 1.7
1.3 1.75
1.3 1.8
1.3 1.85
1.3 1.9
1.3 1.95
1.3 2
1.3 2.05
1.3 2.1
1.3 2.15
1.3 2.2
1.3 2.25
1.3 2.3
1.3 2.35
1.3 2.4
1.3 2.45
1.3 2.5
1.3 2.55
1.3 2.6
1.3 2.65
1.3 2.7
1.3 2.75
1.3 6.1
1.3 6.15
1.35 0.35
1.35 2.15
1.35 2.2
1.35 2.25
1.35 2.35
1.35 2.4
1.35 2.45
1.35 2.5
1.35 2.55
1.35 2.6
1.35 2.65
1.35 2.7
1.35 2.75
1.35 4.35
1.35 6.1
1.4 0.35
1.4 0.4
1.4 1.4
1.4 4.55
1.4 5.55
1.4 5.6
1.4 5.65
1.4 5.75
1.4 5.8
1.4 5.85
1.4 5.95
1.4 6.05
1.4 6.1
1.45 0.4
1.45 1.35
1.45 1.4
1.45 4.7
1.45 5.55
1.45 5.6
1.5 0.4
1.5 1.35
1.5 5.55
1.55 1.35
1.55 5.55
1.6 0.35
1.6 1.35
1.6 5.5
1.6 5.55
1.65 5.5
1.7 1.4
1.7 5.5
1.75 0.3
1.75 1.4
1.75 5.45
1.8 1.4
1.85 0.25
1.9 1.45
2.3 1.7
2.35 1.65
2.35 1.7
2.4 1.6
2.4 1.65
2.4 1.7
2.45 1.55
2.45 1.6
2.45 1.65
2.5 1.6
2.55 1.55
2.55 1.6
2.65 1.5
2.65 1.55
2.7 1.45
2.7 1.5
2.7 1.55
2.8 -0.4
2.8 1.5
2.85 -0.35
2.85 -0.3
2.85 -0.25
2.85 -0.2
2.85 -0.15
2.85 -0.1
2.85 0
2.85 0.05
2.85 0.1
2.9 -0.1
2.9 0
2.9 0.05
2.9 0.1
2.9 0.15
2.9 0.2
2.9 0.25
2.9 0.3
2.9 0.35
2.9 1.5
2.95 1.3
2.95 1.35
2.95 1.4
2.95 1.45
2.95 1.5
3.1 1.3
3.2 1.3
3.3 0.3
3.45 1.35
3.7 0.2
3.7 1.4
3.8 0.2
3.85 0.2
3.85 0.25
3.9 0.25
4.2 0.15
4.2 0.2
4.5 0.1
4.5 0.15
4.5 0.2
4.5 0.25
4.5 1.6
4.5 1.65
4.55 0.25
4.55 1.55
4.55 1.6
4.55 1.65
4.6 1.25
4.6 1.3
4.6 1.35
4.6 1.4
4.6 1.45
4.6 1.5
4.6 1.55
4.6 1.6
4.65 1.25
4.7 0.25
5 0.2
5.05 1.25
6.1 0
6.1 0.05
6.1 0.1
6.1 0.15
6.1 0.2
6.15 0.15
6.15 0.2
6.15 1.35
6.15 1.4
6.2 0.2
6.2 1.2
6.2 1.25
6.2 1.3
6.2 1.35
6.6 0.2
6.85 0.15
7.75 0.05
7.75 0.1
7.8 0.1
7.8 1.25
7.85 1.15
7.85 1.2
7.85 1.3
7.95 0.15
7.95 1.15
8.4 1.1
8.45 1.1
9.05 0.75
9.1 0.65
9.1 0.7
9.1 0.75
9.1 0.8
9.1 0.85
9.1 0.9
9.1 1
9.15 0.85
9.15 0.9
9.2 0.6
9.25 0.55
9.25 0.6
9.25 1.1
9.3 0.95
9.3 1.05
9.3 1.1
9.35 0.5
9.45 0.5
9.45 1.05
9.45 1.15
9.5 0.95
9.6 -0.1
9.6 0
9.6 0.05
9.6 0.1
9.65 0.1
9.65 0.15
9.65 0.2
9.65 0.25
9.65 0.3
9.65 0.35
9.65 0.4
9.65 0.45
