-17.45 1.25
-17.45 1.35
-17.45 1.5
-17.45 1.65
-17.4 1.2
-17.4 1.3
-17.4 1.4
-17.4 1.45
-17.4 1.55
-17.4 1.6
-17.4 1.75
-17.4 1.8
-17.4 1.95
-17.4 2.1
-17.35 1.9
-17.35 2.05
-17.3 1.7
-17.25 1.85
-17.25 2
-14.55 1
-11.4 0.75
-11.4 0.8
-11.2 0.7
-10.9 0.6
-10.9 0.65
-10.85 0.5
-10.85 0.55
-10.8 0.45
-9.35 1.55
-8.05 0.5
-8.05 0.55
-7.9 0.45
-7.65 0.4
-7.55 1.45
-6.65 0.45
-6.6 0.4
-6.2 0.35
-6.2 1.35
-6.1 1.4
-5.8 1.4
-5.5 0.35
-5.15 0.3
-4.95 0.3
-4.85 0.15
-4.85 0.2
-4.85 0.25
-4.8 0.1
-4.55 0.05
-4.35 -0.15
-4.35 -0.1
-4.35 0
-4.3 -0.25
-4.3 -0.2
-4.25 1.2
-4.25 1.25
-4.25 1.3
-4.25 1.35
-3.6 1.2
-3.25 -0.95
-3.25 -0.9
-3.25 -0.85
-3.25 -0.8
-3.25 -0.75
-3.25 -0.7
-3.25 -0.65
-3.25 -0.6
-3.2 -1
-3.2 -0.95
-3.2 0.1
-3.2 0.15
-2.9 0.1
-2.85 1.1
-2.75 -0.3
-2.75 -0.25
-2.7 -0.2
-2.7 -0.15
-2.7 -0.1
-2.7 0
-2.7 0.05
-2.6 1.15
-2.6 1.2
-2.6 1.25
-2.6 1.3
-2.6 1.35
-2.6 1.4
-2.6 1.45
-2.6 1.5
-2.6 1.55
-2.6 1.6
-2.55 1.6
-2.55 1.65
-2.1 -0.25
-2.05 -0.25
-2 -0.25
-1.95 -0.25
-1.9 -0.25
-1.7 5.55
-1.65 5.35
-1.65 5.55
-1.65 5.6
-1.6 -0.6
-1.6 -0.55
-1.6 -0.5
-1.6 -0.45
-1.6 -0.4
-1.6 -0.35
-1.6 -0.3
-1.6 5.65
-1.6 5.7
-1.55 -0.25
-1.55 -0.2
-1.55 -0.15
-1.55 -0.1
-1.55 0
-1.55 5.7
-1.55 5.75
-1.55 5.8
-1.55 5.9
-1.55 5.95
-1.55 6
-1.5 1
-1.5 1.05
-1.5 1.1
-1.5 1.15
-1.5 5.85
-1.5 5.95
-1.5 6
-1.45 1.2
-1.45 1.25
-1.45 1.3
-1.45 1.35
-1.45 1.4
-1.45 1.45
-1.45 1.5
-1.45 1.55
-1.45 1.6
-1.45 1.65
-1.45 1.7
-1.45 1.75
-1.45 1.8
-1.45 1.85
-1.45 1.9
-1.45 1.95
-1.45 2
-1.45 5.95
-1.45 6
-1.4 -0.65
-1.4 1.85
-1.4 1.9
-1.4 1.95
-1.4 2
-1.4 2.05
-1.4 2.1
-1.4 2.15
-1.4 2.2
-1.4 2.25
-1.4 2.3
-1.4 2.35
-1.4 2.4
-1.4 2.45
-1.4 2.5
-1.4 2.55
-1.4 2.6
-1.4 2.65
-1.35 -0.65
-1.35 2.6
-1.35 2.65
-1.35 2.7
-1.35 2.75
-1.3 -0.65
-1.3 2.75
-1.3 3.4
-1.3 3.45
-1.3 3.5
-1.3 3.55
-1.3 3.6
-1.3 5.55
-1.25 -0.65
-1.25 3.6
-1.25 3.65
-1.25 3.7
-1.25 3.75
-1.25 3.8
-1.25 3.9
-1.25 4
-1.25 4.05
-1.25 4.1
-1.25 4.3
-1.2 -0.65
-1.2 5.25
-1.15 -0.65
-1.15 2.55
-1.15 5.2
-1.15 5.25
-1.1 -0.65
-1.1 5.25
-1.05 -0.65
-1.05 2.4
-1.05 5.25
-1 -1
-1 -0.95
-1 -0.9
-1 -0.85
-1 -0.8
-1 -0.75
-1 -0.7
-1 -0.65
-1 2.35
-1 2.4
-1 5.25
-0.95 2.35
-0.95 2.4
-0.95 5.25
-0.9 2.4
-0.9 5.25
-0.85 2.4
-0.85 2.45
-0.85 2.5
-0.85 2.65
-0.85 5.25
-0.8 2.5
-0.8 2.55
-0.8 5.25
-0.75 5.25
-0.75 5.4
-0.75 5.5
-0.75 5.55
-0.7 5.9
-0.7 5.95
-0.7 6.1
-0.7 6.2
-0.65 6.2
-0.65 6.75
-0.6 6.75
-0.55 6.75
-0.5 6.75
-0.5 9.8
-0.45 6.75
-0.45 9.8
-0.4 6.85
-0.4 6.95
-0.4 9.8
-0.4 9.85
-0.35 7.05
-0.35 9.8
-0.35 9.85
-0.3 9.8
-0.3 9.85
-0.25 9.8
-0.25 9.85
-0.2 9.8
-0.2 9.85
-0.15 9.8
-0.15 9.85
-0.1 9.8
-0.1 9.85
0 9.8
0 9.85
0.05 9.8
0.1 9.8
0.15 9.8
0.2 9.8
0.25 9.8
0.3 9.8
0.35 9.8
0.4 9.8
0.45 9.75
0.5 9.75
0.55 9.75
0.6 9.75
0.65 9.75
0.7 0.3
0.7 0.35
0.7 0.4
0.7 9.75
0.75 0.25
0.75 0.3
0.75 0.4
0.75 0.45
0.75 0.5
0.75 9.7
0.75 9.75
0.8 0.2
0.8 0.5
0.8 9.7
0.85 0.2
0.85 0.5
0.85 0.55
0.85 9.7
0.85 9.75
0.9 0.55
0.9 9.7
0.95 9.7
1 3.85
1 3.9
1 3.95
1 9.7
1.05 0.2
1.05 0.45
1.05 3.8
1.05 9.7
1.1 3.75
1.1 9.7
1.15 3.75
1.15 9.7
1.2 -0.9
1.2 -0.85
1.2 -0.8
1.2 -0.75
1.2 -0.7
1.2 3.75
1.2 9.7
1.25 -0.9
1.25 -0.85
1.25 -0.8
1.25 -0.75
1.25 -0.7
1.25 -0.65
1.25 -0.6
1.25 -0.55
1.25 -0.5
1.25 -0.45
1.25 -0.4
1.25 -0.35
1.25 -0.3
1.25 3.75
1.25 9.7
1.3 -0.4
1.3 -0.35
1.3 -0.3
1.3 -0.25
1.3 -0.2
1.3 -0.15
1.3 -0.1
1.3 -0.05
1.3 0
1.3 0.05
1.3 0.1
1.3 0.15
1.3 0.2
1.3 0.3
1.3 0.35
1.3 0.4
1.3 0.45
1.3 0.5
1.3 3.8
1.3 7.1
1.3 9.7
1.35 -0.3
1.35 0.35
1.35 0.45
1.35 0.5
1.35 0.55
1.35 0.6
1.35 0.65
1.35 0.7
1.35 0.75
1.35 0.8
1.35 0.85
1.35 0.9
1.35 0.95
1.35 1
1.35 7.05
1.35 7.1
1.35 9.65
1.35 9.7
1.4 0.85
1.4 0.9
1.4 0.95
1.4 1
1.4 1.05
1.4 1.1
1.4 1.15
1.4 1.2
1.4 1.25
1.4 1.3
1.4 1.35
1.4 1.4
1.4 4
1.4 7
1.4 7.05
1.4 9.65
1.4 9.7
1.45 7
1.45 9.65
1.45 9.7
1.5 -1.45
1.5 -1.4
1.5 -1.35
1.5 2.4
1.5 2.45
1.5 2.5
1.5 2.55
1.5 2.6
1.5 2.65
1.5 2.7
1.5 2.75
1.5 2.8
1.5 7
1.5 9.65
1.5 9.7
1.55 -1.4
1.55 -1.35
1.55 -1.3
1.55 -1.25
1.55 2.4
1.55 2.45
1.55 2.65
1.55 2.75
1.55 2.8
1.55 2.85
1.55 2.9
1.55 2.95
1.55 3
1.55 3.05
1.55 3.1
1.55 3.15
1.55 3.2
1.55 3.25
1.55 3.3
1.55 3.35
1.55 3.4
1.55 3.45
1.55 3.5
1.55 4.2
1.55 4.25
1.55 4.3
1.55 7
1.55 9.65
1.6 -1.3
1.6 -1.25
1.6 -1.2
1.6 2.4
1.6 2.45
1.6 3.55
1.6 3.6
1.6 3.65
1.6 3.7
1.6 3.75
1.6 3.8
1.6 3.85
1.6 3.9
1.6 3.95
1.6 4
1.6 4.05
1.6 4.1
1.6 4.15
1.6 4.2
1.6 4.25
1.6 4.3
1.6 7
1.6 7.05
1.6 9.65
1.65 2.35
1.65 2.4
1.65 2.45
1.65 4.25
1.65 4.35
1.65 9.65
1.7 2.35
1.7 2.4
1.7 9.65
1.75 2.35
1.75 2.4
1.75 7.35
1.75 7.4
1.75 7.45
1.75 9.65
1.8 2.35
1.8 6.55
1.8 6.7
1.8 7.3
1.8 7.35
1.8 7.4
1.8 9.65
1.85 2.4
1.85 6.55
1.85 6.75
1.85 6.8
1.85 6.85
1.85 7.05
1.85 7.1
1.85 7.3
1.85 7.35
1.85 7.6
1.85 9.65
1.9 2.4
1.9 6.55
1.9 7.4
1.95 2.4
2 2.4
2.1 2.45
2.1 2.5
2.15 2.5
2.75 -2.75
2.75 -2.7
2.8 -2.85
2.8 -2.8
2.9 3.25
2.9 3.3
2.95 3.25
3 3.25
3.05 3.2
3.05 3.25
3.1 3.2
3.1 3.25
3.15 -3.25
3.15 2.25
3.15 2.3
3.15 2.35
3.15 2.4
3.15 2.45
3.15 2.5
3.15 2.55
3.15 2.6
3.15 2.65
3.15 2.7
3.15 2.75
3.15 3.2
3.15 3.25
3.2 2.7
3.2 2.8
3.2 2.85
3.2 2.9
3.2 2.95
3.2 3
3.2 3.05
3.2 3.1
3.2 3.15
3.2 3.2
3.3 2.25
4.65 2.5
4.75 2.1
4.75 2.15
4.75 2.2
4.75 2.25
4.75 2.3
4.75 2.35
4.75 2.4
4.75 2.45
4.75 2.5
4.8 2.4
4.8 2.45
4.9 2.1
5.1 2.1
5.5 2.15
6.35 1.85
6.35 1.9
6.35 1.95
6.35 2
6.35 2.05
6.35 2.1
6.35 2.15
6.35 2.2
6.35 2.25
6.4 2.05
6.4 2.15
6.4 2.2
7.3 1.95
7.7 1.9
8 1.85
8.15 1.8
8.7 1.5
8.7 1.55
8.7 1.65
8.75 1.7
