-17.5 9.75
-17.5 9.8
-17.45 9.8
-17.4 9.85
-17.4 9.9
-17.35 9.95
-17.35 10
-17.35 10.05
-17.3 10.05
-17.3 10.1
-17.25 10.1
-17.25 10.15
-17.25 10.2
-17.2 10.2
-17.2 10.25
-17.15 10.3
-17.15 10.35
-17.1 10.4
-17.1 10.45
-17.05 10.45
-17.05 10.5
-17.05 10.55
-17 10.55
-17 10.6
-17 10.65
-16.95 10.65
-16.95 10.7
-16.9 10.7
-16.9 10.75
-16.9 10.8
-16.9 10.85
-16.85 10.85
-16.85 10.9
-16.8 10.9
-16.8 10.95
-16.75 11
-16.75 11.05
-16.7 11.1
-14.95 7.95
-14.95 8
-14.95 8.05
-14.9 8.1
-14.9 8.15
-14.85 8.2
-14.85 8.25
-14.8 7.8
-14.8 8.25
-14.6 9.75
-14.55 9.85
-14.5 9.85
-14.5 9.9
-14.45 9.9
-13.95 7.35
-13.9 7.3
-13.75 7.2
-11.75 8.2
-11.7 8.2
-11.65 8.2
-11.65 8.25
-11.6 8.25
-11.6 8.3
-11.55 8.3
-11.55 8.35
-11.5 8.35
-11.5 8.4
-11.5 8.45
-11.2 5.85
-11.2 5.9
-11.2 5.95
-8.7 6.9
-8.65 6.95
-8.6 6.45
-8.55 6.45
-8.55 6.5
-8.55 7.05
-8.5 6.5
-8.5 6.55
-8.5 6.8
-8.45 6.55
-8.45 6.6
-8.45 6.65
-8.45 6.85
-8.4 6.85
-8.4 6.9
-8.35 6.95
-8.3 6.7
-8.15 3.65
-8.15 3.7
-8.15 3.75
-8.1 3.55
-8.1 3.6
-8.1 3.8
-7.9 4.15
-7.9 4.2
-7.8 3.4
-7.55 3.25
-7.45 3.7
-7.45 3.75
-7.45 3.8
-7.25 3.1
-6.8 2.9
-6.7 2.65
-6.65 2.7
-6.65 2.75
-6.65 2.8
-5.75 4.85
-5.75 4.9
-5.75 5.4
-5.75 5.45
-5.7 4.9
-5.7 5.3
-5.7 5.45
-5.7 5.5
-5.65 4.9
-5.65 4.95
-5.6 4.95
-5.6 5
-5.6 5.15
-5.6 5.45
-5.55 5
-5.55 5.05
-5.5 5.4
-5.25 5.25
-5.05 5.1
-5 5.1
-4.95 5.05
-4.9 5.05
-4.9 5.1
-4.7 -0.2
-4.7 -0.15
-4.4 1.95
-4.2 1.85
-3.9 1.3
-3.9 1.35
-3.85 1.25
-3.75 1.2
-3.7 0.2
-3.7 1.7
-3.65 1.15
-3.6 0.25
-3.55 1.1
-3.5 1.05
-3.45 1.4
-3.45 1.6
-3.4 1
-3.4 1.45
-3.4 1.5
-3.4 1.55
-3.3 0.35
-3.3 0.95
-3.3 3.5
-3.3 4.05
-3.25 3.5
-3.25 4
-3.25 4.05
-3.25 4.1
-3.25 4.15
-3.2 0.9
-3.2 3.5
-3.2 3.55
-3.2 4
-3.2 4.05
-3.2 4.1
-3.15 0.45
-3.15 0.5
-3.15 0.55
-3.15 0.6
-3.15 3.55
-3.15 3.6
-3.15 4.05
-3.15 4.1
-3.1 0.65
-3.1 0.85
-3.1 3.6
-3.1 3.65
-3.1 3.75
-3.1 3.8
-3.1 4.05
-3.05 0.7
-3.05 3.65
-3.05 3.7
-3.05 3.75
-3.05 4
-3.05 4.05
-3 0.8
-3 4
-2.95 0.75
-2.95 3.95
-2.95 4
-2.9 3.95
-2.85 3.9
-2.8 3.9
-2.75 3.85
-2.7 -6.6
-2.7 3.85
-2.65 3.8
-2.6 3.8
-2.55 3.75
-2.55 4.6
-2.55 4.65
-2.55 4.7
-2.5 3.75
-2.5 4.5
-2.5 4.7
-2.5 4.75
-2.45 3.75
-2.45 3.8
-2.45 3.85
-2.45 4.75
-2.45 4.8
-2.4 3.85
-2.4 3.9
-2.4 3.95
-2.4 4.8
-2.4 4.85
-2.4 4.9
-2.35 3.95
-2.35 4
-2.35 4.05
-2.35 4.15
-2.35 4.2
-2.35 4.85
-2.35 4.9
-2.3 4.05
-2.3 4.1
-2.3 4.85
-2.3 4.9
-2.25 4.85
-2.25 4.9
-2.25 4.95
-2.2 4.9
-2.1 -5.45
-2.05 -5.45
-1.95 4.25
-1.9 4.25
-1.85 -5
-1.85 4.2
-1.8 -5
-1.8 4.15
-1.8 4.2
-1.75 4.2
-1.75 4.25
-1.7 -4.85
-1.7 4.25
-1.7 4.3
-1.65 4.3
-1.65 4.35
-1.65 4.4
-1.6 -4.6
-1.6 4.35
-1.6 4.4
-1.55 4.4
-1.5 -4.45
-1.45 0.65
-1.4 -4.3
-1.3 -4.15
-1.25 -0.2
-1.2 -3.9
-1.2 -0.1
-1.2 0
-1.2 0.5
-1.15 -3.8
-1.15 0
-1.15 0.1
-1.1 -0.3
-1.1 -0.25
-1.1 0.2
-1.1 0.45
-1 -0.35
-1 0.35
-1 0.4
-1 2.9
-1 2.95
-0.95 -0.4
-0.95 2.9
-0.9 2.85
-0.85 -0.85
-0.85 -0.8
-0.85 -0.45
-0.85 2.8
-0.85 2.85
-0.8 -0.7
-0.8 -0.45
-0.8 2.8
-0.75 -0.5
-0.75 2.8
-0.7 0.15
-0.55 2.05
-0.5 2
-0.45 2
-0.4 2
-0.35 2
-0.3 2
-0.3 2.05
-0.25 2.05
-0.25 2.1
-0.2 2.45
-0.15 2.45
-0.1 2.4
-0.1 2.45
0 2.4
0.05 2.35
0.05 2.4
0.1 2.35
0.15 2.35
0.15 2.4
0.15 2.45
0.2 2.45
0.25 2.4
0.25 2.45
0.3 2.4
0.35 2.35
0.35 2.4
0.4 2.35
0.45 2.35
0.45 2.4
0.5 2.4
0.55 2.45
0.75 -0.8
0.8 -0.8
0.85 -0.8
0.85 -0.75
0.85 3.2
0.85 3.25
0.9 -0.8
0.9 -0.75
0.9 3.25
0.95 -0.75
0.95 3.25
1 -0.75
1 -0.7
1 3.25
1.05 -0.75
1.05 -0.7
1.05 3.25
1.1 3.25
1.1 3.3
1.15 3.3
1.2 3.35
1.4 -0.9
1.4 -0.85
1.45 -0.85
1.45 -0.8
1.45 -0.75
1.5 -0.75
1.5 -0.7
1.55 -0.75
1.55 1.5
1.55 1.55
1.6 1.5
1.6 2.25
1.6 2.3
1.65 1.45
1.65 1.5
1.65 1.55
1.65 2.2
1.65 2.25
1.65 4.3
1.7 1.45
1.7 1.55
1.7 1.6
1.7 1.65
1.7 2.2
1.7 2.25
1.7 2.3
1.7 2.35
1.7 4.3
1.75 1.4
1.75 1.45
1.75 1.65
1.75 1.7
1.75 1.75
1.75 2.2
1.75 2.35
1.75 4.35
1.8 1.35
1.8 1.4
1.8 1.75
1.8 1.8
1.8 2.2
1.8 2.25
1.8 4.35
1.85 1.35
1.85 1.8
1.85 2.15
1.85 2.2
1.85 4.4
1.9 1.3
1.9 1.35
1.9 2.05
1.9 2.1
1.9 2.15
1.95 1.3
1.95 1.95
1.95 2
1.95 2.05
1.95 2.15
1.95 2.3
1.95 3.3
1.95 3.35
1.95 3.4
1.95 3.45
1.95 3.5
1.95 3.55
2 1.25
2 1.3
2 1.9
2 3.15
2 3.2
2 3.25
2 3.3
2 3.35
2 3.45
2.05 1.25
2.05 3.1
2.05 3.15
2.05 3.2
2.05 3.25
2.05 3.45
2.1 1.2
2.1 2
2.1 2.05
2.1 2.15
2.1 2.35
2.1 3.1
2.1 3.15
2.1 3.3
2.1 3.35
2.1 3.4
2.15 1.15
2.15 1.2
2.15 2
2.15 3.05
2.15 3.1
2.15 3.3
2.2 1.15
2.2 2.1
2.2 3.1
2.2 3.15
2.25 1.15
2.25 2.2
2.25 2.25
2.25 2.4
2.25 3.1
2.3 1.1
2.3 2.05
2.3 2.2
2.3 3.15
2.35 2.75
2.35 3.15
2.4 1.05
2.4 3.2
2.45 1
2.45 1.05
2.45 3.2
2.5 1
2.5 3.25
2.55 0.95
2.55 1
2.55 5.95
2.6 0.95
2.6 5.9
2.65 3.35
2.65 5.95
2.7 5.95
2.75 0.95
2.75 6
2.8 6
2.85 3.5
2.85 6.05
2.95 3.5
2.95 3.55
3 3.45
3 3.5
3.05 3.4
3.05 3.45
3.1 3.35
3.15 5.65
3.2 -1.8
3.2 -1.75
3.2 5.6
3.2 5.65
3.2 5.7
3.25 -1.75
3.25 5.35
3.25 5.5
3.25 5.55
3.25 5.6
3.25 5.65
3.3 -1.75
3.3 5.3
3.3 5.35
3.3 5.4
3.3 5.5
3.3 5.55
3.3 5.6
3.3 5.7
3.35 -1.75
3.35 5.25
3.35 5.3
3.35 5.45
3.4 5.2
3.4 5.25
3.45 5.15
3.55 0.65
3.55 0.7
3.55 0.75
3.6 0.6
3.6 0.75
3.6 0.8
3.65 0.6
3.65 0.8
3.65 0.85
3.65 0.9
3.65 0.95
3.7 0.55
3.7 0.95
3.7 1
3.75 0.55
3.75 1.05
3.75 1.1
3.75 1.25
3.8 0.5
3.8 1.1
3.8 1.15
3.8 1.2
3.8 1.3
3.85 0.45
3.85 1.25
3.85 7.9
3.9 0.45
3.9 7.95
3.95 0.4
3.95 8
4 0.35
4 0.4
4 8.05
4.05 0.35
4.05 8.15
4.1 0.3
4.1 0.35
4.1 7.75
4.1 7.8
4.1 8.05
4.1 8.1
4.1 8.15
4.15 0.3
4.15 7.65
4.15 7.7
4.15 7.75
4.15 7.8
4.15 7.85
4.15 7.9
4.15 8
4.15 8.1
4.2 0.25
4.2 0.3
4.2 7.7
4.2 7.75
4.2 8.05
4.25 0.25
4.25 7.7
4.3 0.2
4.3 7.7
4.3 7.75
4.35 0.2
4.35 7.6
4.35 7.7
4.35 7.75
4.4 7.7
4.45 0.15
4.45 7.65
4.45 7.7
4.5 0.1
4.5 7.65
4.5 7.75
4.55 0.1
4.6 0.05
4.6 7.75
4.65 0
4.75 0
4.8 -0.05
4.8 0
4.8 7.9
4.9 -0.1
4.9 7.95
4.95 -0.15
5 -0.15
5.05 -0.2
5.15 -0.25
5.25 -0.3
5.3 -0.35
5.35 -0.35
5.4 -0.45
5.4 -0.4
5.45 -0.5
5.45 -0.45
5.45 -0.4
5.5 -0.5
5.6 -0.55
5.65 -0.6
5.7 -0.65
5.7 -0.6
5.75 -0.65
5.8 -0.7
5.85 -0.7
5.9 -0.75
5.95 -0.75
6 -3.3
6 -3.25
6.05 -3.2
6.05 -3.15
6.05 -0.8
6.1 -0.85
6.15 -3.15
6.2 -3.1
6.2 -3.05
6.2 -0.9
6.25 -3
6.25 -0.95
6.3 -2.95
6.3 -2.9
6.3 -0.95
6.35 -2.85
6.35 -2.8
6.35 -2.75
6.4 -2.75
6.4 -2.7
6.4 -2.65
6.4 -1
6.45 -2.65
6.45 -2.6
6.45 -2.55
6.45 -1.05
6.5 -2.55
6.5 -2.5
6.5 -2.45
6.5 -1.05
6.55 -2.4
6.55 -2.35
6.55 -2.3
6.55 -1.1
6.65 -2.3
6.65 -2.25
6.65 -1.15
6.7 -2.25
6.7 -2.2
6.7 -2.15
6.75 -2.1
6.75 -2.05
6.75 -1.2
6.8 -2.05
6.8 -2
6.8 -1.95
6.8 -1.25
6.85 -1.9
6.85 -1.25
6.9 -1.85
6.9 -1.8
6.9 -1.75
6.95 -1.8
6.95 -1.75
6.95 -1.7
6.95 -1.65
6.95 -1.6
6.95 -1.3
7 -1.65
7 -1.55
7 -1.5
7 -1.45
7 -1.4
7 -1.35
7.05 -1.4
7.05 -1.35
