-8.2 17.35
-8.2 17.4
-8.1 17.4
-8.05 17.45
-8 17.45
-7.95 17.45
-7.9 17.5
-7.85 17.5
-7.8 17.5
-7.8 17.55
-7.75 17.55
-7.7 17.55
-7.65 17.55
-7.65 17.6
-7.6 17.6
-7.55 17.6
-7.5 17.65
-7.45 17.65
-7.4 17.65
-7.35 14.35
-7.35 17.7
-7.3 14.3
-7.3 14.4
-7.3 17.7
-7.25 14.4
-7.25 14.45
-7.25 17.75
-7.2 14.45
-7.2 17.75
-7.2 17.8
-7.15 14.45
-7.15 14.5
-7.15 17.8
-7.1 14.5
-7.1 17.8
-7.05 14.55
-7.05 17.85
-7 14.55
-7 17.85
-6.95 13.5
-6.95 13.55
-6.95 14.6
-6.95 17.85
-6.9 13.35
-6.9 13.4
-6.9 17.9
-6.85 17.9
-6.8 12.9
-6.8 12.95
-6.8 13.05
-6.8 17.9
-6.8 17.95
-6.75 12.95
-6.7 17.95
-6.65 18
-5.85 15.6
-5.85 15.65
-5.8 15.65
-5.75 10.35
-5.7 10.3
-5.7 10.35
-5.7 15.7
-5.65 10.35
-5.65 10.4
-5.6 10.35
-5.6 10.4
-5.55 10.4
-5.55 10.45
-5.55 10.5
-4.85 0.2
-4.85 0.25
-4.85 0.3
-4.85 0.35
-4.75 5.85
-4.6 6.8
-4.6 12.55
-4.55 0.4
-4.55 6.75
-4.55 6.8
-4.55 6.85
-4.55 12.5
-4.55 12.55
-4.5 6.55
-4.5 6.6
-4.5 6.8
-4.5 6.85
-4.5 6.9
-4.5 12.5
-4.5 12.55
-4.45 6.5
-4.45 6.8
-4.45 6.85
-4.45 6.9
-4.45 12.55
-4.4 6.3
-4.4 6.35
-4.4 12.55
-4.35 6.2
-4.35 6.25
-4.3 0.45
-4.3 5.2
-4.3 5.25
-4.3 6.75
-4.3 12.55
-4.25 5.15
-4.25 5.2
-4.25 5.3
-4.25 5.35
-4.25 5.95
-4.25 6
-4.2 5.2
-4.2 5.25
-4.2 5.3
-4.2 5.85
-4.2 6.6
-4.2 7.55
-4.15 0.5
-4.15 1.6
-4.15 5.1
-4.15 5.75
-4.1 0.55
-4.1 1.55
-4.1 1.65
-4.1 5.2
-4.1 5.25
-4.1 5.65
-4.1 7.3
-4.05 1.5
-4.05 5.2
-4.05 6.95
-4.05 7
-4.05 7.05
-4.05 7.1
-4.05 7.15
-4 0.6
-4 5.15
-4 5.2
-4 5.25
-4 5.45
-4 6.4
-4 6.85
-3.95 5.2
-3.95 5.25
-3.95 5.3
-3.95 5.35
-3.95 6.4
-3.95 6.45
-3.9 -3.45
-3.9 5.2
-3.9 5.25
-3.9 6.4
-3.9 6.45
-3.9 6.6
-3.85 -3.45
-3.85 1.4
-3.85 6.45
-3.85 6.5
-3.8 -3.5
-3.75 0.65
-3.75 0.7
-3.7 -3.45
-3.6 4.35
-3.55 -3.4
-3.5 0.75
-3.5 4.2
-3.45 -3.35
-3.45 0.8
-3.45 0.85
-3.45 1.2
-3.4 1.05
-3.4 1.1
-3.4 1.15
-3.4 4.1
-3.35 -3.3
-3.35 0.9
-3.35 0.95
-3.35 1
-3.3 -3.3
-3.2 -3.25
-3.2 9.25
-3.15 9.25
-3.1 -3.2
-3.1 9.25
-3.05 9.25
-3 -3.15
-3 9.25
-2.95 -3.15
-2.95 9.25
-2.95 9.3
-2.9 3.5
-2.9 9.3
-2.85 -3.1
-2.85 3.4
-2.85 9.3
-2.8 3.35
-2.7 -3.05
-2.7 -3
-2.7 3.15
-2.7 3.2
-2.65 1.2
-2.65 2.2
-2.65 2.25
-2.65 2.3
-2.65 2.9
-2.65 2.95
-2.65 3.05
-2.65 3.1
-2.65 3.2
-2.6 -3
-2.6 1.25
-2.6 2.05
-2.6 2.1
-2.6 2.3
-2.6 2.95
-2.6 3
-2.55 1.3
-2.55 1.95
-2.5 -2.95
-2.5 1.85
-2.45 -2.95
-2.45 1.35
-2.45 1.7
-2.45 1.75
-2.45 2.2
-2.4 1.6
-2.35 -2.9
-2.35 1.45
-2.35 1.5
-2.3 1.35
-2.3 1.4
-2.25 -2.85
-2.25 2.1
-2.25 2.15
-2.2 2.15
-2.15 -2.8
-2.15 2.15
-2.15 2.2
-2.15 2.25
-2.15 2.3
-2.15 2.35
-2.1 -2.8
-2.1 2.25
-2 -2.75
-2 8.5
-2 8.55
-1.95 6.3
-1.9 -2.7
-1.9 0.45
-1.9 6.25
-1.9 6.3
-1.9 8.6
-1.85 0.35
-1.85 0.4
-1.85 6.25
-1.85 6.3
-1.8 -2.65
-1.8 0.25
-1.8 0.3
-1.8 6.25
-1.75 0.2
-1.75 6.25
-1.75 6.3
-1.7 -2.6
-1.7 6.25
-1.7 6.3
-1.65 -2.6
-1.65 6.3
-1.65 6.35
-1.6 -2.55
-1.6 6.35
-1.6 6.4
-1.55 -2.55
-1.55 6.4
-1.5 -0.55
-1.5 -0.5
-1.5 6.4
-1.5 6.45
-1.45 -0.6
-1.35 -0.6
-1.15 0.3
-1.1 0.15
-1.1 0.2
-1.1 0.25
-1.05 0.05
-1.05 0.1
-1 -0.45
-1 -0.1
-1 0
-0.95 -0.45
-0.95 -0.2
-0.95 -0.15
-0.9 -0.5
-0.85 -0.55
-0.85 -0.5
-0.85 3.7
-0.85 3.75
-0.8 3.65
-0.8 3.7
-0.75 3.65
-0.7 3.65
-0.65 3.65
-0.6 3.65
-0.55 3.7
-0.5 3.75
-0.5 4
-0.5 4.15
-0.45 4.1
-0.45 4.2
-0.45 4.25
-0.4 4.1
-0.4 4.15
-0.4 4.2
-0.35 4
-0.35 4.1
-0.3 3.9
-0.3 3.95
-0.3 4
-0.25 3.8
-0.25 3.85
-0.2 3.65
-0.2 3.7
-0.2 3.75
-0.15 3.55
-0.15 3.6
-0.1 3.4
-0.1 3.45
-0.1 3.5
0 3.35
0 3.4
0.05 3.4
0.05 3.45
0.1 3.45
0.15 3.45
0.15 3.5
0.2 3.5
0.25 3.5
0.25 3.55
0.3 3.5
0.3 3.55
0.35 3.55
0.45 0.8
0.45 0.85
0.45 0.9
0.45 4.1
0.5 0.7
0.5 0.75
0.5 0.8
0.5 0.9
0.5 0.95
0.5 4.15
0.55 0.7
0.55 4.15
0.6 0.7
0.6 3.75
0.6 4.15
0.6 4.2
0.65 0.7
0.65 1.1
0.65 1.75
0.65 1.8
0.65 1.85
0.65 3.65
0.65 3.8
0.65 4.15
0.65 4.2
0.7 0.7
0.7 1.6
0.7 1.65
0.7 1.7
0.7 1.75
0.7 1.9
0.7 3.4
0.7 3.45
0.7 3.55
0.7 3.75
0.7 3.8
0.75 1.5
0.75 1.55
0.75 1.6
0.75 3.35
0.75 3.4
0.8 1.35
0.8 1.4
0.8 1.45
0.8 1.5
0.8 3.3
0.85 1.2
0.85 1.25
0.85 1.3
0.85 1.35
0.85 1.4
0.85 3.3
0.85 3.35
0.9 1.25
0.9 3.3
0.9 3.35
0.95 3.3
0.95 3.35
1 0.9
1 3.35
1.05 0.8
1.05 0.85
1.05 0.9
1.05 3.35
1.05 3.4
1.1 0.7
1.1 0.75
1.1 0.8
1.1 3.4
1.15 0.7
1.15 3.45
1.2 3.6
1.25 0.7
1.25 0.75
1.25 3.7
1.3 0.6
1.3 0.65
1.3 0.7
1.3 3.75
1.35 0.55
1.35 0.6
1.35 3.75
1.4 0.5
1.4 0.55
1.4 3.7
1.4 3.75
1.45 3.65
1.45 3.7
1.5 3.65
1.55 3.65
1.6 3.7
1.65 3.65
1.65 3.7
1.7 3.65
1.7 3.7
1.75 -0.9
1.75 -0.85
1.75 3.75
1.8 -1.05
1.8 -1
1.8 -0.95
1.8 -0.9
1.85 -1.15
1.85 -1.1
1.85 -1.05
1.85 -0.9
1.9 -1.3
1.9 -1.25
1.9 -1.2
1.9 -0.9
1.95 -1.4
1.95 -1.35
1.95 -1.3
1.95 -0.9
1.95 -0.85
1.95 4
2 -1.55
2 -1.5
2 -1.45
2 -0.85
2 3.95
2 4
2.05 -1.65
2.05 -1.6
2.05 -0.85
2.05 -0.8
2.1 -1.75
2.1 -1.7
2.1 -0.8
2.15 -1.85
2.15 -1.8
2.2 -0.5
2.25 -2
2.3 -0.85
2.3 -0.35
2.3 -0.3
2.35 -0.35
2.5 -0.35
2.55 -2.3
2.55 0.85
2.6 0.85
2.65 -0.65
2.7 -1.05
2.7 -0.5
2.75 -2.75
2.75 -1.05
2.8 -2.85
2.8 -2.75
2.8 -0.75
2.8 -0.55
2.85 -2.95
2.85 -2.7
2.85 -2.6
2.85 -1.05
2.85 -1
2.85 -0.8
2.85 -0.75
2.9 -2.7
2.9 -2.65
2.9 -1.05
2.9 -0.6
2.95 -1
2.95 -0.75
2.95 -0.7
2.95 -0.65
2.95 -0.6
3 -1
3 -0.95
3 -0.9
3 -0.85
3 -0.4
3.05 -1
3.05 -0.95
3.05 -0.45
3.1 -0.95
3.1 -0.45
3.15 -0.4
3.2 -0.4
3.25 -0.35
3.3 -0.35
3.3 0.45
3.3 0.5
3.35 -0.35
3.35 0.45
3.45 0.45
3.45 0.5
3.5 0.35
3.5 0.4
3.55 0.3
3.55 0.35
3.55 0.4
3.65 0.3
3.75 0
3.75 0.05
3.8 0
3.8 0.05
3.95 -0.1
4 -0.1
4.05 -0.15
4.05 0.1
4.1 -0.35
4.1 -0.3
4.1 -0.25
4.1 -0.2
4.1 -0.15
4.15 -0.45
4.15 -0.4
4.15 -0.35
4.15 0.2
4.2 -0.45
4.2 0.1
4.3 0.15
4.5 0.15
5.45 0.95
5.45 1
5.45 1.05
5.45 1.1
5.45 1.15
5.5 0.85
5.5 0.9
5.5 0.95
5.5 1
5.5 1.15
5.5 1.2
5.5 1.25
5.5 1.3
5.5 1.35
5.55 0.85
5.55 0.9
5.55 0.95
5.55 1.35
5.55 1.4
5.6 1.45
5.65 0.6
5.65 1.55
5.7 1.5
5.75 0.85
5.75 1.55
5.8 0.85
6.05 0.85
6.1 0.85
6.25 0.7
6.3 0.7
6.3 0.75
6.3 0.8
7.75 2.45
7.8 2.35
7.9 2.25
7.9 2.3
7.95 2.2
7.95 2.35
7.95 2.4
8 2.2
8 2.3
