-17.55 0.8
-17.55 0.95
-17.55 1.1
-17.5 0.85
-17.5 1
-17.5 1.2
-17.45 0.65
-17.45 0.7
-14.75 1.15
-13.45 1.15
-13.4 1.2
-11.8 1.2
-11.25 0.4
-11.25 0.5
-11.2 0.45
-10.4 1.2
-10 1.2
-9.6 1.25
-8.4 1.2
-8.3 1.25
-7.75 1.3
-7.15 1.25
-6.85 0.4
-6.8 1.25
-6.3 1.3
-6.1 1.35
-4.75 0.35
-4.65 1.3
-4.5 1.35
-4.45 1.4
-3.75 1.3
-3.35 1.3
-3.3 0.35
-3 1.3
-2.85 0.3
-2.85 1.35
-2.85 1.4
-2.85 1.45
-2.85 1.5
-2.85 1.6
-2.8 1.6
-2.8 1.65
-2.65 -2.5
-2.6 -2.55
-2.6 -2.5
-2.55 -2.55
-2.3 6.4
-2.25 6.05
-2.2 6
-2.2 6.05
-2.15 6
-2.15 6.1
-2.15 6.15
-2.1 6.05
-2.05 1.35
-1.95 5.7
-1.95 5.75
-1.9 1.35
-1.9 5.65
-1.85 5.55
-1.85 5.6
-1.85 5.65
-1.8 4.85
-1.8 5.6
-1.75 5.5
-1.75 5.55
-1.75 5.6
-1.7 0
-1.7 0.05
-1.7 0.1
-1.7 0.15
-1.7 0.2
-1.7 0.25
-1.7 0.3
-1.7 0.35
-1.7 1.3
-1.7 1.35
-1.7 1.4
-1.7 1.45
-1.7 1.5
-1.7 1.55
-1.7 1.6
-1.7 1.65
-1.7 1.7
-1.7 1.75
-1.7 1.8
-1.7 1.85
-1.7 1.9
-1.7 1.95
-1.7 2
-1.7 2.05
-1.7 2.1
-1.7 2.15
-1.7 2.2
-1.7 2.25
-1.7 2.3
-1.7 4.3
-1.7 4.4
-1.7 4.45
-1.7 4.5
-1.7 5.55
-1.7 5.6
-1.7 5.65
-1.7 5.7
-1.7 5.8
-1.7 5.95
-1.7 6
-1.7 6.2
-1.7 6.25
-1.7 6.45
-1.7 6.5
-1.7 6.55
-1.7 6.75
-1.7 6.85
-1.7 7
-1.7 7.25
-1.65 -0.1
-1.65 2.25
-1.65 2.3
-1.65 5.65
-1.65 6.15
-1.65 6.45
-1.65 7.25
-1.6 7.25
-1.6 7.3
-1.55 7.25
-1.55 7.3
-1.5 2.9
-1.5 2.95
-1.5 7.15
-1.5 7.3
-1.45 -0.1
-1.45 2.05
-1.45 2.9
-1.45 2.95
-1.45 3.55
-1.45 3.6
-1.45 7.1
-1.4 2.05
-1.4 2.65
-1.4 2.9
-1.4 2.95
-1.4 3.45
-1.35 2.05
-1.35 2.95
-1.35 3
-1.35 3.05
-1.35 3.2
-1.35 3.25
-1.35 6.8
-1.35 11
-1.3 2.05
-1.3 6.65
-1.3 10.95
-1.3 11
-1.3 13.75
-1.25 2.05
-1.25 2.1
-1.25 6.65
-1.25 10.95
-1.25 11
-1.25 13.8
-1.25 14.75
-1.2 -0.85
-1.2 -0.8
-1.2 2.1
-1.2 2.15
-1.2 2.2
-1.2 2.25
-1.2 6.65
-1.2 6.7
-1.2 11
-1.2 14.05
-1.2 14.25
-1.2 14.75
-1.2 14.85
-1.15 -1
-1.15 -0.95
-1.15 -0.9
-1.15 -0.85
-1.15 6.65
-1.15 6.7
-1.15 7.1
-1.15 11
-1.15 11.05
-1.15 15.3
-1.1 -0.45
-1.1 6.7
-1.1 6.75
-1.1 6.95
-1.1 7.3
-1.1 11.05
-1.1 15.3
-1.05 -0.6
-1.05 -0.55
-1.05 -0.5
-1.05 -0.45
-1.05 -0.35
-1.05 -0.3
-1.05 -0.25
-1.05 -0.2
-1.05 -0.15
-1.05 7.35
-1.05 7.4
-1.05 7.8
-1.05 15.3
-1 7.4
-1 7.85
-1 15.3
-1 15.35
-0.9 15.4
-0.9 18.4
-0.85 15.35
-0.85 18.4
-0.8 15.35
-0.8 18.4
-0.75 15.4
-0.75 18.4
-0.7 18.4
-0.6 18.4
-0.55 18.4
-0.45 18.4
-0.4 18.4
-0.35 18.35
-0.3 18.35
-0.3 18.4
-0.25 18.35
-0.2 18.35
-0.15 18.35
-0.15 18.4
-0.1 18.35
0 18.35
0.05 18.35
0.1 18.35
0.1 18.4
0.15 18.35
0.2 18.35
0.25 18.35
0.3 18.35
0.4 18.35
0.45 18.35
0.5 18.35
0.55 18.35
0.6 -0.35
0.6 -0.3
0.6 -0.25
0.6 -0.2
0.6 2.9
0.6 2.95
0.6 5.75
0.6 8.95
0.6 12.6
0.6 18.35
0.65 -0.35
0.65 -0.2
0.65 -0.15
0.65 2.85
0.65 2.9
0.65 5.7
0.65 5.75
0.65 8.95
0.65 12.5
0.65 15.9
0.65 18.35
0.7 -0.15
0.7 -0.1
0.7 2.8
0.7 2.85
0.7 5.65
0.7 5.7
0.7 8.95
0.7 12.5
0.7 12.55
0.7 15.9
0.7 18.35
0.75 -0.15
0.75 -0.1
0.75 2.8
0.75 5.65
0.75 8.9
0.75 12.5
0.75 15.9
0.75 18.35
0.8 -0.15
0.8 2.8
0.8 5.65
0.8 8.9
0.8 12.45
0.8 12.5
0.8 15.85
0.85 2.8
0.85 5.65
0.85 8.9
0.85 12.5
0.9 -0.55
0.9 -0.15
0.9 2.8
0.9 2.85
0.9 5.65
0.9 5.7
0.9 8.9
0.9 12.45
0.95 2.85
0.95 5.7
1 -0.2
1 3
1 5.7
1 5.75
1.05 3.05
1.1 -0.25
1.1 3.1
1.1 3.15
1.15 -0.25
1.15 -0.2
1.15 -0.15
1.15 -0.1
1.15 -0.05
1.15 0
1.15 0.05
1.15 0.1
1.15 0.15
1.15 0.2
1.15 0.25
1.15 0.3
1.15 0.35
1.15 0.4
1.15 0.45
1.15 0.5
1.15 0.55
1.15 0.6
1.15 2.3
1.15 2.35
1.15 2.4
1.15 2.45
1.15 2.5
1.15 2.55
1.15 2.6
1.15 2.65
1.15 2.7
1.15 2.75
1.15 2.8
1.15 2.9
1.15 2.95
1.15 3
1.15 3.1
1.15 3.15
1.15 3.2
1.2 0.5
1.2 0.6
1.2 0.65
1.2 5.75
1.2 5.95
1.2 6
1.2 6.15
1.2 6.25
1.25 2.35
1.3 2.35
1.35 -0.9
1.35 2.35
1.4 -0.9
1.4 2.35
1.45 2.35
1.45 7.7
1.45 7.8
1.5 2.35
1.55 2.35
1.6 2.4
1.65 2.4
1.65 2.45
1.85 -1.95
1.85 0.75
1.85 0.8
1.85 1.95
1.85 2
1.85 2.05
1.85 2.1
1.85 2.15
1.85 2.2
1.85 2.25
1.85 2.3
1.85 2.35
1.9 0.8
1.9 0.85
1.9 0.9
1.9 1.95
1.9 2
1.9 2.45
1.95 1.9
1.95 1.95
2 1.9
2 1.95
2 2.55
2 2.85
2.05 1.9
2.05 2.8
2.05 2.85
2.1 1.9
2.1 2.8
2.1 2.85
2.15 -2.2
2.15 1.9
2.15 2.8
2.15 2.85
2.2 1.95
2.2 2.8
2.25 1.95
2.3 -2.3
2.3 2
2.4 -2.35
2.45 -2.35
2.45 -2.3
2.5 -2.35
2.5 -2.3
2.55 -2.35
2.55 2.1
2.55 2.15
2.6 -2.35
2.6 -2.3
2.6 2
2.6 2.05
2.6 2.1
2.6 2.15
2.65 -2.35
2.65 2
2.65 2.05
2.7 -2.35
2.7 -2.3
2.7 1.95
2.7 2
2.75 -2.4
2.75 -2.35
2.75 1.95
2.75 2
2.8 -2.35
2.8 1.95
2.85 -2.4
2.85 1.95
2.9 -2.45
2.95 -2.45
3.05 -2.5
3.05 2.05
3.1 2.05
3.2 -2.15
3.25 2.15
3.45 2.25
3.5 -2.9
3.5 -2.85
3.5 -2.35
3.55 -2.9
3.55 -2.85
3.55 -2.8
3.55 -2.7
3.55 -2.65
3.55 -2.6
3.55 -2.55
3.55 2.3
3.6 -2.85
3.6 -2.8
3.6 -2.75
3.6 -2.5
3.6 -2.45
3.65 2.35
3.7 2.3
3.7 2.35
3.75 2.15
3.75 2.2
3.75 2.25
3.75 2.3
3.8 2.15
3.85 2.1
3.85 2.15
3.9 2.1
4 2.1
4.1 2.15
4.3 2.2
4.55 2.3
4.6 2.3
4.65 2.3
5 2.4
5.05 2.2
5.05 2.25
5.05 2.3
5.05 2.35
5.05 2.4
5.1 2.1
5.1 2.15
5.1 2.2
5.1 2.25
5.1 2.35
5.1 2.4
5.15 2.1
5.15 2.15
5.2 2.1
5.6 2.2
6 2.25
6.1 2.3
6.15 2.25
6.2 2.25
6.25 2.25
6.35 2.25
6.4 2.25
6.55 2.1
6.55 2.15
6.55 2.2
6.55 2.25
6.6 1.95
6.6 2
