-17.45 2.05
-17.45 2.1
-17.4 2.2
-17.4 2.25
-17.4 2.3
-17.4 2.4
-17.4 2.45
-17.4 2.55
-17.4 2.6
-17.35 2
-17.35 2.7
-17.35 2.75
-17.3 1.95
-17.3 2.15
-17.25 1.9
-14.65 1.6
-11.55 1.3
-11.5 1.2
-11.3 1.15
-11.3 1.25
-11.2 1.1
-11.05 1.05
-10.95 0.95
-10.95 1
-8.15 0.75
-8.15 0.8
-8.15 1.65
-7.95 0.7
-7.6 0.65
-6.6 0.55
-6.55 1.45
-6.4 0.5
-6.3 0.45
-6.15 0.4
-5.05 0.35
-4.8 0.3
-4.65 0.25
-4.6 1.25
-4.45 0.1
-4.45 0.15
-4.45 0.2
-4.35 0.05
-4.35 1.25
-3.8 1.15
-3.25 0.1
-3.05 0.05
-2.9 1.05
-2.85 -0.3
-2.85 -0.25
-2.85 -0.2
-2.85 -0.15
-2.85 -0.1
-2.85 0
-2.7 1.05
-2.7 1.1
-2.7 1.15
-2.65 1.2
-2.15 -0.2
-1.95 0.95
-1.75 -0.45
-1.75 -0.4
-1.75 -0.35
-1.7 -0.5
-1.7 -0.25
-1.7 -0.2
-1.7 -0.15
-1.6 0.9
-1.6 0.95
-1.6 1
-1.6 1.05
-1.6 5.65
-1.55 -0.55
-1.55 1.05
-1.55 1.1
-1.55 1.15
-1.55 1.2
-1.55 1.25
-1.55 1.3
-1.55 1.35
-1.55 1.4
-1.55 5.45
-1.55 5.55
-1.55 5.7
-1.5 1.45
-1.5 1.5
-1.5 1.55
-1.5 1.6
-1.5 1.65
-1.5 1.7
-1.5 1.75
-1.5 5.7
-1.5 5.75
-1.5 5.85
-1.5 6
-1.45 1.75
-1.45 1.8
-1.45 5.7
-1.45 5.8
-1.45 5.9
-1.4 2.5
-1.4 5.9
-1.4 5.95
-1.35 1.75
-1.35 2.5
-1.35 2.55
-1.35 5.85
-1.3 2.5
-1.3 5.7
-1.25 2.45
-1.25 2.5
-1.25 5.55
-1.2 -1.2
-1.2 -1.15
-1.2 -1.1
-1.2 -1.05
-1.2 1.6
-1.2 2.45
-1.2 2.5
-1.2 3.65
-1.2 3.75
-1.2 3.8
-1.2 3.85
-1.2 3.95
-1.2 4.1
-1.2 4.15
-1.2 5.4
-1.2 5.45
-1.15 -0.95
-1.15 -0.9
-1.15 -0.85
-1.15 -0.8
-1.15 -0.75
-1.15 -0.7
-1.15 -0.65
-1.15 -0.6
-1.15 1.55
-1.15 1.6
-1.15 2.45
-1.15 2.5
-1.15 3.95
-1.15 5.35
-1.1 1.55
-1.1 1.6
-1.1 2.45
-1.1 2.5
-1.1 5.1
-1.05 1.55
-1.05 1.6
-1.05 2.45
-1.05 2.5
-1.05 3.05
-1.05 5.1
-1.05 5.15
-1 1.6
-1 1.65
-1 1.7
-1 2.55
-1 2.6
-1 2.7
-1 2.75
-1 2.8
-1 5.25
-1 5.3
-1 5.35
-1 5.4
-0.95 1.65
-0.95 1.7
-0.95 1.75
-0.95 1.8
-0.95 5.45
-0.95 5.6
-0.95 5.65
-0.95 5.75
-0.9 6.05
-0.9 6.1
-0.9 6.15
-0.85 6.4
-0.85 6.45
-0.85 6.55
-0.8 6.7
-0.8 6.75
-0.75 6.7
-0.75 6.8
-0.75 6.85
-0.7 6.7
-0.7 6.75
-0.7 6.8
-0.65 6.75
-0.65 6.8
-0.6 6.55
-0.6 6.6
-0.5 6.15
-0.5 6.2
-0.45 6.1
-0.45 6.15
-0.4 6.15
-0.35 6.15
-0.3 6.15
-0.3 6.2
-0.3 6.25
-0.25 6.7
-0.25 6.75
-0.2 6.75
-0.15 6.8
-0.15 6.9
-0.1 7.1
-0.1 7.15
-0.1 7.25
0 7.3
0 10.4
0.05 10.4
0.1 10.4
0.15 10.4
0.2 10.4
0.25 10.4
0.25 10.45
0.3 10.45
0.45 13.2
0.5 13.2
0.55 13.3
0.55 13.5
0.6 13.5
0.6 13.85
0.65 13.6
0.7 14.3
0.75 -0.85
0.75 14.6
0.75 14.7
0.8 14.7
0.85 14.7
0.9 2.15
0.9 2.2
0.9 2.25
0.9 14.7
0.95 -1
0.95 2.1
0.95 2.15
0.95 14.7
1 2.05
1 2.1
1 14.7
1 14.75
1.05 -1.05
1.05 -1
1.05 -0.95
1.05 -0.9
1.05 2.05
1.05 2.1
1.05 14.7
1.05 14.75
1.1 -0.9
1.1 -0.85
1.1 -0.8
1.1 -0.75
1.1 -0.7
1.1 -0.65
1.1 -0.6
1.1 -0.55
1.1 -0.5
1.1 2.05
1.1 14.75
1.15 -0.55
1.15 -0.5
1.15 -0.45
1.15 -0.4
1.15 -0.35
1.15 -0.3
1.15 -0.25
1.15 -0.2
1.15 2.05
1.15 14.7
1.15 14.75
1.2 -0.25
1.2 -0.2
1.2 2.05
1.2 14.75
1.25 5.05
1.3 -0.25
1.3 4.95
1.3 5
1.3 5.05
1.35 2.25
1.35 4.9
1.35 4.95
1.4 1.45
1.4 1.5
1.4 1.55
1.4 1.6
1.4 1.65
1.4 1.7
1.4 1.75
1.4 1.8
1.4 2.3
1.4 4.9
1.45 1.75
1.45 1.8
1.45 1.85
1.45 1.9
1.45 1.95
1.45 2
1.45 2.05
1.45 2.1
1.45 2.15
1.45 2.2
1.45 2.25
1.45 2.3
1.45 4.9
1.5 -0.3
1.5 1.55
1.5 2.1
1.5 2.15
1.5 2.2
1.5 2.25
1.5 2.3
1.5 4.85
1.5 4.9
1.5 17.7
1.5 17.75
1.55 -0.35
1.55 1.55
1.55 4.9
1.55 17.7
1.55 17.75
1.6 -0.35
1.6 1.5
1.6 1.55
1.6 4.9
1.6 17.7
1.65 1.5
1.65 1.55
1.65 4.95
1.65 17.7
1.7 1.5
1.7 8.2
1.7 17.7
1.7 17.75
1.75 1.5
1.75 5.2
1.75 8.15
1.75 8.2
1.75 17.7
1.8 -0.4
1.8 1.5
1.8 4.25
1.8 4.3
1.8 4.35
1.8 4.4
1.8 4.45
1.8 4.5
1.8 4.6
1.8 5.2
1.8 5.25
1.8 8.1
1.8 8.15
1.8 17.7
1.85 -0.4
1.85 -0.35
1.85 -0.3
1.85 -0.25
1.85 -0.2
1.85 4.3
1.85 4.35
1.85 4.7
1.85 4.85
1.85 4.95
1.85 5.15
1.85 8.1
1.85 8.15
1.85 17.7
1.9 -0.25
1.9 -0.2
1.9 -0.15
1.9 -0.1
1.9 -0.05
1.9 0
1.9 4.35
1.9 5.05
1.9 5.15
1.9 5.2
1.9 5.25
1.9 5.35
1.9 8.1
1.9 8.15
1.9 17.7
1.95 0
1.95 4.35
1.95 8.1
1.95 17.65
1.95 17.7
2 0
2 4.35
2 5.7
2 8.1
2 8.15
2 17.65
2 17.7
2.05 1.1
2.05 1.15
2.05 1.2
2.05 1.25
2.05 1.3
2.05 1.35
2.05 1.4
2.05 1.45
2.05 5.8
2.05 8.1
2.05 17.6
2.05 17.65
2.1 1.05
2.1 1.2
2.1 1.5
2.1 8.1
2.1 17.6
2.1 17.65
2.15 1
2.15 1.05
2.15 17.6
2.15 17.65
2.2 1
2.2 1.55
2.2 11.65
2.2 11.7
2.2 17.6
2.25 1
2.25 1.6
2.25 11.65
2.25 11.7
2.25 17.6
2.3 1.6
2.3 1.85
2.3 11.6
2.3 11.65
2.3 17.6
2.35 11.65
2.35 17.55
2.35 17.6
2.4 1.9
2.4 11.6
2.4 17.6
2.45 1.9
2.45 11.6
2.45 17.55
2.45 17.6
2.5 1.05
2.5 1.85
2.5 1.9
2.5 17.55
2.55 1.85
2.55 1.9
2.55 17.55
2.6 1.85
2.6 17.55
2.6 17.6
2.65 9.8
2.65 10.25
2.65 15.05
2.65 17.55
2.7 1.85
2.7 10.25
2.7 15
2.7 17.55
2.75 1.15
2.75 1.85
2.75 14.95
2.75 15
2.75 17.55
2.8 1
2.8 1.05
2.8 1.1
2.8 1.85
2.8 14.95
2.8 17.55
2.85 1
2.85 17.5
2.9 1
2.9 17.5
2.9 17.55
2.95 17.5
3 17.5
3.05 17.45
3.1 17.5
3.15 17.5
3.2 1
3.75 1.15
3.95 1.05
3.95 1.1
3.95 1.15
4 1
4.2 -0.55
4.3 -0.5
4.35 -0.5
4.4 -0.65
4.4 1
4.55 -0.5
5.2 0.9
5.2 1
5.2 1.05
5.2 1.1
5.25 0.85
5.25 0.9
5.25 0.95
5.25 1
5.25 1.05
5.25 1.1
5.3 0.8
5.3 0.95
5.35 0.85
5.6 0.8
5.65 0.8
6.2 -0.85
6.25 -0.85
6.5 -0.9
6.5 0.85
6.7 0.65
6.7 0.8
6.75 0.5
6.75 0.55
6.75 0.6
6.75 0.7
6.75 0.75
6.75 0.8
6.8 0.55
6.8 0.6
6.8 0.65
6.8 0.7
6.8 0.75
6.8 0.8
6.95 0.6
7 0.45
7 0.55
7.05 0.5
7.1 0.4
7.1 0.45
7.4 0.4
7.75 -1.05
7.8 -1.1
7.85 -1
7.9 -1.15
8 0.3
8 0.35
8.05 -1
8.05 0
8.05 0.05
8.05 0.1
8.05 0.25
8.05 0.3
8.05 0.35
8.1 -0.1
8.1 0.1
8.1 0.15
8.1 0.2
8.1 0.25
8.15 0
8.15 0.05
8.15 0.15
8.15 0.2
8.25 -1.05
8.25 -0.1
8.35 -0.1
8.4 -1
8.4 -0.95
8.4 -0.9
8.4 -0.85
8.4 -0.8
8.45 -0.85
8.45 -0.8
8.45 -0.75
8.45 -0.7
8.45 -0.65
8.45 -0.6
8.45 -0.55
8.45 -0.5
8.5 -0.5
8.5 -0.45
8.5 -0.4
8.5 -0.35
8.5 -0.3
8.5 -0.25
8.5 -0.2
8.5 -0.15
