0 0 0
-0.00087716 0.0544075 -0.00604226
-0.00112924 0.106472 -0.0181101
0.00172434 0.167776 -0.0395239
0.00481637 0.226991 -0.0500147
0.00785731 0.284095 -0.0531371
0.012054 0.340474 -0.0526451
0.0272212 0.517787 -0.0467653
0.0331305 0.581602 -0.0456579
0.0447967 0.723392 -0.0398593
0.0738778 0.793153 -0.0540289
0.082345 0.866337 -0.0555727
0.0889117 0.940642 -0.0568455
0.0958071 1.01462 -0.0584552
0.10309 1.15303 -0.059946
0.108312 1.20385 -0.0609389
0.112896 1.25533 -0.0617836
0.114856 1.30597 -0.0647887
0.12427 1.37413 -0.066219
0.128788 1.42483 -0.0679792
0.136579 1.48073 -0.0678156
0.148694 1.60732 -0.0725365
0.153298 1.66007 -0.0755923
0.16851 1.78715 -0.0844712
0.195532 2.01711 -0.10589
0.202114 2.06792 -0.11227
0.204029 2.12743 -0.140083
0.213714 2.17868 -0.145954
0.223815 2.23354 -0.153001
0.234043 2.28803 -0.158334
0.247028 2.36258 -0.163873
0.258457 2.41811 -0.167323
0.28419 2.55229 -0.175457
0.295885 2.6089 -0.178457
0.304548 2.66161 -0.181447
0.319287 2.73877 -0.184887
0.330504 2.79402 -0.186782
0.342815 2.84856 -0.189214
0.358572 2.92433 -0.192548
0.376203 2.9894 -0.212465
0.390904 3.04995 -0.214645
0.410956 3.12761 -0.214109
0.424743 3.18717 -0.212783
0.436627 3.24495 -0.210338
0.4564 3.32638 -0.206233
0.469449 3.38341 -0.203249
0.483495 3.44222 -0.200101
0.49963 3.52076 -0.196157
0.511774 3.57583 -0.192404
0.538339 3.70589 -0.182812
0.551626 3.76491 -0.178588
0.567707 3.82773 -0.189619
0.582523 3.90207 -0.183469
0.593689 3.9612 -0.178398
0.604936 4.01912 -0.174028
0.618924 4.10013 -0.167859
0.632526 4.15747 -0.162831
0.643227 4.21669 -0.158575
0.659488 4.29684 -0.154015
0.670299 4.35641 -0.15129
0.683562 4.41541 -0.149286
0.693958 4.49637 -0.146443
0.693544 4.55603 -0.156368
0.703454 4.61434 -0.155066
0.718795 4.69018 -0.154065
0.72997 4.74841 -0.151833
0.74039 4.80558 -0.150841
0.754784 4.88397 -0.149073
0.768964 4.94349 -0.147309
0.779135 5.00063 -0.144807
0.792446 5.07853 -0.142419
0.802065 5.13648 -0.13951
0.810376 5.20317 -0.146884
0.820493 5.26205 -0.143515
0.832147 5.32079 -0.140325
0.844892 5.39851 -0.136024
0.854623 5.4586 -0.134211
0.863954 5.5155 -0.13114
0.872527 5.5929 -0.127876
0.882953 5.65256 -0.12397
0.890141 5.70885 -0.119638
0.900397 5.78449 -0.114724
0.9079 5.84135 -0.111432
0.940475 5.9053 -0.104665
0.946888 5.96441 -0.100834
0.953714 6.02568 -0.0982118
0.962255 6.1042 -0.0956234
0.969897 6.16307 -0.0936597
0.97681 6.2212 -0.0927094
0.98664 6.29838 -0.0914638
1.00856 6.48771 -0.0918266
1.0139 6.54354 -0.0933728
1.03419 6.73275 -0.0994654
1.04028 6.79225 -0.10169
1.04992 6.86907 -0.105345
1.09097 7.19098 -0.119047
1.10578 7.26895 -0.12345
1.11358 7.33279 -0.12675
1.14474 7.5345 -0.133124
1.15457 7.57144 -0.128057
1.16994 7.64742 -0.12718
1.17701 7.70679 -0.127066
1.18654 7.76254 -0.125443
1.20894 7.90093 -0.12177
1.22876 8.03489 -0.11434
1.24418 8.15032 -0.106882
1.26441 8.28556 -0.0996884
1.27152 8.3431 -0.0946418
1.28057 8.42183 -0.0871495
1.28666 8.47994 -0.0810164
1.29133 8.53736 -0.0749227
1.29906 8.61393 -0.0654612
1.30311 8.67921 -0.056755
1.30602 8.7351 -0.0506008
1.31276 8.81387 -0.0445918
1.31846 8.87144 -0.0423577
1.32874 9.00307 -0.0391481
1.33461 9.05668 -0.038471
1.35043 9.30349 -0.0555618
1.35511 9.38088 -0.0628429
1.36099 9.43779 -0.0677685
1.36738 9.49815 -0.0730971
1.37632 9.57468 -0.0777446
1.38397 9.63282 -0.0819031
1.38916 9.69031 -0.0865671
1.39662 9.74919 -0.0905733
1.4151 9.88813 -0.09726
1.42008 9.94855 -0.0989684
1.43733 10.0904 -0.100332
1.45135 10.1638 -0.0926015
1.45959 10.2247 -0.0943746
1.47442 10.3461 -0.100324
1.49372 10.4866 -0.106983
1.50241 10.5445 -0.109772
1.50941 10.6043 -0.111383
1.51784 10.6657 -0.113575
1.52584 10.7255 -0.115366
1.53482 10.7874 -0.115505
1.54603 10.8669 -0.114349
1.55329 10.9313 -0.1133
1.56244 10.9913 -0.111097
1.58169 11.1371 -0.103846
1.59937 11.2767 -0.0979955
1.60652 11.3376 -0.0978453
1.62305 11.4826 -0.0958953
1.63798 11.6019 -0.0925884
1.6478 11.6789 -0.0916796
1.68268 11.9442 -0.0963179
1.69349 12.0029 -0.083881
1.70169 12.0619 -0.0876502
1.70767 12.1195 -0.0914392
1.71696 12.1968 -0.0966028
1.7251 12.2578 -0.100923
1.73143 12.3152 -0.105587
1.74219 12.3886 -0.109495
1.7488 12.4431 -0.112879
1.75578 12.4994 -0.114796
1.76545 12.5714 -0.117236
1.77238 12.626 -0.120158
1.78117 12.6831 -0.124491
1.79178 12.7555 -0.131866
1.80099 12.8128 -0.134098
1.8094 12.8669 -0.137257
1.81972 12.9216 -0.138449
1.82801 12.9766 -0.139932
1.84722 13.0869 -0.138589
1.85544 13.1421 -0.137688
1.86757 13.2123 -0.135213
1.88227 13.2659 -0.109813
1.89073 13.3214 -0.106778
1.89933 13.3931 -0.101835
1.90734 13.4467 -0.0980535
1.91094 13.4974 -0.0961949
1.91894 13.5676 -0.0930665
1.92528 13.6185 -0.0911585
1.93924 13.7368 -0.0908853
1.94515 13.7882 -0.0897248
1.9519 13.8538 -0.086322
1.95831 13.9043 -0.0848054
1.96404 13.9556 -0.0828515
1.96835 14.0077 -0.0813127
1.97568 14.0754 -0.0811567
1.98604 14.1286 -0.0553314
1.99146 14.1936 -0.0605184
1.99769 14.2433 -0.063681
2.00266 14.2938 -0.0660772
2.00923 14.3581 -0.0690132
2.01794 14.4231 -0.070862
2.02964 14.547 -0.0717636
2.0387 14.6485 -0.0640661
2.05653 14.8455 -0.0414172
2.07001 15.0842 -0.0129205
2.07072 15.1612 -0.00129663
2.07237 15.2214 0.00826545
2.07303 15.278 0.0185886
2.07679 15.3358 0.0602734
2.07332 15.3954 0.0718781
2.0695 15.4527 0.0853886
2.06414 15.5212 0.10167
2.05843 15.592 0.119443
2.05099 15.6623 0.136753
2.0425 15.7296 0.155166
2.03195 15.7957 0.173262
2.02211 15.8608 0.191941
2.01081 15.9253 0.212601
1.99804 15.9874 0.232509
1.9852 16.0502 0.251108
1.9716 16.1108 0.271437
1.96092 16.1709 0.327385
1.93991 16.2307 0.347256
1.91895 16.2906 0.367643
1.90089 16.3373 0.383344
1.88304 16.3846 0.398534
1.83917 16.4902 0.432365
1.81199 16.5463 0.452109
1.78304 16.6044 0.472771
1.75145 16.6593 0.495338
1.71791 16.7169 0.517261
1.68529 16.774 0.539735
1.65201 16.8293 0.563234
1.61825 16.8862 0.589198
1.552 16.9829 0.639403
1.5231 17.0239 0.66264
1.49211 17.0649 0.687356
1.46073 17.1052 0.712434
1.42701 17.1431 0.737596
1.34087 17.2338 0.800149
1.2922 17.2785 0.832392
1.24155 17.3234 0.864322
1.19059 17.3648 0.897559
1.13872 17.4038 0.929929
1.09085 17.4408 0.960278
1.04359 17.4767 1.03055
0.985589 17.5076 1.05831
0.932105 17.5392 1.08354
0.873957 17.5675 1.10792
0.816974 17.597 1.13078
0.755844 17.6246 1.1522
0.693709 17.654 1.17486
0.561646 17.7087 1.22155
0.489916 17.7332 1.24639
0.365064 17.7754 1.28966
0.249471 17.8084 1.33102
0.178032 17.8266 1.35853
-0.0270306 17.8654 1.44438
-0.0835004 17.8732 1.47131
-0.26439 17.8849 1.55341
-0.335282 17.8863 1.58392
-0.41046 17.8845 1.60854
-0.639972 17.8722 1.65614
-0.716886 17.8663 1.65983
-0.767392 17.8641 1.66368
-0.941789 17.8499 1.6735
-1.07423 17.8405 1.68308
-1.25931 17.8228 1.69121
-1.49163 17.7981 1.69729
-1.61669 17.7853 1.7042
-1.67433 17.78 1.706
-1.72954 17.7731 1.70766
-1.80409 17.7668 1.7101
-1.85585 17.7592 1.75459
-1.91173 17.7517 1.75777
-2.03961 17.7307 1.76668
-2.16555 17.7084 1.77406
-2.21912 17.6979 1.77443
-2.44162 17.6587 1.77123
-2.50819 17.6465 1.76472
-2.55893 17.6384 1.75983
-2.61076 17.6286 1.75437
-2.68446 17.6159 1.74864
-2.74077 17.6071 1.74674
-2.85333 17.5887 1.74373
-3.20954 17.5369 1.74075
-3.33715 17.52 1.73914
-3.39042 17.513 1.73743
-3.44319 17.5053 1.73524
-3.57758 17.49 1.73122
-3.63416 17.4823 1.7283
-3.70844 17.4752 1.72634
-3.76547 17.4689 1.72435
-3.82096 17.4619 1.72267
-4.22703 17.4096 1.70009
-4.29996 17.4034 1.69536
-4.34746 17.399 1.73047
-4.40506 17.3914 1.7261
-4.65285 17.3645 1.70406
-5.02532 17.3275 1.69596
-5.07635 17.3233 1.6978
-5.13205 17.3171 1.69957
-5.48381 17.278 1.70196
-5.5383 17.2733 1.70239
-5.59025 17.2669 1.70274
-5.91378 17.2283 1.70536
-6.02544 17.2171 1.70399
-6.08453 17.2105 1.70407
-6.32523 17.1833 1.69635
-6.68583 17.1514 1.69359
-6.74223 17.1458 1.69468
-6.91601 17.1264 1.6995
-7.04522 17.1118 1.69842
-7.09847 17.1051 1.69661
-7.15708 17.099 1.69474
-7.20887 17.093 1.69385
-7.26541 17.0873 1.69405
-7.34129 17.0795 1.69496
-7.417 17.0721 1.69821
-7.47249 17.0652 1.70111
-7.52968 17.0589 1.70351
-7.59981 17.0506 1.7065
-7.65287 17.0436 1.74488
-7.70195 17.0339 1.74668
-7.76936 17.0229 1.74748
-7.82296 17.0139 1.74875
-7.87429 17.0065 1.74881
-7.94613 16.9955 1.74702
-7.99814 16.9883 1.7444
-8.05447 16.9796 1.74066
-8.12556 16.9682 1.73454
-8.18203 16.9605 1.73145
-8.2347 16.9536 1.72817
-8.30387 16.9435 1.75939
-8.35903 16.9343 1.75684
-8.41566 16.924 1.75378
-8.48909 16.9144 1.74934
-8.57197 16.8998 1.74525
-8.62336 16.8938 1.7439
-8.67581 16.8855 1.74186
-8.74572 16.8751 1.74072
-8.82793 16.8634 1.7379
-8.90569 16.852 1.73517
-8.95727 16.8444 1.73534
-9.02224 16.8361 1.73668
-9.08629 16.827 1.73874
-9.16379 16.8164 1.74306
-9.23544 16.8034 1.7466
-9.30335 16.7935 1.78457
-9.37512 16.7772 1.7875
-9.44784 16.7631 1.78866
-9.52339 16.7466 1.78639
-9.6033 16.7304 1.78105
-9.65319 16.7208 1.77655
-9.7038 16.7114 1.77383
-9.77739 16.6968 1.77024
-9.83038 16.6866 1.76778
-9.8867 16.6772 1.76675
-9.96125 16.6626 1.76549
-10.0164 16.655 1.76416
-10.0719 16.6449 1.76247
-10.1433 16.6324 1.76063
-10.1995 16.6225 1.76003
-10.2562 16.6127 1.7611
-10.3341 16.598 1.76371
-10.3837 16.5896 1.79867
-10.4454 16.5757 1.80158
-10.5237 16.5593 1.80691
-10.7263 16.517 1.82563
-10.7831 16.5017 1.83253
-10.8441 16.4861 1.84168
-10.9227 16.4661 1.85526
-10.9845 16.449 1.86561
-11.0431 16.4322 1.87593
-11.1195 16.4097 1.88892
-11.1791 16.391 1.89815
-11.2332 16.3727 1.90691
-11.312 16.3487 1.91749
-11.3617 16.3309 1.95382
-11.4188 16.3094 1.95948
-11.4914 16.2824 1.96701
-11.5475 16.2589 1.97189
-11.6023 16.2379 1.97931
-11.677 16.2066 1.98888
-11.7322 16.1822 1.99715
-11.7874 16.1608 2.00666
-11.8416 16.1382 2.01625
-11.8941 16.1172 2.02676
-11.9414 16.0927 2.06709
-11.9911 16.0665 2.08084
-12.0388 16.0415 2.09558
-12.1006 16.0045 2.11801
-12.1731 15.961 2.15032
-12.2166 15.9333 2.17062
-12.2594 15.905 2.19304
-12.3155 15.8618 2.2257
-12.3582 15.8295 2.25137
-12.398 15.7953 2.278
-12.432 15.7598 2.33309
-12.4692 15.7217 2.36102
-12.5172 15.675 2.40005
-12.5511 15.6374 2.42861
-12.5937 15.588 2.46557
-12.6337 15.5389 2.49982
-12.6691 15.493 2.53193
-12.708 15.4331 2.56754
-12.7458 15.378 2.59847
-12.7802 15.321 2.62476
-12.8097 15.2638 2.67333
-12.8393 15.2025 2.69691
-12.8665 15.1405 2.72183
-12.8945 15.0771 2.74681
-12.9218 15.016 2.77019
-12.947 14.9508 2.79262
-12.9937 14.8169 2.84141
-13.0147 14.7488 2.86913
-13.0351 14.6796 2.90121
-13.0521 14.6027 2.93828
-13.0657 14.5244 2.97662
-13.0775 14.4444 3.0157
-13.0802 14.3633 3.0759
-13.0854 14.284 3.11003
-13.0897 14.2048 3.13973
-13.0897 14.124 3.16467
-13.0915 14.0416 3.18634
-13.0876 13.9894 3.19801
-13.0796 13.8645 3.22294
-13.0529 13.6217 3.26832
-13.0448 13.5612 3.27974
-13.0325 13.4826 3.29459
-13.0225 13.4264 3.30555
-13.013 13.3692 3.31566
-13.0018 13.296 3.32737
-12.994 13.2407 3.33546
-12.9861 13.1857 3.34345
-12.9699 13.1067 -2.90903
-12.9577 13.0487 -2.90096
-12.9424 12.9924 -2.89363
-12.9252 12.9142 -2.88348
-12.8932 12.7914 -2.86885
-12.8727 12.7058 -2.85977
-12.8567 12.6437 -2.85256
-12.838 12.5774 -2.84544
-12.7809 12.3764 -2.82038
-12.7541 12.2955 -2.8105
-12.7173 12.1826 -2.79591
-12.6933 12.1083 -2.78722
-12.6731 12.0533 -2.78065
-12.6455 11.9881 -2.76036
-12.6204 11.9215 -2.75165
-12.5961 11.86 -2.74485
-12.573 11.8024 -2.73791
-12.54 11.722 -2.72981
-12.517 11.6689 -2.72398
-12.4917 11.6117 -2.71805
-12.4536 11.521 -2.70732
-12.4027 11.4063 -2.69394
-12.3678 11.333 -2.68429
-12.3184 11.2321 -2.66807
-12.2824 11.1598 -2.65686
-12.2583 11.1105 -2.64905
-12.1972 10.9935 -2.63848
-12.1413 10.8861 -2.6347
-12.1027 10.8139 -2.63302
-12.0698 10.7566 -2.62194
-12.0398 10.7048 -2.61982
-11.9733 10.5835 -2.61556
-11.9066 10.4612 -2.61663
-11.8789 10.4092 -2.61985
-11.7842 10.2323 -2.63048
-11.7549 10.1775 -2.63392
-11.7162 10.1035 -2.63848
-11.6861 10.0464 -2.64123
-11.6589 9.99327 -2.64268
-11.5912 9.86204 -2.64556
-11.5631 9.81027 -2.64639
-11.5241 9.73285 -2.64869
-11.4967 9.67829 -2.65076
-11.4698 9.62711 -2.65351
-11.4341 9.55363 -2.65656
-11.4012 9.49391 -2.65268
-11.3747 9.43936 -2.65337
-11.338 9.36807 -2.65482
-11.3104 9.31155 -2.65613
-11.2468 9.17944 -2.66109
-11.2174 9.12053 -2.6622
-11.1897 9.06102 -2.6636
-11.1255 8.92763 -2.66371
-11.0983 8.87004 -2.66324
-11.0615 8.79469 -2.66271
-11.0321 8.74081 -2.65979
-11.0054 8.68536 -2.65839
-10.9693 8.6151 -2.6575
-10.9436 8.56245 -2.65632
-10.9169 8.51102 -2.65551
-10.8818 8.44142 -2.65672
-10.8553 8.39051 -2.65744
-10.8288 8.3374 -2.65782
-10.7924 8.26709 -2.65856
-10.7649 8.21078 -2.65886
-10.7345 8.15638 -2.66029
-10.6989 8.08122 -2.66211
-10.672 8.02747 -2.66291
-10.6439 7.97213 -2.66389
-10.6094 7.89572 -2.66523
-10.5816 7.842 -2.66669
-10.556 7.78668 -2.66726
-10.469 7.60551 -2.66668
-10.4344 7.53631 -2.66759
-10.4094 7.48347 -2.66905
-10.38 7.42772 -2.67485
-10.3439 7.3514 -2.68035
-10.3172 7.29403 -2.68344
-10.2911 7.23864 -2.68661
-10.2553 7.16192 -2.68981
-10.2063 7.05003 -2.69231
-10.173 6.97123 -2.69518
-10.1481 6.91847 -2.69819
-10.0936 6.78827 -2.70179
-10.0702 6.73589 -2.70428
-10.0467 6.67938 -2.70451
-9.96547 6.49319 -2.70526
-9.91721 6.37976 -2.70733
-9.89166 6.32326 -2.70756
-9.78288 6.07819 -2.70413
-9.75631 6.01885 -2.70307
-9.72047 5.93691 -2.70055
-9.69416 5.87916 -2.69844
-9.6359 5.74954 -2.69562
-9.60688 5.69163 -2.70558
-9.58281 5.63289 -2.70714
-9.54992 5.56339 -2.71088
-9.52414 5.50079 -2.71328
-9.46609 5.36921 -2.7198
-9.43918 5.30368 -2.72133
-9.41468 5.24457 -2.72189
-9.3819 5.16615 -2.72311
-9.35644 5.10511 -2.72322
-9.30048 4.96696 -2.72426
-9.27461 4.90828 -2.7249
-9.19401 4.71511 -2.72324
-9.17026 4.65593 -2.72269
-9.13715 4.5786 -2.72438
-9.11345 4.51948 -2.72512
-9.08614 4.45711 -2.72636
-9.06056 4.39847 -2.72762
-9.03287 4.33768 -2.74296
-8.99928 4.25538 -2.74593
-8.97479 4.19271 -2.75043
-8.95181 4.13152 -2.75675
-8.928 4.06836 -2.76376
-8.90622 4.00837 -2.76954
-8.87497 3.92402 -2.77768
-8.83152 3.80386 -2.78974
-8.80516 3.72039 -2.79954
-8.78264 3.65568 -2.80973
-8.75727 3.58932 -2.83754
-8.73168 3.50188 -2.84865
-8.7166 3.43537 -2.85527
-8.70058 3.3713 -2.86153
-8.67881 3.2837 -2.86997
-8.66164 3.21581 -2.87407
-8.64559 3.15164 -2.87833
-8.62451 3.06726 -2.88256
-8.61044 3.00145 -2.88445
-8.59476 2.94308 -2.88642
-8.56206 2.8019 -2.88873
-8.54606 2.73983 -2.88819
-8.53124 2.66502 -2.88752
-8.51633 2.60262 -2.8856
-8.4981 2.53943 -2.90471
-8.47933 2.45534 -2.89974
-8.46624 2.39293 -2.89525
-8.4517 2.33121 -2.8904
-8.43209 2.24784 -2.88384
-8.41877 2.1891 -2.87938
-8.40337 2.12778 -2.87443
-8.37169 2.00695 -2.86278
-8.3555 1.94568 -2.85709
-8.33902 1.88595 -2.85078
-8.32477 1.82648 -2.84433
-8.30016 1.74848 -2.83837
-8.28257 1.68818 -2.83389
-8.26257 1.62512 -2.82973
-8.23716 1.53848 -2.82303
-8.21367 1.47405 -2.8435
-8.19572 1.41057 -2.83891
-8.17173 1.33034 -2.83288
-8.15358 1.26604 -2.82681
-8.13487 1.20699 -2.82106
-8.11127 1.12418 -2.81442
-8.09268 1.06644 -2.81016
-8.0733 1.0088 -2.80518
-8.04949 0.932564 -2.80019
-8.03122 0.874035 -2.79609
-8.01241 0.819874 -2.79382
-7.98698 0.743729 -2.78982
-7.96751 0.685059 -2.78701
-7.94665 0.625971 -2.78343
-7.919 0.545203 -2.77695
-7.89529 0.489262 -2.79979
-7.87447 0.428521 -2.79332
-7.8469 0.350542 -2.78409
-7.8283 0.293582 -2.77721
-7.80679 0.238423 -2.77062
-7.77868 0.163197 -2.7623
-7.75773 0.110915 -2.7554
-7.73548 0.0551783 -2.7498
-7.70836 -0.0141515 -2.74168
-7.63816 -0.184121 -2.72277
-7.61776 -0.236094 -2.7174
-7.5957 -0.286904 -2.71161
-7.54042 -0.411968 -2.69968
-7.51796 -0.465896 -2.69482
-7.46158 -0.589054 -2.68552
-7.43729 -0.640541 -2.68133
-7.40612 -0.70801 -2.6754
-7.38495 -0.754618 -2.69677
-7.36136 -0.804724 -2.69185
-7.33124 -0.871006 -2.68545
-7.30808 -0.920048 -2.67984
-7.28486 -0.968754 -2.67332
-7.25397 -1.0329 -2.6653
-7.23097 -1.07965 -2.65827
-7.17688 -1.18577 -2.63306
-7.15221 -1.23194 -2.62084
-7.12676 -1.27669 -2.60686
-7.09148 -1.33545 -2.5883
-7.06335 -1.37943 -2.57428
-7.02787 -1.43491 -2.55486
-6.99174 -1.48965 -2.53295
-6.95568 -1.54024 -2.51097
-6.9104 -1.60522 -2.48257
-6.86537 -1.66495 -2.45238
-6.78735 -1.75912 -2.4057
-6.74649 -1.80411 -2.37987
-6.706 -1.84912 -2.35372
-6.63563 -1.90611 -2.35781
-6.59363 -1.94652 -2.32788
-6.54002 -1.99595 -2.28994
-6.48422 -2.04484 -2.2516
-6.43111 -2.08882 -2.21424
-6.37521 -2.13266 -2.17714
-6.32704 -2.16361 -2.14764
-6.27898 -2.19535 -2.11849
-6.2304 -2.22674 -2.0893
-6.18079 -2.25712 -2.05865
-6.0597 -2.31682 -1.98203
-5.99038 -2.34683 -1.93854
-5.91923 -2.3747 -1.89517
-5.84971 -2.39996 -1.85146
-5.77475 -2.42056 -1.80689
-5.71451 -2.45266 -1.80331
-5.67052 -2.47808 -1.75583
-5.58573 -2.54124 -1.62042
-5.53019 -2.55166 -1.57652
-5.48087 -2.56844 -1.49016
-5.37308 -2.56136 -1.40143
-5.3177 -2.54485 -1.3563
-5.27527 -2.51706 -1.35832
-5.22329 -2.49658 -1.34967
-5.16933 -2.47493 -1.33856
-5.12087 -2.45152 -1.33289
-5.07412 -2.42165 -1.33395
-5.02215 -2.39537 -1.33829
-4.96417 -2.37807 -1.34332
-4.90629 -2.35761 -1.35987
-4.85047 -2.34015 -1.39905
-4.79387 -2.33398 -1.41788
-4.73677 -2.32694 -1.41659
-4.68449 -2.3202 -1.41296
-4.51891 -2.29266 -1.401
-4.45673 -2.28392 -1.39977
-4.40734 -2.27594 -1.40092
-4.35434 -2.26841 -1.40292
-4.2946 -2.25881 -1.40458
-4.21417 -2.2535 -1.4461
-4.09272 -2.23949 -1.44907
-4.02967 -2.23214 -1.45107
-3.94693 -2.22258 -1.45543
-3.88367 -2.21723 -1.45967
-3.82032 -2.21401 -1.46335
-3.73634 -2.20893 -1.46797
-3.61009 -2.20035 -1.47388
-3.53118 -2.19251 -1.47819
-3.466 -2.18722 -1.48145
-3.24621 -2.17367 -1.49195
-3.03894 -2.16243 -1.49513
-2.91901 -2.15791 -1.49699
-2.80185 -2.15522 -1.49899
-2.73689 -2.15616 -1.49901
-2.6832 -2.16412 -1.49151
-2.72956 -2.19076 -1.46988
-2.71847 -2.24062 -1.52119
-2.69354 -2.28756 -1.52596
-2.56245 -2.30592 -1.52778
-2.5317 -2.30197 -1.43721
-2.42425 -2.26423 -1.40101
-2.36796 -2.24703 -1.40149
-2.31985 -2.23212 -1.40055
-2.26281 -2.21646 -1.39894
-2.13669 -2.18767 -1.395
-2.0658 -2.17466 -1.39526
-2.00513 -2.16414 -1.39509
-1.89077 -2.14016 -1.39407
-1.77769 -2.12169 -1.38679
-1.72113 -2.11295 -1.38089
-1.58966 -2.09006 -1.36165
-1.53941 -2.07973 -1.35037
-1.47965 -2.06611 -1.34127
-1.4149 -2.05298 -1.32338
-1.36337 -2.04119 -1.30992
-1.29224 -2.02353 -1.29323
-1.2433 -2.00978 -1.28128
-1.19384 -1.99628 -1.26996
-1.0401 -1.96685 -1.28937
-0.991269 -1.95354 -1.27588
-0.942493 -1.93982 -1.26161
-0.877736 -1.92016 -1.24136
-0.768142 -1.88239 -1.2024
-0.673378 -1.84496 -1.16605
-0.614974 -1.82091 -1.13826
-0.558572 -1.7945 -1.10883
-0.437442 -1.73269 -1.0363
-0.375673 -1.69571 -0.992864
-0.314826 -1.65665 -0.947249
-0.15211 -1.5225 -0.799079
-0.102049 -1.47411 -0.747405
-0.0539654 -1.42093 -0.696038
0.0134735 -1.3667 -0.676255
0.0598399 -1.30936 -0.625016
0.101806 -1.25181 -0.572758
0.139681 -1.19325 -0.522016
0.175882 -1.1313 -0.475072
0.208323 -1.06303 -0.433188
0.241451 -0.993315 -0.392818
0.270578 -0.922582 -0.35491
0.299477 -0.850789 -0.317808
0.324129 -0.77351 -0.282331
0.345264 -0.697157 -0.275859
0.365971 -0.621102 -0.240657
0.384492 -0.549802 -0.206006
0.399115 -0.472425 -0.175732
0.413131 -0.393806 -0.153204
0.424673 -0.324046 -0.140001
0.43493 -0.266849 -0.131821
0.441739 -0.216259 -0.125487
0.456 -0.112262 -0.113665
0.465561 -0.0427046 -0.104439
0.470613 0.0105659 -0.0981478
0.477398 0.0635124 -0.0909948
0.48291 0.120487 -0.0841479
0.480461 0.161372 -0.106618
0.489387 0.232435 -0.0974882
0.496667 0.288171 -0.0894182
0.504195 0.343384 -0.0810726
0.519587 0.529359 -0.054478
0.524579 0.605028 -0.0430601
0.529684 0.715115 -0.0280121
0.533663 0.79135 -0.0179298
0.530048 0.850913 -0.0105861
0.537162 1.04359 0.0162747
0.502601 1.12813 -0.00512121
0.5055 1.20172 0.00615408
0.507417 1.25615 0.015286
0.509054 1.31121 0.0238218
0.506968 1.38363 0.0338693
0.508365 1.4391 0.0416084
0.506729 1.49946 0.0480652
0.504557 1.5789 0.0554395
0.495968 1.77301 0.0708728
0.4929 1.83012 0.0761566
0.489049 1.92436 0.0834899
0.484356 1.97858 0.0888395
0.473836 2.10477 0.102149
0.481639 2.15039 0.0881164
0.476304 2.22017 0.0941622
0.47339 2.2737 0.0959532
0.469208 2.32901 0.0957544
0.462949 2.40341 0.0927293
0.458967 2.46326 0.090596
0.455076 2.52049 0.0864895
0.448256 2.65776 0.0772317
0.445602 2.71825 0.0726288
0.440707 2.79637 0.0656955
0.437243 2.91388 0.0533297
0.43623 2.99295 0.0434106
0.440599 3.04515 0.0199304
0.442073 3.09927 0.0124545
0.443077 3.18029 0.0022097
0.450005 3.38365 -0.023386
0.453044 3.44316 -0.0298919
0.457716 3.50318 -0.0366568
0.462351 3.5858 -0.0437855
0.466709 3.64989 -0.0491185
0.48211 3.8552 -0.0588441
0.486433 3.91498 -0.0583677
0.492669 3.99363 -0.0563459
0.496503 4.05079 -0.0543851
0.503712 4.09941 -0.0642581
0.510738 4.17893 -0.0635305
0.515923 4.23642 -0.0638395
0.521166 4.29678 -0.0655794
0.528212 4.37707 -0.0687676
0.534204 4.44939 -0.0725847
0.541319 4.51714 -0.0723992
0.54945 4.57891 -0.0730739
0.566462 4.71644 -0.0739627
0.57214 4.77592 -0.0727687
0.598628 4.85597 -0.0766542
0.603784 4.91377 -0.0765288
0.610323 4.97577 -0.0773023
0.62597 5.11019 -0.0870688
0.634223 5.16923 -0.0934036
0.645882 5.25142 -0.101686
0.654453 5.30992 -0.104764
0.663076 5.37017 -0.107801
0.676527 5.44797 -0.107948
0.68735 5.50535 -0.107014
0.679795 5.56066 -0.117468
0.692004 5.6383 -0.115321
0.700539 5.69424 -0.113489
0.708741 5.75342 -0.110898
0.71872 5.83252 -0.107941
0.725619 5.89088 -0.10647
0.735682 5.95241 -0.105378
0.752972 6.09171 -0.108326
0.762377 6.15465 -0.112245
0.782806 6.30059 -0.121843
0.807868 6.44698 -0.127309
0.817266 6.51112 -0.128926
0.8262 6.57422 -0.131017
0.831137 6.62948 -0.140251
0.841816 6.69267 -0.143135
0.852243 6.75067 -0.146101
0.859973 6.80817 -0.149414
0.869607 6.86747 -0.151123
0.889251 6.98115 -0.155122
0.898138 7.03433 -0.156494
0.942061 7.25365 -0.158482
0.963715 7.363 -0.1553
0.986723 7.48615 -0.151038
1.00624 7.58819 -0.146961
1.01847 7.65575 -0.144111
1.02811 7.70493 -0.140876
1.0369 7.75455 -0.13779
1.07373 7.98771 -0.126361
1.08126 8.03883 -0.123576
1.0966 8.07973 -0.12139
1.10802 8.14755 -0.11703
1.11523 8.19881 -0.11388
1.12399 8.24881 -0.111121
1.13411 8.31555 -0.107186
1.14609 8.38218 -0.102972
1.15438 8.44365 -0.0989765
1.16085 8.50398 -0.0953344
1.1697 8.56205 -0.0916222
1.17713 8.6188 -0.0880144
1.19214 8.76396 -0.0810707
1.20019 8.83145 -0.076939
1.20721 8.90164 -0.073407
1.21416 8.96661 -0.0706638
1.22511 9.08221 -0.065203
1.23049 9.14011 -0.0627497
1.23761 9.24682 -0.0597542
1.25165 9.28678 -0.0458718
1.25374 9.33917 -0.0441857
1.26298 9.38973 -0.0419488
1.26892 9.4473 -0.0408636
1.27172 9.5029 -0.0478373
1.27743 9.55689 -0.052074
1.28207 9.60816 -0.0577035
1.28582 9.66373 -0.0631743
1.29087 9.71533 -0.0674005
1.29761 9.7663 -0.0722166
1.30062 9.81756 -0.0782567
1.30597 9.86979 -0.0828171
1.31108 9.92764 -0.086514
1.3161 9.97945 -0.0891328
1.32572 10.0371 -0.0922833
1.33285 10.0797 -0.084967
1.34084 10.1386 -0.0909885
1.34719 10.1957 -0.0994366
1.35482 10.2474 -0.106089
1.37543 10.3928 -0.130319
1.38502 10.4426 -0.139429
1.39581 10.4979 -0.149319
1.41168 10.5777 -0.161529
1.43697 10.6969 -0.175967
1.49638 10.9881 -0.192618
1.50959 11.0481 -0.194306
1.5232 11.1097 -0.194486
1.54226 11.1881 -0.194638
1.58378 11.3787 -0.191468
1.59627 11.4352 -0.189669
1.60878 11.493 -0.187838
1.62705 11.5738 -0.166132
1.63907 11.6377 -0.164383
1.65016 11.7005 -0.161922
1.66338 11.7862 -0.159534
1.70238 12.0018 -0.149857
1.71332 12.0653 -0.148186
1.72447 12.128 -0.146584
1.739 12.2118 -0.145516
1.74956 12.2754 -0.144044
1.75778 12.335 -0.144737
1.7738 12.4178 -0.145288
1.78433 12.4835 -0.146129
1.79566 12.5485 -0.147994
1.81027 12.6385 -0.151799
1.8232 12.7047 -0.154654
1.83602 12.7723 -0.159794
1.85213 12.8377 -0.139413
1.86381 12.9079 -0.141878
1.87512 12.9783 -0.145239
1.88821 13.048 -0.146954
1.89853 13.1137 -0.149447
1.91568 13.2064 -0.153667
1.92807 13.2708 -0.157092
1.94171 13.336 -0.160452
1.95643 13.4268 -0.164821
1.9689 13.4928 -0.167754
1.98239 13.5588 -0.14566
1.99968 13.6474 -0.15139
2.01184 13.7189 -0.155657
2.02362 13.7891 -0.16036
2.03686 13.8585 -0.16304
2.04666 13.9077 -0.164645
2.06441 14.0017 -0.166845
2.07794 14.0726 -0.168659
2.09291 14.1434 -0.169246
2.11022 14.2367 -0.169722
2.12845 14.3058 -0.139842
2.14094 14.3727 -0.137768
2.15159 14.4384 -0.133947
2.16106 14.5049 -0.129276
2.17167 14.5706 -0.123798
2.18149 14.6388 -0.117351
2.19179 14.7061 -0.111284
2.20435 14.8006 -0.100566
2.21087 14.8736 -0.0913973
2.21804 14.9494 -0.0801935
2.22826 15.0433 -0.065217
2.23617 15.1143 -0.0519695
2.24103 15.1856 -0.040153
2.2472 15.2805 -0.0231385
2.25067 15.5027 0.0221
2.24918 15.6307 0.0514688
2.24603 15.7137 0.0705523
2.23589 15.8404 0.101093
2.23298 15.9264 0.156603
2.21571 16.05 0.189611
2.20173 16.1286 0.212253
2.18918 16.1891 0.230835
2.1536 16.3214 0.274174
2.1387 16.3759 0.294317
2.12396 16.4285 0.314401
2.10167 16.4972 0.342059
2.08448 16.5486 0.363487
2.06761 16.5978 0.384757
2.04232 16.664 0.41256
2.01951 16.7123 0.434375
1.99294 16.7732 0.457215
1.97165 16.8212 0.480278
1.94651 16.8695 0.50392
1.91882 16.9172 0.529735
1.85386 17.0261 0.590847
1.8233 17.0699 0.617887
1.79303 17.113 0.645598
1.70636 17.2194 0.720545
1.66257 17.2698 0.75866
1.60827 17.3311 0.80672
1.55535 17.3884 0.896138
1.51095 17.4212 0.927914
1.47031 17.4522 0.960359
1.41363 17.4897 1.00229
1.32598 17.5477 1.0685
1.28179 17.5727 1.10103
1.22044 17.6038 1.14374
1.17512 17.625 1.17519
1.12697 17.6435 1.20386
1.06787 17.6661 1.24203
1.00649 17.687 1.27779
0.941856 17.707 1.31132
0.863376 17.7288 1.34689
0.758918 17.7527 1.38531
0.689621 17.7662 1.41033
0.50571 17.7921 1.47432
0.453215 17.7987 1.49002
0.396969 17.8045 1.50525
0.20983 17.8167 1.54679
-0.0575917 17.8219 1.5817
-0.132248 17.8214 1.62652
-0.185493 17.8189 1.6288
-0.245167 17.8158 1.63211
-0.323628 17.8123 1.63657
-0.435533 17.8058 1.64391
-0.601064 17.7946 1.6538
-0.901367 17.7716 1.67355
-0.956507 17.7659 1.67981
-1.09772 17.7505 1.70015
-1.15758 17.7442 1.70817
-1.21632 17.7378 1.71944
-1.45177 17.7036 1.76331
-1.50772 17.6944 1.77205
-1.58117 17.6779 1.78158
-1.69466 17.6555 1.79184
-1.76926 17.6437 1.79518
-1.82618 17.6323 1.79622
-1.88424 17.6206 1.79539
-1.96395 17.6059 1.79578
-2.16462 17.5649 1.80077
-2.22308 17.5537 1.80425
-2.34137 17.5246 1.80801
-2.66056 17.4534 1.81136
-2.77365 17.4294 1.80018
-2.84819 17.413 1.82875
-2.90622 17.3976 1.82068
-2.96615 17.3853 1.81227
-3.11066 17.3544 1.79318
-3.17208 17.3415 1.78518
-3.2349 17.3296 1.77714
-3.29766 17.3198 1.76798
-3.36182 17.3108 1.75876
-3.42502 17.3016 1.75025
-3.50792 17.2886 1.73741
-3.56942 17.2832 1.73036
-3.63051 17.2759 1.72218
-3.70999 17.2687 1.71269
-3.77462 17.2609 1.70509
-3.92221 17.2459 1.6874
-3.98322 17.2402 1.68097
-4.12719 17.2292 1.66243
-4.18276 17.2259 1.65374
-4.33004 17.2188 1.63503
-4.52583 17.2154 1.6132
-4.5859 17.2137 1.60882
-4.64583 17.2142 1.6049
-4.7265 17.2123 1.59912
-4.78829 17.2115 1.59706
-5.15264 17.2126 1.60222
-5.33534 17.2104 1.60918
-5.39165 17.2098 1.61198
-5.5069 17.2064 1.61985
-5.56016 17.2036 1.66285
-5.61571 17.1996 1.6673
-5.66816 17.195 1.67085
-5.83903 17.1776 1.68305
-5.95474 17.1668 1.69085
-6.16072 17.1454 1.70121
-6.2786 17.1326 1.70409
-6.35616 17.1246 1.70783
-6.62026 17.0912 1.72523
-6.80976 17.0659 1.7328
-6.87338 17.057 1.73417
-6.99549 17.0378 1.73763
-7.08079 17.0253 1.73995
-7.14292 17.0161 1.7408
-7.20312 17.0062 1.74212
-7.28069 16.9934 1.74277
-7.34435 16.984 1.74368
-7.402 16.9741 1.74446
-7.46257 16.9648 1.74459
-7.51936 16.9541 1.7453
-7.59901 16.941 1.74648
-7.6603 16.93 1.74719
-7.72404 16.9193 1.7472
-7.80455 16.9067 1.7846
-7.86876 16.8951 1.78497
-7.9318 16.882 1.78585
-8.01562 16.8658 1.78833
-8.07542 16.8565 1.78943
-8.13807 16.8434 1.79008
-8.24201 16.8239 1.79059
-8.30213 16.8107 1.78959
-8.36266 16.7991 1.7898
-8.42063 16.7847 1.7895
-8.49992 16.7701 1.78815
-8.56331 16.7577 1.82156
-8.62657 16.7439 1.81795
-8.71117 16.7253 1.81018
-8.77556 16.7117 1.80521
-8.92593 16.6815 1.79371
-8.99216 16.6677 1.78904
-9.05872 16.6554 1.78372
-9.14556 16.6394 1.77792
-9.20895 16.6275 1.77228
-9.276 16.6164 1.76827
-9.35674 16.6024 1.76383
-9.41834 16.5938 1.76022
-9.47903 16.5826 1.7573
-9.55982 16.5695 1.75341
-9.62142 16.5609 1.74932
-9.68404 16.5515 1.74645
-9.76817 16.5378 1.74116
-9.82712 16.5293 1.77351
-9.88967 16.5173 1.77028
-9.97036 16.5032 1.76643
-10.0354 16.4916 1.76301
-10.0985 16.4816 1.76089
-10.1821 16.467 1.75609
-10.2451 16.4569 1.75375
-10.3055 16.4468 1.75142
-10.366 16.4381 1.7496
-10.5042 16.4157 1.74693
-10.5621 16.4093 1.74724
-10.6208 16.4015 1.74661
-10.6984 16.3891 1.74638
-10.7569 16.3804 1.74837
-10.8165 16.3702 1.75026
-10.8969 16.3598 1.75385
-10.9571 16.3496 1.75718
-11.0138 16.3411 1.79522
-11.0934 16.3253 1.80065
-11.1538 16.3111 1.80565
-11.2114 16.2994 1.81239
-11.2896 16.2818 1.82454
-11.3485 16.2682 1.83469
-11.4024 16.2546 1.84674
-11.4787 16.2331 1.86148
-11.5356 16.2172 1.87237
-11.5906 16.2021 1.88406
-11.6652 16.1794 1.9015
-11.7209 16.1633 1.91652
-11.7713 16.1443 1.96726
-11.8426 16.1181 1.99164
-11.8958 16.0963 2.01174
-11.9459 16.0717 2.03122
-12.0113 16.0402 2.0605
-12.0603 16.0134 2.08346
-12.1068 15.9877 2.10673
-12.1638 15.9527 2.13803
-12.2066 15.9253 2.16123
-12.2598 15.8914 2.19079
-12.311 15.8535 2.2543
-12.3497 15.8212 2.27665
-12.3892 15.789 2.29822
-12.4384 15.748 2.32682
-12.486 15.7032 2.3553
-12.5454 15.6488 2.3908
-12.5999 15.5912 2.42658
-12.6526 15.5349 2.46055
-12.7159 15.4551 2.50721
-12.7487 15.4121 2.53583
-12.7772 15.3629 2.59539
-12.8132 15.2999 2.63153
-12.8428 15.2477 2.66138
-12.8776 15.1805 2.70007
-12.9075 15.1126 2.73953
-12.9352 15.0423 2.77893
-12.9618 14.9751 2.81851
-12.9855 14.9038 2.85804
-13.0224 14.7577 2.93765
-13.0457 14.6109 3.01941
-13.0468 14.5367 3.08663
-13.0493 14.4564 3.13098
-13.0512 14.3944 3.16595
-13.0483 14.3282 3.20016
-13.0448 14.2781 3.22516
-13.0404 14.2122 3.25725
-13.0207 14.0514 3.32691
-13.013 14.0003 3.34444
-13.0029 13.9473 3.36093
-12.9882 13.8792 3.38071
-12.9748 13.8291 3.3922
-12.9634 13.7771 3.40122
-12.9461 13.7071 3.41052
-12.9316 13.6542 3.41635
-12.917 13.598 3.42098
-12.8967 13.5242 3.42544
-12.8802 13.4659 3.43004
-12.8641 13.4094 3.43296
-12.8369 13.3369 -2.82891
-12.8208 13.2795 -2.82791
-12.8055 13.2281 -2.8292
-12.7849 13.1568 -2.83073
-12.7693 13.1013 -2.83141
-12.7527 13.047 -2.83154
-12.7008 12.8681 -2.82872
-12.6831 12.8123 -2.82662
-12.6668 12.7532 -2.82322
-12.6237 12.6171 -2.81503
-12.5994 12.5373 -2.80854
-12.5431 12.3717 -2.79283
-12.5039 12.2658 -2.77547
-12.466 12.1636 -2.75396
-12.4461 12.1153 -2.74262
-12.4257 12.0637 -2.73184
-12.3977 11.997 -2.72177
-12.3744 11.9553 -2.70441
-12.3539 11.9042 -2.70337
-12.3217 11.8336 -2.70439
-12.2961 11.7769 -2.7064
-12.2737 11.7236 -2.7089
-12.2458 11.6589 -2.71308
-12.2208 11.6003 -2.71556
-12.1981 11.5417 -2.71607
-12.166 11.4691 -2.71679
-12.1434 11.4118 -2.71483
-12.0951 11.2989 -2.71255
-12.0704 11.2431 -2.70855
-12.0492 11.1894 -2.70485
-12.0183 11.1181 -2.70144
-11.9962 11.0634 -2.70025
-11.9732 11.0103 -2.7022
-11.9194 10.8789 -2.71665
-11.8946 10.8307 -2.71603
-11.8711 10.7752 -2.72306
-11.845 10.7122 -2.7329
-11.7729 10.5203 -2.76648
-11.7493 10.455 -2.77861
-11.7272 10.3856 -2.78862
-11.704 10.3116 -2.79444
-11.6483 10.1568 -2.79252
-11.6075 10.022 -2.78439
-11.5802 9.94328 -2.78121
-11.5604 9.89066 -2.77954
-11.541 9.84269 -2.77177
-11.5162 9.77193 -2.76945
-11.4956 9.71991 -2.76794
-11.4766 9.66567 -2.76446
-11.4499 9.59477 -2.75977
-11.4268 9.53908 -2.756
-11.4064 9.48063 -2.7524
-11.3781 9.40586 -2.74824
-11.3578 9.35043 -2.74529
-11.3343 9.2928 -2.74201
-11.3054 9.21326 -2.7365
-11.2816 9.15375 -2.73153
-11.259 9.09774 -2.72716
-11.2259 9.02084 -2.7215
-11.202 8.96419 -2.71625
-11.1771 8.90685 -2.71056
-11.1462 8.83452 -2.70413
-11.1169 8.78035 -2.69644
-11.0925 8.72395 -2.69182
-11.0593 8.6527 -2.68712
-11.0337 8.59942 -2.68459
-11.0078 8.54436 -2.68348
-10.971 8.46735 -2.68353
-10.9427 8.40937 -2.68361
-10.9157 8.34762 -2.68579
-10.8756 8.26298 -2.69038
-10.8491 8.20277 -2.69379
-10.8232 8.14196 -2.69697
-10.7814 8.05726 -2.70219
-10.7547 7.99591 -2.70658
-10.7279 7.93399 -2.71086
-10.6942 7.85469 -2.71664
-10.6693 7.7922 -2.72029
-10.6464 7.73355 -2.72333
-10.6113 7.65058 -2.72688
-10.5835 7.5861 -2.73074
-10.5574 7.51603 -2.7338
-10.4964 7.36469 -2.74064
-10.4704 7.29753 -2.7435
-10.4104 7.14534 -2.75031
-10.3858 7.08218 -2.75242
-10.3525 7.00116 -2.7554
-10.3236 6.94027 -2.75957
-10.3014 6.88302 -2.75883
-10.272 6.80313 -2.75835
-10.2514 6.74579 -2.75911
-10.2309 6.68569 -2.76144
-10.2092 6.62869 -2.76556
-10.1884 6.57339 -2.76951
-10.1603 6.49191 -2.7729
-10.1284 6.4074 -2.77376
-10.0857 6.27939 -2.76766
-10.0478 6.18876 -2.76843
-10.0228 6.12412 -2.76319
-9.96673 5.97724 -2.75485
-9.94224 5.91716 -2.75117
-9.92027 5.86019 -2.74862
-9.89018 5.78464 -2.7459
-9.86604 5.72674 -2.74504
-9.81102 5.59049 -2.74457
-9.78811 5.53235 -2.74531
-9.76314 5.46975 -2.74664
-9.72782 5.38629 -2.74742
-9.7031 5.32233 -2.74701
-9.6788 5.26122 -2.74675
-9.64685 5.1815 -2.74538
-9.623 5.11886 -2.74391
-9.51967 4.85581 -2.73499
-9.47231 4.74021 -2.7315
-9.44801 4.68103 -2.73162
-9.4248 4.62451 -2.73101
-9.40006 4.56227 -2.73177
-9.36021 4.47872 -2.74693
-9.33486 4.41653 -2.74746
-9.30972 4.35384 -2.7488
-9.27771 4.26762 -2.74922
-9.25271 4.20268 -2.75029
-9.22686 4.14051 -2.75042
-9.19592 4.05632 -2.74847
-9.17195 3.99451 -2.74467
-9.14859 3.93228 -2.74055
-9.11707 3.85733 -2.73336
-9.09293 3.80085 -2.72769
-9.06517 3.74581 -2.73997
-9.04189 3.68319 -2.73392
-9.01883 3.62473 -2.7284
-8.98611 3.5457 -2.72121
-8.95984 3.4877 -2.71668
-8.93316 3.42641 -2.71234
-8.89782 3.35013 -2.70741
-8.8713 3.29265 -2.70211
-8.84046 3.22958 -2.6976
-8.81489 3.17658 -2.69684
-8.78892 3.11811 -2.69691
-8.76264 3.06067 -2.69753
-8.73207 2.98792 -2.70001
-8.69383 2.91542 -2.72647
-8.67019 2.86039 -2.73156
-8.64808 2.80402 -2.73799
-8.62623 2.7412 -2.74481
-8.60166 2.67994 -2.75305
-8.57794 2.61734 -2.76275
-8.55535 2.55261 -2.77208
-8.53521 2.48938 -2.78032
-8.5117 2.42509 -2.78765
-8.49069 2.36113 -2.79404
-8.46433 2.27783 -2.79978
-8.42355 2.15519 -2.80629
-8.39831 2.07504 -2.80784
-8.37937 2.01741 -2.80717
-8.36154 1.95903 -2.80549
-8.33668 1.88178 -2.80335
-8.30446 1.78656 -2.79968
-8.28102 1.72637 -2.82521
-8.26281 1.6654 -2.82338
-8.23614 1.58085 -2.82209
-8.2178 1.52027 -2.81939
-8.1975 1.45587 -2.81671
-8.17434 1.37323 -2.8111
-8.15554 1.3159 -2.80669
-8.13761 1.25604 -2.80229
-8.11031 1.17834 -2.79705
-8.09097 1.12322 -2.79314
-8.07244 1.06579 -2.7893
-8.04829 0.993182 -2.78466
-8.02878 0.940085 -2.78051
-8.01197 0.887142 -2.77569
-7.98463 0.815299 -2.76974
-7.96422 0.759684 -2.76506
-7.93735 0.70083 -2.79132
-7.90934 0.618802 -2.78384
-7.88613 0.556663 -2.77939
-7.86373 0.495586 -2.77397
-7.84192 0.43246 -2.76805
-7.79646 0.313206 -2.75353
-7.7729 0.252629 -2.74649
-7.7414 0.176367 -2.73609
-7.71866 0.120054 -2.72939
-7.69674 0.0660242 -2.72139
-7.6638 -0.00624999 -2.7104
-7.64305 -0.0578232 -2.70366
-7.5864 -0.180801 -2.69196
-7.5615 -0.233197 -2.688
-7.48057 -0.414745 -2.67485
-7.45491 -0.47043 -2.67032
-7.42961 -0.523308 -2.6655
-7.40492 -0.575341 -2.66104
-7.37186 -0.643245 -2.65376
-7.34568 -0.694427 -2.64736
-7.31076 -0.743779 -2.68388
-7.27986 -0.809156 -2.67844
-7.25661 -0.85632 -2.67331
-7.23279 -0.903598 -2.66793
-7.17605 -1.01692 -2.65728
-7.15267 -1.06494 -2.65295
-7.11783 -1.13161 -2.64752
-7.09214 -1.18132 -2.64404
-7.06498 -1.23192 -2.63922
-7.02751 -1.29745 -2.63046
-7.00278 -1.34611 -2.62427
-6.97668 -1.39455 -2.61651
-6.93976 -1.45823 -2.60519
-6.89565 -1.53059 -2.58553
-6.85367 -1.59817 -2.56302
-6.81066 -1.66489 -2.53742
-6.76814 -1.73115 -2.50997
-6.73122 -1.79172 -2.51891
-6.68341 -1.85653 -2.48678
-6.63504 -1.92033 -2.45189
-6.58413 -1.98069 -2.41294
-6.53501 -2.03768 -2.37281
-6.48586 -2.08996 -2.3321
-6.43286 -2.13997 -2.29067
-6.32343 -2.23315 -2.20958
-6.26391 -2.27788 -2.16753
-6.20114 -2.31875 -2.1224
-6.13154 -2.35878 -2.07133
-6.06566 -2.39401 -2.01592
-5.99984 -2.42516 -1.95478
-5.9445 -2.45065 -1.92548
-5.8928 -2.48157 -1.84994
-5.84425 -2.50941 -1.77657
-5.79263 -2.52989 -1.70771
-5.74331 -2.55997 -1.62266
-5.69143 -2.57871 -1.57385
-5.63897 -2.58971 -1.54155
-5.58793 -2.60386 -1.48376
-5.47667 -2.59765 -1.41327
-5.42401 -2.58622 -1.36348
-5.3249 -2.53453 -1.32888
-5.2814 -2.50938 -1.33781
-5.17743 -2.46735 -1.34396
-5.13053 -2.4479 -1.34273
-5.03013 -2.41208 -1.34981
-4.91325 -2.37887 -1.36224
-4.85296 -2.35717 -1.3867
-4.79255 -2.34333 -1.39911
-4.74494 -2.33137 -1.43801
-4.68828 -2.32496 -1.43395
-4.63388 -2.31703 -1.42379
-4.50105 -2.29599 -1.41012
-4.44768 -2.28768 -1.40842
-4.37886 -2.27663 -1.4111
-4.3181 -2.26851 -1.41512
-4.26271 -2.2601 -1.42086
-4.18693 -2.2495 -1.43155
-4.06243 -2.23658 -1.44925
-3.91876 -2.22567 -1.46934
-3.85779 -2.22206 -1.47653
-3.77799 -2.21844 -1.48502
-3.65483 -2.21244 -1.49549
-3.57178 -2.20844 -1.49903
-3.50955 -2.2042 -1.50016
-3.31079 -2.19377 -1.49961
-3.16621 -2.18644 -1.49517
-3.03881 -2.18045 -1.49446
-2.90451 -2.17631 -1.49138
-2.8003 -2.1729 -1.47754
-2.74175 -2.17002 -1.47316
-2.68996 -2.16782 -1.46204
-2.63779 -2.16299 -1.46509
-2.58663 -2.17012 -1.458
-2.61526 -2.18457 -1.50741
-2.56473 -2.18831 -1.51155
-2.51141 -2.2063 -1.52928
-2.40611 -2.22316 -1.51707
-2.35274 -2.22539 -1.50646
-2.30239 -2.2251 -1.49891
-2.24366 -2.22411 -1.48638
-2.14047 -2.21605 -1.47147
-2.08485 -2.21234 -1.45274
-2.03411 -2.20595 -1.43905
-1.96669 -2.19813 -1.42871
-1.90839 -2.19033 -1.41406
-1.5778 -2.12767 -1.34442
-1.51836 -2.11487 -1.33224
-1.46085 -2.10228 -1.32211
-1.40133 -2.08966 -1.31266
-1.34496 -2.07674 -1.30435
-1.29072 -2.06207 -1.29469
-1.23553 -2.0475 -1.28391
-1.10592 -2.00769 -1.25421
-1.04827 -1.98876 -1.23842
-1.05343 -1.97309 -1.25587
-0.996044 -1.9548 -1.23739
-0.943735 -1.9372 -1.21718
-0.872163 -1.90962 -1.18943
-0.81936 -1.88896 -1.16718
-0.767286 -1.86652 -1.14432
-0.699542 -1.83638 -1.11477
-0.649971 -1.81608 -1.09348
-0.604287 -1.79249 -1.07141
-0.544118 -1.75936 -1.04206
-0.42697 -1.68852 -0.979894
-0.381437 -1.65706 -0.955414
-0.319351 -1.61461 -0.921204
-0.27537 -1.57964 -0.894608
-0.216764 -1.53231 -0.858757
-0.17674 -1.49605 -0.830577
-0.137731 -1.44743 -0.831916
-0.100669 -1.40916 -0.803426
-0.0637967 -1.37403 -0.774561
0.0209715 -1.28188 -0.696458
0.100296 -1.18301 -0.618549
0.13795 -1.13128 -0.577449
0.17402 -1.0739 -0.53348
0.200005 -1.02975 -0.499086
0.225169 -0.982971 -0.46297
0.251475 -0.922444 -0.415861
0.27321 -0.87578 -0.381064
0.29617 -0.812496 -0.336229
0.315016 -0.762735 -0.304221
0.340347 -0.684697 -0.254759
0.357839 -0.61058 -0.208168
0.378586 -0.545095 -0.198828
0.387536 -0.479331 -0.157315
0.399146 -0.415057 -0.119209
0.407458 -0.34223 -0.0849111
0.414761 -0.260618 -0.0545299
0.419146 -0.178712 -0.0307376
0.421181 -0.0967376 -0.0143821
0.423069 -0.0427572 -0.00604225
0.424162 0.00974504 0.00193619
0.426356 0.0796086 0.0133994
0.424914 0.130933 0.0206273
0.442836 0.192491 0.00273433
0.444428 0.25411 0.0148698
0.444279 0.328834 0.0309078
0.443791 0.39991 0.0485031
0.440294 0.477051 0.0654804
0.437204 0.554005 0.0811245
0.433404 0.628363 0.0954601
0.42615 0.701483 0.107103
0.419376 0.777312 0.117528
0.40868 0.90243 0.129139
0.399663 0.95592 0.13577
0.3928 1.01084 0.143638
0.405255 1.03227 0.137078
0.396172 1.09341 0.1491
0.389499 1.14582 0.160627
0.382837 1.20142 0.176156
0.373169 1.25049 0.189537
0.364404 1.30569 0.20395
0.354254 1.35606 0.215642
0.344657 1.40787 0.229845
0.318814 1.50726 0.255382
0.302466 1.55548 0.268047
