VERTEX_SE2 0 0 0 0
VERTEX_SE2 1 0.0738778 0.793153 -0.0540289
VERTEX_SE2 2 0.204029 2.12743 -0.140083
VERTEX_SE2 3 0.376203 2.9894 -0.212465
VERTEX_SE2 4 0.567707 3.82773 -0.189619
VERTEX_SE2 5 0.693544 4.55603 -0.156368
VERTEX_SE2 6 0.810376 5.20317 -0.146884
VERTEX_SE2 7 0.940475 5.9053 -0.104665
VERTEX_SE2 8 1.15457 7.57144 -0.128057
VERTEX_SE2 9 1.30311 8.67921 -0.056755
VERTEX_SE2 10 1.45135 10.1638 -0.0926015
VERTEX_SE2 11 1.69349 12.0029 -0.083881
VERTEX_SE2 12 1.88227 13.2659 -0.109813
VERTEX_SE2 13 1.98604 14.1286 -0.0553314
VERTEX_SE2 14 2.07679 15.3358 0.0602734
VERTEX_SE2 15 1.96092 16.1709 0.327385
VERTEX_SE2 16 1.04359 17.4767 1.03055
VERTEX_SE2 17 -1.85585 17.7592 1.75459
VERTEX_SE2 18 -4.34746 17.399 1.73047
VERTEX_SE2 19 -7.65287 17.0436 1.74488
VERTEX_SE2 20 -8.30387 16.9435 1.75939
VERTEX_SE2 21 -9.30335 16.7935 1.78457
VERTEX_SE2 22 -10.3837 16.5896 1.79867
VERTEX_SE2 23 -11.3617 16.3309 1.95382
VERTEX_SE2 24 -11.9414 16.0927 2.06709
VERTEX_SE2 25 -12.432 15.7598 2.33309
VERTEX_SE2 26 -12.8097 15.2638 2.67333
VERTEX_SE2 27 -13.0802 14.3633 3.0759
VERTEX_SE2 28 -12.9699 13.1067 -2.90903
VERTEX_SE2 29 -12.6455 11.9881 -2.76036
VERTEX_SE2 30 -12.0698 10.7566 -2.62194
VERTEX_SE2 31 -11.4012 9.49391 -2.65268
VERTEX_SE2 32 -11.0321 8.74081 -2.65979
VERTEX_SE2 33 -10.7345 8.15638 -2.66029
VERTEX_SE2 34 -10.38 7.42772 -2.67485
VERTEX_SE2 35 -9.60688 5.69163 -2.70558
VERTEX_SE2 36 -9.03287 4.33768 -2.74296
VERTEX_SE2 37 -8.75727 3.58932 -2.83754
VERTEX_SE2 38 -8.4981 2.53943 -2.90471
VERTEX_SE2 39 -8.21367 1.47405 -2.8435
VERTEX_SE2 40 -7.89529 0.489262 -2.79979
VERTEX_SE2 41 -7.38495 -0.754618 -2.69677
VERTEX_SE2 42 -6.63563 -1.90611 -2.35781
VERTEX_SE2 43 -5.71451 -2.45266 -1.80331
VERTEX_SE2 44 -4.21417 -2.2535 -1.4461
VERTEX_SE2 45 -2.56245 -2.30592 -1.52778
VERTEX_SE2 46 -1.0401 -1.96685 -1.28937
VERTEX_SE2 47 0.0134735 -1.3667 -0.676255
VERTEX_SE2 48 0.345264 -0.697157 -0.275859
VERTEX_SE2 49 0.480461 0.161372 -0.106618
VERTEX_SE2 50 0.502601 1.12813 -0.00512121
VERTEX_SE2 51 0.481639 2.15039 0.0881164
VERTEX_SE2 52 0.440599 3.04515 0.0199304
VERTEX_SE2 53 0.503712 4.09941 -0.0642581
VERTEX_SE2 54 0.598628 4.85597 -0.0766542
VERTEX_SE2 55 0.679795 5.56066 -0.117468
VERTEX_SE2 56 0.831137 6.62948 -0.140251
VERTEX_SE2 57 1.0966 8.07973 -0.12139
VERTEX_SE2 58 1.25165 9.28678 -0.0458718
VERTEX_SE2 59 1.33285 10.0797 -0.084967
VERTEX_SE2 60 1.62705 11.5738 -0.166132
VERTEX_SE2 61 1.85213 12.8377 -0.139413
VERTEX_SE2 62 1.98239 13.5588 -0.14566
VERTEX_SE2 63 2.12845 14.3058 -0.139842
VERTEX_SE2 64 2.23298 15.9264 0.156603
VERTEX_SE2 65 1.55535 17.3884 0.896138
VERTEX_SE2 66 -0.132248 17.8214 1.62652
VERTEX_SE2 67 -2.84819 17.413 1.82875
VERTEX_SE2 68 -5.56016 17.2036 1.66285
VERTEX_SE2 69 -7.80455 16.9067 1.7846
VERTEX_SE2 70 -8.56331 16.7577 1.82156
VERTEX_SE2 71 -9.82712 16.5293 1.77351
VERTEX_SE2 72 -11.0138 16.3411 1.79522
VERTEX_SE2 73 -11.7713 16.1443 1.96726
VERTEX_SE2 74 -12.311 15.8535 2.2543
VERTEX_SE2 75 -12.7772 15.3629 2.59539
VERTEX_SE2 76 -13.0468 14.5367 3.08663
VERTEX_SE2 77 -12.8369 13.3369 -2.82891
VERTEX_SE2 78 -12.3744 11.9553 -2.70441
VERTEX_SE2 79 -11.8946 10.8307 -2.71603
VERTEX_SE2 80 -11.541 9.84269 -2.77177
VERTEX_SE2 81 -11.1169 8.78035 -2.69644
VERTEX_SE2 82 -10.7814 8.05726 -2.70219
VERTEX_SE2 83 -10.3236 6.94027 -2.75957
VERTEX_SE2 84 -10.0478 6.18876 -2.76843
VERTEX_SE2 85 -9.36021 4.47872 -2.74693
VERTEX_SE2 86 -9.06517 3.74581 -2.73997
VERTEX_SE2 87 -8.69383 2.91542 -2.72647
VERTEX_SE2 88 -8.28102 1.72637 -2.82521
VERTEX_SE2 89 -7.93735 0.70083 -2.79132
VERTEX_SE2 90 -7.31076 -0.743779 -2.68388
VERTEX_SE2 91 -6.73122 -1.79172 -2.51891
VERTEX_SE2 92 -5.9445 -2.45065 -1.92548
VERTEX_SE2 93 -4.74494 -2.33137 -1.43801
VERTEX_SE2 94 -2.61526 -2.18457 -1.50741
VERTEX_SE2 95 -1.05343 -1.97309 -1.25587
VERTEX_SE2 96 -0.137731 -1.44743 -0.831916
VERTEX_SE2 97 0.378586 -0.545095 -0.198828
VERTEX_SE2 98 0.442836 0.192491 0.00273433
VERTEX_SE2 99 0.405255 1.03227 0.137078
EDGE_SE2 0 1 0.049855 0.790887 -0.0388931 20 0 0 20 0 20
EDGE_SE2 1 2 0.0645423 1.33237 -0.0652605 20 0 0 20 0 20
EDGE_SE2 2 3 0.0469631 0.870444 -0.0542251 20 0 0 20 0 20
EDGE_SE2 3 4 0.00777105 0.852526 0.0388022 20 0 0 20 0 20
EDGE_SE2 4 5 -0.00385617 0.742661 0.045517 20 0 0 20 0 20
EDGE_SE2 5 6 0.0191471 0.650657 0.0202559 20 0 0 20 0 20
EDGE_SE2 6 7 0.00333377 0.704248 0.0397159 20 0 0 20 0 20
EDGE_SE2 7 8 0.0371173 1.69937 -0.0295259 20 0 0 20 0 20
EDGE_SE2 8 9 0.00814385 1.10731 0.0680002 20 0 0 20 0 20
EDGE_SE2 9 10 0.0584733 1.47629 -0.0443575 20 0 0 20 0 20
EDGE_SE2 10 11 0.0662391 1.85368 -0.00738505 20 0 0 20 0 20
EDGE_SE2 11 12 0.0774847 1.27447 -0.0481693 20 0 0 20 0 20
EDGE_SE2 12 13 0.00379558 0.868824 0.0280684 20 0 0 20 0 20
EDGE_SE2 13 14 0.0190488 1.21063 0.0833747 20 0 0 20 0 20
EDGE_SE2 14 15 -0.0701031 0.841263 0.230946 20 0 0 20 0 20
EDGE_SE2 15 16 -0.453058 1.53346 0.661202 20 0 0 20 0 20
EDGE_SE2 16 17 -1.25112 2.63615 0.682152 20 0 0 20 0 20
EDGE_SE2 17 18 0.102657 2.52007 -0.0630636 20 0 0 20 0 20
EDGE_SE2 18 19 0.175825 3.32453 -0.0212115 20 0 0 20 0 20
EDGE_SE2 19 20 0.0155158 0.663117 -0.0203067 20 0 0 20 0 20
EDGE_SE2 20 21 0.0413831 1.01448 -0.00844002 20 0 0 20 0 20
EDGE_SE2 21 22 0.0314969 1.10362 -0.0180089 20 0 0 20 0 20
EDGE_SE2 22 23 -0.0295272 1.01564 0.124755 20 0 0 20 0 20
EDGE_SE2 23 24 -0.0020941 0.631037 0.0843083 20 0 0 20 0 20
EDGE_SE2 24 25 -0.0564173 0.593885 0.238855 20 0 0 20 0 20
EDGE_SE2 25 26 -0.0942079 0.618762 0.315668 20 0 0 20 0 20
EDGE_SE2 26 27 -0.161965 0.924218 0.378634 20 0 0 20 0 20
EDGE_SE2 27 28 -0.190234 1.24406 0.276667 20 0 0 20 0 20
EDGE_SE2 28 29 -0.0530214 1.15447 0.134882 20 0 0 20 0 20
EDGE_SE2 29 30 -0.0725685 1.34799 0.128754 20 0 0 20 0 20
EDGE_SE2 30 31 0.0489598 1.41823 6.24644 20 0 0 20 0 20
EDGE_SE2 31 32 0.031129 0.83682 -0.00885367 20 0 0 20 0 20
EDGE_SE2 32 33 0.0103847 0.654405 -6.50883e-05 20 0 0 20 0 20
EDGE_SE2 33 34 0.0263869 0.808603 -0.0114036 20 0 0 20 0 20
EDGE_SE2 34 35 0.0941372 1.89692 -0.0211174 20 0 0 20 0 20
EDGE_SE2 35 36 0.0548749 1.46846 -0.0227473 20 0 0 20 0 20
EDGE_SE2 36 37 0.0399164 0.795531 -0.0771861 20 0 0 20 0 20
EDGE_SE2 37 38 0.0705478 1.07854 -0.0459282 20 0 0 20 0 20
EDGE_SE2 38 39 -0.0229153 1.10182 0.0863483 20 0 0 20 0 20
EDGE_SE2 39 40 -0.0115892 1.0341 0.0724759 20 0 0 20 0 20
EDGE_SE2 40 41 -0.0655829 1.34577 0.129322 20 0 0 20 0 20
EDGE_SE2 41 42 -0.16644 1.35093 6.66298 20 0 0 20 0 20
EDGE_SE2 42 43 -0.256526 1.02223 6.88488 20 0 0 20 0 20
EDGE_SE2 43 44 -0.538971 1.39594 6.67858 20 0 0 20 0 20
EDGE_SE2 44 45 0.256061 1.54341 6.25262 20 0 0 20 0 20
EDGE_SE2 45 46 -0.267429 1.44675 6.55746 20 0 0 20 0 20
EDGE_SE2 46 47 -0.293882 1.15898 6.92658 20 0 0 20 0 20
EDGE_SE2 47 48 -0.16074 0.728658 6.71332 20 0 0 20 0 20
EDGE_SE2 48 49 -0.098657 0.876267 6.48283 20 0 0 20 0 20
EDGE_SE2 0 49 0.458501 0.120914 -0.123082 37 0 0 37 0 37
EDGE_SE2 49 50 -0.0432054 0.939945 6.41601 20 0 0 20 0 20
EDGE_SE2 50 51 -0.0405063 1.02991 6.39586 20 0 0 20 0 20
EDGE_SE2 2 51 0.277299 0.0618824 0.228551 37 0 0 37 0 37
EDGE_SE2 51 52 0.034616 0.902331 6.2319 20 0 0 20 0 20
EDGE_SE2 52 53 0.0803666 1.05998 6.21135 20 0 0 20 0 20
EDGE_SE2 4 53 -0.120716 0.248986 0.128799 38 0 0 38 0 38
EDGE_SE2 53 54 0.0278817 0.758638 6.27589 20 0 0 20 0 20
EDGE_SE2 5 54 -0.137275 0.287474 0.0841396 34 0 0 34 0 34
EDGE_SE2 6 54 -0.144024 -0.373089 0.0635571 37 0 0 37 0 37
EDGE_SE2 54 55 0.0421323 0.716477 6.2532 20 0 0 20 0 20
EDGE_SE2 7 55 -0.229369 -0.356136 -0.0174196 36 0 0 36 0 36
EDGE_SE2 55 56 0.0285414 1.11224 6.26588 20 0 0 20 0 20
EDGE_SE2 7 56 -0.189638 0.681454 -0.0351699 39 0 0 39 0 39
EDGE_SE2 8 56 -0.203138 -0.957744 -0.00616255 34 0 0 34 0 34
EDGE_SE2 56 57 0.0496881 1.48283 6.30264 20 0 0 20 0 20
EDGE_SE2 57 58 -0.0025013 1.22684 6.34675 20 0 0 20 0 20
EDGE_SE2 9 58 -0.082026 0.605797 0.0123681 36 0 0 36 0 36
EDGE_SE2 58 59 0.0421953 0.810177 6.23212 20 0 0 20 0 20
EDGE_SE2 10 59 -0.110203 -0.101493 0.00627548 43 0 0 43 0 43
EDGE_SE2 59 60 0.163114 1.51341 6.18228 20 0 0 20 0 20
EDGE_SE2 60 61 0.00976711 1.28323 6.28607 20 0 0 20 0 20
EDGE_SE2 61 62 0.0255761 0.731748 6.25077 20 0 0 20 0 20
EDGE_SE2 62 63 0.032885 0.759846 6.26041 20 0 0 20 0 20
EDGE_SE2 63 64 -0.125596 1.61894 6.54578 20 0 0 20 0 20
EDGE_SE2 64 65 -0.444521 1.55031 6.98414 20 0 0 20 0 20
EDGE_SE2 65 66 -0.717969 1.5909 6.97361 20 0 0 20 0 20
EDGE_SE2 66 67 -0.256351 2.73771 6.44682 20 0 0 20 0 20
EDGE_SE2 67 68 0.490147 2.6788 6.07941 20 0 0 20 0 20
EDGE_SE2 68 69 -0.0890135 2.26541 6.36805 20 0 0 20 0 20
EDGE_SE2 69 70 0.016132 0.77625 6.28376 20 0 0 20 0 20
EDGE_SE2 70 71 0.0931654 1.28409 6.19951 20 0 0 20 0 20
EDGE_SE2 71 72 0.0551818 1.20343 6.26989 20 0 0 20 0 20
EDGE_SE2 72 73 -0.0225109 0.785514 6.42087 20 0 0 20 0 20
EDGE_SE2 73 74 -0.0585991 0.613093 6.53682 20 0 0 20 0 20
EDGE_SE2 74 75 -0.0839392 0.673801 6.59247 20 0 0 20 0 20
EDGE_SE2 26 75 0.0164641 -0.101256 -0.0769348 36 0 0 36 0 36
EDGE_SE2 75 76 -0.194837 0.850951 6.7487 20 0 0 20 0 20
EDGE_SE2 76 77 -0.269749 1.18905 6.63267 20 0 0 20 0 20
EDGE_SE2 28 77 -0.184433 -0.19029 0.0796133 36 0 0 36 0 36
EDGE_SE2 77 78 -0.0117269 1.46303 6.39348 20 0 0 20 0 20
EDGE_SE2 78 79 0.0454338 1.22763 6.26205 20 0 0 20 0 20
EDGE_SE2 79 80 0.0897486 1.05159 6.22158 20 0 0 20 0 20
EDGE_SE2 31 80 -0.0408882 -0.378258 -0.119953 35 0 0 35 0 35
EDGE_SE2 80 81 -0.00757056 1.14145 6.3555 20 0 0 20 0 20
EDGE_SE2 81 82 0.0122385 0.794445 6.27737 20 0 0 20 0 20
EDGE_SE2 82 83 0.0645063 1.20302 6.23033 20 0 0 20 0 20
EDGE_SE2 83 84 0.0280654 0.797761 6.28196 20 0 0 20 0 20
EDGE_SE2 84 85 -0.0130132 1.84066 6.31935 20 0 0 20 0 20
EDGE_SE2 85 86 0.0132213 0.78756 6.30783 20 0 0 20 0 20
EDGE_SE2 86 87 -0.0134144 0.907004 6.31776 20 0 0 20 0 20
EDGE_SE2 87 88 0.105539 1.25203 6.21046 20 0 0 20 0 20
EDGE_SE2 88 89 -0.00355927 1.07942 6.34737 20 0 0 20 0 20
EDGE_SE2 40 89 -0.0287633 -0.215237 0.00804933 41 0 0 41 0 41
EDGE_SE2 89 90 -0.0837808 1.56588 6.4337 20 0 0 20 0 20
EDGE_SE2 41 90 -0.0795782 0.0290892 0.0148012 40 0 0 40 0 40
EDGE_SE2 90 91 -0.0641651 1.20331 12.7699 20 0 0 20 0 20
EDGE_SE2 91 92 -0.260853 1.00233 13.1944 20 0 0 20 0 20
EDGE_SE2 92 93 -0.528894 1.09371 13.0933 20 0 0 20 0 20
EDGE_SE2 44 93 0.00901549 -0.500454 0.0127372 40 0 0 40 0 40
EDGE_SE2 93 94 0.136996 2.21143 12.5358 20 0 0 20 0 20
EDGE_SE2 94 95 -0.117183 1.653 12.8579 20 0 0 20 0 20
EDGE_SE2 46 95 -0.000125475 -0.0453751 0.0282645 44 0 0 44 0 44
EDGE_SE2 95 96 -0.208552 1.04548 13.0293 20 0 0 20 0 20
EDGE_SE2 47 96 -0.0774355 -0.162493 -0.154404 38 0 0 38 0 38
EDGE_SE2 96 97 -0.324809 0.985018 13.2339 20 0 0 20 0 20
EDGE_SE2 48 97 -0.0120774 0.148892 0.0788746 44 0 0 44 0 44
EDGE_SE2 97 98 -0.0967808 0.721715 12.795 20 0 0 20 0 20
EDGE_SE2 0 98 0.473621 0.229211 0.00470418 42 0 0 42 0 42
EDGE_SE2 49 98 -0.0686388 0.00794161 0.10916 45 0 0 45 0 45
EDGE_SE2 98 99 -0.0541257 0.870252 12.7167 20 0 0 20 0 20
EDGE_SE2 1 99 0.303102 0.258339 0.188529 41 0 0 41 0 41
EDGE_SE2 50 99 -0.0721655 -0.113923 0.136851 40 0 0 40 0 40
