32 1 95
30 0 52
35 0 52
30 0 29
35 0 37
32 0 31
31 0 33
33 1 33
30 0 34
32 0 29
37 0 49
27 1 38
29 1 43
31 2 43
34 4 66
36 1 72
31 1 46
27 1 40
34 1 83
30 2 72
34 2 68
33 2 96
30 2 78
34 4 98
34 2 123
32 7 176
29 2 95
24 1 36
26 6 95
31 0 95
28 3 87
27 1 85
26 1 29
29 0 51
30 0 58
32 1 48
28 1 35
33 1 37
28 0 27
32 0 32
30 1 44
26 2 24
38 0 90
38 3 48
27 2 24
31 1 44
26 1 36
27 1 33
33 1 65
35 0 39
32 1 119
32 2 61
32 1 64
26 2 51
28 1 55
32 2 37
30 5 83
26 1 34
28 5 57
22 2 37
26 0 34
27 2 47
28 12 30
30 1 35
34 0 56
27 0 41
28 0 27
30 0 30
27 0 18
25 0 39
33 0 60
33 0 35
34 1 43
29 2 67
24 1 22
21 2 37
26 1 69
29 1 67
34 2 58
34 1 63
36 2 61
35 1 55
30 1 66
28 1 134
29 1 64
28 1 93
29 1 163
32 1 97
32 1 105
26 1 51
40 1 92
33 1 96
31 1 84
30 1 79
32 3 107
35 1 68
29 2 69
30 1 93
25 1 56
25 1 50
30 1 53
32 1 48
29 0 42
28 16 48
24 7 27
22 177 11
20 0 10
28 1 34
27 2 40
28 0 29
29 0 26
24 0 20
27 1 30
21 0 26
27 0 41
21 1 24
24 1 31
26 0 28
25 1 101
23 5 55
26 1 157
29 0 96
26 2 34
26 1 32
24 1 33
24 0 26
29 2 69
28 0 45
23 1 25
23 1 25
25 0 28
27 0 27
29 1 37
29 1 28
24 1 26
22 1 26
28 1 36
18 1 13
26 1 33
23 1 29
30 1 48
22 1 29
23 0 47
21 1 36
24 1 53
27 0 58
22 1 46
23 0 50
17 0 43
26 1 58
28 1 59
24 1 72
23 0 105
22 1 57
29 1 112
19 1 77
26 0 117
23 1 88
20 1 91
31 1 109
28 3 92
30 6 76
19 1 73
25 1 35
21 1 33
30 4 52
23 1 25
13 2 17
18 0 23
24 1 36
26 1 33
21 0 28
18 1 18
19 0 45
18 2 14
37 0 38
26 1 40
21 0 16
24 1 22
18 0 14
18 0 24
17 0 19
18 1 51
20 1 28
20 0 24
15 0 24
14 0 18
18 0 21
17 0 50
20 0 36
17 0 22
22 0 56
18 0 39
20 0 23
26 0 56
29 0 44
23 0 52
23 0 42
27 0 44
25 0 36
23 0 54
20 0 27
26 1 34
22 0 34
21 0 39
19 1 46
20 1 36
19 2 45
19 1 48
18 3 82
19 1 66
19 1 54
18 1 36
21 1 84
26 1 119
30 1 141
27 0 66
24 1 132
24 1 63
22 0 110
23 0 80
27 1 95
21 1 47
22 1 65
25 2 97
22 1 84
23 1 79
26 2 79
28 1 79
22 0 41
22 1 62
21 0 31
14 1 36
14 2 21
15 1 54
16 9 34
16 15 60
12 4 20
12 1 24
13 0 25
21 0 62
21 1 72
22 1 58
20 1 67
15 1 29
17 1 61
13 1 18
16 2 37
14 1 70
12 0 92
10 1 73
17 1 98
15 0 91
11 0 100
6 0 35
11 1 99
7 1 77
6 1 43
6 1 57
8 1 75
7 1 22
7 1 30
6 1 20
7 1 21
6 1 19
6 0 18
9 1 29
7 1 20
8 1 21
9 1 22
11 1 30
10 2 37
7 0 43
9 1 25
9 1 65
11 1 35
10 1 40
10 1 19
11 1 43
10 1 10
9 0 49
14 1 76
20 1 87
16 2 70
16 0 66
12 1 20
12 0 13
16 2 49
15 3 52
11 1 35
16 1 117
17 1 84
19 0 98
17 0 86
17 1 90
16 1 68
17 0 50
21 0 91
21 0 86
19 0 84
21 0 90
19 0 79
24 0 85
20 1 82
20 0 74
23 0 107
23 0 61
20 0 49
24 0 52
21 0 57
20 0 62
17 2 81
22 0 81
16 1 67
23 0 86
18 0 72
23 1 73
22 0 85
23 0 73
22 1 68
21 0 99
22 1 112
20 0 89
22 0 68
23 9 94
20 0 57
21 13 113
21 2 87
18 3 71
20 1 69
20 1 50
24 1 131
22 2 124
21 2 77
19 0 64
19 0 63
18 1 52
19 1 70
17 1 62
18 0 56
19 0 61
16 0 51
19 0 51
19 1 52
15 0 38
22 2 83
21 1 74
21 0 75
19 2 88
21 1 109
18 0 60
19 0 55
18 2 77
20 0 131
15 1 45
15 0 41
17 0 66
16 1 66
16 1 64
21 2 116
22 0 83
16 2 83
19 1 111
20 1 98
19 1 82
20 5 85
20 0 89
20 2 96
20 1 86
19 1 76
20 0 93
20 12 58
22 5 120
21 0 107
15 0 68
17 0 79
18 1 78
16 1 47
13 1 52
12 0 63
17 1 39
14 0 40
10 0 29
16 1 40
14 1 54
14 0 31
16 1 49
15 1 55
16 0 88
16 0 36
18 0 65
17 0 81
15 1 31
17 11 46
18 2 68
14 0 34
19 0 67
20 0 66
18 2 64
17 1 55
18 0 73
22 1 67
14 1 60
15 1 40
18 0 59
15 1 40
16 1 86
15 0 38
15 0 42
16 0 30
13 0 21
17 0 45
14 0 55
17 0 59
19 0 71
15 0 60
13 0 74
16 0 46
21 0 69
15 0 51
17 0 70
21 0 72
20 0 81
22 0 89
21 0 59
19 0 66
26 0 87
24 2 71
23 0 43
27 1 103
28 0 114
21 1 85
23 1 94
21 1 53
20 1 114
23 1 80
27 1 99
26 1 129
26 2 137
27 0 120
27 1 107
27 1 111
25 1 62
22 11 98
21 1 92
23 0 63
25 10 85
20 1 90
19 1 75
21 1 57
20 1 79
20 1 49
20 1 100
19 1 79
22 1 65
22 0 48
18 1 106
25 0 125
24 0 120
25 1 83
22 96 46
20 1 146
24 0 94
25 33 89
23 2 66
21 0 61
20 1 57
19 1 104
19 0 53
19 1 89
18 2 103
19 1 74
17 1 45
19 1 54
20 1 63
20 1 97
23 1 149
22 2 122
21 0 46
23 1 73
18 16 71
22 1 107
14 1 85
19 0 97
24 1 91
22 1 116
20 1 94
21 0 79
18 16 44
18 1 100
25 1 48
28 2 114
30 2 79
34 1 95
33 0 61
31 0 105
25 3 64
27 10 69
27 21 37
28 1 105
26 3 47
27 1 44
30 0 56
32 1 42
27 1 36
31 1 32
37 29 52
40 34 56
37 2 54
37 2 122
38 1 93
39 6 70
37 18 74
35 1 83
29 40 93
29 51 65
27 4 73
28 8 49
28 0 55
27 1 148
22 0 20
27 37 97
21 0 34
21 0 40
20 0 47
23 0 27
24 1 22
30 21 87
28 1 139
25 2 57
24 37 82
28 0 82
31 0 82
22 0 83
25 21 111
26 5 76
26 0 60
25 0 72
23 19 68
25 17 116
31 120 61
28 0 63
25 11 71
28 0 80
27 3 51
29 0 40
29 6 80
25 18 52
27 1 66
28 0 65
22 23 59
27 104 52
26 1 52
25 0 113
25 19 56
24 0 47
22 0 52
21 0 10
24 27 44
24 0 38
22 0 36
28 1 20
25 0 15
23 10 14
19 22 13
23 0 99
30 0 23
27 0 536
24 5 10
24 158 23
24 1 221
22 126 185
16 1 49
20 1 40
20 18 60
17 0 22
20 1 33
20 16 39
27 22 77
21 72 110
22 1 80
24 0 95
27 15 114
29 0 130
29 0 67
29 8 145
29 11 106
29 11 113
29 23 154
29 1 81
25 0 90
27 0 141
21 0 76
24 0 127
19 0 49
20 0 36
20 0 55
18 2 31
20 0 30
20 0 26
22 1 43
27 1 89
30 1 95
24 1 70
25 2 47
30 1 83
28 20 43
31 1 95
28 19 48
23 11 63
29 0 31
32 1 44
26 5 61
27 1 58
28 1 81
31 0 134
26 6 88
23 2 134
24 23 84
26 0 39
25 1 36
27 1 75
26 12 31
28 0 52
30 1 66
26 0 55
29 1 44
26 1 121
21 26 46
33 21 101
29 1 91
23 0 58
21 0 80
17 0 9
14 0 7
15 0 14
19 49 53
19 0 43
16 0 29
21 0 53
17 1 99
20 0 36
20 0 59
19 1 58
18 22 122
22 24 172
19 1 55
19 1 62
20 7 53
24 0 67
21 1 51
22 1 82
22 1 80
21 1 118
15 12 41
15 0 35
22 0 53
17 1 55
17 1 38
14 1 29
17 0 57
20 8 108
18 1 48
23 0 56
18 13 31
16 1 29
20 13 15
18 0 37
17 1 41
24 99 38
15 22 9
13 1 38
20 1 44
20 5 41
19 1 26
16 2 19
22 2 21
16 1 32
16 1 9
19 0 12
18 0 19
23 1 24
21 0 26
21 1 42
21 1 24
23 1 26
24 1 22
22 0 15
22 0 12
24 26 33
23 19 46
24 1 18
20 1 25
21 0 28
23 1 20
18 12 15
16 1 30
23 1 76
16 1 44
13 1 46
21 2 65
24 55 141
18 15 106
21 1 79
19 1 54
18 4 69
21 1 91
18 1 93
15 2 57
15 1 50
18 0 77
11 1 25
14 1 30
13 0 44
15 10 32
17 98 55
16 1 11
13 1 7
17 1 11
14 0 10
19 1 32
15 1 17
16 4 12
14 0 10
14 1 10
17 1 24
18 1 17
19 1 15
18 1 16
24 0 43
20 24 33
19 1 25
18 1 25
19 0 22
20 2 19
14 1 18
15 1 35
15 1 21
16 4 12
14 1 11
18 2 34
20 0 20
16 0 16
16 0 23
23 0 28
24 1 72
20 0 55
17 1 39
19 1 21
20 1 32
14 1 15
17 2 17
15 1 14
15 1 43
18 0 21
10 0 23
14 2 39
15 1 57
17 1 49
15 1 47
15 2 63
18 1 57
15 1 43
14 1 128
15 1 51
10 1 43
12 1 82
13 26 65
11 1 87
12 0 55
7 0 57
10 0 44
12 1 87
9 1 82
12 1 75
12 0 37
8 1 29
9 13 7
10 1 14
16 1 27
17 1 27
18 1 23
18 1 57
19 0 62
20 0 69
21 1 68
23 1 68
20 1 58
19 2 58
17 1 41
16 0 23
18 1 72
16 1 52
16 1 65
12 1 41
8 1 43
14 1 77
10 0 43
9 0 43
11 0 50
12 1 93
17 1 106
14 1 84
15 18 118
15 1 79
13 3 74
10 0 51
15 0 66
9 1 22
12 1 45
14 0 52
14 1 47
10 1 27
15 1 54
10 1 46
13 1 49
12 0 39
11 0 29
11 1 34
13 1 41
17 1 48
15 1 42
13 1 72
12 1 36
11 1 60
12 1 35
15 0 84
13 1 38
11 1 23
11 1 64
13 1 47
11 2 29
10 2 61
16 1 88
11 4 48
18 15 74
15 15 49
12 1 39
16 1 98
16 1 56
11 1 29
14 1 33
18 1 54
19 1 71
14 0 65
19 0 63
13 1 43
13 0 75
13 0 65
14 1 88
18 1 66
13 1 30
15 0 48
16 1 137
10 1 21
11 0 51
15 1 55
18 1 86
17 1 43
11 1 15
13 1 26
17 0 38
20 1 52
16 0 45
19 1 44
16 1 27
18 0 41
18 1 37
18 1 93
15 1 22
14 1 30
18 1 43
19 0 89
20 1 64
19 1 58
22 1 66
21 1 44
22 1 77
17 1 28
19 1 82
20 1 36
20 0 32
18 1 54
18 1 60
20 0 45
24 2 56
22 1 42
24 1 76
25 0 24
18 1 24
28 0 39
24 12 44
28 1 51
27 1 37
26 0 40
28 1 42
28 1 30
27 1 28
27 0 27
29 1 38
35 3 61
30 7 34
27 1 49
36 1 60
32 1 55
25 0 95
35 1 114
31 1 71
34 1 102
33 7 50
35 0 39
32 3 82
30 4 58
33 2 50
35 1 59
33 1 56
38 0 54
33 3 60
32 2 93
32 10 50
32 1 83
31 0 50
28 2 103
28 5 110
30 3 68
27 17 49
30 1 49
27 1 44
26 1 38
24 1 45
29 1 28
26 0 58
29 0 57
32 5 62
28 3 120
28 1 60
26 3 40
31 1 64
29 1 154
25 1 47
23 1 52
26 1 48
33 17 63
27 7 64
30 11 56
32 1 119
31 1 91
28 0 84
30 4 134
31 1 114
30 4 137
34 1 85
27 1 115
29 1 74
30 1 66
29 1 61
31 1 82
28 1 49
32 3 74
28 1 80
34 1 116
35 1 71
35 1 52
34 1 60
23 35 61
28 25 70
36 2 88
31 1 46
30 10 70
33 0 54
29 2 33
29 1 57
27 7 44
30 2 80
30 1 42
30 1 52
24 1 36
23 1 56
25 26 53
28 1 115
31 1 56
27 1 50
22 1 23
29 1 40
32 0 37
33 1 61
29 1 44
36 2 63
33 1 34
30 2 29
32 1 33
34 1 46
31 1 31
28 53 55
26 1 70
25 0 19
30 1 31
36 1 61
32 1 62
34 2 70
32 1 119
30 1 80
33 0 117
29 0 61
24 1 127
28 59 54
28 0 135
30 1 116
32 0 90
30 2 135
36 1 188
32 1 143
28 2 141
28 1 132
29 1 72
31 2 154
25 1 45
27 1 46
27 1 79
23 1 66
26 0 64
22 1 41
22 1 45
23 0 17
22 1 32
26 1 45
22 1 26
23 1 24
30 1 42
32 1 44
27 0 40
28 1 32
25 0 28
29 0 40
21 0 21
23 0 39
23 1 22
23 0 23
25 0 51
26 0 44
25 0 39
25 1 41
28 0 34
26 1 37
25 8 50
23 0 41
23 2 85
24 0 32
29 1 55
23 1 38
27 0 38
28 0 45
31 1 42
31 0 58
26 2 27
28 0 52
27 1 27
32 1 50
32 1 42
25 1 33
32 0 27
27 0 25
28 1 61
21 1 35
29 17 56
24 6 50
25 0 57
23 0 51
26 0 67
21 4 82
22 0 47
28 1 59
21 0 72
27 0 103
27 0 78
29 0 86
26 0 49
27 0 74
29 1 62
25 1 73
31 0 80
30 0 76
27 0 113
25 0 95
25 0 95
27 1 98
25 1 88
24 0 78
24 1 82
23 0 45
20 0 26
19 0 23
16 0 22
18 0 69
14 1 15
16 0 40
22 0 25
18 0 14
20 0 18
18 0 36
24 0 34
16 7 40
20 6 57
18 25 36
17 0 14
22 0 61
23 1 40
21 0 67
21 1 47
18 0 14
19 0 22
24 0 54
19 0 26
18 0 23
20 0 58
17 0 26
20 1 26
22 0 62
20 0 42
21 0 24
21 0 43
25 0 35
26 0 34
22 0 16
29 1 34
27 0 62
25 1 64
26 0 76
32 1 81
23 1 56
26 1 97
24 1 66
30 0 156
27 1 170
22 4 184
28 11 166
26 1 170
26 2 194
24 1 145
24 0 160
25 0 139
21 1 98
27 0 131
23 3 93
22 1 79
25 1 88
22 4 146
20 1 46
25 1 100
19 0 28
21 0 48
18 0 24
16 0 23
16 1 58
13 0 18
15 5 33
12 3 25
15 0 61
18 4 63
13 1 13
14 0 21
12 0 11
17 0 92
16 1 41
8 0 31
15 0 57
13 1 35
9 13 39
13 0 115
14 0 63
8 7 30
10 1 38
6 1 32
5 0 42
6 0 22
4 0 11
6 0 22
7 0 16
6 0 35
10 1 38
8 8 60
8 1 20
7 0 32
7 1 30
8 0 42
9 0 31
9 0 48
7 0 31
10 1 58
11 1 63
10 2 84
14 3 31
18 19 113
17 1 100
15 0 103
13 0 41
17 3 103
18 1 84
18 0 116
16 0 89
11 1 56
21 0 123
17 1 91
18 1 105
20 1 134
22 1 134
25 1 150
26 1 132
19 1 122
21 1 98
21 1 84
21 0 110
24 0 94
23 9 99
21 0 108
21 0 100
20 0 113
17 19 80
15 4 46
19 0 82
23 0 70
21 0 66
17 2 97
22 0 125
18 0 71
19 0 48
22 0 86
19 0 50
17 1 67
20 0 41
22 1 81
22 10 113
22 1 62
19 1 40
19 0 59
19 0 56
17 1 34
17 0 41
17 0 36
17 1 45
19 2 41
20 0 48
23 2 57
24 1 55
17 0 67
18 0 39
20 2 54
23 0 76
21 0 58
21 1 58
23 1 62
21 1 54
18 0 27
24 10 49
19 0 46
18 0 46
17 0 48
14 1 56
16 3 42
15 4 39
17 1 128
14 1 59
13 0 41
17 0 59
21 0 67
16 1 55
17 1 53
19 1 57
19 10 67
20 0 72
19 0 148
16 1 84
15 1 42
17 1 88
15 1 30
16 1 61
16 0 40
17 1 80
18 1 59
14 5 65
20 1 96
17 1 72
16 1 80
15 0 69
21 1 63
18 1 52
20 0 88
19 1 66
19 0 76
18 1 70
20 1 79
19 1 60
17 15 55
18 0 50
19 1 38
14 0 30
15 1 51
15 0 53
11 1 32
10 0 26
11 0 30
13 0 34
15 0 33
15 1 48
14 0 68
16 0 84
12 1 39
19 1 48
19 0 41
14 4 33
18 0 52
20 0 65
15 0 56
16 1 64
20 0 43
19 0 39
20 0 54
19 0 74
19 1 89
19 1 64
14 0 42
20 1 74
16 0 68
15 0 34
16 1 43
15 0 54
17 0 55
18 0 68
15 0 44
16 0 59
15 0 68
14 1 73
17 0 37
19 0 35
18 1 36
21 0 41
22 0 40
24 1 58
17 0 52
22 1 53
22 4 123
22 1 47
25 0 125
29 6 67
29 1 64
24 1 70
24 1 60
20 0 59
25 1 62
23 2 66
24 1 72
26 1 67
24 5 70
23 1 77
25 1 104
24 1 75
24 1 73
22 1 62
24 0 60
19 0 56
24 1 74
21 0 50
18 1 63
20 0 47
22 0 93
18 0 72
19 7 92
17 1 60
19 0 86
18 1 93
21 1 71
18 0 65
28 1 123
26 1 115
18 1 72
20 1 60
19 1 59
20 0 72
19 1 54
19 1 57
15 0 34
22 0 50
14 1 39
19 0 51
12 1 58
13 1 35
18 1 41
24 1 56
16 0 78
20 0 77
18 1 56
19 1 85
18 1 233
21 4 112
23 6 119
19 1 56
21 0 92
21 22 107
17 4 49
15 7 76
20 1 52
15 1 29
28 0 68
27 1 49
31 1 44
29 138 82
28 1 42
33 0 36
28 1 53
29 1 77
26 1 51
25 1 63
22 1 37
27 2 29
26 2 30
29 9 46
33 1 75
37 0 25
35 1 70
39 1 124
37 3 68
38 0 38
30 26 26
29 2 34
29 1 37
27 2 27
28 7 49
30 15 67
31 1 84
26 1 123
20 18 61
22 0 32
27 12 87
20 15 24
28 1 89
24 0 34
25 1 37
28 0 59
28 1 65
30 1 52
23 1 41
28 1 72
26 0 75
35 0 58
25 5 62
30 0 77
28 0 73
28 0 107
29 1 249
26 9 84
29 2 65
27 28 74
29 0 65
23 1 87
24 1 75
30 1 80
30 2 76
27 1 36
22 1 30
25 1 24
25 1 43
25 0 22
24 0 29
23 1 32
24 1 20
21 1 14
23 0 16
22 0 17
20 1 51
21 0 22
24 1 30
25 0 33
25 14 38
25 1 19
25 0 19
25 2 31
24 1 47
24 1 30
32 1 29
27 1 25
27 1 22
28 1 24
25 1 21
30 0 42
26 1 53
25 0 33
21 0 42
27 1 40
22 1 43
22 1 34
22 1 33
30 0 67
30 2 81
29 1 94
29 1 63
35 2 120
28 1 121
29 1 87
28 1 85
23 1 66
20 1 61
26 0 70
27 1 71
23 0 43
29 10 66
23 38 105
22 0 58
22 1 41
24 1 43
24 0 41
23 1 42
19 1 36
23 2 40
23 1 35
27 1 40
27 0 50
24 1 49
21 0 43
27 0 47
25 1 49
27 1 38
24 2 38
32 2 58
26 1 54
23 1 50
24 1 42
25 1 94
28 0 67
25 0 78
23 1 53
24 1 105
27 1 50
26 1 53
27 0 56
31 1 48
27 1 52
26 1 41
28 1 42
32 0 100
28 0 58
20 2 21
24 1 32
27 2 25
20 12 23
26 1 77
18 8 32
18 2 85
16 31 31
17 1 59
14 3 22
21 3 145
19 59 104
23 1 74
19 2 66
30 0 143
33 1 318
26 93 103
24 41 190
25 2 70
28 1 231
23 1 156
19 36 151
24 1 112
22 3 110
19 2 60
21 15 90
18 1 39
16 1 29
22 1 103
17 1 52
16 2 28
13 1 75
17 1 30
19 1 155
13 2 23
11 1 14
20 224 181
13 781 32
19 11 37
15 5 15
20 2 45
16 2 12
19 3 58
15 1 6
18 22 70
15 1 35
17 10 58
16 0 17
23 1 79
12 4 18
18 1 14
20 2 19
20 1 12
23 1 27
22 11 35
26 1 37
25 3 59
28 12 105
26 251 27
22 16 18
20 5 35
21 2 37
18 1 37
20 1 13
16 2 38
17 2 15
20 2 81
17 1 75
20 1 81
24 2 240
19 4 144
21 2 188
22 5 139
24 2 123
19 1 82
17 4 256
19 11 90
17 1 39
13 1 34
18 1 53
17 2 63
18 3 119
17 14 25
18 8 21
13 1 27
15 1 33
15 33 82
15 2 41
15 1 18
16 0 20
16 1 28
14 4 38
17 1 20
16 0 15
26 2 36
20 2 19
17 1 11
25 1 27
15 1 9
18 1 20
22 3 20
18 4 25
20 4 40
17 2 45
15 1 19
16 1 23
15 0 11
14 1 20
14 1 12
13 2 24
17 0 14
15 2 30
19 1 25
18 1 15
17 0 17
24 1 27
20 2 16
23 0 69
17 7 201
16 3 55
16 1 27
21 3 51
18 1 32
15 1 14
16 0 30
14 0 11
18 3 77
14 2 48
15 0 50
18 0 86
18 5 71
21 1 63
14 0 32
16 1 33
15 0 37
12 0 35
10 0 33
10 0 45
12 0 47
18 0 66
8 1 31
11 1 33
20 0 48
18 0 50
8 0 16
10 0 23
18 1 22
19 1 59
17 0 24
17 0 35
22 0 30
27 0 82
22 0 83
28 0 84
24 0 56
26 0 180
24 1 99
21 0 44
20 0 39
31 0 43
25 2 96
17 2 49
14 7 47
18 30 62
12 0 124
19 0 93
19 1 77
15 1 79
16 1 65
12 1 75
12 0 60
11 0 69
10 0 42
11 0 73
12 0 66
10 1 54
12 0 70
10 1 26
13 0 65
13 0 75
11 0 66
12 2 106
12 2 91
10 0 48
12 0 44
13 0 42
17 0 38
17 1 35
12 0 39
13 0 29
13 0 29
19 0 58
13 0 32
12 0 34
14 0 38
8 1 24
14 0 49
16 1 38
14 0 39
14 1 39
21 0 63
14 1 70
11 1 29
12 0 37
13 1 32
13 0 35
16 1 49
19 0 92
15 0 53
18 0 47
19 1 90
21 0 119
21 2 122
15 1 91
16 0 52
16 5 79
17 1 60
16 1 124
18 1 106
15 1 103
16 1 94
13 0 89
13 1 88
15 1 60
13 1 57
13 0 26
14 1 74
14 7 44
13 1 39
15 0 41
13 2 36
14 1 36
15 1 49
15 1 50
17 3 81
15 1 46
17 0 62
18 0 129
20 4 81
17 1 41
19 1 48
18 1 43
16 1 50
15 0 40
18 0 57
15 2 62
15 1 64
17 1 78
17 1 50
22 1 88
19 1 66
18 3 50
22 1 50
18 2 43
17 15 58
18 1 69
19 1 64
21 1 76
23 4 43
22 2 38
24 2 60
24 5 34
30 1 73
25 1 33
28 1 105
24 2 98
25 1 36
24 1 89
22 1 12
22 1 14
26 1 30
25 2 30
28 1 44
25 1 41
23 0 83
23 1 28
25 1 36
29 1 85
22 2 28
27 5 54
25 2 95
29 1 81
32 1 75
35 5 218
34 12 63
36 1 69
28 2 40
41 1 86
44 2 117
38 3 115
32 6 71
37 2 71
33 3 46
30 3 72
23 1 59
30 1 70
26 6 67
38 1 123
27 5 31
32 15 56
26 1 35
27 1 56
28 2 35
27 2 28
28 3 95
28 3 99
33 0 121
30 1 101
35 1 83
33 1 61
34 14 43
27 2 63
29 2 60
36 1 89
32 3 106
35 1 42
36 0 68
41 2 144
42 1 113
38 1 109
38 1 71
34 1 75
42 1 82
