thread: -1218344080 selling ticket: 1
thread: -1218344080 selling ticket: 2
thread: -1218344080 selling ticket: 3
thread: -1218344080 selling ticket: 4
thread: -1218344080 selling ticket: 5
thread: -1218344080 selling ticket: 6
thread: -1218344080 selling ticket: 7
thread: -1218344080 selling ticket: 8
thread: -1218344080 selling ticket: 9
thread: -1218344080 selling ticket: 10
thread: -1218344080 selling ticket: 11
thread: -1218344080 selling ticket: 12
thread: -1218344080 selling ticket: 13
thread: -1218344080 selling ticket: 14
thread: -1218344080 selling ticket: 15
thread: -1218344080 selling ticket: 16
thread: -1218344080 selling ticket: 17
thread: -1218344080 selling ticket: 18
thread: -1218344080 selling ticket: 19
thread: -1218344080 selling ticket: 20
thread: -1218344080 selling ticket: 21
thread: -1218344080 selling ticket: 22
thread: -1218344080 selling ticket: 23
thread: -1218344080 selling ticket: 24
thread: -1218344080 selling ticket: 25
thread: -1218344080 selling ticket: 26
thread: -1218344080 selling ticket: 27
thread: -1218344080 selling ticket: 28
thread: -1218344080 selling ticket: 29
thread: -1218344080 selling ticket: 30
thread: -1218344080 selling ticket: 31
thread: -1218344080 selling ticket: 32
thread: -1218344080 selling ticket: 33
thread: -1218344080 selling ticket: 34
thread: -1218344080 selling ticket: 35
thread: -1218344080 selling ticket: 36
thread: -1218344080 selling ticket: 37
thread: -1218344080 selling ticket: 38
thread: -1218344080 selling ticket: 39
thread: -1218344080 selling ticket: 40
thread: -1218344080 selling ticket: 41
thread: -1218344080 selling ticket: 42
thread: -1218344080 selling ticket: 43
thread: -1218344080 selling ticket: 44
thread: -1218344080 selling ticket: 45
thread: -1218344080 selling ticket: 46
thread: -1218344080 selling ticket: 47
thread: -1218344080 selling ticket: 48
thread: -1218344080 selling ticket: 49
thread: -1218344080 selling ticket: 50
thread: -1218344080 selling ticket: 51
thread: -1218344080 selling ticket: 52
thread: -1218344080 selling ticket: 53
thread: -1218344080 selling ticket: 54
thread: -1218344080 selling ticket: 55
thread: -1218344080 selling ticket: 56
thread: -1218344080 selling ticket: 57
thread: -1218344080 selling ticket: 58
thread: -1218344080 selling ticket: 59
thread: -1218344080 selling ticket: 60
thread: -1218344080 selling ticket: 61
thread: -1218344080 selling ticket: 62
thread: -1218344080 selling ticket: 63
thread: -1218344080 selling ticket: 64
thread: -1218344080 selling ticket: 65
thread: -1218344080 selling ticket: 66
thread: -1218344080 selling ticket: 67
thread: -1218344080 selling ticket: 68
thread: -1218344080 selling ticket: 69
thread: -1218344080 selling ticket: 70
thread: -1218344080 selling ticket: 71
thread: -1218344080 selling ticket: 72
thread: -1218344080 selling ticket: 73
thread: -1218344080 selling ticket: 74
thread: -1218344080 selling ticket: 75
thread: -1218344080 selling ticket: 76
thread: -1218344080 selling ticket: 77
thread: -1218344080 selling ticket: 78
thread: -1218344080 selling ticket: 79
thread: -1218344080 selling ticket: 80
thread: -1218344080 selling ticket: 81
thread: -1218344080 selling ticket: 82
thread: -1218344080 selling ticket: 83
thread: -1218344080 selling ticket: 84
thread: -1218344080 selling ticket: 85
thread: -1218344080 selling ticket: 86
thread: -1218344080 selling ticket: 87
thread: -1218344080 selling ticket: 88
thread: -1218344080 selling ticket: 89
thread: -1218344080 selling ticket: 90
thread: -1218344080 selling ticket: 91
thread: -1218344080 selling ticket: 92
thread: -1218344080 selling ticket: 93
thread: -1218344080 selling ticket: 94
thread: -1218344080 selling ticket: 95
thread: -1218344080 selling ticket: 96
thread: -1218344080 selling ticket: 97
thread: -1218344080 selling ticket: 98
thread: -1218344080 selling ticket: 99
thread: -1218344080 selling ticket: 100
thread: -1218344080 selling ticket: 101
thread: -1218344080 selling ticket: 102
thread: -1218344080 selling ticket: 103
thread: -1218344080 selling ticket: 104
thread: -1218344080 selling ticket: 105
thread: -1218344080 selling ticket: 106
thread: -1218344080 selling ticket: 107
thread: -1218344080 selling ticket: 108
thread: -1218344080 selling ticket: 109
thread: -1218344080 selling ticket: 110
thread: -1218344080 selling ticket: 111
thread: -1218344080 selling ticket: 112
thread: -1218344080 selling ticket: 113
thread: -1218344080 selling ticket: 114
thread: -1218344080 selling ticket: 115
thread: -1218344080 selling ticket: 116
thread: -1218344080 selling ticket: 117
thread: -1218344080 selling ticket: 118
thread: -1218344080 selling ticket: 119
thread: -1218344080 selling ticket: 120
thread: -1218344080 selling ticket: 121
thread: -1218344080 selling ticket: 122
thread: -1218344080 selling ticket: 123
thread: -1218344080 selling ticket: 124
thread: -1218344080 selling ticket: 125
thread: -1218344080 selling ticket: 126
thread: -1218344080 selling ticket: 127
thread: thread: -1218344080 selling ticket: 128
thread: -1218344080 selling ticket: 129
thread: -1218344080 selling ticket: 130
thread: -1218344080 selling ticket: 131
thread: -1218344080 selling ticket: 132
thread: -1218344080 selling ticket: 133
thread: -1218344080 selling ticket: 134
thread: -1218344080 selling ticket: 135
thread: -1226736784-1218344080 selling ticket: 136
thread: -1218344080 selling ticket: 137
 get ticket: thread: 1-1218344080 selling ticket: 138
thread: -1218344080 selling ticket: 139

thread: -1218344080 selling ticket: 140
thread: -1218344080 selling ticket: 141
thread: -1218344080 selling ticket: 142
thread: -1226736784 get ticket: 2
thread: -1226736784 get ticket: 3
thread: -1226736784 get ticket: 4
thread: -1226736784 get ticket: 5
thread: -1226736784 get ticket: 6
thread: -1218344080 selling ticket: 143
thread: -1218344080 selling ticket: 144
thread: -1218344080 selling ticket: 145
thread: -1218344080 selling ticket: 146
thread: -1218344080 selling ticket: 147
thread: -1218344080 selling ticket: 148
thread: -1226736784 get ticket: 7
thread: -1226736784 get ticket: 8
thread: thread: -1226736784-1218344080 selling ticket: 149
 get ticket: thread: -1218344080 selling ticket: 150
thread: -1218344080 selling ticket: 151
thread: -1218344080 selling ticket: 152
thread: -1218344080 selling ticket: 153
thread: -1218344080 selling ticket: 154
thread: -1218344080 selling ticket: 1559

thread: -1226736784 get ticket: 10
thread: -1226736784 get ticket: 11
thread: -1226736784 get ticket: 12
thread: -1218344080 selling ticket: 156
thread: -1218344080 selling ticket: 157
thread: -1218344080 selling ticket: 158
thread: thread: -1218344080 selling ticket: 159
thread: -1218344080 selling ticket: 160
thread: -1218344080 selling ticket: 161
thread: -1218344080 selling ticket: 162
thread: -1226736784-1218344080 get ticket: 13 selling ticket: 
thread: -1226736784 get ticket: 14
thread: -1226736784 get ticket: 15
thread: -1226736784 get ticket: 16
thread: -1226736784 get ticket: 17
thread: -1226736784 get ticket: 18
thread: -1226736784 get ticket: 19
thread: -1226736784 get ticket: 20
thread: -1226736784 get ticket: 21
thread: -1226736784 get ticket: 22
thread: -1226736784 get ticket: 23
thread: -1226736784 get ticket: 24
thread: -1226736784 get ticket: 25
thread: -1226736784 get ticket: 26
thread: -1226736784 get ticket: 27
thread: -1226736784 get ticket: 28
thread: -1226736784 get ticket: 29
thread: -1226736784 get ticket: 30
thread: -1226736784 get ticket: 31
thread: -1226736784 get ticket: 32
thread: -1226736784 get ticket: 33
thread: -1226736784 get ticket: 34
thread: -1226736784 get ticket: 35
thread: -1226736784 get ticket: 36
thread: -1226736784 get ticket: 37
thread: -1226736784 get ticket: 38
thread: -1226736784 get ticket: 39
thread: -1226736784 get ticket: 40
thread: -1226736784 get ticket: 41
thread: -1226736784 get ticket: 42
thread: -1226736784 get ticket: 43
thread: -1226736784 get ticket: 44
thread: -1226736784 get ticket: 45
thread: -1226736784 get ticket: 46
thread: -1226736784 get ticket: 47
thread: -1226736784 get ticket: 48
thread: -1226736784 get ticket: 49
thread: -1226736784 get ticket: 50
thread: -1226736784 get ticket: 51
thread: -1226736784 get ticket: 52
thread: -1226736784 get ticket: 53
163thread: 
thread: -1218344080 selling ticket: 164
thread: -1218344080 selling ticket: 165
thread: -1218344080 selling ticket: 166
thread: -1218344080 selling ticket: 167
-1226736784thread: -1218344080 selling ticket: 168
thread: -1218344080 selling ticket: 169
 get ticket: 54
thread: -1226736784 get ticket: 55
thread: -1226736784 get ticket: 56
thread: -1226736784 get ticket: 57
thread: -1226736784 get ticket: 58
thread: -1226736784 get ticket: 59
thread: -1226736784 get ticket: 60
thread: -1226736784 get ticket: 61
thread: -1226736784 get ticket: 62
thread: -1226736784 get ticket: 63
thread: -1226736784 get ticket: 64
thread: -1226736784 get ticket: 65
thread: -1226736784 get ticket: 66
thread: -1226736784 get ticket: 67
thread: -1226736784 get ticket: 68
thread: -1226736784 get ticket: 69
thread: -1226736784 get ticket: 70
thread: -1226736784 get ticket: 71
thread: -1226736784 get ticket: 72
thread: -1226736784 get ticket: 73
thread: -1226736784 get ticket: 74
thread: -1226736784 get ticket: 75
thread: -1226736784 get ticket: 76
thread: -1218344080 selling ticket: 170
thread: -1218344080 selling ticket: 171
thread: -1218344080 selling ticket: 172
thread: -1218344080 selling ticket: 173
thread: -1218344080 selling ticket: 174
thread: thread: -1218344080 selling ticket: 175-1226736784
 get ticket: thread: -1218344080 selling ticket: 176
thread: -1218344080 selling ticket: 177
thread: -1218344080 selling ticket: 178
77thread: 
thread: -1226736784 get ticket: 78
thread: -1226736784 get ticket: 79
thread: -1226736784 get ticket: 80
thread: -1226736784 get ticket: 81
thread: -1226736784 get ticket: 82
thread: -1226736784 get ticket: 83
thread: -1226736784 get ticket: 84
thread: -1226736784 get ticket: 85
thread: -1226736784 get ticket: 86
thread: -1226736784 get ticket: 87
thread: -1226736784 get ticket: 88
thread: -1226736784 get ticket: 89
thread: -1226736784 get ticket: 90
thread: -1226736784 get ticket: 91
thread: -1226736784 get ticket: 92
thread: -1226736784 get ticket: 93
thread: -1226736784 get ticket: 94
thread: -1226736784 get ticket: 95
thread: -1226736784 get ticket: 96
thread: -1226736784 get ticket: 97
thread: -1226736784 get ticket: 98
thread: -1226736784 get ticket: 99
thread: -1226736784 get ticket: 100
thread: -1226736784 get ticket: 101
ticket is enough!
-1218344080 selling ticket: 179
thread: -1218344080 selling ticket: 180
thread: -1218344080 selling ticket: 181
thread: -1218344080 selling ticket: 182
thread: -1218344080 selling ticket: 183
thread: -1218344080 selling ticket: 184
thread: -1218344080 selling ticket: 185
thread: -1218344080 selling ticket: 186
thread: -1218344080 selling ticket: 187
thread: -1218344080 selling ticket: 188
thread: -1218344080 selling ticket: 189
thread: -1218344080 selling ticket: 190
thread: -1218344080 selling ticket: 191
thread: -1218344080 selling ticket: 192
thread: -1218344080 selling ticket: 193
thread: -1218344080 selling ticket: 194
thread: -1218344080 selling ticket: 195
thread: -1218344080 selling ticket: 196
thread: -1218344080 selling ticket: 197
thread: -1218344080 selling ticket: 198
thread: -1218344080 selling ticket: 199
thread: -1218344080 selling ticket: 200
thread: -1218344080 selling ticket: 201
thread: -1218344080 selling ticket: 202
thread: -1218344080 selling ticket: 203
thread: -1218344080 selling ticket: 204
thread: -1218344080 selling ticket: 205
thread: -1218344080 selling ticket: 206
thread: -1218344080 selling ticket: 207
thread: -1218344080 selling ticket: 208
thread: -1226736784 !!! all tickets done #####
thread: -1226736784 get ticket: 102
producer exit!
ticket is enough!
thread: -1218344080 return ticjet: 6
thread: -1218344080 return ticjet: 12
thread: -1218344080 return ticjet: 18
thread: -1218344080 return ticjet: 24
thread: -1218344080 return ticjet: 30
thread: -1226736784 !!! all tickets done #####
thread: -1226736784 get ticket: 103
ticket is enough!
thread: -1218344080 return ticjet: 36
thread: -1218344080 return ticjet: 42
thread: -1226736784 !!! all tickets done #####
thread: -1226736784 get ticket: 104
ticket is enough!
thread: -1218344080 return ticjet: 48
thread: -1218344080 return ticjet: 54
thread: -1226736784 !!! all tickets done #####
thread: -1226736784 get ticket: 105
thread: ticket is enough!
-1218344080 return ticjet: 60
thread: -1218344080 return ticjet: 66
thread: -1218344080 return ticjet: 72
thread: -1218344080 return ticjet: 78
thread: -1218344080 return ticjet: 84
thread: -1218344080 return ticjet: 90
thread: -1218344080 return ticjet: 96
thread: -1218344080 return ticjet: 102
thread: -1226736784 !!! all tickets done #####
thread: -1226736784 get ticket: 106
ticket is enough!
thread: -1226736784 !!! all tickets done #####
thread: -1226736784 get ticket: 107
ticket is enough!
thread: -1226736784 !!! all tickets done #####
thread: -1226736784 get ticket: 108
ticket is enough!
thread: -1226736784 !!! all tickets done #####
thread: -1226736784 get ticket: 109
ticket is enough!
thread: -1226736784 !!! all tickets done #####
thread: -1226736784 get ticket: 110
ticket is enough!
thread: -1226736784 !!! all tickets done #####
thread: -1226736784 get ticket: 111
ticket is enough!
thread: -1226736784 !!! all tickets done #####
thread: -1226736784 get ticket: 112
ticket is enough!
thread: -1226736784 !!! all tickets done #####
thread: -1226736784 get ticket: 113
ticket is enough!
thread: -1226736784 !!! all tickets done #####
thread: -1226736784 get ticket: 114
ticket is enough!
thread: -1226736784 !!! all tickets done #####
thread: -1226736784 get ticket: 115
ticket is enough!
thread: -1226736784 !!! all tickets done #####
thread: -1226736784 get ticket: 116
ticket is enough!
thread: -1226736784 !!! all tickets done #####
thread: -1226736784 get ticket: 117
ticket is enough!
thread: -1226736784 !!! all tickets done #####
thread: -1226736784 get ticket: 118
ticket is enough!
thread: -1226736784 !!! all tickets done #####
thread: -1226736784 get ticket: 119
ticket is enough!
thread: -1226736784 !!! all tickets done #####
thread: -1226736784 get ticket: 120
ticket is enough!
thread: -1226736784 !!! all tickets done #####
thread: -1226736784 get ticket: 121
ticket is enough!
thread: -1226736784 !!! all tickets done #####
thread: -1226736784 get ticket: 122
ticket is enough!
thread: -1226736784 !!! all tickets done #####
thread: -1226736784 get ticket: 123
ticket is enough!
thread: -1226736784 !!! all tickets done #####
thread: -1226736784 get ticket: 124
ticket is enough!
thread: -1226736784 !!! all tickets done #####
thread: -1226736784 get ticket: 125
ticket is enough!
thread: -1226736784 !!! all tickets done #####
thread: -1226736784 get ticket: 126
ticket is enough!
thread: -1226736784 !!! all tickets done #####
thread: -1226736784 get ticket: 127
ticket is enough!
thread: -1226736784 !!! all tickets done #####
thread: -1226736784 get ticket: 128
ticket is enough!
thread: -1226736784 !!! all tickets done #####
thread: -1226736784 get ticket: 129
ticket is enough!
thread: -1226736784 !!! all tickets done #####
thread: -1226736784 get ticket: 130
ticket is enough!
thread: -1226736784 !!! all tickets done #####
thread: -1226736784 get ticket: 131
ticket is enough!
thread: -1226736784 !!! all tickets done #####
thread: -1226736784 get ticket: 132
ticket is enough!
thread: -1226736784 !!! all tickets done #####
thread: -1226736784 get ticket: 133
ticket is enough!
thread: -1226736784 !!! all tickets done #####
thread: -1226736784 get ticket: 134
ticket is enough!
thread: -1226736784 !!! all tickets done #####
thread: -1226736784 get ticket: 135
ticket is enough!
thread: -1226736784 !!! all tickets done #####
thread: -1226736784 get ticket: 136
ticket is enough!
thread: -1226736784 !!! all tickets done #####
thread: -1226736784 get ticket: 137
ticket is enough!
thread: -1226736784 !!! all tickets done #####
thread: -1226736784 get ticket: 138
ticket is enough!
thread: -1226736784 !!! all tickets done #####
thread: -1226736784 get ticket: 139
ticket is enough!
thread: -1226736784 !!! all tickets done #####
thread: -1226736784 get ticket: 140
ticket is enough!
thread: -1226736784 !!! all tickets done #####
thread: -1226736784 get ticket: 141
ticket is enough!
thread: -1226736784 !!! all tickets done #####
thread: -1226736784 get ticket: 142
ticket is enough!
thread: -1226736784 !!! all tickets done #####
thread: -1226736784 get ticket: 143
ticket is enough!
thread: -1226736784 !!! all tickets done #####
thread: -1226736784 get ticket: 144
ticket is enough!
thread: -1226736784 !!! all tickets done #####
thread: -1226736784 get ticket: 145
ticket is enough!
thread: -1226736784 !!! all tickets done #####
thread: -1226736784 get ticket: 146
ticket is enough!
thread: -1226736784 !!! all tickets done #####
thread: -1226736784 get ticket: 147
ticket is enough!
thread: -1226736784 !!! all tickets done #####
thread: -1226736784 get ticket: 148
ticket is enough!
thread: -1226736784 !!! all tickets done #####
thread: -1226736784 get ticket: 149
ticket is enough!
thread: -1226736784 !!! all tickets done #####
thread: -1226736784 get ticket: 150
ticket is enough!
thread: -1226736784 !!! all tickets done #####
thread: -1226736784 get ticket: 151
ticket is enough!
thread: -1226736784 !!! all tickets done #####
thread: -1226736784 get ticket: 152
ticket is enough!
thread: -1226736784 !!! all tickets done #####
thread: -1226736784 get ticket: 153
ticket is enough!
thread: -1226736784 !!! all tickets done #####
thread: -1226736784 get ticket: 154
ticket is enough!
thread: -1226736784 !!! all tickets done #####
thread: -1226736784 get ticket: 155
ticket is enough!
thread: -1226736784 !!! all tickets done #####
thread: -1226736784 get ticket: 156
ticket is enough!
thread: -1226736784 !!! all tickets done #####
thread: -1226736784 get ticket: 157
ticket is enough!
thread: -1226736784 !!! all tickets done #####
thread: -1226736784 get ticket: 158
ticket is enough!
thread: -1226736784 !!! all tickets done #####
thread: -1226736784 get ticket: 159
ticket is enough!
thread: -1226736784 !!! all tickets done #####
thread: -1226736784 get ticket: 160
ticket is enough!
thread: -1226736784 !!! all tickets done #####
thread: -1226736784 get ticket: 161
ticket is enough!
thread: -1226736784 !!! all tickets done #####
thread: -1226736784 get ticket: 162
ticket is enough!
thread: -1226736784 !!! all tickets done #####
thread: -1226736784 get ticket: 163
ticket is enough!
thread: -1226736784 !!! all tickets done #####
thread: -1226736784 get ticket: 164
ticket is enough!
thread: -1226736784 !!! all tickets done #####
thread: -1226736784 get ticket: 165
ticket is enough!
thread: -1226736784 !!! all tickets done #####
thread: -1226736784 get ticket: 166
ticket is enough!
thread: -1226736784 !!! all tickets done #####
thread: -1226736784 get ticket: 167
ticket is enough!
thread: -1226736784 !!! all tickets done #####
thread: -1226736784 get ticket: 168
ticket is enough!
thread: -1226736784 !!! all tickets done #####
thread: -1226736784 get ticket: 169
ticket is enough!
thread: -1226736784 !!! all tickets done #####
thread: -1226736784 get ticket: 170
ticket is enough!
thread: -1226736784 !!! all tickets done #####
thread: -1226736784 get ticket: 171
ticket is enough!
thread: -1226736784 !!! all tickets done #####
thread: -1226736784 get ticket: 172
ticket is enough!
thread: -1226736784 !!! all tickets done #####
thread: -1226736784 get ticket: 173
ticket is enough!
thread: -1226736784 !!! all tickets done #####
thread: -1226736784 get ticket: 174
ticket is enough!
thread: -1226736784 !!! all tickets done #####
thread: -1226736784 get ticket: 175
ticket is enough!
thread: -1226736784 !!! all tickets done #####
thread: -1226736784 get ticket: 176
ticket is enough!
thread: -1226736784 !!! all tickets done #####
thread: -1226736784 get ticket: 177
ticket is enough!
thread: -1226736784 !!! all tickets done #####
thread: -1226736784 get ticket: 178
ticket is enough!
thread: -1226736784 !!! all tickets done #####
thread: -1226736784 get ticket: 179
ticket is enough!
thread: -1226736784 !!! all tickets done #####
thread: -1226736784 get ticket: 180
ticket is enough!
thread: -1226736784 !!! all tickets done #####
thread: -1226736784 get ticket: 181
ticket is enough!
thread: -1226736784 !!! all tickets done #####
thread: -1226736784 get ticket: 182
ticket is enough!
thread: -1226736784 !!! all tickets done #####
thread: -1226736784 get ticket: 183
ticket is enough!
thread: -1226736784 !!! all tickets done #####
thread: -1226736784 get ticket: 184
ticket is enough!
thread: -1226736784 !!! all tickets done #####
thread: -1226736784 get ticket: 185
ticket is enough!
thread: -1226736784 !!! all tickets done #####
thread: -1226736784 get ticket: 186
ticket is enough!
thread: -1226736784 !!! all tickets done #####
thread: -1226736784 get ticket: 187
ticket is enough!
thread: -1226736784 !!! all tickets done #####
thread: -1226736784 get ticket: 188
ticket is enough!
thread: -1226736784 !!! all tickets done #####
thread: -1226736784 get ticket: 189
ticket is enough!
thread: -1226736784 !!! all tickets done #####
thread: -1226736784 get ticket: 190
ticket is enough!
thread: -1226736784 !!! all tickets done #####
thread: -1226736784 get ticket: 191
ticket is enough!
thread: -1226736784 !!! all tickets done #####
thread: -1226736784 get ticket: 192
ticket is enough!
thread: -1226736784 !!! all tickets done #####
thread: -1226736784 get ticket: 193
ticket is enough!
thread: -1226736784 !!! all tickets done #####
thread: -1226736784 get ticket: 194
ticket is enough!
thread: -1226736784 !!! all tickets done #####
thread: -1226736784 get ticket: 195
ticket is enough!
thread: -1226736784 !!! all tickets done #####
thread: -1226736784 get ticket: 196
ticket is enough!
thread: -1226736784 !!! all tickets done #####
thread: -1226736784 get ticket: 197
ticket is enough!
thread: -1226736784 !!! all tickets done #####
thread: -1226736784 get ticket: 198
ticket is enough!
thread: -1226736784 !!! all tickets done #####
thread: -1226736784 get ticket: 199
ticket is enough!
thread: -1226736784 !!! all tickets done #####
thread: -1226736784 get ticket: 200
ticket is enough!
thread: -1226736784 !!! all tickets done #####
thread: -1226736784 get ticket: 201
ticket is enough!
thread: -1226736784 !!! all tickets done #####
thread: -1226736784 get ticket: 202
ticket is enough!
thread: -1226736784 !!! all tickets done #####
thread: -1226736784 get ticket: 203
ticket is enough!
thread: -1226736784 !!! all tickets done #####
thread: -1226736784 get ticket: 204
ticket is enough!
thread: -1226736784 !!! all tickets done #####
thread: -1226736784 get ticket: 205
ticket is enough!
thread: -1226736784 !!! all tickets done #####
thread: -1226736784 get ticket: 206
ticket is enough!
thread: -1226736784 !!! all tickets done #####
thread: -1226736784 get ticket: 207
ticket is enough!
thread: -1226736784 !!! all tickets done #####
thread: -1226736784 get ticket: 208
ticket is enough!
thread: -1226736784 !!! all tickets done #####
No ticket is avaliable!
thread: -1226736784 exit!
thread: -1218344080 return ticjet: 108
thread: -1218344080 return ticjet: 114
thread: -1218344080 return ticjet: 120
thread: -1218344080 return ticjet: 126
thread: -1218344080 return ticjet: 132
thread: -1218344080 return ticjet: 138
thread: -1218344080 return ticjet: 144
thread: -1218344080 return ticjet: 150
thread: -1218344080 return ticjet: 156
thread: -1218344080 return ticjet: 162
thread: -1218344080 return ticjet: 168
thread: -1218344080 return ticjet: 174
thread: -1218344080 return ticjet: 180
thread: -1218344080 return ticjet: 186
thread: -1218344080 return ticjet: 192
thread: -1218344080 return ticjet: 198
thread: -1218344080 return ticjet: 204
